[1.988s] Invoking command in '/home/samet/hallo/src/camera_run': PYTHONPATH=/home/samet/hallo/build/camera_run/prefix_override:/home/samet/hallo/install/camera_run/lib/python3.10/site-packages:${PYTHONPATH} /usr/bin/python3 setup.py egg_info --egg-base ../../build/camera_run build --build-base /home/samet/hallo/build/camera_run/build install --record /home/samet/hallo/build/camera_run/install.log --single-version-externally-managed
[2.284s] running egg_info
[2.317s] writing ../../build/camera_run/camera_run.egg-info/PKG-INFO
[2.317s] writing dependency_links to ../../build/camera_run/camera_run.egg-info/dependency_links.txt
[2.318s] writing entry points to ../../build/camera_run/camera_run.egg-info/entry_points.txt
[2.318s] writing requirements to ../../build/camera_run/camera_run.egg-info/requires.txt
[2.319s] writing top-level names to ../../build/camera_run/camera_run.egg-info/top_level.txt
[2.366s] reading manifest file '../../build/camera_run/camera_run.egg-info/SOURCES.txt'
[2.367s] writing manifest file '../../build/camera_run/camera_run.egg-info/SOURCES.txt'
[2.367s] running build
[2.367s] running build_py
[2.368s] copying camera_run/intel_lane.py -> /home/samet/hallo/build/camera_run/build/lib/camera_run
[2.368s] copying camera_run/intel_pub.py -> /home/samet/hallo/build/camera_run/build/lib/camera_run
[2.369s] copying camera_run/lane_recognition.py -> /home/samet/hallo/build/camera_run/build/lib/camera_run
[2.369s] copying camera_run/steering.py -> /home/samet/hallo/build/camera_run/build/lib/camera_run
[2.369s] copying camera_run/ackermann_to_vesc.py -> /home/samet/hallo/build/camera_run/build/lib/camera_run
[2.370s] copying camera_run/bot.py -> /home/samet/hallo/build/camera_run/build/lib/camera_run
[2.370s] copying camera_run/LaneDetection_realsense_2.py -> /home/samet/hallo/build/camera_run/build/lib/camera_run
[2.370s] copying camera_run/lane_follower.py -> /home/samet/hallo/build/camera_run/build/lib/camera_run
[2.371s] copying camera_run/LaneDetection_realsense.py -> /home/samet/hallo/build/camera_run/build/lib/camera_run
[2.371s] copying camera_run/slope_sub.py -> /home/samet/hallo/build/camera_run/build/lib/camera_run
[2.372s] copying camera_run/slope_node.py -> /home/samet/hallo/build/camera_run/build/lib/camera_run
[2.372s] copying camera_run/intel_lane_sub.py -> /home/samet/hallo/build/camera_run/build/lib/camera_run
[2.372s] copying camera_run/intel_sub.py -> /home/samet/hallo/build/camera_run/build/lib/camera_run
[2.373s] copying camera_run/LaneDetection.py -> /home/samet/hallo/build/camera_run/build/lib/camera_run
[2.373s] copying camera_run/__init__.py -> /home/samet/hallo/build/camera_run/build/lib/camera_run
[2.373s] running install
[2.374s] /home/samet/.local/lib/python3.10/site-packages/setuptools/_distutils/cmd.py:66: SetuptoolsDeprecationWarning: setup.py install is deprecated.
[2.374s] !!
[2.374s] 
[2.375s]         ********************************************************************************
[2.375s]         Please avoid running ``setup.py`` directly.
[2.375s]         Instead, use pypa/build, pypa/installer or other
[2.376s]         standards-based tools.
[2.376s] 
[2.376s]         See https://blog.ganssle.io/articles/2021/10/setup-py-deprecated.html for details.
[2.377s]         ********************************************************************************
[2.377s] 
[2.377s] !!
[2.378s]   self.initialize_options()
[2.381s] running install_lib
[2.422s] copying /home/samet/hallo/build/camera_run/build/lib/camera_run/LaneDetection_realsense.py -> /home/samet/hallo/install/camera_run/lib/python3.10/site-packages/camera_run
[2.424s] byte-compiling /home/samet/hallo/install/camera_run/lib/python3.10/site-packages/camera_run/LaneDetection_realsense.py to LaneDetection_realsense.cpython-310.pyc
[2.431s] running install_data
[2.482s] copying resource/camera_run -> /home/samet/hallo/install/camera_run/share/ament_index/resource_index/packages
[2.482s] copying package.xml -> /home/samet/hallo/install/camera_run/share/camera_run
[2.482s] running install_egg_info
[2.534s] removing '/home/samet/hallo/install/camera_run/lib/python3.10/site-packages/camera_run-0.0.0-py3.10.egg-info' (and everything under it)
[2.534s] Copying ../../build/camera_run/camera_run.egg-info to /home/samet/hallo/install/camera_run/lib/python3.10/site-packages/camera_run-0.0.0-py3.10.egg-info
[2.534s] running install_scripts
[2.906s] Installing ackermann_to_vesc script to /home/samet/hallo/install/camera_run/lib/camera_run
[2.907s] Installing bot script to /home/samet/hallo/install/camera_run/lib/camera_run
[2.907s] Installing detection script to /home/samet/hallo/install/camera_run/lib/camera_run
[2.907s] Installing detection_node script to /home/samet/hallo/install/camera_run/lib/camera_run
[2.908s] Installing follower script to /home/samet/hallo/install/camera_run/lib/camera_run
[2.908s] Installing intel_lane script to /home/samet/hallo/install/camera_run/lib/camera_run
[2.908s] Installing intel_lane_sub script to /home/samet/hallo/install/camera_run/lib/camera_run
[2.909s] Installing intel_pub script to /home/samet/hallo/install/camera_run/lib/camera_run
[2.910s] Installing intel_sub script to /home/samet/hallo/install/camera_run/lib/camera_run
[2.910s] Installing slope_node script to /home/samet/hallo/install/camera_run/lib/camera_run
[2.910s] Installing slope_sub script to /home/samet/hallo/install/camera_run/lib/camera_run
[2.910s] Installing steering script to /home/samet/hallo/install/camera_run/lib/camera_run
[2.910s] writing list of installed files to '/home/samet/hallo/build/camera_run/install.log'
[3.158s] Invoked command in '/home/samet/hallo/src/camera_run' returned '0': PYTHONPATH=/home/samet/hallo/build/camera_run/prefix_override:/home/samet/hallo/install/camera_run/lib/python3.10/site-packages:${PYTHONPATH} /usr/bin/python3 setup.py egg_info --egg-base ../../build/camera_run build --build-base /home/samet/hallo/build/camera_run/build install --record /home/samet/hallo/build/camera_run/install.log --single-version-externally-managed
