[2.318s] Invoking command in '/home/samet/hallo/src/camera_run': PYTHONPATH=/home/samet/hallo/build/camera_run/prefix_override:/home/samet/hallo/install/camera_run/lib/python3.10/site-packages:${PYTHONPATH} /usr/bin/python3 setup.py egg_info --egg-base ../../build/camera_run build --build-base /home/samet/hallo/build/camera_run/build install --record /home/samet/hallo/build/camera_run/install.log --single-version-externally-managed
[2.764s] running egg_info
[2.800s] writing ../../build/camera_run/camera_run.egg-info/PKG-INFO
[2.803s] writing dependency_links to ../../build/camera_run/camera_run.egg-info/dependency_links.txt
[2.804s] writing entry points to ../../build/camera_run/camera_run.egg-info/entry_points.txt
[2.805s] writing requirements to ../../build/camera_run/camera_run.egg-info/requires.txt
[2.806s] writing top-level names to ../../build/camera_run/camera_run.egg-info/top_level.txt
[2.881s] reading manifest file '../../build/camera_run/camera_run.egg-info/SOURCES.txt'
[2.883s] writing manifest file '../../build/camera_run/camera_run.egg-info/SOURCES.txt'
[2.883s] running build
[2.883s] running build_py
[2.884s] copying camera_run/intel_lane.py -> /home/samet/hallo/build/camera_run/build/lib/camera_run
[2.885s] copying camera_run/intel_pub.py -> /home/samet/hallo/build/camera_run/build/lib/camera_run
[2.885s] copying camera_run/lane_recognition.py -> /home/samet/hallo/build/camera_run/build/lib/camera_run
[2.886s] copying camera_run/steering.py -> /home/samet/hallo/build/camera_run/build/lib/camera_run
[2.886s] copying camera_run/ackermann_to_vesc.py -> /home/samet/hallo/build/camera_run/build/lib/camera_run
[2.887s] copying camera_run/bot.py -> /home/samet/hallo/build/camera_run/build/lib/camera_run
[2.887s] copying camera_run/lane_follower.py -> /home/samet/hallo/build/camera_run/build/lib/camera_run
[2.888s] copying camera_run/LaneDetection_realsense.py -> /home/samet/hallo/build/camera_run/build/lib/camera_run
[2.889s] copying camera_run/slope_sub.py -> /home/samet/hallo/build/camera_run/build/lib/camera_run
[2.889s] copying camera_run/slope_node.py -> /home/samet/hallo/build/camera_run/build/lib/camera_run
[2.890s] copying camera_run/intel_lane_sub.py -> /home/samet/hallo/build/camera_run/build/lib/camera_run
[2.891s] copying camera_run/intel_sub.py -> /home/samet/hallo/build/camera_run/build/lib/camera_run
[2.892s] copying camera_run/__init__.py -> /home/samet/hallo/build/camera_run/build/lib/camera_run
[2.893s] running install
[2.894s] /home/samet/.local/lib/python3.10/site-packages/setuptools/_distutils/cmd.py:66: SetuptoolsDeprecationWarning: setup.py install is deprecated.
[2.894s] !!
[2.894s] 
[2.894s]         ********************************************************************************
[2.894s]         Please avoid running ``setup.py`` directly.
[2.895s]         Instead, use pypa/build, pypa/installer or other
[2.895s]         standards-based tools.
[2.895s] 
[2.895s]         See https://blog.ganssle.io/articles/2021/10/setup-py-deprecated.html for details.
[2.895s]         ********************************************************************************
[2.895s] 
[2.896s] !!
[2.896s]   self.initialize_options()
[2.909s] running install_lib
[2.959s] copying /home/samet/hallo/build/camera_run/build/lib/camera_run/intel_pub.py -> /home/samet/hallo/install/camera_run/lib/python3.10/site-packages/camera_run
[2.961s] byte-compiling /home/samet/hallo/install/camera_run/lib/python3.10/site-packages/camera_run/intel_pub.py to intel_pub.cpython-310.pyc
[2.964s] running install_data
[3.014s] copying resource/camera_run -> /home/samet/hallo/install/camera_run/share/ament_index/resource_index/packages
[3.019s] copying package.xml -> /home/samet/hallo/install/camera_run/share/camera_run
[3.024s] running install_egg_info
[3.081s] removing '/home/samet/hallo/install/camera_run/lib/python3.10/site-packages/camera_run-0.0.0-py3.10.egg-info' (and everything under it)
[3.081s] Copying ../../build/camera_run/camera_run.egg-info to /home/samet/hallo/install/camera_run/lib/python3.10/site-packages/camera_run-0.0.0-py3.10.egg-info
[3.084s] running install_scripts
[3.533s] Installing ackermann_to_vesc script to /home/samet/hallo/install/camera_run/lib/camera_run
[3.535s] Installing bot script to /home/samet/hallo/install/camera_run/lib/camera_run
[3.537s] Installing detection script to /home/samet/hallo/install/camera_run/lib/camera_run
[3.538s] Installing detection_node script to /home/samet/hallo/install/camera_run/lib/camera_run
[3.540s] Installing follower script to /home/samet/hallo/install/camera_run/lib/camera_run
[3.541s] Installing intel_lane script to /home/samet/hallo/install/camera_run/lib/camera_run
[3.543s] Installing intel_lane_sub script to /home/samet/hallo/install/camera_run/lib/camera_run
[3.544s] Installing intel_pub script to /home/samet/hallo/install/camera_run/lib/camera_run
[3.545s] Installing intel_sub script to /home/samet/hallo/install/camera_run/lib/camera_run
[3.550s] Installing slope_node script to /home/samet/hallo/install/camera_run/lib/camera_run
[3.550s] Installing slope_sub script to /home/samet/hallo/install/camera_run/lib/camera_run
[3.551s] Installing steering script to /home/samet/hallo/install/camera_run/lib/camera_run
[3.555s] writing list of installed files to '/home/samet/hallo/build/camera_run/install.log'
[3.829s] Invoked command in '/home/samet/hallo/src/camera_run' returned '0': PYTHONPATH=/home/samet/hallo/build/camera_run/prefix_override:/home/samet/hallo/install/camera_run/lib/python3.10/site-packages:${PYTHONPATH} /usr/bin/python3 setup.py egg_info --egg-base ../../build/camera_run build --build-base /home/samet/hallo/build/camera_run/build install --record /home/samet/hallo/build/camera_run/install.log --single-version-externally-managed
