[2.285s] Invoking command in '/home/samet/hallo/src/camera_run': PYTHONPATH=/home/samet/hallo/build/camera_run/prefix_override:/home/samet/hallo/install/camera_run/lib/python3.10/site-packages:${PYTHONPATH} /usr/bin/python3 setup.py egg_info --egg-base ../../build/camera_run build --build-base /home/samet/hallo/build/camera_run/build install --record /home/samet/hallo/build/camera_run/install.log --single-version-externally-managed
[2.587s] running egg_info
[2.618s] writing ../../build/camera_run/camera_run.egg-info/PKG-INFO
[2.619s] writing dependency_links to ../../build/camera_run/camera_run.egg-info/dependency_links.txt
[2.620s] writing entry points to ../../build/camera_run/camera_run.egg-info/entry_points.txt
[2.621s] writing requirements to ../../build/camera_run/camera_run.egg-info/requires.txt
[2.621s] writing top-level names to ../../build/camera_run/camera_run.egg-info/top_level.txt
[2.726s] reading manifest file '../../build/camera_run/camera_run.egg-info/SOURCES.txt'
[2.728s] writing manifest file '../../build/camera_run/camera_run.egg-info/SOURCES.txt'
[2.728s] running build
[2.729s] running build_py
[2.729s] copying camera_run/intel_pub.py -> /home/samet/hallo/build/camera_run/build/lib/camera_run
[2.729s] copying camera_run/steering.py -> /home/samet/hallo/build/camera_run/build/lib/camera_run
[2.730s] copying camera_run/ackermann_to_vesc.py -> /home/samet/hallo/build/camera_run/build/lib/camera_run
[2.731s] copying camera_run/bot.py -> /home/samet/hallo/build/camera_run/build/lib/camera_run
[2.731s] copying camera_run/LaneDetection_realsense_2.py -> /home/samet/hallo/build/camera_run/build/lib/camera_run
[2.732s] copying camera_run/LaneDetection_realsense.py -> /home/samet/hallo/build/camera_run/build/lib/camera_run
[2.733s] copying camera_run/intel_sub.py -> /home/samet/hallo/build/camera_run/build/lib/camera_run
[2.734s] copying camera_run/__init__.py -> /home/samet/hallo/build/camera_run/build/lib/camera_run
[2.734s] copying camera_run/teleop.py -> /home/samet/hallo/build/camera_run/build/lib/camera_run
[2.735s] running install
[2.736s] /home/samet/.local/lib/python3.10/site-packages/setuptools/_distutils/cmd.py:66: SetuptoolsDeprecationWarning: setup.py install is deprecated.
[2.736s] !!
[2.737s] 
[2.737s]         ********************************************************************************
[2.737s]         Please avoid running ``setup.py`` directly.
[2.737s]         Instead, use pypa/build, pypa/installer or other
[2.737s]         standards-based tools.
[2.738s] 
[2.738s]         See https://blog.ganssle.io/articles/2021/10/setup-py-deprecated.html for details.
[2.738s]         ********************************************************************************
[2.738s] 
[2.739s] !!
[2.739s]   self.initialize_options()
[2.767s] running install_lib
[2.810s] copying /home/samet/hallo/build/camera_run/build/lib/camera_run/LaneDetection_realsense.py -> /home/samet/hallo/install/camera_run/lib/python3.10/site-packages/camera_run
[2.813s] byte-compiling /home/samet/hallo/install/camera_run/lib/python3.10/site-packages/camera_run/LaneDetection_realsense.py to LaneDetection_realsense.cpython-310.pyc
[2.823s] running install_data
[2.874s] copying resource/camera_run -> /home/samet/hallo/install/camera_run/share/ament_index/resource_index/packages
[2.875s] copying package.xml -> /home/samet/hallo/install/camera_run/share/camera_run
[2.876s] running install_egg_info
[2.933s] removing '/home/samet/hallo/install/camera_run/lib/python3.10/site-packages/camera_run-0.0.0-py3.10.egg-info' (and everything under it)
[2.934s] Copying ../../build/camera_run/camera_run.egg-info to /home/samet/hallo/install/camera_run/lib/python3.10/site-packages/camera_run-0.0.0-py3.10.egg-info
[2.935s] running install_scripts
[3.258s] Installing ackermann_to_vesc script to /home/samet/hallo/install/camera_run/lib/camera_run
[3.259s] Installing bot script to /home/samet/hallo/install/camera_run/lib/camera_run
[3.259s] Installing detection script to /home/samet/hallo/install/camera_run/lib/camera_run
[3.259s] Installing detection_node script to /home/samet/hallo/install/camera_run/lib/camera_run
[3.259s] Installing follower script to /home/samet/hallo/install/camera_run/lib/camera_run
[3.260s] Installing intel_lane script to /home/samet/hallo/install/camera_run/lib/camera_run
[3.260s] Installing intel_lane_sub script to /home/samet/hallo/install/camera_run/lib/camera_run
[3.261s] Installing intel_pub script to /home/samet/hallo/install/camera_run/lib/camera_run
[3.261s] Installing intel_sub script to /home/samet/hallo/install/camera_run/lib/camera_run
[3.261s] Installing slope_node script to /home/samet/hallo/install/camera_run/lib/camera_run
[3.261s] Installing slope_sub script to /home/samet/hallo/install/camera_run/lib/camera_run
[3.262s] Installing steering script to /home/samet/hallo/install/camera_run/lib/camera_run
[3.262s] Installing tele script to /home/samet/hallo/install/camera_run/lib/camera_run
[3.263s] writing list of installed files to '/home/samet/hallo/build/camera_run/install.log'
[3.623s] Invoked command in '/home/samet/hallo/src/camera_run' returned '0': PYTHONPATH=/home/samet/hallo/build/camera_run/prefix_override:/home/samet/hallo/install/camera_run/lib/python3.10/site-packages:${PYTHONPATH} /usr/bin/python3 setup.py egg_info --egg-base ../../build/camera_run build --build-base /home/samet/hallo/build/camera_run/build install --record /home/samet/hallo/build/camera_run/install.log --single-version-externally-managed
