[1.947s] Invoking command in '/home/samet/hallo/src/camera_run': PYTHONPATH=/home/samet/hallo/build/camera_run/prefix_override:/home/samet/hallo/install/camera_run/lib/python3.10/site-packages:${PYTHONPATH} /usr/bin/python3 setup.py egg_info --egg-base ../../build/camera_run build --build-base /home/samet/hallo/build/camera_run/build install --record /home/samet/hallo/build/camera_run/install.log --single-version-externally-managed
[2.360s] running egg_info
[2.400s] writing ../../build/camera_run/camera_run.egg-info/PKG-INFO
[2.400s] writing dependency_links to ../../build/camera_run/camera_run.egg-info/dependency_links.txt
[2.401s] writing entry points to ../../build/camera_run/camera_run.egg-info/entry_points.txt
[2.401s] writing requirements to ../../build/camera_run/camera_run.egg-info/requires.txt
[2.401s] writing top-level names to ../../build/camera_run/camera_run.egg-info/top_level.txt
[2.453s] reading manifest file '../../build/camera_run/camera_run.egg-info/SOURCES.txt'
[2.455s] writing manifest file '../../build/camera_run/camera_run.egg-info/SOURCES.txt'
[2.455s] running build
[2.457s] running build_py
[2.457s] copying camera_run/intel_lane.py -> /home/samet/hallo/build/camera_run/build/lib/camera_run
[2.458s] copying camera_run/intel_pub.py -> /home/samet/hallo/build/camera_run/build/lib/camera_run
[2.458s] copying camera_run/lane_recognition.py -> /home/samet/hallo/build/camera_run/build/lib/camera_run
[2.459s] copying camera_run/steering.py -> /home/samet/hallo/build/camera_run/build/lib/camera_run
[2.459s] copying camera_run/ackermann_to_vesc.py -> /home/samet/hallo/build/camera_run/build/lib/camera_run
[2.459s] copying camera_run/bot.py -> /home/samet/hallo/build/camera_run/build/lib/camera_run
[2.460s] copying camera_run/LaneDetection_realsense_2.py -> /home/samet/hallo/build/camera_run/build/lib/camera_run
[2.461s] copying camera_run/lane_follower.py -> /home/samet/hallo/build/camera_run/build/lib/camera_run
[2.462s] copying camera_run/LaneDetection_realsense.py -> /home/samet/hallo/build/camera_run/build/lib/camera_run
[2.462s] copying camera_run/slope_sub.py -> /home/samet/hallo/build/camera_run/build/lib/camera_run
[2.462s] copying camera_run/slope_node.py -> /home/samet/hallo/build/camera_run/build/lib/camera_run
[2.462s] copying camera_run/intel_lane_sub.py -> /home/samet/hallo/build/camera_run/build/lib/camera_run
[2.462s] copying camera_run/intel_sub.py -> /home/samet/hallo/build/camera_run/build/lib/camera_run
[2.462s] copying camera_run/LaneDetection.py -> /home/samet/hallo/build/camera_run/build/lib/camera_run
[2.462s] copying camera_run/__init__.py -> /home/samet/hallo/build/camera_run/build/lib/camera_run
[2.462s] running install
[2.463s] /home/samet/.local/lib/python3.10/site-packages/setuptools/_distutils/cmd.py:66: SetuptoolsDeprecationWarning: setup.py install is deprecated.
[2.463s] !!
[2.463s] 
[2.463s]         ********************************************************************************
[2.463s]         Please avoid running ``setup.py`` directly.
[2.463s]         Instead, use pypa/build, pypa/installer or other
[2.463s]         standards-based tools.
[2.464s] 
[2.464s]         See https://blog.ganssle.io/articles/2021/10/setup-py-deprecated.html for details.
[2.464s]         ********************************************************************************
[2.464s] 
[2.464s] !!
[2.464s]   self.initialize_options()
[2.477s] running install_lib
[2.517s] copying /home/samet/hallo/build/camera_run/build/lib/camera_run/LaneDetection_realsense.py -> /home/samet/hallo/install/camera_run/lib/python3.10/site-packages/camera_run
[2.519s] byte-compiling /home/samet/hallo/install/camera_run/lib/python3.10/site-packages/camera_run/LaneDetection_realsense.py to LaneDetection_realsense.cpython-310.pyc
[2.526s] running install_data
[2.568s] copying resource/camera_run -> /home/samet/hallo/install/camera_run/share/ament_index/resource_index/packages
[2.569s] copying package.xml -> /home/samet/hallo/install/camera_run/share/camera_run
[2.569s] running install_egg_info
[2.648s] removing '/home/samet/hallo/install/camera_run/lib/python3.10/site-packages/camera_run-0.0.0-py3.10.egg-info' (and everything under it)
[2.660s] Copying ../../build/camera_run/camera_run.egg-info to /home/samet/hallo/install/camera_run/lib/python3.10/site-packages/camera_run-0.0.0-py3.10.egg-info
[2.662s] running install_scripts
[3.083s] Installing ackermann_to_vesc script to /home/samet/hallo/install/camera_run/lib/camera_run
[3.084s] Installing bot script to /home/samet/hallo/install/camera_run/lib/camera_run
[3.084s] Installing detection script to /home/samet/hallo/install/camera_run/lib/camera_run
[3.084s] Installing detection_node script to /home/samet/hallo/install/camera_run/lib/camera_run
[3.085s] Installing follower script to /home/samet/hallo/install/camera_run/lib/camera_run
[3.085s] Installing intel_lane script to /home/samet/hallo/install/camera_run/lib/camera_run
[3.086s] Installing intel_lane_sub script to /home/samet/hallo/install/camera_run/lib/camera_run
[3.086s] Installing intel_pub script to /home/samet/hallo/install/camera_run/lib/camera_run
[3.086s] Installing intel_sub script to /home/samet/hallo/install/camera_run/lib/camera_run
[3.086s] Installing slope_node script to /home/samet/hallo/install/camera_run/lib/camera_run
[3.087s] Installing slope_sub script to /home/samet/hallo/install/camera_run/lib/camera_run
[3.087s] Installing steering script to /home/samet/hallo/install/camera_run/lib/camera_run
[3.088s] writing list of installed files to '/home/samet/hallo/build/camera_run/install.log'
[3.239s] Invoked command in '/home/samet/hallo/src/camera_run' returned '0': PYTHONPATH=/home/samet/hallo/build/camera_run/prefix_override:/home/samet/hallo/install/camera_run/lib/python3.10/site-packages:${PYTHONPATH} /usr/bin/python3 setup.py egg_info --egg-base ../../build/camera_run build --build-base /home/samet/hallo/build/camera_run/build install --record /home/samet/hallo/build/camera_run/install.log --single-version-externally-managed
