[2.024s] Invoking command in '/home/samet/hallo/src/camera_run': PYTHONPATH=/home/samet/hallo/build/camera_run/prefix_override:/home/samet/hallo/install/camera_run/lib/python3.10/site-packages:${PYTHONPATH} /usr/bin/python3 setup.py egg_info --egg-base ../../build/camera_run build --build-base /home/samet/hallo/build/camera_run/build install --record /home/samet/hallo/build/camera_run/install.log --single-version-externally-managed
[2.339s] running egg_info
[2.371s] writing ../../build/camera_run/camera_run.egg-info/PKG-INFO
[2.374s] writing dependency_links to ../../build/camera_run/camera_run.egg-info/dependency_links.txt
[2.375s] writing entry points to ../../build/camera_run/camera_run.egg-info/entry_points.txt
[2.375s] writing requirements to ../../build/camera_run/camera_run.egg-info/requires.txt
[2.375s] writing top-level names to ../../build/camera_run/camera_run.egg-info/top_level.txt
[2.453s] reading manifest file '../../build/camera_run/camera_run.egg-info/SOURCES.txt'
[2.456s] writing manifest file '../../build/camera_run/camera_run.egg-info/SOURCES.txt'
[2.457s] running build
[2.457s] running build_py
[2.457s] copying camera_run/intel_lane.py -> /home/samet/hallo/build/camera_run/build/lib/camera_run
[2.458s] copying camera_run/intel_pub.py -> /home/samet/hallo/build/camera_run/build/lib/camera_run
[2.458s] copying camera_run/lane_recognition.py -> /home/samet/hallo/build/camera_run/build/lib/camera_run
[2.459s] copying camera_run/steering.py -> /home/samet/hallo/build/camera_run/build/lib/camera_run
[2.460s] copying camera_run/ackermann_to_vesc.py -> /home/samet/hallo/build/camera_run/build/lib/camera_run
[2.460s] copying camera_run/bot.py -> /home/samet/hallo/build/camera_run/build/lib/camera_run
[2.460s] copying camera_run/LaneDetection_realsense_2.py -> /home/samet/hallo/build/camera_run/build/lib/camera_run
[2.460s] copying camera_run/lane_follower.py -> /home/samet/hallo/build/camera_run/build/lib/camera_run
[2.460s] copying camera_run/LaneDetection_realsense.py -> /home/samet/hallo/build/camera_run/build/lib/camera_run
[2.461s] copying camera_run/slope_sub.py -> /home/samet/hallo/build/camera_run/build/lib/camera_run
[2.468s] copying camera_run/slope_node.py -> /home/samet/hallo/build/camera_run/build/lib/camera_run
[2.468s] copying camera_run/intel_lane_sub.py -> /home/samet/hallo/build/camera_run/build/lib/camera_run
[2.469s] copying camera_run/intel_sub.py -> /home/samet/hallo/build/camera_run/build/lib/camera_run
[2.469s] copying camera_run/LaneDetection.py -> /home/samet/hallo/build/camera_run/build/lib/camera_run
[2.469s] copying camera_run/__init__.py -> /home/samet/hallo/build/camera_run/build/lib/camera_run
[2.470s] running install
[2.471s] /home/samet/.local/lib/python3.10/site-packages/setuptools/_distutils/cmd.py:66: SetuptoolsDeprecationWarning: setup.py install is deprecated.
[2.471s] !!
[2.471s] 
[2.471s]         ********************************************************************************
[2.471s]         Please avoid running ``setup.py`` directly.
[2.471s]         Instead, use pypa/build, pypa/installer or other
[2.471s]         standards-based tools.
[2.472s] 
[2.472s]         See https://blog.ganssle.io/articles/2021/10/setup-py-deprecated.html for details.
[2.472s]         ********************************************************************************
[2.472s] 
[2.472s] !!
[2.472s]   self.initialize_options()
[2.483s] running install_lib
[2.554s] copying /home/samet/hallo/build/camera_run/build/lib/camera_run/LaneDetection_realsense.py -> /home/samet/hallo/install/camera_run/lib/python3.10/site-packages/camera_run
[2.557s] byte-compiling /home/samet/hallo/install/camera_run/lib/python3.10/site-packages/camera_run/LaneDetection_realsense.py to LaneDetection_realsense.cpython-310.pyc
[2.564s] running install_data
[2.602s] copying resource/camera_run -> /home/samet/hallo/install/camera_run/share/ament_index/resource_index/packages
[2.603s] copying package.xml -> /home/samet/hallo/install/camera_run/share/camera_run
[2.603s] running install_egg_info
[2.641s] removing '/home/samet/hallo/install/camera_run/lib/python3.10/site-packages/camera_run-0.0.0-py3.10.egg-info' (and everything under it)
[2.642s] Copying ../../build/camera_run/camera_run.egg-info to /home/samet/hallo/install/camera_run/lib/python3.10/site-packages/camera_run-0.0.0-py3.10.egg-info
[2.644s] running install_scripts
[2.954s] Installing ackermann_to_vesc script to /home/samet/hallo/install/camera_run/lib/camera_run
[2.954s] Installing bot script to /home/samet/hallo/install/camera_run/lib/camera_run
[2.955s] Installing detection script to /home/samet/hallo/install/camera_run/lib/camera_run
[2.955s] Installing detection_node script to /home/samet/hallo/install/camera_run/lib/camera_run
[2.955s] Installing follower script to /home/samet/hallo/install/camera_run/lib/camera_run
[2.955s] Installing intel_lane script to /home/samet/hallo/install/camera_run/lib/camera_run
[2.956s] Installing intel_lane_sub script to /home/samet/hallo/install/camera_run/lib/camera_run
[2.956s] Installing intel_pub script to /home/samet/hallo/install/camera_run/lib/camera_run
[2.956s] Installing intel_sub script to /home/samet/hallo/install/camera_run/lib/camera_run
[2.956s] Installing slope_node script to /home/samet/hallo/install/camera_run/lib/camera_run
[2.956s] Installing slope_sub script to /home/samet/hallo/install/camera_run/lib/camera_run
[2.957s] Installing steering script to /home/samet/hallo/install/camera_run/lib/camera_run
[2.957s] writing list of installed files to '/home/samet/hallo/build/camera_run/install.log'
[3.020s] Invoked command in '/home/samet/hallo/src/camera_run' returned '0': PYTHONPATH=/home/samet/hallo/build/camera_run/prefix_override:/home/samet/hallo/install/camera_run/lib/python3.10/site-packages:${PYTHONPATH} /usr/bin/python3 setup.py egg_info --egg-base ../../build/camera_run build --build-base /home/samet/hallo/build/camera_run/build install --record /home/samet/hallo/build/camera_run/install.log --single-version-externally-managed
