[2.194s] Invoking command in '/home/samet/hallo/src/camera_run': PYTHONPATH=/home/samet/hallo/build/camera_run/prefix_override:/home/samet/hallo/install/camera_run/lib/python3.10/site-packages:${PYTHONPATH} /usr/bin/python3 setup.py egg_info --egg-base ../../build/camera_run build --build-base /home/samet/hallo/build/camera_run/build install --record /home/samet/hallo/build/camera_run/install.log --single-version-externally-managed
[2.722s] running egg_info
[2.791s] writing ../../build/camera_run/camera_run.egg-info/PKG-INFO
[2.795s] writing dependency_links to ../../build/camera_run/camera_run.egg-info/dependency_links.txt
[2.795s] writing entry points to ../../build/camera_run/camera_run.egg-info/entry_points.txt
[2.795s] writing requirements to ../../build/camera_run/camera_run.egg-info/requires.txt
[2.796s] writing top-level names to ../../build/camera_run/camera_run.egg-info/top_level.txt
[2.924s] reading manifest file '../../build/camera_run/camera_run.egg-info/SOURCES.txt'
[2.934s] writing manifest file '../../build/camera_run/camera_run.egg-info/SOURCES.txt'
[2.934s] running build
[2.934s] running build_py
[2.934s] copying camera_run/intel_pub.py -> /home/samet/hallo/build/camera_run/build/lib/camera_run
[2.934s] copying camera_run/steering.py -> /home/samet/hallo/build/camera_run/build/lib/camera_run
[2.934s] copying camera_run/ackermann_to_vesc.py -> /home/samet/hallo/build/camera_run/build/lib/camera_run
[2.934s] copying camera_run/bot.py -> /home/samet/hallo/build/camera_run/build/lib/camera_run
[2.934s] copying camera_run/LaneDetection_realsense_2.py -> /home/samet/hallo/build/camera_run/build/lib/camera_run
[2.935s] copying camera_run/LaneDetection_realsense.py -> /home/samet/hallo/build/camera_run/build/lib/camera_run
[2.940s] copying camera_run/intel_sub.py -> /home/samet/hallo/build/camera_run/build/lib/camera_run
[2.941s] copying camera_run/__init__.py -> /home/samet/hallo/build/camera_run/build/lib/camera_run
[2.941s] copying camera_run/teleop.py -> /home/samet/hallo/build/camera_run/build/lib/camera_run
[2.941s] running install
[2.941s] /home/samet/.local/lib/python3.10/site-packages/setuptools/_distutils/cmd.py:66: SetuptoolsDeprecationWarning: setup.py install is deprecated.
[2.941s] !!
[2.941s] 
[2.942s]         ********************************************************************************
[2.942s]         Please avoid running ``setup.py`` directly.
[2.942s]         Instead, use pypa/build, pypa/installer or other
[2.942s]         standards-based tools.
[2.942s] 
[2.942s]         See https://blog.ganssle.io/articles/2021/10/setup-py-deprecated.html for details.
[2.942s]         ********************************************************************************
[2.942s] 
[2.943s] !!
[2.943s]   self.initialize_options()
[2.945s] running install_lib
[2.982s] copying /home/samet/hallo/build/camera_run/build/lib/camera_run/LaneDetection_realsense.py -> /home/samet/hallo/install/camera_run/lib/python3.10/site-packages/camera_run
[2.984s] byte-compiling /home/samet/hallo/install/camera_run/lib/python3.10/site-packages/camera_run/LaneDetection_realsense.py to LaneDetection_realsense.cpython-310.pyc
[2.991s] running install_data
[3.034s] copying resource/camera_run -> /home/samet/hallo/install/camera_run/share/ament_index/resource_index/packages
[3.036s] copying package.xml -> /home/samet/hallo/install/camera_run/share/camera_run
[3.036s] running install_egg_info
[3.085s] removing '/home/samet/hallo/install/camera_run/lib/python3.10/site-packages/camera_run-0.0.0-py3.10.egg-info' (and everything under it)
[3.087s] Copying ../../build/camera_run/camera_run.egg-info to /home/samet/hallo/install/camera_run/lib/python3.10/site-packages/camera_run-0.0.0-py3.10.egg-info
[3.089s] running install_scripts
[3.485s] Installing ackermann_to_vesc script to /home/samet/hallo/install/camera_run/lib/camera_run
[3.485s] Installing bot script to /home/samet/hallo/install/camera_run/lib/camera_run
[3.486s] Installing detection script to /home/samet/hallo/install/camera_run/lib/camera_run
[3.486s] Installing detection_node script to /home/samet/hallo/install/camera_run/lib/camera_run
[3.486s] Installing follower script to /home/samet/hallo/install/camera_run/lib/camera_run
[3.487s] Installing intel_lane script to /home/samet/hallo/install/camera_run/lib/camera_run
[3.488s] Installing intel_lane_sub script to /home/samet/hallo/install/camera_run/lib/camera_run
[3.488s] Installing intel_pub script to /home/samet/hallo/install/camera_run/lib/camera_run
[3.488s] Installing intel_sub script to /home/samet/hallo/install/camera_run/lib/camera_run
[3.489s] Installing slope_node script to /home/samet/hallo/install/camera_run/lib/camera_run
[3.490s] Installing slope_sub script to /home/samet/hallo/install/camera_run/lib/camera_run
[3.491s] Installing steering script to /home/samet/hallo/install/camera_run/lib/camera_run
[3.492s] Installing tele script to /home/samet/hallo/install/camera_run/lib/camera_run
[3.493s] writing list of installed files to '/home/samet/hallo/build/camera_run/install.log'
[3.665s] Invoked command in '/home/samet/hallo/src/camera_run' returned '0': PYTHONPATH=/home/samet/hallo/build/camera_run/prefix_override:/home/samet/hallo/install/camera_run/lib/python3.10/site-packages:${PYTHONPATH} /usr/bin/python3 setup.py egg_info --egg-base ../../build/camera_run build --build-base /home/samet/hallo/build/camera_run/build install --record /home/samet/hallo/build/camera_run/install.log --single-version-externally-managed
