[0.136s] Invoking command in '/home/samet/hallo/build/io_context': AMENT_PREFIX_PATH=/home/samet/hallo/install/asio_cmake_module:${AMENT_PREFIX_PATH} CMAKE_PREFIX_PATH=/home/samet/hallo/install/asio_cmake_module:/opt/ros/humble /usr/bin/cmake --build /home/samet/hallo/build/io_context -- -j8 -l8
[0.295s] [ 22%] Built target gtest
[0.296s] [ 55%] Built target io_context
[0.298s] [ 77%] Built target gtest_main
[0.336s] [100%] Built target test_io_context
[0.415s] Invoked command in '/home/samet/hallo/build/io_context' returned '0': AMENT_PREFIX_PATH=/home/samet/hallo/install/asio_cmake_module:${AMENT_PREFIX_PATH} CMAKE_PREFIX_PATH=/home/samet/hallo/install/asio_cmake_module:/opt/ros/humble /usr/bin/cmake --build /home/samet/hallo/build/io_context -- -j8 -l8
[0.461s] Invoking command in '/home/samet/hallo/build/io_context': AMENT_PREFIX_PATH=/home/samet/hallo/install/asio_cmake_module:${AMENT_PREFIX_PATH} CMAKE_PREFIX_PATH=/home/samet/hallo/install/asio_cmake_module:/opt/ros/humble /usr/bin/cmake --install /home/samet/hallo/build/io_context
[0.473s] -- Install configuration: ""
[0.474s] -- Up-to-date: /home/samet/hallo/install/io_context/include
[0.474s] -- Up-to-date: /home/samet/hallo/install/io_context/include/msg_converters
[0.474s] -- Up-to-date: /home/samet/hallo/install/io_context/include/msg_converters/udp_msgs.hpp
[0.475s] -- Up-to-date: /home/samet/hallo/install/io_context/include/msg_converters/std_msgs.hpp
[0.475s] -- Up-to-date: /home/samet/hallo/install/io_context/include/msg_converters/converters.hpp
[0.475s] -- Up-to-date: /home/samet/hallo/install/io_context/include/io_context
[0.476s] -- Up-to-date: /home/samet/hallo/install/io_context/include/io_context/common.hpp
[0.476s] -- Up-to-date: /home/samet/hallo/install/io_context/include/io_context/io_context.hpp
[0.477s] -- Up-to-date: /home/samet/hallo/install/io_context/share/io_context/environment/library_path.sh
[0.477s] -- Up-to-date: /home/samet/hallo/install/io_context/share/io_context/environment/library_path.dsv
[0.477s] -- Up-to-date: /home/samet/hallo/install/io_context/lib/libio_context.so
[0.477s] -- Up-to-date: /home/samet/hallo/install/io_context/share/ament_index/resource_index/package_run_dependencies/io_context
[0.478s] -- Up-to-date: /home/samet/hallo/install/io_context/share/ament_index/resource_index/parent_prefix_path/io_context
[0.478s] -- Up-to-date: /home/samet/hallo/install/io_context/share/io_context/environment/ament_prefix_path.sh
[0.478s] -- Up-to-date: /home/samet/hallo/install/io_context/share/io_context/environment/ament_prefix_path.dsv
[0.478s] -- Up-to-date: /home/samet/hallo/install/io_context/share/io_context/environment/path.sh
[0.478s] -- Up-to-date: /home/samet/hallo/install/io_context/share/io_context/environment/path.dsv
[0.479s] -- Up-to-date: /home/samet/hallo/install/io_context/share/io_context/local_setup.bash
[0.479s] -- Up-to-date: /home/samet/hallo/install/io_context/share/io_context/local_setup.sh
[0.480s] -- Up-to-date: /home/samet/hallo/install/io_context/share/io_context/local_setup.zsh
[0.480s] -- Up-to-date: /home/samet/hallo/install/io_context/share/io_context/local_setup.dsv
[0.481s] -- Installing: /home/samet/hallo/install/io_context/share/io_context/package.dsv
[0.481s] -- Up-to-date: /home/samet/hallo/install/io_context/share/ament_index/resource_index/packages/io_context
[0.481s] -- Up-to-date: /home/samet/hallo/install/io_context/share/io_context/cmake/ament_cmake_export_dependencies-extras.cmake
[0.481s] -- Up-to-date: /home/samet/hallo/install/io_context/share/io_context/cmake/ament_cmake_export_include_directories-extras.cmake
[0.482s] -- Up-to-date: /home/samet/hallo/install/io_context/share/io_context/cmake/ament_cmake_export_libraries-extras.cmake
[0.482s] -- Up-to-date: /home/samet/hallo/install/io_context/share/io_context/cmake/io_contextConfig.cmake
[0.485s] -- Up-to-date: /home/samet/hallo/install/io_context/share/io_context/cmake/io_contextConfig-version.cmake
[0.486s] -- Up-to-date: /home/samet/hallo/install/io_context/share/io_context/package.xml
[0.486s] Invoked command in '/home/samet/hallo/build/io_context' returned '0': AMENT_PREFIX_PATH=/home/samet/hallo/install/asio_cmake_module:${AMENT_PREFIX_PATH} CMAKE_PREFIX_PATH=/home/samet/hallo/install/asio_cmake_module:/opt/ros/humble /usr/bin/cmake --install /home/samet/hallo/build/io_context
