[0.401s] Invoking command in '/home/samet/hallo/build/vesc_driver': AMENT_PREFIX_PATH=/home/samet/hallo/install/serial_driver:/home/samet/hallo/install/io_context:/home/samet/hallo/install/vesc_msgs:${AMENT_PREFIX_PATH} CMAKE_PREFIX_PATH=/home/samet/hallo/install/serial_driver:/home/samet/hallo/install/io_context:/home/samet/hallo/install/vesc_msgs:/opt/ros/humble LD_LIBRARY_PATH=/home/samet/hallo/install/serial_driver/lib:/home/samet/hallo/install/io_context/lib:/home/samet/hallo/install/vesc_msgs/lib:${LD_LIBRARY_PATH} PYTHONPATH=/home/samet/hallo/install/vesc_msgs/local/lib/python3.10/dist-packages:${PYTHONPATH} /usr/bin/cmake --build /home/samet/hallo/build/vesc_driver -- -j8 -l8
[0.476s] [ 20%] Built target vesc_driver_node
[0.484s] [ 70%] Built target vesc_driver
[0.515s] [100%] Built target vesc_device_namer
[0.530s] Invoked command in '/home/samet/hallo/build/vesc_driver' returned '0': AMENT_PREFIX_PATH=/home/samet/hallo/install/serial_driver:/home/samet/hallo/install/io_context:/home/samet/hallo/install/vesc_msgs:${AMENT_PREFIX_PATH} CMAKE_PREFIX_PATH=/home/samet/hallo/install/serial_driver:/home/samet/hallo/install/io_context:/home/samet/hallo/install/vesc_msgs:/opt/ros/humble LD_LIBRARY_PATH=/home/samet/hallo/install/serial_driver/lib:/home/samet/hallo/install/io_context/lib:/home/samet/hallo/install/vesc_msgs/lib:${LD_LIBRARY_PATH} PYTHONPATH=/home/samet/hallo/install/vesc_msgs/local/lib/python3.10/dist-packages:${PYTHONPATH} /usr/bin/cmake --build /home/samet/hallo/build/vesc_driver -- -j8 -l8
[0.587s] Invoking command in '/home/samet/hallo/build/vesc_driver': AMENT_PREFIX_PATH=/home/samet/hallo/install/serial_driver:/home/samet/hallo/install/io_context:/home/samet/hallo/install/vesc_msgs:${AMENT_PREFIX_PATH} CMAKE_PREFIX_PATH=/home/samet/hallo/install/serial_driver:/home/samet/hallo/install/io_context:/home/samet/hallo/install/vesc_msgs:/opt/ros/humble LD_LIBRARY_PATH=/home/samet/hallo/install/serial_driver/lib:/home/samet/hallo/install/io_context/lib:/home/samet/hallo/install/vesc_msgs/lib:${LD_LIBRARY_PATH} PYTHONPATH=/home/samet/hallo/install/vesc_msgs/local/lib/python3.10/dist-packages:${PYTHONPATH} /usr/bin/cmake --install /home/samet/hallo/build/vesc_driver
[0.597s] -- Install configuration: ""
[0.597s] -- Up-to-date: /home/samet/hallo/install/vesc_driver/lib/vesc_driver/vesc_driver_node
[0.598s] -- Up-to-date: /home/samet/hallo/install/vesc_driver/include
[0.598s] -- Up-to-date: /home/samet/hallo/install/vesc_driver/include/vesc_driver
[0.598s] -- Up-to-date: /home/samet/hallo/install/vesc_driver/include/vesc_driver/vesc_device_uuid_lookup.hpp
[0.598s] -- Up-to-date: /home/samet/hallo/install/vesc_driver/include/vesc_driver/vesc_driver.hpp
[0.598s] -- Up-to-date: /home/samet/hallo/install/vesc_driver/include/vesc_driver/vesc_packet_factory.hpp
[0.598s] -- Up-to-date: /home/samet/hallo/install/vesc_driver/include/vesc_driver/vesc_packet.hpp
[0.599s] -- Up-to-date: /home/samet/hallo/install/vesc_driver/include/vesc_driver/crc.hpp
[0.599s] -- Up-to-date: /home/samet/hallo/install/vesc_driver/include/vesc_driver/vesc_interface.hpp
[0.599s] -- Up-to-date: /home/samet/hallo/install/vesc_driver/include/vesc_driver/datatypes.hpp
[0.599s] -- Up-to-date: /home/samet/hallo/install/vesc_driver/share/vesc_driver/environment/library_path.sh
[0.599s] -- Up-to-date: /home/samet/hallo/install/vesc_driver/share/vesc_driver/environment/library_path.dsv
[0.599s] -- Up-to-date: /home/samet/hallo/install/vesc_driver/lib/libvesc_driver.so
[0.600s] -- Up-to-date: /home/samet/hallo/install/vesc_driver/lib/vesc_driver/vesc_device_namer
[0.600s] -- Up-to-date: /home/samet/hallo/install/vesc_driver/share/vesc_driver/launch
[0.600s] -- Up-to-date: /home/samet/hallo/install/vesc_driver/share/vesc_driver/launch/vesc_driver_node.launch.py
[0.600s] -- Up-to-date: /home/samet/hallo/install/vesc_driver/share/vesc_driver/params
[0.601s] -- Up-to-date: /home/samet/hallo/install/vesc_driver/share/vesc_driver/params/config.yaml
[0.601s] -- Up-to-date: /home/samet/hallo/install/vesc_driver/share/ament_index/resource_index/package_run_dependencies/vesc_driver
[0.601s] -- Up-to-date: /home/samet/hallo/install/vesc_driver/share/ament_index/resource_index/parent_prefix_path/vesc_driver
[0.601s] -- Up-to-date: /home/samet/hallo/install/vesc_driver/share/vesc_driver/environment/ament_prefix_path.sh
[0.601s] -- Up-to-date: /home/samet/hallo/install/vesc_driver/share/vesc_driver/environment/ament_prefix_path.dsv
[0.602s] -- Up-to-date: /home/samet/hallo/install/vesc_driver/share/vesc_driver/environment/path.sh
[0.602s] -- Up-to-date: /home/samet/hallo/install/vesc_driver/share/vesc_driver/environment/path.dsv
[0.602s] -- Up-to-date: /home/samet/hallo/install/vesc_driver/share/vesc_driver/local_setup.bash
[0.602s] -- Up-to-date: /home/samet/hallo/install/vesc_driver/share/vesc_driver/local_setup.sh
[0.602s] -- Up-to-date: /home/samet/hallo/install/vesc_driver/share/vesc_driver/local_setup.zsh
[0.602s] -- Up-to-date: /home/samet/hallo/install/vesc_driver/share/vesc_driver/local_setup.dsv
[0.603s] -- Installing: /home/samet/hallo/install/vesc_driver/share/vesc_driver/package.dsv
[0.603s] -- Up-to-date: /home/samet/hallo/install/vesc_driver/share/ament_index/resource_index/packages/vesc_driver
[0.603s] -- Up-to-date: /home/samet/hallo/install/vesc_driver/share/ament_index/resource_index/rclcpp_components/vesc_driver
[0.603s] -- Up-to-date: /home/samet/hallo/install/vesc_driver/share/vesc_driver/cmake/ament_cmake_export_dependencies-extras.cmake
[0.603s] -- Up-to-date: /home/samet/hallo/install/vesc_driver/share/vesc_driver/cmake/ament_cmake_export_include_directories-extras.cmake
[0.603s] -- Up-to-date: /home/samet/hallo/install/vesc_driver/share/vesc_driver/cmake/ament_cmake_export_libraries-extras.cmake
[0.604s] -- Up-to-date: /home/samet/hallo/install/vesc_driver/share/vesc_driver/cmake/vesc_driverConfig.cmake
[0.604s] -- Up-to-date: /home/samet/hallo/install/vesc_driver/share/vesc_driver/cmake/vesc_driverConfig-version.cmake
[0.604s] -- Up-to-date: /home/samet/hallo/install/vesc_driver/share/vesc_driver/package.xml
[0.605s] Invoked command in '/home/samet/hallo/build/vesc_driver' returned '0': AMENT_PREFIX_PATH=/home/samet/hallo/install/serial_driver:/home/samet/hallo/install/io_context:/home/samet/hallo/install/vesc_msgs:${AMENT_PREFIX_PATH} CMAKE_PREFIX_PATH=/home/samet/hallo/install/serial_driver:/home/samet/hallo/install/io_context:/home/samet/hallo/install/vesc_msgs:/opt/ros/humble LD_LIBRARY_PATH=/home/samet/hallo/install/serial_driver/lib:/home/samet/hallo/install/io_context/lib:/home/samet/hallo/install/vesc_msgs/lib:${LD_LIBRARY_PATH} PYTHONPATH=/home/samet/hallo/install/vesc_msgs/local/lib/python3.10/dist-packages:${PYTHONPATH} /usr/bin/cmake --install /home/samet/hallo/build/vesc_driver
