[2.163s] Invoking command in '/home/samet/hallo/src/camera_run': PYTHONPATH=/home/samet/hallo/build/camera_run/prefix_override:/home/samet/hallo/install/camera_run/lib/python3.10/site-packages:${PYTHONPATH} /usr/bin/python3 setup.py egg_info --egg-base ../../build/camera_run build --build-base /home/samet/hallo/build/camera_run/build install --record /home/samet/hallo/build/camera_run/install.log --single-version-externally-managed
[2.541s] running egg_info
[2.577s] writing ../../build/camera_run/camera_run.egg-info/PKG-INFO
[2.577s] writing dependency_links to ../../build/camera_run/camera_run.egg-info/dependency_links.txt
[2.578s] writing entry points to ../../build/camera_run/camera_run.egg-info/entry_points.txt
[2.583s] writing requirements to ../../build/camera_run/camera_run.egg-info/requires.txt
[2.583s] writing top-level names to ../../build/camera_run/camera_run.egg-info/top_level.txt
[2.655s] reading manifest file '../../build/camera_run/camera_run.egg-info/SOURCES.txt'
[2.657s] writing manifest file '../../build/camera_run/camera_run.egg-info/SOURCES.txt'
[2.657s] running build
[2.657s] running build_py
[2.657s] copying camera_run/intel_pub.py -> /home/samet/hallo/build/camera_run/build/lib/camera_run
[2.658s] copying camera_run/steering.py -> /home/samet/hallo/build/camera_run/build/lib/camera_run
[2.658s] copying camera_run/ackermann_to_vesc.py -> /home/samet/hallo/build/camera_run/build/lib/camera_run
[2.658s] copying camera_run/bot.py -> /home/samet/hallo/build/camera_run/build/lib/camera_run
[2.659s] copying camera_run/LaneDetection_realsense_2.py -> /home/samet/hallo/build/camera_run/build/lib/camera_run
[2.659s] copying camera_run/LaneDetection_realsense.py -> /home/samet/hallo/build/camera_run/build/lib/camera_run
[2.659s] copying camera_run/intel_sub.py -> /home/samet/hallo/build/camera_run/build/lib/camera_run
[2.660s] copying camera_run/__init__.py -> /home/samet/hallo/build/camera_run/build/lib/camera_run
[2.660s] copying camera_run/teleop.py -> /home/samet/hallo/build/camera_run/build/lib/camera_run
[2.661s] running install
[2.661s] /home/samet/.local/lib/python3.10/site-packages/setuptools/_distutils/cmd.py:66: SetuptoolsDeprecationWarning: setup.py install is deprecated.
[2.662s] !!
[2.662s] 
[2.662s]         ********************************************************************************
[2.662s]         Please avoid running ``setup.py`` directly.
[2.662s]         Instead, use pypa/build, pypa/installer or other
[2.662s]         standards-based tools.
[2.663s] 
[2.663s]         See https://blog.ganssle.io/articles/2021/10/setup-py-deprecated.html for details.
[2.663s]         ********************************************************************************
[2.663s] 
[2.663s] !!
[2.663s]   self.initialize_options()
[2.674s] running install_lib
[2.722s] copying /home/samet/hallo/build/camera_run/build/lib/camera_run/LaneDetection_realsense_2.py -> /home/samet/hallo/install/camera_run/lib/python3.10/site-packages/camera_run
[2.723s] copying /home/samet/hallo/build/camera_run/build/lib/camera_run/LaneDetection_realsense.py -> /home/samet/hallo/install/camera_run/lib/python3.10/site-packages/camera_run
[2.725s] byte-compiling /home/samet/hallo/install/camera_run/lib/python3.10/site-packages/camera_run/LaneDetection_realsense_2.py to LaneDetection_realsense_2.cpython-310.pyc
[2.732s] byte-compiling /home/samet/hallo/install/camera_run/lib/python3.10/site-packages/camera_run/LaneDetection_realsense.py to LaneDetection_realsense.cpython-310.pyc
[2.738s] running install_data
[2.783s] copying resource/camera_run -> /home/samet/hallo/install/camera_run/share/ament_index/resource_index/packages
[2.783s] copying package.xml -> /home/samet/hallo/install/camera_run/share/camera_run
[2.783s] running install_egg_info
[2.831s] removing '/home/samet/hallo/install/camera_run/lib/python3.10/site-packages/camera_run-0.0.0-py3.10.egg-info' (and everything under it)
[2.833s] Copying ../../build/camera_run/camera_run.egg-info to /home/samet/hallo/install/camera_run/lib/python3.10/site-packages/camera_run-0.0.0-py3.10.egg-info
[2.833s] running install_scripts
[3.212s] Installing ackermann_to_vesc script to /home/samet/hallo/install/camera_run/lib/camera_run
[3.212s] Installing bot script to /home/samet/hallo/install/camera_run/lib/camera_run
[3.212s] Installing detection script to /home/samet/hallo/install/camera_run/lib/camera_run
[3.212s] Installing detection_node script to /home/samet/hallo/install/camera_run/lib/camera_run
[3.213s] Installing follower script to /home/samet/hallo/install/camera_run/lib/camera_run
[3.213s] Installing intel_lane script to /home/samet/hallo/install/camera_run/lib/camera_run
[3.213s] Installing intel_lane_sub script to /home/samet/hallo/install/camera_run/lib/camera_run
[3.214s] Installing intel_pub script to /home/samet/hallo/install/camera_run/lib/camera_run
[3.214s] Installing intel_sub script to /home/samet/hallo/install/camera_run/lib/camera_run
[3.214s] Installing slope_node script to /home/samet/hallo/install/camera_run/lib/camera_run
[3.215s] Installing slope_sub script to /home/samet/hallo/install/camera_run/lib/camera_run
[3.215s] Installing steering script to /home/samet/hallo/install/camera_run/lib/camera_run
[3.215s] Installing tele script to /home/samet/hallo/install/camera_run/lib/camera_run
[3.216s] writing list of installed files to '/home/samet/hallo/build/camera_run/install.log'
[3.336s] Invoked command in '/home/samet/hallo/src/camera_run' returned '0': PYTHONPATH=/home/samet/hallo/build/camera_run/prefix_override:/home/samet/hallo/install/camera_run/lib/python3.10/site-packages:${PYTHONPATH} /usr/bin/python3 setup.py egg_info --egg-base ../../build/camera_run build --build-base /home/samet/hallo/build/camera_run/build install --record /home/samet/hallo/build/camera_run/install.log --single-version-externally-managed
