[2.400s] Invoking command in '/home/samet/hallo/src/camera_run': PYTHONPATH=/home/samet/hallo/build/camera_run/prefix_override:/home/samet/hallo/install/camera_run/lib/python3.10/site-packages:${PYTHONPATH} /usr/bin/python3 setup.py egg_info --egg-base ../../build/camera_run build --build-base /home/samet/hallo/build/camera_run/build install --record /home/samet/hallo/build/camera_run/install.log --single-version-externally-managed
[2.963s] running egg_info
[3.007s] writing ../../build/camera_run/camera_run.egg-info/PKG-INFO
[3.007s] writing dependency_links to ../../build/camera_run/camera_run.egg-info/dependency_links.txt
[3.007s] writing entry points to ../../build/camera_run/camera_run.egg-info/entry_points.txt
[3.007s] writing requirements to ../../build/camera_run/camera_run.egg-info/requires.txt
[3.008s] writing top-level names to ../../build/camera_run/camera_run.egg-info/top_level.txt
[3.093s] reading manifest file '../../build/camera_run/camera_run.egg-info/SOURCES.txt'
[3.097s] writing manifest file '../../build/camera_run/camera_run.egg-info/SOURCES.txt'
[3.097s] running build
[3.097s] running build_py
[3.098s] copying camera_run/intel_pub.py -> /home/samet/hallo/build/camera_run/build/lib/camera_run
[3.098s] copying camera_run/new_LaneDetection.py -> /home/samet/hallo/build/camera_run/build/lib/camera_run
[3.099s] copying camera_run/2_new_line.py -> /home/samet/hallo/build/camera_run/build/lib/camera_run
[3.099s] copying camera_run/steering.py -> /home/samet/hallo/build/camera_run/build/lib/camera_run
[3.100s] copying camera_run/test_new_lanedetection.py -> /home/samet/hallo/build/camera_run/build/lib/camera_run
[3.100s] copying camera_run/ackermann_to_vesc.py -> /home/samet/hallo/build/camera_run/build/lib/camera_run
[3.101s] copying camera_run/bot.py -> /home/samet/hallo/build/camera_run/build/lib/camera_run
[3.101s] copying camera_run/LaneDetection_realsense_2.py -> /home/samet/hallo/build/camera_run/build/lib/camera_run
[3.102s] copying camera_run/LaneDetection_realsense.py -> /home/samet/hallo/build/camera_run/build/lib/camera_run
[3.103s] copying camera_run/intel_sub.py -> /home/samet/hallo/build/camera_run/build/lib/camera_run
[3.103s] copying camera_run/__init__.py -> /home/samet/hallo/build/camera_run/build/lib/camera_run
[3.103s] copying camera_run/teleop.py -> /home/samet/hallo/build/camera_run/build/lib/camera_run
[3.104s] running install
[3.104s] /home/samet/.local/lib/python3.10/site-packages/setuptools/_distutils/cmd.py:66: SetuptoolsDeprecationWarning: setup.py install is deprecated.
[3.105s] !!
[3.105s] 
[3.105s]         ********************************************************************************
[3.106s]         Please avoid running ``setup.py`` directly.
[3.106s]         Instead, use pypa/build, pypa/installer or other
[3.106s]         standards-based tools.
[3.107s] 
[3.107s]         See https://blog.ganssle.io/articles/2021/10/setup-py-deprecated.html for details.
[3.107s]         ********************************************************************************
[3.107s] 
[3.107s] !!
[3.108s]   self.initialize_options()
[3.114s] running install_lib
[3.154s] copying /home/samet/hallo/build/camera_run/build/lib/camera_run/intel_pub.py -> /home/samet/hallo/install/camera_run/lib/python3.10/site-packages/camera_run
[3.157s] copying /home/samet/hallo/build/camera_run/build/lib/camera_run/new_LaneDetection.py -> /home/samet/hallo/install/camera_run/lib/python3.10/site-packages/camera_run
[3.157s] copying /home/samet/hallo/build/camera_run/build/lib/camera_run/2_new_line.py -> /home/samet/hallo/install/camera_run/lib/python3.10/site-packages/camera_run
[3.157s] copying /home/samet/hallo/build/camera_run/build/lib/camera_run/test_new_lanedetection.py -> /home/samet/hallo/install/camera_run/lib/python3.10/site-packages/camera_run
[3.158s] byte-compiling /home/samet/hallo/install/camera_run/lib/python3.10/site-packages/camera_run/intel_pub.py to intel_pub.cpython-310.pyc
[3.159s] byte-compiling /home/samet/hallo/install/camera_run/lib/python3.10/site-packages/camera_run/new_LaneDetection.py to new_LaneDetection.cpython-310.pyc
[3.165s] byte-compiling /home/samet/hallo/install/camera_run/lib/python3.10/site-packages/camera_run/2_new_line.py to 2_new_line.cpython-310.pyc
[3.174s] byte-compiling /home/samet/hallo/install/camera_run/lib/python3.10/site-packages/camera_run/test_new_lanedetection.py to test_new_lanedetection.cpython-310.pyc
[3.177s] running install_data
[3.217s] copying resource/camera_run -> /home/samet/hallo/install/camera_run/share/ament_index/resource_index/packages
[3.218s] copying package.xml -> /home/samet/hallo/install/camera_run/share/camera_run
[3.218s] running install_egg_info
[3.260s] removing '/home/samet/hallo/install/camera_run/lib/python3.10/site-packages/camera_run-0.0.0-py3.10.egg-info' (and everything under it)
[3.260s] Copying ../../build/camera_run/camera_run.egg-info to /home/samet/hallo/install/camera_run/lib/python3.10/site-packages/camera_run-0.0.0-py3.10.egg-info
[3.261s] running install_scripts
[3.628s] Installing ackermann_to_vesc script to /home/samet/hallo/install/camera_run/lib/camera_run
[3.629s] Installing bot script to /home/samet/hallo/install/camera_run/lib/camera_run
[3.629s] Installing detection script to /home/samet/hallo/install/camera_run/lib/camera_run
[3.629s] Installing detection_node script to /home/samet/hallo/install/camera_run/lib/camera_run
[3.629s] Installing follower script to /home/samet/hallo/install/camera_run/lib/camera_run
[3.630s] Installing intel_lane script to /home/samet/hallo/install/camera_run/lib/camera_run
[3.630s] Installing intel_lane_sub script to /home/samet/hallo/install/camera_run/lib/camera_run
[3.630s] Installing intel_pub script to /home/samet/hallo/install/camera_run/lib/camera_run
[3.631s] Installing intel_sub script to /home/samet/hallo/install/camera_run/lib/camera_run
[3.631s] Installing slope_node script to /home/samet/hallo/install/camera_run/lib/camera_run
[3.631s] Installing slope_sub script to /home/samet/hallo/install/camera_run/lib/camera_run
[3.631s] Installing steering script to /home/samet/hallo/install/camera_run/lib/camera_run
[3.631s] Installing tele script to /home/samet/hallo/install/camera_run/lib/camera_run
[3.632s] writing list of installed files to '/home/samet/hallo/build/camera_run/install.log'
[3.697s] Invoked command in '/home/samet/hallo/src/camera_run' returned '0': PYTHONPATH=/home/samet/hallo/build/camera_run/prefix_override:/home/samet/hallo/install/camera_run/lib/python3.10/site-packages:${PYTHONPATH} /usr/bin/python3 setup.py egg_info --egg-base ../../build/camera_run build --build-base /home/samet/hallo/build/camera_run/build install --record /home/samet/hallo/build/camera_run/install.log --single-version-externally-managed
