running egg_info
writing ../../build/camera_run/camera_run.egg-info/PKG-INFO
writing dependency_links to ../../build/camera_run/camera_run.egg-info/dependency_links.txt
writing entry points to ../../build/camera_run/camera_run.egg-info/entry_points.txt
writing requirements to ../../build/camera_run/camera_run.egg-info/requires.txt
writing top-level names to ../../build/camera_run/camera_run.egg-info/top_level.txt
reading manifest file '../../build/camera_run/camera_run.egg-info/SOURCES.txt'
writing manifest file '../../build/camera_run/camera_run.egg-info/SOURCES.txt'
running build
running build_py
copying camera_run/intel_lane.py -> /home/samet/hallo/build/camera_run/build/lib/camera_run
copying camera_run/intel_pub.py -> /home/samet/hallo/build/camera_run/build/lib/camera_run
copying camera_run/lane_recognition.py -> /home/samet/hallo/build/camera_run/build/lib/camera_run
copying camera_run/steering.py -> /home/samet/hallo/build/camera_run/build/lib/camera_run
copying camera_run/ackermann_to_vesc.py -> /home/samet/hallo/build/camera_run/build/lib/camera_run
copying camera_run/bot.py -> /home/samet/hallo/build/camera_run/build/lib/camera_run
copying camera_run/LaneDetection_realsense_2.py -> /home/samet/hallo/build/camera_run/build/lib/camera_run
copying camera_run/lane_follower.py -> /home/samet/hallo/build/camera_run/build/lib/camera_run
copying camera_run/LaneDetection_realsense.py -> /home/samet/hallo/build/camera_run/build/lib/camera_run
/home/samet/.local/lib/python3.10/site-packages/setuptools/_distutils/cmd.py:66: SetuptoolsDeprecationWarning: setup.py install is deprecated.
!!

        ********************************************************************************
        Please avoid running ``setup.py`` directly.
        Instead, use pypa/build, pypa/installer or other
        standards-based tools.

        See https://blog.ganssle.io/articles/2021/10/setup-py-deprecated.html for details.
        ********************************************************************************

!!
  self.initialize_options()
copying camera_run/slope_sub.py -> /home/samet/hallo/build/camera_run/build/lib/camera_run
copying camera_run/slope_node.py -> /home/samet/hallo/build/camera_run/build/lib/camera_run
copying camera_run/intel_lane_sub.py -> /home/samet/hallo/build/camera_run/build/lib/camera_run
copying camera_run/intel_sub.py -> /home/samet/hallo/build/camera_run/build/lib/camera_run
copying camera_run/LaneDetection.py -> /home/samet/hallo/build/camera_run/build/lib/camera_run
copying camera_run/__init__.py -> /home/samet/hallo/build/camera_run/build/lib/camera_run
running install
running install_lib
copying /home/samet/hallo/build/camera_run/build/lib/camera_run/LaneDetection_realsense.py -> /home/samet/hallo/install/camera_run/lib/python3.10/site-packages/camera_run
byte-compiling /home/samet/hallo/install/camera_run/lib/python3.10/site-packages/camera_run/LaneDetection_realsense.py to LaneDetection_realsense.cpython-310.pyc
running install_data
copying resource/camera_run -> /home/samet/hallo/install/camera_run/share/ament_index/resource_index/packages
copying package.xml -> /home/samet/hallo/install/camera_run/share/camera_run
running install_egg_info
removing '/home/samet/hallo/install/camera_run/lib/python3.10/site-packages/camera_run-0.0.0-py3.10.egg-info' (and everything under it)
Copying ../../build/camera_run/camera_run.egg-info to /home/samet/hallo/install/camera_run/lib/python3.10/site-packages/camera_run-0.0.0-py3.10.egg-info
running install_scripts
Installing ackermann_to_vesc script to /home/samet/hallo/install/camera_run/lib/camera_run
Installing bot script to /home/samet/hallo/install/camera_run/lib/camera_run
Installing detection script to /home/samet/hallo/install/camera_run/lib/camera_run
Installing detection_node script to /home/samet/hallo/install/camera_run/lib/camera_run
Installing follower script to /home/samet/hallo/install/camera_run/lib/camera_run
Installing intel_lane script to /home/samet/hallo/install/camera_run/lib/camera_run
Installing intel_lane_sub script to /home/samet/hallo/install/camera_run/lib/camera_run
Installing intel_pub script to /home/samet/hallo/install/camera_run/lib/camera_run
Installing intel_sub script to /home/samet/hallo/install/camera_run/lib/camera_run
Installing slope_node script to /home/samet/hallo/install/camera_run/lib/camera_run
Installing slope_sub script to /home/samet/hallo/install/camera_run/lib/camera_run
Installing steering script to /home/samet/hallo/install/camera_run/lib/camera_run
writing list of installed files to '/home/samet/hallo/build/camera_run/install.log'
