[2.288s] Invoking command in '/home/samet/hallo/src/camera_run': PYTHONPATH=/home/samet/hallo/build/camera_run/prefix_override:/home/samet/hallo/install/camera_run/lib/python3.10/site-packages:${PYTHONPATH} /usr/bin/python3 setup.py egg_info --egg-base ../../build/camera_run build --build-base /home/samet/hallo/build/camera_run/build install --record /home/samet/hallo/build/camera_run/install.log --single-version-externally-managed
[2.911s] running egg_info
[2.963s] writing ../../build/camera_run/camera_run.egg-info/PKG-INFO
[2.963s] writing dependency_links to ../../build/camera_run/camera_run.egg-info/dependency_links.txt
[2.964s] writing entry points to ../../build/camera_run/camera_run.egg-info/entry_points.txt
[2.964s] writing requirements to ../../build/camera_run/camera_run.egg-info/requires.txt
[2.964s] writing top-level names to ../../build/camera_run/camera_run.egg-info/top_level.txt
[3.049s] reading manifest file '../../build/camera_run/camera_run.egg-info/SOURCES.txt'
[3.051s] writing manifest file '../../build/camera_run/camera_run.egg-info/SOURCES.txt'
[3.066s] running build
[3.066s] running build_py
[3.066s] copying camera_run/intel_lane.py -> /home/samet/hallo/build/camera_run/build/lib/camera_run
[3.067s] copying camera_run/intel_pub.py -> /home/samet/hallo/build/camera_run/build/lib/camera_run
[3.067s] copying camera_run/lane_recognition.py -> /home/samet/hallo/build/camera_run/build/lib/camera_run
[3.067s] copying camera_run/steering.py -> /home/samet/hallo/build/camera_run/build/lib/camera_run
[3.067s] copying camera_run/ackermann_to_vesc.py -> /home/samet/hallo/build/camera_run/build/lib/camera_run
[3.067s] copying camera_run/bot.py -> /home/samet/hallo/build/camera_run/build/lib/camera_run
[3.067s] copying camera_run/LaneDetection_realsense_2.py -> /home/samet/hallo/build/camera_run/build/lib/camera_run
[3.068s] copying camera_run/lane_follower.py -> /home/samet/hallo/build/camera_run/build/lib/camera_run
[3.068s] copying camera_run/LaneDetection_realsense.py -> /home/samet/hallo/build/camera_run/build/lib/camera_run
[3.068s] /home/samet/.local/lib/python3.10/site-packages/setuptools/_distutils/cmd.py:66: SetuptoolsDeprecationWarning: setup.py install is deprecated.
[3.068s] !!
[3.068s] 
[3.068s]         ********************************************************************************
[3.069s]         Please avoid running ``setup.py`` directly.
[3.069s]         Instead, use pypa/build, pypa/installer or other
[3.069s]         standards-based tools.
[3.069s] 
[3.069s]         See https://blog.ganssle.io/articles/2021/10/setup-py-deprecated.html for details.
[3.069s]         ********************************************************************************
[3.069s] 
[3.070s] !!
[3.070s]   self.initialize_options()
[3.071s] copying camera_run/slope_sub.py -> /home/samet/hallo/build/camera_run/build/lib/camera_run
[3.071s] copying camera_run/slope_node.py -> /home/samet/hallo/build/camera_run/build/lib/camera_run
[3.071s] copying camera_run/intel_lane_sub.py -> /home/samet/hallo/build/camera_run/build/lib/camera_run
[3.071s] copying camera_run/intel_sub.py -> /home/samet/hallo/build/camera_run/build/lib/camera_run
[3.071s] copying camera_run/LaneDetection.py -> /home/samet/hallo/build/camera_run/build/lib/camera_run
[3.072s] copying camera_run/__init__.py -> /home/samet/hallo/build/camera_run/build/lib/camera_run
[3.072s] running install
[3.072s] running install_lib
[3.113s] copying /home/samet/hallo/build/camera_run/build/lib/camera_run/LaneDetection_realsense.py -> /home/samet/hallo/install/camera_run/lib/python3.10/site-packages/camera_run
[3.115s] byte-compiling /home/samet/hallo/install/camera_run/lib/python3.10/site-packages/camera_run/LaneDetection_realsense.py to LaneDetection_realsense.cpython-310.pyc
[3.124s] running install_data
[3.164s] copying resource/camera_run -> /home/samet/hallo/install/camera_run/share/ament_index/resource_index/packages
[3.166s] copying package.xml -> /home/samet/hallo/install/camera_run/share/camera_run
[3.168s] running install_egg_info
[3.215s] removing '/home/samet/hallo/install/camera_run/lib/python3.10/site-packages/camera_run-0.0.0-py3.10.egg-info' (and everything under it)
[3.229s] Copying ../../build/camera_run/camera_run.egg-info to /home/samet/hallo/install/camera_run/lib/python3.10/site-packages/camera_run-0.0.0-py3.10.egg-info
[3.229s] running install_scripts
[3.549s] Installing ackermann_to_vesc script to /home/samet/hallo/install/camera_run/lib/camera_run
[3.549s] Installing bot script to /home/samet/hallo/install/camera_run/lib/camera_run
[3.550s] Installing detection script to /home/samet/hallo/install/camera_run/lib/camera_run
[3.550s] Installing detection_node script to /home/samet/hallo/install/camera_run/lib/camera_run
[3.550s] Installing follower script to /home/samet/hallo/install/camera_run/lib/camera_run
[3.551s] Installing intel_lane script to /home/samet/hallo/install/camera_run/lib/camera_run
[3.551s] Installing intel_lane_sub script to /home/samet/hallo/install/camera_run/lib/camera_run
[3.551s] Installing intel_pub script to /home/samet/hallo/install/camera_run/lib/camera_run
[3.551s] Installing intel_sub script to /home/samet/hallo/install/camera_run/lib/camera_run
[3.552s] Installing slope_node script to /home/samet/hallo/install/camera_run/lib/camera_run
[3.552s] Installing slope_sub script to /home/samet/hallo/install/camera_run/lib/camera_run
[3.553s] Installing steering script to /home/samet/hallo/install/camera_run/lib/camera_run
[3.562s] writing list of installed files to '/home/samet/hallo/build/camera_run/install.log'
[3.806s] Invoked command in '/home/samet/hallo/src/camera_run' returned '0': PYTHONPATH=/home/samet/hallo/build/camera_run/prefix_override:/home/samet/hallo/install/camera_run/lib/python3.10/site-packages:${PYTHONPATH} /usr/bin/python3 setup.py egg_info --egg-base ../../build/camera_run build --build-base /home/samet/hallo/build/camera_run/build install --record /home/samet/hallo/build/camera_run/install.log --single-version-externally-managed
