[1.841s] Invoking command in '/home/samet/hallo/src/camera_run': PYTHONPATH=/home/samet/hallo/build/camera_run/prefix_override:/home/samet/hallo/install/camera_run/lib/python3.10/site-packages:${PYTHONPATH} /usr/bin/python3 setup.py egg_info --egg-base ../../build/camera_run build --build-base /home/samet/hallo/build/camera_run/build install --record /home/samet/hallo/build/camera_run/install.log --single-version-externally-managed
[2.149s] running egg_info
[2.169s] writing ../../build/camera_run/camera_run.egg-info/PKG-INFO
[2.170s] writing dependency_links to ../../build/camera_run/camera_run.egg-info/dependency_links.txt
[2.170s] writing entry points to ../../build/camera_run/camera_run.egg-info/entry_points.txt
[2.171s] writing requirements to ../../build/camera_run/camera_run.egg-info/requires.txt
[2.171s] writing top-level names to ../../build/camera_run/camera_run.egg-info/top_level.txt
[2.213s] reading manifest file '../../build/camera_run/camera_run.egg-info/SOURCES.txt'
[2.215s] writing manifest file '../../build/camera_run/camera_run.egg-info/SOURCES.txt'
[2.216s] running build
[2.216s] running build_py
[2.217s] copying camera_run/intel_lane.py -> /home/samet/hallo/build/camera_run/build/lib/camera_run
[2.218s] copying camera_run/intel_pub.py -> /home/samet/hallo/build/camera_run/build/lib/camera_run
[2.218s] copying camera_run/lane_recognition.py -> /home/samet/hallo/build/camera_run/build/lib/camera_run
[2.219s] copying camera_run/steering.py -> /home/samet/hallo/build/camera_run/build/lib/camera_run
[2.220s] copying camera_run/ackermann_to_vesc.py -> /home/samet/hallo/build/camera_run/build/lib/camera_run
[2.220s] copying camera_run/bot.py -> /home/samet/hallo/build/camera_run/build/lib/camera_run
[2.221s] copying camera_run/LaneDetection_realsense_2.py -> /home/samet/hallo/build/camera_run/build/lib/camera_run
[2.221s] copying camera_run/lane_follower.py -> /home/samet/hallo/build/camera_run/build/lib/camera_run
[2.221s] copying camera_run/LaneDetection_realsense.py -> /home/samet/hallo/build/camera_run/build/lib/camera_run
[2.222s] copying camera_run/slope_sub.py -> /home/samet/hallo/build/camera_run/build/lib/camera_run
[2.222s] copying camera_run/slope_node.py -> /home/samet/hallo/build/camera_run/build/lib/camera_run
[2.223s] copying camera_run/intel_lane_sub.py -> /home/samet/hallo/build/camera_run/build/lib/camera_run
[2.223s] copying camera_run/intel_sub.py -> /home/samet/hallo/build/camera_run/build/lib/camera_run
[2.223s] copying camera_run/LaneDetection.py -> /home/samet/hallo/build/camera_run/build/lib/camera_run
[2.224s] copying camera_run/__init__.py -> /home/samet/hallo/build/camera_run/build/lib/camera_run
[2.224s] running install
[2.224s] /home/samet/.local/lib/python3.10/site-packages/setuptools/_distutils/cmd.py:66: SetuptoolsDeprecationWarning: setup.py install is deprecated.
[2.224s] !!
[2.225s] 
[2.225s]         ********************************************************************************
[2.225s]         Please avoid running ``setup.py`` directly.
[2.226s]         Instead, use pypa/build, pypa/installer or other
[2.226s]         standards-based tools.
[2.226s] 
[2.227s]         See https://blog.ganssle.io/articles/2021/10/setup-py-deprecated.html for details.
[2.227s]         ********************************************************************************
[2.227s] 
[2.227s] !!
[2.228s]   self.initialize_options()
[2.232s] running install_lib
[2.261s] copying /home/samet/hallo/build/camera_run/build/lib/camera_run/LaneDetection_realsense.py -> /home/samet/hallo/install/camera_run/lib/python3.10/site-packages/camera_run
[2.262s] byte-compiling /home/samet/hallo/install/camera_run/lib/python3.10/site-packages/camera_run/LaneDetection_realsense.py to LaneDetection_realsense.cpython-310.pyc
[2.269s] running install_data
[2.296s] copying resource/camera_run -> /home/samet/hallo/install/camera_run/share/ament_index/resource_index/packages
[2.296s] copying package.xml -> /home/samet/hallo/install/camera_run/share/camera_run
[2.297s] running install_egg_info
[2.317s] removing '/home/samet/hallo/install/camera_run/lib/python3.10/site-packages/camera_run-0.0.0-py3.10.egg-info' (and everything under it)
[2.317s] Copying ../../build/camera_run/camera_run.egg-info to /home/samet/hallo/install/camera_run/lib/python3.10/site-packages/camera_run-0.0.0-py3.10.egg-info
[2.318s] running install_scripts
[2.675s] Installing ackermann_to_vesc script to /home/samet/hallo/install/camera_run/lib/camera_run
[2.676s] Installing bot script to /home/samet/hallo/install/camera_run/lib/camera_run
[2.676s] Installing detection script to /home/samet/hallo/install/camera_run/lib/camera_run
[2.691s] Installing detection_node script to /home/samet/hallo/install/camera_run/lib/camera_run
[2.691s] Installing follower script to /home/samet/hallo/install/camera_run/lib/camera_run
[2.692s] Installing intel_lane script to /home/samet/hallo/install/camera_run/lib/camera_run
[2.692s] Installing intel_lane_sub script to /home/samet/hallo/install/camera_run/lib/camera_run
[2.692s] Installing intel_pub script to /home/samet/hallo/install/camera_run/lib/camera_run
[2.692s] Installing intel_sub script to /home/samet/hallo/install/camera_run/lib/camera_run
[2.693s] Installing slope_node script to /home/samet/hallo/install/camera_run/lib/camera_run
[2.698s] Installing slope_sub script to /home/samet/hallo/install/camera_run/lib/camera_run
[2.698s] Installing steering script to /home/samet/hallo/install/camera_run/lib/camera_run
[2.699s] writing list of installed files to '/home/samet/hallo/build/camera_run/install.log'
[2.736s] Invoked command in '/home/samet/hallo/src/camera_run' returned '0': PYTHONPATH=/home/samet/hallo/build/camera_run/prefix_override:/home/samet/hallo/install/camera_run/lib/python3.10/site-packages:${PYTHONPATH} /usr/bin/python3 setup.py egg_info --egg-base ../../build/camera_run build --build-base /home/samet/hallo/build/camera_run/build install --record /home/samet/hallo/build/camera_run/install.log --single-version-externally-managed
