[2.393s] Invoking command in '/home/samet/hallo/src/camera_run': PYTHONPATH=/home/samet/hallo/build/camera_run/prefix_override:/home/samet/hallo/install/camera_run/lib/python3.10/site-packages:${PYTHONPATH} /usr/bin/python3 setup.py egg_info --egg-base ../../build/camera_run build --build-base /home/samet/hallo/build/camera_run/build install --record /home/samet/hallo/build/camera_run/install.log --single-version-externally-managed
[2.959s] running egg_info
[2.998s] writing ../../build/camera_run/camera_run.egg-info/PKG-INFO
[3.001s] writing dependency_links to ../../build/camera_run/camera_run.egg-info/dependency_links.txt
[3.001s] writing entry points to ../../build/camera_run/camera_run.egg-info/entry_points.txt
[3.001s] writing requirements to ../../build/camera_run/camera_run.egg-info/requires.txt
[3.001s] writing top-level names to ../../build/camera_run/camera_run.egg-info/top_level.txt
[3.081s] reading manifest file '../../build/camera_run/camera_run.egg-info/SOURCES.txt'
[3.089s] writing manifest file '../../build/camera_run/camera_run.egg-info/SOURCES.txt'
[3.089s] running build
[3.089s] running build_py
[3.089s] copying camera_run/intel_lane.py -> /home/samet/hallo/build/camera_run/build/lib/camera_run
[3.089s] copying camera_run/intel_pub.py -> /home/samet/hallo/build/camera_run/build/lib/camera_run
[3.090s] copying camera_run/lane_recognition.py -> /home/samet/hallo/build/camera_run/build/lib/camera_run
[3.090s] copying camera_run/steering.py -> /home/samet/hallo/build/camera_run/build/lib/camera_run
[3.090s] copying camera_run/ackermann_to_vesc.py -> /home/samet/hallo/build/camera_run/build/lib/camera_run
[3.090s] copying camera_run/bot.py -> /home/samet/hallo/build/camera_run/build/lib/camera_run
[3.090s] copying camera_run/lane_follower.py -> /home/samet/hallo/build/camera_run/build/lib/camera_run
[3.090s] copying camera_run/LaneDetection_realsense.py -> /home/samet/hallo/build/camera_run/build/lib/camera_run
[3.090s] copying camera_run/slope_sub.py -> /home/samet/hallo/build/camera_run/build/lib/camera_run
[3.090s] copying camera_run/slope_node.py -> /home/samet/hallo/build/camera_run/build/lib/camera_run
[3.090s] copying camera_run/intel_lane_sub.py -> /home/samet/hallo/build/camera_run/build/lib/camera_run
[3.091s] copying camera_run/intel_sub.py -> /home/samet/hallo/build/camera_run/build/lib/camera_run
[3.091s] copying camera_run/LaneDetection.py -> /home/samet/hallo/build/camera_run/build/lib/camera_run
[3.091s] copying camera_run/__init__.py -> /home/samet/hallo/build/camera_run/build/lib/camera_run
[3.093s] running install
[3.095s] /home/samet/.local/lib/python3.10/site-packages/setuptools/_distutils/cmd.py:66: SetuptoolsDeprecationWarning: setup.py install is deprecated.
[3.095s] !!
[3.095s] 
[3.095s]         ********************************************************************************
[3.095s]         Please avoid running ``setup.py`` directly.
[3.095s]         Instead, use pypa/build, pypa/installer or other
[3.095s]         standards-based tools.
[3.095s] 
[3.096s]         See https://blog.ganssle.io/articles/2021/10/setup-py-deprecated.html for details.
[3.096s]         ********************************************************************************
[3.096s] 
[3.096s] !!
[3.096s]   self.initialize_options()
[3.107s] running install_lib
[3.142s] copying /home/samet/hallo/build/camera_run/build/lib/camera_run/LaneDetection_realsense.py -> /home/samet/hallo/install/camera_run/lib/python3.10/site-packages/camera_run
[3.143s] byte-compiling /home/samet/hallo/install/camera_run/lib/python3.10/site-packages/camera_run/LaneDetection_realsense.py to LaneDetection_realsense.cpython-310.pyc
[3.150s] running install_data
[3.188s] copying resource/camera_run -> /home/samet/hallo/install/camera_run/share/ament_index/resource_index/packages
[3.189s] copying package.xml -> /home/samet/hallo/install/camera_run/share/camera_run
[3.189s] running install_egg_info
[3.226s] removing '/home/samet/hallo/install/camera_run/lib/python3.10/site-packages/camera_run-0.0.0-py3.10.egg-info' (and everything under it)
[3.226s] Copying ../../build/camera_run/camera_run.egg-info to /home/samet/hallo/install/camera_run/lib/python3.10/site-packages/camera_run-0.0.0-py3.10.egg-info
[3.228s] running install_scripts
[3.511s] Installing ackermann_to_vesc script to /home/samet/hallo/install/camera_run/lib/camera_run
[3.511s] Installing bot script to /home/samet/hallo/install/camera_run/lib/camera_run
[3.512s] Installing detection script to /home/samet/hallo/install/camera_run/lib/camera_run
[3.512s] Installing detection_node script to /home/samet/hallo/install/camera_run/lib/camera_run
[3.512s] Installing follower script to /home/samet/hallo/install/camera_run/lib/camera_run
[3.513s] Installing intel_lane script to /home/samet/hallo/install/camera_run/lib/camera_run
[3.513s] Installing intel_lane_sub script to /home/samet/hallo/install/camera_run/lib/camera_run
[3.513s] Installing intel_pub script to /home/samet/hallo/install/camera_run/lib/camera_run
[3.513s] Installing intel_sub script to /home/samet/hallo/install/camera_run/lib/camera_run
[3.514s] Installing slope_node script to /home/samet/hallo/install/camera_run/lib/camera_run
[3.514s] Installing slope_sub script to /home/samet/hallo/install/camera_run/lib/camera_run
[3.514s] Installing steering script to /home/samet/hallo/install/camera_run/lib/camera_run
[3.515s] writing list of installed files to '/home/samet/hallo/build/camera_run/install.log'
[4.106s] Invoked command in '/home/samet/hallo/src/camera_run' returned '0': PYTHONPATH=/home/samet/hallo/build/camera_run/prefix_override:/home/samet/hallo/install/camera_run/lib/python3.10/site-packages:${PYTHONPATH} /usr/bin/python3 setup.py egg_info --egg-base ../../build/camera_run build --build-base /home/samet/hallo/build/camera_run/build install --record /home/samet/hallo/build/camera_run/install.log --single-version-externally-managed
