[2.163s] Invoking command in '/home/samet/hallo/src/camera_run': PYTHONPATH=/home/samet/hallo/build/camera_run/prefix_override:/home/samet/hallo/install/camera_run/lib/python3.10/site-packages:${PYTHONPATH} /usr/bin/python3 setup.py egg_info --egg-base ../../build/camera_run build --build-base /home/samet/hallo/build/camera_run/build install --record /home/samet/hallo/build/camera_run/install.log --single-version-externally-managed
[2.554s] running egg_info
[2.595s] writing ../../build/camera_run/camera_run.egg-info/PKG-INFO
[2.596s] writing dependency_links to ../../build/camera_run/camera_run.egg-info/dependency_links.txt
[2.597s] writing entry points to ../../build/camera_run/camera_run.egg-info/entry_points.txt
[2.597s] writing requirements to ../../build/camera_run/camera_run.egg-info/requires.txt
[2.597s] writing top-level names to ../../build/camera_run/camera_run.egg-info/top_level.txt
[2.679s] reading manifest file '../../build/camera_run/camera_run.egg-info/SOURCES.txt'
[2.682s] writing manifest file '../../build/camera_run/camera_run.egg-info/SOURCES.txt'
[2.682s] running build
[2.683s] running build_py
[2.683s] copying camera_run/intel_pub.py -> /home/samet/hallo/build/camera_run/build/lib/camera_run
[2.683s] copying camera_run/new_LaneDetection.py -> /home/samet/hallo/build/camera_run/build/lib/camera_run
[2.684s] copying camera_run/2_new_line.py -> /home/samet/hallo/build/camera_run/build/lib/camera_run
[2.684s] copying camera_run/steering.py -> /home/samet/hallo/build/camera_run/build/lib/camera_run
[2.684s] copying camera_run/test_new_lanedetection.py -> /home/samet/hallo/build/camera_run/build/lib/camera_run
[2.685s] copying camera_run/ackermann_to_vesc.py -> /home/samet/hallo/build/camera_run/build/lib/camera_run
[2.685s] copying camera_run/bot.py -> /home/samet/hallo/build/camera_run/build/lib/camera_run
[2.685s] copying camera_run/LaneDetection_realsense_2.py -> /home/samet/hallo/build/camera_run/build/lib/camera_run
[2.686s] copying camera_run/LaneDetection_realsense.py -> /home/samet/hallo/build/camera_run/build/lib/camera_run
[2.686s] copying camera_run/intel_sub.py -> /home/samet/hallo/build/camera_run/build/lib/camera_run
[2.686s] copying camera_run/__init__.py -> /home/samet/hallo/build/camera_run/build/lib/camera_run
[2.687s] copying camera_run/teleop.py -> /home/samet/hallo/build/camera_run/build/lib/camera_run
[2.688s] running install
[2.689s] /home/samet/.local/lib/python3.10/site-packages/setuptools/_distutils/cmd.py:66: SetuptoolsDeprecationWarning: setup.py install is deprecated.
[2.689s] !!
[2.689s] 
[2.690s]         ********************************************************************************
[2.690s]         Please avoid running ``setup.py`` directly.
[2.691s]         Instead, use pypa/build, pypa/installer or other
[2.691s]         standards-based tools.
[2.691s] 
[2.691s]         See https://blog.ganssle.io/articles/2021/10/setup-py-deprecated.html for details.
[2.691s]         ********************************************************************************
[2.691s] 
[2.691s] !!
[2.692s]   self.initialize_options()
[2.698s] running install_lib
[2.738s] copying /home/samet/hallo/build/camera_run/build/lib/camera_run/intel_pub.py -> /home/samet/hallo/install/camera_run/lib/python3.10/site-packages/camera_run
[2.740s] byte-compiling /home/samet/hallo/install/camera_run/lib/python3.10/site-packages/camera_run/intel_pub.py to intel_pub.cpython-310.pyc
[2.741s] running install_data
[2.780s] copying resource/camera_run -> /home/samet/hallo/install/camera_run/share/ament_index/resource_index/packages
[2.782s] copying package.xml -> /home/samet/hallo/install/camera_run/share/camera_run
[2.783s] running install_egg_info
[2.824s] removing '/home/samet/hallo/install/camera_run/lib/python3.10/site-packages/camera_run-0.0.0-py3.10.egg-info' (and everything under it)
[2.829s] Copying ../../build/camera_run/camera_run.egg-info to /home/samet/hallo/install/camera_run/lib/python3.10/site-packages/camera_run-0.0.0-py3.10.egg-info
[2.831s] running install_scripts
[3.306s] Installing ackermann_to_vesc script to /home/samet/hallo/install/camera_run/lib/camera_run
[3.306s] Installing bot script to /home/samet/hallo/install/camera_run/lib/camera_run
[3.308s] Installing detection script to /home/samet/hallo/install/camera_run/lib/camera_run
[3.309s] Installing detection_node script to /home/samet/hallo/install/camera_run/lib/camera_run
[3.309s] Installing follower script to /home/samet/hallo/install/camera_run/lib/camera_run
[3.310s] Installing intel_lane script to /home/samet/hallo/install/camera_run/lib/camera_run
[3.310s] Installing intel_lane_sub script to /home/samet/hallo/install/camera_run/lib/camera_run
[3.311s] Installing intel_pub script to /home/samet/hallo/install/camera_run/lib/camera_run
[3.311s] Installing intel_sub script to /home/samet/hallo/install/camera_run/lib/camera_run
[3.311s] Installing slope_node script to /home/samet/hallo/install/camera_run/lib/camera_run
[3.312s] Installing slope_sub script to /home/samet/hallo/install/camera_run/lib/camera_run
[3.312s] Installing steering script to /home/samet/hallo/install/camera_run/lib/camera_run
[3.312s] Installing tele script to /home/samet/hallo/install/camera_run/lib/camera_run
[3.312s] writing list of installed files to '/home/samet/hallo/build/camera_run/install.log'
[3.718s] Invoked command in '/home/samet/hallo/src/camera_run' returned '0': PYTHONPATH=/home/samet/hallo/build/camera_run/prefix_override:/home/samet/hallo/install/camera_run/lib/python3.10/site-packages:${PYTHONPATH} /usr/bin/python3 setup.py egg_info --egg-base ../../build/camera_run build --build-base /home/samet/hallo/build/camera_run/build install --record /home/samet/hallo/build/camera_run/install.log --single-version-externally-managed
