[0.341s] Invoking command in '/home/samet/hallo/build/vesc_msgs': CMAKE_PREFIX_PATH=${CMAKE_PREFIX_PATH}:/home/samet/hallo/install/camera_run:/opt/ros/humble /usr/bin/cmake --build /home/samet/hallo/build/vesc_msgs -- -j8 -l8
[0.817s] [  1%] Built target vesc_msgs__cpp
[0.818s] [ 12%] Built target vesc_msgs__rosidl_generator_c
[0.819s] [ 12%] Built target ament_cmake_python_copy_vesc_msgs
[0.820s] [ 23%] Built target vesc_msgs__rosidl_typesupport_cpp
[0.820s] [ 41%] Built target vesc_msgs__rosidl_typesupport_fastrtps_cpp
[0.820s] [ 56%] Built target vesc_msgs__rosidl_typesupport_introspection_cpp
[0.821s] [ 56%] Built target vesc_msgs__rosidl_typesupport_introspection_c
[0.822s] [ 67%] Built target vesc_msgs__rosidl_typesupport_fastrtps_c
[0.822s] [ 78%] Built target vesc_msgs__rosidl_typesupport_c
[0.822s] [ 78%] Built target vesc_msgs
[0.822s] [ 80%] Built target vesc_msgs__py
[0.823s] [ 89%] Built target vesc_msgs__rosidl_generator_py
[0.823s] [ 92%] Built target vesc_msgs__rosidl_typesupport_fastrtps_c__pyext
[0.823s] [ 96%] Built target vesc_msgs__rosidl_typesupport_introspection_c__pyext
[0.823s] [100%] Built target vesc_msgs__rosidl_typesupport_c__pyext
[0.823s] running egg_info
[0.841s] writing vesc_msgs.egg-info/PKG-INFO
[0.841s] writing dependency_links to vesc_msgs.egg-info/dependency_links.txt
[0.842s] writing top-level names to vesc_msgs.egg-info/top_level.txt
[0.957s] reading manifest file 'vesc_msgs.egg-info/SOURCES.txt'
[0.958s] writing manifest file 'vesc_msgs.egg-info/SOURCES.txt'
[1.022s] [100%] Built target ament_cmake_python_build_vesc_msgs_egg
[1.111s] Invoked command in '/home/samet/hallo/build/vesc_msgs' returned '0': CMAKE_PREFIX_PATH=${CMAKE_PREFIX_PATH}:/home/samet/hallo/install/camera_run:/opt/ros/humble /usr/bin/cmake --build /home/samet/hallo/build/vesc_msgs -- -j8 -l8
[1.553s] Invoking command in '/home/samet/hallo/build/vesc_msgs': CMAKE_PREFIX_PATH=${CMAKE_PREFIX_PATH}:/home/samet/hallo/install/camera_run:/opt/ros/humble /usr/bin/cmake --install /home/samet/hallo/build/vesc_msgs
[1.572s] -- Install configuration: ""
[1.572s] -- Up-to-date: /home/samet/hallo/install/vesc_msgs/share/ament_index/resource_index/rosidl_interfaces/vesc_msgs
[1.573s] -- Up-to-date: /home/samet/hallo/install/vesc_msgs/include/vesc_msgs/vesc_msgs
[1.573s] -- Up-to-date: /home/samet/hallo/install/vesc_msgs/include/vesc_msgs/vesc_msgs/msg
[1.573s] -- Up-to-date: /home/samet/hallo/install/vesc_msgs/include/vesc_msgs/vesc_msgs/msg/vesc_state_stamped.h
[1.573s] -- Up-to-date: /home/samet/hallo/install/vesc_msgs/include/vesc_msgs/vesc_msgs/msg/vesc_imu_stamped.h
[1.573s] -- Up-to-date: /home/samet/hallo/install/vesc_msgs/include/vesc_msgs/vesc_msgs/msg/vesc_state.h
[1.573s] -- Up-to-date: /home/samet/hallo/install/vesc_msgs/include/vesc_msgs/vesc_msgs/msg/rosidl_generator_c__visibility_control.h
[1.574s] -- Up-to-date: /home/samet/hallo/install/vesc_msgs/include/vesc_msgs/vesc_msgs/msg/vesc_imu.h
[1.574s] -- Up-to-date: /home/samet/hallo/install/vesc_msgs/include/vesc_msgs/vesc_msgs/msg/detail
[1.574s] -- Up-to-date: /home/samet/hallo/install/vesc_msgs/include/vesc_msgs/vesc_msgs/msg/detail/vesc_imu__functions.c
[1.574s] -- Up-to-date: /home/samet/hallo/install/vesc_msgs/include/vesc_msgs/vesc_msgs/msg/detail/vesc_imu__functions.h
[1.574s] -- Up-to-date: /home/samet/hallo/install/vesc_msgs/include/vesc_msgs/vesc_msgs/msg/detail/vesc_state__struct.h
[1.574s] -- Up-to-date: /home/samet/hallo/install/vesc_msgs/include/vesc_msgs/vesc_msgs/msg/detail/vesc_state__functions.c
[1.575s] -- Up-to-date: /home/samet/hallo/install/vesc_msgs/include/vesc_msgs/vesc_msgs/msg/detail/vesc_imu__type_support.h
[1.575s] -- Up-to-date: /home/samet/hallo/install/vesc_msgs/include/vesc_msgs/vesc_msgs/msg/detail/vesc_state__functions.h
[1.575s] -- Up-to-date: /home/samet/hallo/install/vesc_msgs/include/vesc_msgs/vesc_msgs/msg/detail/vesc_state__type_support.h
[1.575s] -- Up-to-date: /home/samet/hallo/install/vesc_msgs/include/vesc_msgs/vesc_msgs/msg/detail/vesc_imu_stamped__struct.h
[1.575s] -- Up-to-date: /home/samet/hallo/install/vesc_msgs/include/vesc_msgs/vesc_msgs/msg/detail/vesc_state_stamped__type_support.h
[1.575s] -- Up-to-date: /home/samet/hallo/install/vesc_msgs/include/vesc_msgs/vesc_msgs/msg/detail/vesc_state_stamped__functions.c
[1.576s] -- Up-to-date: /home/samet/hallo/install/vesc_msgs/include/vesc_msgs/vesc_msgs/msg/detail/vesc_imu_stamped__functions.c
[1.576s] -- Up-to-date: /home/samet/hallo/install/vesc_msgs/include/vesc_msgs/vesc_msgs/msg/detail/vesc_imu__struct.h
[1.576s] -- Up-to-date: /home/samet/hallo/install/vesc_msgs/include/vesc_msgs/vesc_msgs/msg/detail/vesc_imu_stamped__type_support.h
[1.576s] -- Up-to-date: /home/samet/hallo/install/vesc_msgs/include/vesc_msgs/vesc_msgs/msg/detail/vesc_imu_stamped__functions.h
[1.576s] -- Up-to-date: /home/samet/hallo/install/vesc_msgs/include/vesc_msgs/vesc_msgs/msg/detail/vesc_state_stamped__functions.h
[1.576s] -- Up-to-date: /home/samet/hallo/install/vesc_msgs/include/vesc_msgs/vesc_msgs/msg/detail/vesc_state_stamped__struct.h
[1.576s] -- Up-to-date: /home/samet/hallo/install/vesc_msgs/share/vesc_msgs/environment/library_path.sh
[1.577s] -- Up-to-date: /home/samet/hallo/install/vesc_msgs/share/vesc_msgs/environment/library_path.dsv
[1.577s] -- Up-to-date: /home/samet/hallo/install/vesc_msgs/lib/libvesc_msgs__rosidl_generator_c.so
[1.577s] -- Up-to-date: /home/samet/hallo/install/vesc_msgs/include/vesc_msgs/vesc_msgs
[1.577s] -- Up-to-date: /home/samet/hallo/install/vesc_msgs/include/vesc_msgs/vesc_msgs/msg
[1.578s] -- Up-to-date: /home/samet/hallo/install/vesc_msgs/include/vesc_msgs/vesc_msgs/msg/rosidl_typesupport_fastrtps_c__visibility_control.h
[1.578s] -- Up-to-date: /home/samet/hallo/install/vesc_msgs/include/vesc_msgs/vesc_msgs/msg/detail
[1.578s] -- Up-to-date: /home/samet/hallo/install/vesc_msgs/include/vesc_msgs/vesc_msgs/msg/detail/vesc_state__rosidl_typesupport_fastrtps_c.h
[1.579s] -- Up-to-date: /home/samet/hallo/install/vesc_msgs/include/vesc_msgs/vesc_msgs/msg/detail/vesc_state_stamped__rosidl_typesupport_fastrtps_c.h
[1.579s] -- Up-to-date: /home/samet/hallo/install/vesc_msgs/include/vesc_msgs/vesc_msgs/msg/detail/vesc_imu_stamped__rosidl_typesupport_fastrtps_c.h
[1.579s] -- Up-to-date: /home/samet/hallo/install/vesc_msgs/include/vesc_msgs/vesc_msgs/msg/detail/vesc_imu__rosidl_typesupport_fastrtps_c.h
[1.580s] -- Up-to-date: /home/samet/hallo/install/vesc_msgs/lib/libvesc_msgs__rosidl_typesupport_fastrtps_c.so
[1.581s] -- Up-to-date: /home/samet/hallo/install/vesc_msgs/include/vesc_msgs/vesc_msgs
[1.581s] -- Up-to-date: /home/samet/hallo/install/vesc_msgs/include/vesc_msgs/vesc_msgs/msg
[1.582s] -- Up-to-date: /home/samet/hallo/install/vesc_msgs/include/vesc_msgs/vesc_msgs/msg/rosidl_typesupport_introspection_c__visibility_control.h
[1.582s] -- Up-to-date: /home/samet/hallo/install/vesc_msgs/include/vesc_msgs/vesc_msgs/msg/detail
[1.582s] -- Up-to-date: /home/samet/hallo/install/vesc_msgs/include/vesc_msgs/vesc_msgs/msg/detail/vesc_imu__type_support.c
[1.583s] -- Up-to-date: /home/samet/hallo/install/vesc_msgs/include/vesc_msgs/vesc_msgs/msg/detail/vesc_imu__rosidl_typesupport_introspection_c.h
[1.583s] -- Up-to-date: /home/samet/hallo/install/vesc_msgs/include/vesc_msgs/vesc_msgs/msg/detail/vesc_state__rosidl_typesupport_introspection_c.h
[1.583s] -- Up-to-date: /home/samet/hallo/install/vesc_msgs/include/vesc_msgs/vesc_msgs/msg/detail/vesc_state_stamped__type_support.c
[1.584s] -- Up-to-date: /home/samet/hallo/install/vesc_msgs/include/vesc_msgs/vesc_msgs/msg/detail/vesc_imu_stamped__rosidl_typesupport_introspection_c.h
[1.584s] -- Up-to-date: /home/samet/hallo/install/vesc_msgs/include/vesc_msgs/vesc_msgs/msg/detail/vesc_imu_stamped__type_support.c
[1.584s] -- Up-to-date: /home/samet/hallo/install/vesc_msgs/include/vesc_msgs/vesc_msgs/msg/detail/vesc_state__type_support.c
[1.584s] -- Up-to-date: /home/samet/hallo/install/vesc_msgs/include/vesc_msgs/vesc_msgs/msg/detail/vesc_state_stamped__rosidl_typesupport_introspection_c.h
[1.584s] -- Up-to-date: /home/samet/hallo/install/vesc_msgs/lib/libvesc_msgs__rosidl_typesupport_introspection_c.so
[1.585s] -- Up-to-date: /home/samet/hallo/install/vesc_msgs/lib/libvesc_msgs__rosidl_typesupport_c.so
[1.585s] -- Up-to-date: /home/samet/hallo/install/vesc_msgs/include/vesc_msgs/vesc_msgs
[1.586s] -- Up-to-date: /home/samet/hallo/install/vesc_msgs/include/vesc_msgs/vesc_msgs/msg
[1.586s] -- Up-to-date: /home/samet/hallo/install/vesc_msgs/include/vesc_msgs/vesc_msgs/msg/vesc_imu_stamped.hpp
[1.587s] -- Up-to-date: /home/samet/hallo/install/vesc_msgs/include/vesc_msgs/vesc_msgs/msg/vesc_state_stamped.hpp
[1.587s] -- Up-to-date: /home/samet/hallo/install/vesc_msgs/include/vesc_msgs/vesc_msgs/msg/detail
[1.587s] -- Up-to-date: /home/samet/hallo/install/vesc_msgs/include/vesc_msgs/vesc_msgs/msg/detail/vesc_state_stamped__struct.hpp
[1.588s] -- Up-to-date: /home/samet/hallo/install/vesc_msgs/include/vesc_msgs/vesc_msgs/msg/detail/vesc_state__traits.hpp
[1.588s] -- Up-to-date: /home/samet/hallo/install/vesc_msgs/include/vesc_msgs/vesc_msgs/msg/detail/vesc_state_stamped__traits.hpp
[1.588s] -- Up-to-date: /home/samet/hallo/install/vesc_msgs/include/vesc_msgs/vesc_msgs/msg/detail/vesc_imu_stamped__builder.hpp
[1.588s] -- Up-to-date: /home/samet/hallo/install/vesc_msgs/include/vesc_msgs/vesc_msgs/msg/detail/vesc_state__struct.hpp
[1.589s] -- Up-to-date: /home/samet/hallo/install/vesc_msgs/include/vesc_msgs/vesc_msgs/msg/detail/vesc_imu__struct.hpp
[1.589s] -- Up-to-date: /home/samet/hallo/install/vesc_msgs/include/vesc_msgs/vesc_msgs/msg/detail/vesc_state_stamped__builder.hpp
[1.589s] -- Up-to-date: /home/samet/hallo/install/vesc_msgs/include/vesc_msgs/vesc_msgs/msg/detail/vesc_imu_stamped__traits.hpp
[1.589s] -- Up-to-date: /home/samet/hallo/install/vesc_msgs/include/vesc_msgs/vesc_msgs/msg/detail/vesc_state__builder.hpp
[1.590s] -- Up-to-date: /home/samet/hallo/install/vesc_msgs/include/vesc_msgs/vesc_msgs/msg/detail/vesc_imu_stamped__struct.hpp
[1.590s] -- Up-to-date: /home/samet/hallo/install/vesc_msgs/include/vesc_msgs/vesc_msgs/msg/detail/vesc_imu__traits.hpp
[1.590s] -- Up-to-date: /home/samet/hallo/install/vesc_msgs/include/vesc_msgs/vesc_msgs/msg/detail/vesc_imu__builder.hpp
[1.590s] -- Up-to-date: /home/samet/hallo/install/vesc_msgs/include/vesc_msgs/vesc_msgs/msg/vesc_state.hpp
[1.592s] -- Up-to-date: /home/samet/hallo/install/vesc_msgs/include/vesc_msgs/vesc_msgs/msg/vesc_imu.hpp
[1.592s] -- Up-to-date: /home/samet/hallo/install/vesc_msgs/include/vesc_msgs/vesc_msgs
[1.592s] -- Up-to-date: /home/samet/hallo/install/vesc_msgs/include/vesc_msgs/vesc_msgs/msg
[1.592s] -- Up-to-date: /home/samet/hallo/install/vesc_msgs/include/vesc_msgs/vesc_msgs/msg/detail
[1.592s] -- Up-to-date: /home/samet/hallo/install/vesc_msgs/include/vesc_msgs/vesc_msgs/msg/detail/vesc_state__rosidl_typesupport_fastrtps_cpp.hpp
[1.593s] -- Up-to-date: /home/samet/hallo/install/vesc_msgs/include/vesc_msgs/vesc_msgs/msg/detail/vesc_imu__rosidl_typesupport_fastrtps_cpp.hpp
[1.593s] -- Up-to-date: /home/samet/hallo/install/vesc_msgs/include/vesc_msgs/vesc_msgs/msg/detail/vesc_state_stamped__rosidl_typesupport_fastrtps_cpp.hpp
[1.593s] -- Up-to-date: /home/samet/hallo/install/vesc_msgs/include/vesc_msgs/vesc_msgs/msg/detail/vesc_imu_stamped__rosidl_typesupport_fastrtps_cpp.hpp
[1.593s] -- Up-to-date: /home/samet/hallo/install/vesc_msgs/include/vesc_msgs/vesc_msgs/msg/detail/dds_fastrtps
[1.593s] -- Up-to-date: /home/samet/hallo/install/vesc_msgs/include/vesc_msgs/vesc_msgs/msg/rosidl_typesupport_fastrtps_cpp__visibility_control.h
[1.594s] -- Up-to-date: /home/samet/hallo/install/vesc_msgs/lib/libvesc_msgs__rosidl_typesupport_fastrtps_cpp.so
[1.594s] -- Up-to-date: /home/samet/hallo/install/vesc_msgs/include/vesc_msgs/vesc_msgs
[1.594s] -- Up-to-date: /home/samet/hallo/install/vesc_msgs/include/vesc_msgs/vesc_msgs/msg
[1.594s] -- Up-to-date: /home/samet/hallo/install/vesc_msgs/include/vesc_msgs/vesc_msgs/msg/detail
[1.594s] -- Up-to-date: /home/samet/hallo/install/vesc_msgs/include/vesc_msgs/vesc_msgs/msg/detail/vesc_imu_stamped__type_support.cpp
[1.595s] -- Up-to-date: /home/samet/hallo/install/vesc_msgs/include/vesc_msgs/vesc_msgs/msg/detail/vesc_imu__rosidl_typesupport_introspection_cpp.hpp
[1.595s] -- Up-to-date: /home/samet/hallo/install/vesc_msgs/include/vesc_msgs/vesc_msgs/msg/detail/vesc_imu__type_support.cpp
[1.595s] -- Up-to-date: /home/samet/hallo/install/vesc_msgs/include/vesc_msgs/vesc_msgs/msg/detail/vesc_imu_stamped__rosidl_typesupport_introspection_cpp.hpp
[1.595s] -- Up-to-date: /home/samet/hallo/install/vesc_msgs/include/vesc_msgs/vesc_msgs/msg/detail/vesc_state__type_support.cpp
[1.595s] -- Up-to-date: /home/samet/hallo/install/vesc_msgs/include/vesc_msgs/vesc_msgs/msg/detail/vesc_state__rosidl_typesupport_introspection_cpp.hpp
[1.596s] -- Up-to-date: /home/samet/hallo/install/vesc_msgs/include/vesc_msgs/vesc_msgs/msg/detail/vesc_state_stamped__type_support.cpp
[1.596s] -- Up-to-date: /home/samet/hallo/install/vesc_msgs/include/vesc_msgs/vesc_msgs/msg/detail/vesc_state_stamped__rosidl_typesupport_introspection_cpp.hpp
[1.596s] -- Up-to-date: /home/samet/hallo/install/vesc_msgs/lib/libvesc_msgs__rosidl_typesupport_introspection_cpp.so
[1.596s] -- Up-to-date: /home/samet/hallo/install/vesc_msgs/lib/libvesc_msgs__rosidl_typesupport_cpp.so
[1.596s] -- Up-to-date: /home/samet/hallo/install/vesc_msgs/share/vesc_msgs/environment/pythonpath.sh
[1.596s] -- Up-to-date: /home/samet/hallo/install/vesc_msgs/share/vesc_msgs/environment/pythonpath.dsv
[1.597s] -- Up-to-date: /home/samet/hallo/install/vesc_msgs/local/lib/python3.10/dist-packages/vesc_msgs-1.1.0-py3.10.egg-info
[1.597s] -- Installing: /home/samet/hallo/install/vesc_msgs/local/lib/python3.10/dist-packages/vesc_msgs-1.1.0-py3.10.egg-info/PKG-INFO
[1.597s] -- Installing: /home/samet/hallo/install/vesc_msgs/local/lib/python3.10/dist-packages/vesc_msgs-1.1.0-py3.10.egg-info/top_level.txt
[1.597s] -- Installing: /home/samet/hallo/install/vesc_msgs/local/lib/python3.10/dist-packages/vesc_msgs-1.1.0-py3.10.egg-info/dependency_links.txt
[1.597s] -- Installing: /home/samet/hallo/install/vesc_msgs/local/lib/python3.10/dist-packages/vesc_msgs-1.1.0-py3.10.egg-info/SOURCES.txt
[1.597s] -- Up-to-date: /home/samet/hallo/install/vesc_msgs/local/lib/python3.10/dist-packages/vesc_msgs
[1.598s] -- Up-to-date: /home/samet/hallo/install/vesc_msgs/local/lib/python3.10/dist-packages/vesc_msgs/vesc_msgs_s__rosidl_typesupport_fastrtps_c.cpython-310-x86_64-linux-gnu.so
[1.598s] -- Up-to-date: /home/samet/hallo/install/vesc_msgs/local/lib/python3.10/dist-packages/vesc_msgs/_vesc_msgs_s.ep.rosidl_typesupport_introspection_c.c
[1.598s] -- Up-to-date: /home/samet/hallo/install/vesc_msgs/local/lib/python3.10/dist-packages/vesc_msgs/vesc_msgs_s__rosidl_typesupport_c.cpython-310-x86_64-linux-gnu.so
[1.598s] -- Up-to-date: /home/samet/hallo/install/vesc_msgs/local/lib/python3.10/dist-packages/vesc_msgs/vesc_msgs_s__rosidl_typesupport_introspection_c.cpython-310-x86_64-linux-gnu.so
[1.598s] -- Up-to-date: /home/samet/hallo/install/vesc_msgs/local/lib/python3.10/dist-packages/vesc_msgs/msg
[1.598s] -- Up-to-date: /home/samet/hallo/install/vesc_msgs/local/lib/python3.10/dist-packages/vesc_msgs/msg/_vesc_state_stamped.py
[1.599s] -- Up-to-date: /home/samet/hallo/install/vesc_msgs/local/lib/python3.10/dist-packages/vesc_msgs/msg/_vesc_imu_stamped_s.c
[1.599s] -- Up-to-date: /home/samet/hallo/install/vesc_msgs/local/lib/python3.10/dist-packages/vesc_msgs/msg/_vesc_state.py
[1.599s] -- Up-to-date: /home/samet/hallo/install/vesc_msgs/local/lib/python3.10/dist-packages/vesc_msgs/msg/_vesc_state_s.c
[1.599s] -- Up-to-date: /home/samet/hallo/install/vesc_msgs/local/lib/python3.10/dist-packages/vesc_msgs/msg/_vesc_state_stamped_s.c
[1.599s] -- Up-to-date: /home/samet/hallo/install/vesc_msgs/local/lib/python3.10/dist-packages/vesc_msgs/msg/_vesc_imu_s.c
[1.599s] -- Up-to-date: /home/samet/hallo/install/vesc_msgs/local/lib/python3.10/dist-packages/vesc_msgs/msg/_vesc_imu.py
[1.599s] -- Up-to-date: /home/samet/hallo/install/vesc_msgs/local/lib/python3.10/dist-packages/vesc_msgs/msg/__init__.py
[1.600s] -- Up-to-date: /home/samet/hallo/install/vesc_msgs/local/lib/python3.10/dist-packages/vesc_msgs/msg/_vesc_imu_stamped.py
[1.600s] -- Up-to-date: /home/samet/hallo/install/vesc_msgs/local/lib/python3.10/dist-packages/vesc_msgs/_vesc_msgs_s.ep.rosidl_typesupport_fastrtps_c.c
[1.600s] -- Up-to-date: /home/samet/hallo/install/vesc_msgs/local/lib/python3.10/dist-packages/vesc_msgs/__init__.py
[1.600s] -- Up-to-date: /home/samet/hallo/install/vesc_msgs/local/lib/python3.10/dist-packages/vesc_msgs/_vesc_msgs_s.ep.rosidl_typesupport_c.c
[1.600s] -- Up-to-date: /home/samet/hallo/install/vesc_msgs/local/lib/python3.10/dist-packages/vesc_msgs/libvesc_msgs__rosidl_generator_py.so
[1.659s] Listing '/home/samet/hallo/install/vesc_msgs/local/lib/python3.10/dist-packages/vesc_msgs'...
[1.659s] Listing '/home/samet/hallo/install/vesc_msgs/local/lib/python3.10/dist-packages/vesc_msgs/msg'...
[1.671s] -- Up-to-date: /home/samet/hallo/install/vesc_msgs/local/lib/python3.10/dist-packages/vesc_msgs/vesc_msgs_s__rosidl_typesupport_fastrtps_c.cpython-310-x86_64-linux-gnu.so
[1.672s] -- Up-to-date: /home/samet/hallo/install/vesc_msgs/local/lib/python3.10/dist-packages/vesc_msgs/vesc_msgs_s__rosidl_typesupport_introspection_c.cpython-310-x86_64-linux-gnu.so
[1.672s] -- Up-to-date: /home/samet/hallo/install/vesc_msgs/local/lib/python3.10/dist-packages/vesc_msgs/vesc_msgs_s__rosidl_typesupport_c.cpython-310-x86_64-linux-gnu.so
[1.673s] -- Up-to-date: /home/samet/hallo/install/vesc_msgs/lib/libvesc_msgs__rosidl_generator_py.so
[1.673s] -- Up-to-date: /home/samet/hallo/install/vesc_msgs/share/vesc_msgs/msg/VescState.idl
[1.674s] -- Up-to-date: /home/samet/hallo/install/vesc_msgs/share/vesc_msgs/msg/VescStateStamped.idl
[1.674s] -- Up-to-date: /home/samet/hallo/install/vesc_msgs/share/vesc_msgs/msg/VescImu.idl
[1.674s] -- Up-to-date: /home/samet/hallo/install/vesc_msgs/share/vesc_msgs/msg/VescImuStamped.idl
[1.675s] -- Up-to-date: /home/samet/hallo/install/vesc_msgs/share/vesc_msgs/msg/VescState.msg
[1.675s] -- Up-to-date: /home/samet/hallo/install/vesc_msgs/share/vesc_msgs/msg/VescStateStamped.msg
[1.675s] -- Up-to-date: /home/samet/hallo/install/vesc_msgs/share/vesc_msgs/msg/VescImu.msg
[1.675s] -- Up-to-date: /home/samet/hallo/install/vesc_msgs/share/vesc_msgs/msg/VescImuStamped.msg
[1.675s] -- Up-to-date: /home/samet/hallo/install/vesc_msgs/share/ament_index/resource_index/package_run_dependencies/vesc_msgs
[1.676s] -- Up-to-date: /home/samet/hallo/install/vesc_msgs/share/ament_index/resource_index/parent_prefix_path/vesc_msgs
[1.676s] -- Up-to-date: /home/samet/hallo/install/vesc_msgs/share/vesc_msgs/environment/ament_prefix_path.sh
[1.676s] -- Up-to-date: /home/samet/hallo/install/vesc_msgs/share/vesc_msgs/environment/ament_prefix_path.dsv
[1.676s] -- Up-to-date: /home/samet/hallo/install/vesc_msgs/share/vesc_msgs/environment/path.sh
[1.676s] -- Up-to-date: /home/samet/hallo/install/vesc_msgs/share/vesc_msgs/environment/path.dsv
[1.677s] -- Up-to-date: /home/samet/hallo/install/vesc_msgs/share/vesc_msgs/local_setup.bash
[1.677s] -- Up-to-date: /home/samet/hallo/install/vesc_msgs/share/vesc_msgs/local_setup.sh
[1.677s] -- Up-to-date: /home/samet/hallo/install/vesc_msgs/share/vesc_msgs/local_setup.zsh
[1.677s] -- Up-to-date: /home/samet/hallo/install/vesc_msgs/share/vesc_msgs/local_setup.dsv
[1.677s] -- Installing: /home/samet/hallo/install/vesc_msgs/share/vesc_msgs/package.dsv
[1.678s] -- Up-to-date: /home/samet/hallo/install/vesc_msgs/share/ament_index/resource_index/packages/vesc_msgs
[1.678s] -- Up-to-date: /home/samet/hallo/install/vesc_msgs/share/vesc_msgs/cmake/export_vesc_msgs__rosidl_generator_cExport.cmake
[1.678s] -- Up-to-date: /home/samet/hallo/install/vesc_msgs/share/vesc_msgs/cmake/export_vesc_msgs__rosidl_generator_cExport-noconfig.cmake
[1.678s] -- Up-to-date: /home/samet/hallo/install/vesc_msgs/share/vesc_msgs/cmake/export_vesc_msgs__rosidl_typesupport_fastrtps_cExport.cmake
[1.679s] -- Up-to-date: /home/samet/hallo/install/vesc_msgs/share/vesc_msgs/cmake/export_vesc_msgs__rosidl_typesupport_fastrtps_cExport-noconfig.cmake
[1.679s] -- Up-to-date: /home/samet/hallo/install/vesc_msgs/share/vesc_msgs/cmake/vesc_msgs__rosidl_typesupport_introspection_cExport.cmake
[1.679s] -- Up-to-date: /home/samet/hallo/install/vesc_msgs/share/vesc_msgs/cmake/vesc_msgs__rosidl_typesupport_introspection_cExport-noconfig.cmake
[1.679s] -- Up-to-date: /home/samet/hallo/install/vesc_msgs/share/vesc_msgs/cmake/vesc_msgs__rosidl_typesupport_cExport.cmake
[1.679s] -- Up-to-date: /home/samet/hallo/install/vesc_msgs/share/vesc_msgs/cmake/vesc_msgs__rosidl_typesupport_cExport-noconfig.cmake
[1.680s] -- Up-to-date: /home/samet/hallo/install/vesc_msgs/share/vesc_msgs/cmake/export_vesc_msgs__rosidl_generator_cppExport.cmake
[1.680s] -- Up-to-date: /home/samet/hallo/install/vesc_msgs/share/vesc_msgs/cmake/export_vesc_msgs__rosidl_typesupport_fastrtps_cppExport.cmake
[1.680s] -- Up-to-date: /home/samet/hallo/install/vesc_msgs/share/vesc_msgs/cmake/export_vesc_msgs__rosidl_typesupport_fastrtps_cppExport-noconfig.cmake
[1.680s] -- Up-to-date: /home/samet/hallo/install/vesc_msgs/share/vesc_msgs/cmake/vesc_msgs__rosidl_typesupport_introspection_cppExport.cmake
[1.680s] -- Up-to-date: /home/samet/hallo/install/vesc_msgs/share/vesc_msgs/cmake/vesc_msgs__rosidl_typesupport_introspection_cppExport-noconfig.cmake
[1.681s] -- Up-to-date: /home/samet/hallo/install/vesc_msgs/share/vesc_msgs/cmake/vesc_msgs__rosidl_typesupport_cppExport.cmake
[1.681s] -- Up-to-date: /home/samet/hallo/install/vesc_msgs/share/vesc_msgs/cmake/vesc_msgs__rosidl_typesupport_cppExport-noconfig.cmake
[1.681s] -- Up-to-date: /home/samet/hallo/install/vesc_msgs/share/vesc_msgs/cmake/export_vesc_msgs__rosidl_generator_pyExport.cmake
[1.681s] -- Up-to-date: /home/samet/hallo/install/vesc_msgs/share/vesc_msgs/cmake/export_vesc_msgs__rosidl_generator_pyExport-noconfig.cmake
[1.681s] -- Up-to-date: /home/samet/hallo/install/vesc_msgs/share/vesc_msgs/cmake/rosidl_cmake-extras.cmake
[1.681s] -- Up-to-date: /home/samet/hallo/install/vesc_msgs/share/vesc_msgs/cmake/ament_cmake_export_dependencies-extras.cmake
[1.681s] -- Up-to-date: /home/samet/hallo/install/vesc_msgs/share/vesc_msgs/cmake/ament_cmake_export_include_directories-extras.cmake
[1.682s] -- Up-to-date: /home/samet/hallo/install/vesc_msgs/share/vesc_msgs/cmake/ament_cmake_export_libraries-extras.cmake
[1.682s] -- Up-to-date: /home/samet/hallo/install/vesc_msgs/share/vesc_msgs/cmake/ament_cmake_export_targets-extras.cmake
[1.682s] -- Up-to-date: /home/samet/hallo/install/vesc_msgs/share/vesc_msgs/cmake/rosidl_cmake_export_typesupport_targets-extras.cmake
[1.683s] -- Up-to-date: /home/samet/hallo/install/vesc_msgs/share/vesc_msgs/cmake/rosidl_cmake_export_typesupport_libraries-extras.cmake
[1.683s] -- Up-to-date: /home/samet/hallo/install/vesc_msgs/share/vesc_msgs/cmake/vesc_msgsConfig.cmake
[1.683s] -- Up-to-date: /home/samet/hallo/install/vesc_msgs/share/vesc_msgs/cmake/vesc_msgsConfig-version.cmake
[1.684s] -- Up-to-date: /home/samet/hallo/install/vesc_msgs/share/vesc_msgs/package.xml
[1.694s] Invoked command in '/home/samet/hallo/build/vesc_msgs' returned '0': CMAKE_PREFIX_PATH=${CMAKE_PREFIX_PATH}:/home/samet/hallo/install/camera_run:/opt/ros/humble /usr/bin/cmake --install /home/samet/hallo/build/vesc_msgs
