[0.700s] Invoking command in '/home/samet/hallo/build/vesc_driver': CMAKE_PREFIX_PATH=/home/samet/hallo/install/serial_driver:/home/samet/hallo/install/io_context:/home/samet/hallo/install/vesc_msgs:/home/samet/hallo/install/vesc:/home/samet/hallo/install/vesc_driver:/home/samet/hallo/install/vesc_ackermann:/home/samet/hallo/install/udp_driver:/home/samet/hallo/install/team_interfaces:/home/samet/hallo/install/asio_cmake_module:/home/samet/hallo/install/camera_run:/opt/ros/humble LD_LIBRARY_PATH=/home/samet/hallo/install/serial_driver/lib:/home/samet/hallo/install/io_context/lib:/home/samet/hallo/install/vesc_msgs/lib:/home/samet/hallo/install/vesc_driver/lib:/home/samet/hallo/install/vesc_ackermann/lib:/home/samet/hallo/install/udp_driver/lib:/home/samet/hallo/install/team_interfaces/lib:/usr/lib/x86_64-linux-gnu/gazebo-11/plugins:/opt/ros/humble/opt/rviz_ogre_vendor/lib:/opt/ros/humble/lib/x86_64-linux-gnu:/opt/ros/humble/lib /usr/bin/cmake --build /home/samet/hallo/build/vesc_driver -- -j8 -l8
[0.994s] [ 20%] Built target vesc_driver_node
[0.994s] [ 70%] Built target vesc_driver
[0.994s] [100%] Built target vesc_device_namer
[0.999s] Invoked command in '/home/samet/hallo/build/vesc_driver' returned '0': CMAKE_PREFIX_PATH=/home/samet/hallo/install/serial_driver:/home/samet/hallo/install/io_context:/home/samet/hallo/install/vesc_msgs:/home/samet/hallo/install/vesc:/home/samet/hallo/install/vesc_driver:/home/samet/hallo/install/vesc_ackermann:/home/samet/hallo/install/udp_driver:/home/samet/hallo/install/team_interfaces:/home/samet/hallo/install/asio_cmake_module:/home/samet/hallo/install/camera_run:/opt/ros/humble LD_LIBRARY_PATH=/home/samet/hallo/install/serial_driver/lib:/home/samet/hallo/install/io_context/lib:/home/samet/hallo/install/vesc_msgs/lib:/home/samet/hallo/install/vesc_driver/lib:/home/samet/hallo/install/vesc_ackermann/lib:/home/samet/hallo/install/udp_driver/lib:/home/samet/hallo/install/team_interfaces/lib:/usr/lib/x86_64-linux-gnu/gazebo-11/plugins:/opt/ros/humble/opt/rviz_ogre_vendor/lib:/opt/ros/humble/lib/x86_64-linux-gnu:/opt/ros/humble/lib /usr/bin/cmake --build /home/samet/hallo/build/vesc_driver -- -j8 -l8
[1.092s] Invoking command in '/home/samet/hallo/build/vesc_driver': CMAKE_PREFIX_PATH=/home/samet/hallo/install/serial_driver:/home/samet/hallo/install/io_context:/home/samet/hallo/install/vesc_msgs:/home/samet/hallo/install/vesc:/home/samet/hallo/install/vesc_driver:/home/samet/hallo/install/vesc_ackermann:/home/samet/hallo/install/udp_driver:/home/samet/hallo/install/team_interfaces:/home/samet/hallo/install/asio_cmake_module:/home/samet/hallo/install/camera_run:/opt/ros/humble LD_LIBRARY_PATH=/home/samet/hallo/install/serial_driver/lib:/home/samet/hallo/install/io_context/lib:/home/samet/hallo/install/vesc_msgs/lib:/home/samet/hallo/install/vesc_driver/lib:/home/samet/hallo/install/vesc_ackermann/lib:/home/samet/hallo/install/udp_driver/lib:/home/samet/hallo/install/team_interfaces/lib:/usr/lib/x86_64-linux-gnu/gazebo-11/plugins:/opt/ros/humble/opt/rviz_ogre_vendor/lib:/opt/ros/humble/lib/x86_64-linux-gnu:/opt/ros/humble/lib /usr/bin/cmake --install /home/samet/hallo/build/vesc_driver
[1.107s] -- Install configuration: ""
[1.107s] -- Up-to-date: /home/samet/hallo/install/vesc_driver/lib/vesc_driver/vesc_driver_node
[1.108s] -- Up-to-date: /home/samet/hallo/install/vesc_driver/include
[1.108s] -- Up-to-date: /home/samet/hallo/install/vesc_driver/include/vesc_driver
[1.108s] -- Up-to-date: /home/samet/hallo/install/vesc_driver/include/vesc_driver/vesc_device_uuid_lookup.hpp
[1.108s] -- Up-to-date: /home/samet/hallo/install/vesc_driver/include/vesc_driver/vesc_driver.hpp
[1.109s] -- Up-to-date: /home/samet/hallo/install/vesc_driver/include/vesc_driver/vesc_packet_factory.hpp
[1.109s] -- Up-to-date: /home/samet/hallo/install/vesc_driver/include/vesc_driver/vesc_packet.hpp
[1.109s] -- Up-to-date: /home/samet/hallo/install/vesc_driver/include/vesc_driver/crc.hpp
[1.109s] -- Up-to-date: /home/samet/hallo/install/vesc_driver/include/vesc_driver/vesc_interface.hpp
[1.109s] -- Up-to-date: /home/samet/hallo/install/vesc_driver/include/vesc_driver/datatypes.hpp
[1.110s] -- Up-to-date: /home/samet/hallo/install/vesc_driver/share/vesc_driver/environment/library_path.sh
[1.110s] -- Up-to-date: /home/samet/hallo/install/vesc_driver/share/vesc_driver/environment/library_path.dsv
[1.110s] -- Up-to-date: /home/samet/hallo/install/vesc_driver/lib/libvesc_driver.so
[1.110s] -- Up-to-date: /home/samet/hallo/install/vesc_driver/lib/vesc_driver/vesc_device_namer
[1.111s] -- Up-to-date: /home/samet/hallo/install/vesc_driver/share/vesc_driver/launch
[1.111s] -- Up-to-date: /home/samet/hallo/install/vesc_driver/share/vesc_driver/launch/vesc_driver_node.launch.py
[1.111s] -- Up-to-date: /home/samet/hallo/install/vesc_driver/share/vesc_driver/params
[1.112s] -- Up-to-date: /home/samet/hallo/install/vesc_driver/share/vesc_driver/params/config.yaml
[1.112s] -- Up-to-date: /home/samet/hallo/install/vesc_driver/share/ament_index/resource_index/package_run_dependencies/vesc_driver
[1.112s] -- Up-to-date: /home/samet/hallo/install/vesc_driver/share/ament_index/resource_index/parent_prefix_path/vesc_driver
[1.112s] -- Up-to-date: /home/samet/hallo/install/vesc_driver/share/vesc_driver/environment/ament_prefix_path.sh
[1.112s] -- Up-to-date: /home/samet/hallo/install/vesc_driver/share/vesc_driver/environment/ament_prefix_path.dsv
[1.113s] -- Up-to-date: /home/samet/hallo/install/vesc_driver/share/vesc_driver/environment/path.sh
[1.113s] -- Up-to-date: /home/samet/hallo/install/vesc_driver/share/vesc_driver/environment/path.dsv
[1.113s] -- Up-to-date: /home/samet/hallo/install/vesc_driver/share/vesc_driver/local_setup.bash
[1.113s] -- Up-to-date: /home/samet/hallo/install/vesc_driver/share/vesc_driver/local_setup.sh
[1.113s] -- Up-to-date: /home/samet/hallo/install/vesc_driver/share/vesc_driver/local_setup.zsh
[1.114s] -- Up-to-date: /home/samet/hallo/install/vesc_driver/share/vesc_driver/local_setup.dsv
[1.114s] -- Installing: /home/samet/hallo/install/vesc_driver/share/vesc_driver/package.dsv
[1.114s] -- Up-to-date: /home/samet/hallo/install/vesc_driver/share/ament_index/resource_index/packages/vesc_driver
[1.114s] -- Up-to-date: /home/samet/hallo/install/vesc_driver/share/ament_index/resource_index/rclcpp_components/vesc_driver
[1.114s] -- Up-to-date: /home/samet/hallo/install/vesc_driver/share/vesc_driver/cmake/ament_cmake_export_dependencies-extras.cmake
[1.115s] -- Up-to-date: /home/samet/hallo/install/vesc_driver/share/vesc_driver/cmake/ament_cmake_export_include_directories-extras.cmake
[1.115s] -- Up-to-date: /home/samet/hallo/install/vesc_driver/share/vesc_driver/cmake/ament_cmake_export_libraries-extras.cmake
[1.115s] -- Up-to-date: /home/samet/hallo/install/vesc_driver/share/vesc_driver/cmake/vesc_driverConfig.cmake
[1.115s] -- Up-to-date: /home/samet/hallo/install/vesc_driver/share/vesc_driver/cmake/vesc_driverConfig-version.cmake
[1.115s] -- Up-to-date: /home/samet/hallo/install/vesc_driver/share/vesc_driver/package.xml
[1.125s] Invoked command in '/home/samet/hallo/build/vesc_driver' returned '0': CMAKE_PREFIX_PATH=/home/samet/hallo/install/serial_driver:/home/samet/hallo/install/io_context:/home/samet/hallo/install/vesc_msgs:/home/samet/hallo/install/vesc:/home/samet/hallo/install/vesc_driver:/home/samet/hallo/install/vesc_ackermann:/home/samet/hallo/install/udp_driver:/home/samet/hallo/install/team_interfaces:/home/samet/hallo/install/asio_cmake_module:/home/samet/hallo/install/camera_run:/opt/ros/humble LD_LIBRARY_PATH=/home/samet/hallo/install/serial_driver/lib:/home/samet/hallo/install/io_context/lib:/home/samet/hallo/install/vesc_msgs/lib:/home/samet/hallo/install/vesc_driver/lib:/home/samet/hallo/install/vesc_ackermann/lib:/home/samet/hallo/install/udp_driver/lib:/home/samet/hallo/install/team_interfaces/lib:/usr/lib/x86_64-linux-gnu/gazebo-11/plugins:/opt/ros/humble/opt/rviz_ogre_vendor/lib:/opt/ros/humble/lib/x86_64-linux-gnu:/opt/ros/humble/lib /usr/bin/cmake --install /home/samet/hallo/build/vesc_driver
