[0.297s] Invoking command in '/home/samet/hallo/build/vesc_msgs': CMAKE_PREFIX_PATH=${CMAKE_PREFIX_PATH}:/home/samet/hallo/install/camera_run:/opt/ros/humble /usr/bin/cmake --build /home/samet/hallo/build/vesc_msgs -- -j8 -l8
[1.044s] [  1%] Built target vesc_msgs__cpp
[1.045s] [  3%] Built target ament_cmake_python_copy_vesc_msgs
[1.046s] [ 12%] Built target vesc_msgs__rosidl_generator_c
[1.046s] [ 23%] Built target vesc_msgs__rosidl_typesupport_fastrtps_cpp
[1.047s] [ 34%] Built target vesc_msgs__rosidl_typesupport_introspection_cpp
[1.047s] [ 45%] Built target vesc_msgs__rosidl_typesupport_cpp
[1.047s] [ 58%] Built target vesc_msgs__rosidl_typesupport_c
[1.048s] [ 67%] Built target vesc_msgs__rosidl_typesupport_fastrtps_c
[1.048s] [ 78%] Built target vesc_msgs__rosidl_typesupport_introspection_c
[1.048s] [ 78%] Built target vesc_msgs
[1.048s] [ 80%] Built target vesc_msgs__py
[1.048s] [ 89%] Built target vesc_msgs__rosidl_generator_py
[1.049s] [ 92%] Built target vesc_msgs__rosidl_typesupport_fastrtps_c__pyext
[1.049s] [ 96%] Built target vesc_msgs__rosidl_typesupport_c__pyext
[1.050s] [100%] Built target vesc_msgs__rosidl_typesupport_introspection_c__pyext
[1.201s] running egg_info
[1.298s] writing vesc_msgs.egg-info/PKG-INFO
[1.302s] writing dependency_links to vesc_msgs.egg-info/dependency_links.txt
[1.303s] writing top-level names to vesc_msgs.egg-info/top_level.txt
[1.417s] reading manifest file 'vesc_msgs.egg-info/SOURCES.txt'
[1.419s] writing manifest file 'vesc_msgs.egg-info/SOURCES.txt'
[1.485s] [100%] Built target ament_cmake_python_build_vesc_msgs_egg
[1.733s] Invoked command in '/home/samet/hallo/build/vesc_msgs' returned '0': CMAKE_PREFIX_PATH=${CMAKE_PREFIX_PATH}:/home/samet/hallo/install/camera_run:/opt/ros/humble /usr/bin/cmake --build /home/samet/hallo/build/vesc_msgs -- -j8 -l8
[2.034s] Invoking command in '/home/samet/hallo/build/vesc_msgs': CMAKE_PREFIX_PATH=${CMAKE_PREFIX_PATH}:/home/samet/hallo/install/camera_run:/opt/ros/humble /usr/bin/cmake --install /home/samet/hallo/build/vesc_msgs
[2.056s] -- Install configuration: ""
[2.057s] -- Up-to-date: /home/samet/hallo/install/vesc_msgs/share/ament_index/resource_index/rosidl_interfaces/vesc_msgs
[2.057s] -- Up-to-date: /home/samet/hallo/install/vesc_msgs/include/vesc_msgs/vesc_msgs
[2.057s] -- Up-to-date: /home/samet/hallo/install/vesc_msgs/include/vesc_msgs/vesc_msgs/msg
[2.057s] -- Up-to-date: /home/samet/hallo/install/vesc_msgs/include/vesc_msgs/vesc_msgs/msg/vesc_state_stamped.h
[2.057s] -- Up-to-date: /home/samet/hallo/install/vesc_msgs/include/vesc_msgs/vesc_msgs/msg/vesc_imu_stamped.h
[2.057s] -- Up-to-date: /home/samet/hallo/install/vesc_msgs/include/vesc_msgs/vesc_msgs/msg/vesc_state.h
[2.057s] -- Up-to-date: /home/samet/hallo/install/vesc_msgs/include/vesc_msgs/vesc_msgs/msg/rosidl_generator_c__visibility_control.h
[2.057s] -- Up-to-date: /home/samet/hallo/install/vesc_msgs/include/vesc_msgs/vesc_msgs/msg/vesc_imu.h
[2.058s] -- Up-to-date: /home/samet/hallo/install/vesc_msgs/include/vesc_msgs/vesc_msgs/msg/detail
[2.058s] -- Up-to-date: /home/samet/hallo/install/vesc_msgs/include/vesc_msgs/vesc_msgs/msg/detail/vesc_imu__functions.c
[2.058s] -- Up-to-date: /home/samet/hallo/install/vesc_msgs/include/vesc_msgs/vesc_msgs/msg/detail/vesc_imu__functions.h
[2.058s] -- Up-to-date: /home/samet/hallo/install/vesc_msgs/include/vesc_msgs/vesc_msgs/msg/detail/vesc_state__struct.h
[2.058s] -- Up-to-date: /home/samet/hallo/install/vesc_msgs/include/vesc_msgs/vesc_msgs/msg/detail/vesc_state__functions.c
[2.058s] -- Up-to-date: /home/samet/hallo/install/vesc_msgs/include/vesc_msgs/vesc_msgs/msg/detail/vesc_imu__type_support.h
[2.058s] -- Up-to-date: /home/samet/hallo/install/vesc_msgs/include/vesc_msgs/vesc_msgs/msg/detail/vesc_state__functions.h
[2.058s] -- Up-to-date: /home/samet/hallo/install/vesc_msgs/include/vesc_msgs/vesc_msgs/msg/detail/vesc_state__type_support.h
[2.058s] -- Up-to-date: /home/samet/hallo/install/vesc_msgs/include/vesc_msgs/vesc_msgs/msg/detail/vesc_imu_stamped__struct.h
[2.059s] -- Up-to-date: /home/samet/hallo/install/vesc_msgs/include/vesc_msgs/vesc_msgs/msg/detail/vesc_state_stamped__type_support.h
[2.059s] -- Up-to-date: /home/samet/hallo/install/vesc_msgs/include/vesc_msgs/vesc_msgs/msg/detail/vesc_state_stamped__functions.c
[2.059s] -- Up-to-date: /home/samet/hallo/install/vesc_msgs/include/vesc_msgs/vesc_msgs/msg/detail/vesc_imu_stamped__functions.c
[2.059s] -- Up-to-date: /home/samet/hallo/install/vesc_msgs/include/vesc_msgs/vesc_msgs/msg/detail/vesc_imu__struct.h
[2.059s] -- Up-to-date: /home/samet/hallo/install/vesc_msgs/include/vesc_msgs/vesc_msgs/msg/detail/vesc_imu_stamped__type_support.h
[2.060s] -- Up-to-date: /home/samet/hallo/install/vesc_msgs/include/vesc_msgs/vesc_msgs/msg/detail/vesc_imu_stamped__functions.h
[2.060s] -- Up-to-date: /home/samet/hallo/install/vesc_msgs/include/vesc_msgs/vesc_msgs/msg/detail/vesc_state_stamped__functions.h
[2.060s] -- Up-to-date: /home/samet/hallo/install/vesc_msgs/include/vesc_msgs/vesc_msgs/msg/detail/vesc_state_stamped__struct.h
[2.060s] -- Up-to-date: /home/samet/hallo/install/vesc_msgs/share/vesc_msgs/environment/library_path.sh
[2.060s] -- Up-to-date: /home/samet/hallo/install/vesc_msgs/share/vesc_msgs/environment/library_path.dsv
[2.062s] -- Up-to-date: /home/samet/hallo/install/vesc_msgs/lib/libvesc_msgs__rosidl_generator_c.so
[2.064s] -- Up-to-date: /home/samet/hallo/install/vesc_msgs/include/vesc_msgs/vesc_msgs
[2.065s] -- Up-to-date: /home/samet/hallo/install/vesc_msgs/include/vesc_msgs/vesc_msgs/msg
[2.066s] -- Up-to-date: /home/samet/hallo/install/vesc_msgs/include/vesc_msgs/vesc_msgs/msg/rosidl_typesupport_fastrtps_c__visibility_control.h
[2.066s] -- Up-to-date: /home/samet/hallo/install/vesc_msgs/include/vesc_msgs/vesc_msgs/msg/detail
[2.066s] -- Up-to-date: /home/samet/hallo/install/vesc_msgs/include/vesc_msgs/vesc_msgs/msg/detail/vesc_state__rosidl_typesupport_fastrtps_c.h
[2.067s] -- Up-to-date: /home/samet/hallo/install/vesc_msgs/include/vesc_msgs/vesc_msgs/msg/detail/vesc_state_stamped__rosidl_typesupport_fastrtps_c.h
[2.067s] -- Up-to-date: /home/samet/hallo/install/vesc_msgs/include/vesc_msgs/vesc_msgs/msg/detail/vesc_imu_stamped__rosidl_typesupport_fastrtps_c.h
[2.068s] -- Up-to-date: /home/samet/hallo/install/vesc_msgs/include/vesc_msgs/vesc_msgs/msg/detail/vesc_imu__rosidl_typesupport_fastrtps_c.h
[2.071s] -- Up-to-date: /home/samet/hallo/install/vesc_msgs/lib/libvesc_msgs__rosidl_typesupport_fastrtps_c.so
[2.073s] -- Up-to-date: /home/samet/hallo/install/vesc_msgs/include/vesc_msgs/vesc_msgs
[2.074s] -- Up-to-date: /home/samet/hallo/install/vesc_msgs/include/vesc_msgs/vesc_msgs/msg
[2.074s] -- Up-to-date: /home/samet/hallo/install/vesc_msgs/include/vesc_msgs/vesc_msgs/msg/rosidl_typesupport_introspection_c__visibility_control.h
[2.075s] -- Up-to-date: /home/samet/hallo/install/vesc_msgs/include/vesc_msgs/vesc_msgs/msg/detail
[2.075s] -- Up-to-date: /home/samet/hallo/install/vesc_msgs/include/vesc_msgs/vesc_msgs/msg/detail/vesc_imu__type_support.c
[2.075s] -- Up-to-date: /home/samet/hallo/install/vesc_msgs/include/vesc_msgs/vesc_msgs/msg/detail/vesc_imu__rosidl_typesupport_introspection_c.h
[2.076s] -- Up-to-date: /home/samet/hallo/install/vesc_msgs/include/vesc_msgs/vesc_msgs/msg/detail/vesc_state__rosidl_typesupport_introspection_c.h
[2.076s] -- Up-to-date: /home/samet/hallo/install/vesc_msgs/include/vesc_msgs/vesc_msgs/msg/detail/vesc_state_stamped__type_support.c
[2.076s] -- Up-to-date: /home/samet/hallo/install/vesc_msgs/include/vesc_msgs/vesc_msgs/msg/detail/vesc_imu_stamped__rosidl_typesupport_introspection_c.h
[2.077s] -- Up-to-date: /home/samet/hallo/install/vesc_msgs/include/vesc_msgs/vesc_msgs/msg/detail/vesc_imu_stamped__type_support.c
[2.077s] -- Up-to-date: /home/samet/hallo/install/vesc_msgs/include/vesc_msgs/vesc_msgs/msg/detail/vesc_state__type_support.c
[2.077s] -- Up-to-date: /home/samet/hallo/install/vesc_msgs/include/vesc_msgs/vesc_msgs/msg/detail/vesc_state_stamped__rosidl_typesupport_introspection_c.h
[2.079s] -- Up-to-date: /home/samet/hallo/install/vesc_msgs/lib/libvesc_msgs__rosidl_typesupport_introspection_c.so
[2.081s] -- Up-to-date: /home/samet/hallo/install/vesc_msgs/lib/libvesc_msgs__rosidl_typesupport_c.so
[2.082s] -- Up-to-date: /home/samet/hallo/install/vesc_msgs/include/vesc_msgs/vesc_msgs
[2.082s] -- Up-to-date: /home/samet/hallo/install/vesc_msgs/include/vesc_msgs/vesc_msgs/msg
[2.082s] -- Up-to-date: /home/samet/hallo/install/vesc_msgs/include/vesc_msgs/vesc_msgs/msg/vesc_imu_stamped.hpp
[2.082s] -- Up-to-date: /home/samet/hallo/install/vesc_msgs/include/vesc_msgs/vesc_msgs/msg/vesc_state_stamped.hpp
[2.082s] -- Up-to-date: /home/samet/hallo/install/vesc_msgs/include/vesc_msgs/vesc_msgs/msg/detail
[2.082s] -- Up-to-date: /home/samet/hallo/install/vesc_msgs/include/vesc_msgs/vesc_msgs/msg/detail/vesc_state_stamped__struct.hpp
[2.083s] -- Up-to-date: /home/samet/hallo/install/vesc_msgs/include/vesc_msgs/vesc_msgs/msg/detail/vesc_state__traits.hpp
[2.083s] -- Up-to-date: /home/samet/hallo/install/vesc_msgs/include/vesc_msgs/vesc_msgs/msg/detail/vesc_state_stamped__traits.hpp
[2.083s] -- Up-to-date: /home/samet/hallo/install/vesc_msgs/include/vesc_msgs/vesc_msgs/msg/detail/vesc_imu_stamped__builder.hpp
[2.083s] -- Up-to-date: /home/samet/hallo/install/vesc_msgs/include/vesc_msgs/vesc_msgs/msg/detail/vesc_state__struct.hpp
[2.083s] -- Up-to-date: /home/samet/hallo/install/vesc_msgs/include/vesc_msgs/vesc_msgs/msg/detail/vesc_imu__struct.hpp
[2.083s] -- Up-to-date: /home/samet/hallo/install/vesc_msgs/include/vesc_msgs/vesc_msgs/msg/detail/vesc_state_stamped__builder.hpp
[2.084s] -- Up-to-date: /home/samet/hallo/install/vesc_msgs/include/vesc_msgs/vesc_msgs/msg/detail/vesc_imu_stamped__traits.hpp
[2.084s] -- Up-to-date: /home/samet/hallo/install/vesc_msgs/include/vesc_msgs/vesc_msgs/msg/detail/vesc_state__builder.hpp
[2.084s] -- Up-to-date: /home/samet/hallo/install/vesc_msgs/include/vesc_msgs/vesc_msgs/msg/detail/vesc_imu_stamped__struct.hpp
[2.084s] -- Up-to-date: /home/samet/hallo/install/vesc_msgs/include/vesc_msgs/vesc_msgs/msg/detail/vesc_imu__traits.hpp
[2.084s] -- Up-to-date: /home/samet/hallo/install/vesc_msgs/include/vesc_msgs/vesc_msgs/msg/detail/vesc_imu__builder.hpp
[2.084s] -- Up-to-date: /home/samet/hallo/install/vesc_msgs/include/vesc_msgs/vesc_msgs/msg/vesc_state.hpp
[2.084s] -- Up-to-date: /home/samet/hallo/install/vesc_msgs/include/vesc_msgs/vesc_msgs/msg/vesc_imu.hpp
[2.085s] -- Up-to-date: /home/samet/hallo/install/vesc_msgs/include/vesc_msgs/vesc_msgs
[2.085s] -- Up-to-date: /home/samet/hallo/install/vesc_msgs/include/vesc_msgs/vesc_msgs/msg
[2.085s] -- Up-to-date: /home/samet/hallo/install/vesc_msgs/include/vesc_msgs/vesc_msgs/msg/detail
[2.085s] -- Up-to-date: /home/samet/hallo/install/vesc_msgs/include/vesc_msgs/vesc_msgs/msg/detail/vesc_state__rosidl_typesupport_fastrtps_cpp.hpp
[2.085s] -- Up-to-date: /home/samet/hallo/install/vesc_msgs/include/vesc_msgs/vesc_msgs/msg/detail/vesc_imu__rosidl_typesupport_fastrtps_cpp.hpp
[2.086s] -- Up-to-date: /home/samet/hallo/install/vesc_msgs/include/vesc_msgs/vesc_msgs/msg/detail/vesc_state_stamped__rosidl_typesupport_fastrtps_cpp.hpp
[2.086s] -- Up-to-date: /home/samet/hallo/install/vesc_msgs/include/vesc_msgs/vesc_msgs/msg/detail/vesc_imu_stamped__rosidl_typesupport_fastrtps_cpp.hpp
[2.086s] -- Up-to-date: /home/samet/hallo/install/vesc_msgs/include/vesc_msgs/vesc_msgs/msg/detail/dds_fastrtps
[2.086s] -- Up-to-date: /home/samet/hallo/install/vesc_msgs/include/vesc_msgs/vesc_msgs/msg/rosidl_typesupport_fastrtps_cpp__visibility_control.h
[2.089s] -- Up-to-date: /home/samet/hallo/install/vesc_msgs/lib/libvesc_msgs__rosidl_typesupport_fastrtps_cpp.so
[2.089s] -- Up-to-date: /home/samet/hallo/install/vesc_msgs/include/vesc_msgs/vesc_msgs
[2.089s] -- Up-to-date: /home/samet/hallo/install/vesc_msgs/include/vesc_msgs/vesc_msgs/msg
[2.089s] -- Up-to-date: /home/samet/hallo/install/vesc_msgs/include/vesc_msgs/vesc_msgs/msg/detail
[2.090s] -- Up-to-date: /home/samet/hallo/install/vesc_msgs/include/vesc_msgs/vesc_msgs/msg/detail/vesc_imu_stamped__type_support.cpp
[2.090s] -- Up-to-date: /home/samet/hallo/install/vesc_msgs/include/vesc_msgs/vesc_msgs/msg/detail/vesc_imu__rosidl_typesupport_introspection_cpp.hpp
[2.090s] -- Up-to-date: /home/samet/hallo/install/vesc_msgs/include/vesc_msgs/vesc_msgs/msg/detail/vesc_imu__type_support.cpp
[2.091s] -- Up-to-date: /home/samet/hallo/install/vesc_msgs/include/vesc_msgs/vesc_msgs/msg/detail/vesc_imu_stamped__rosidl_typesupport_introspection_cpp.hpp
[2.091s] -- Up-to-date: /home/samet/hallo/install/vesc_msgs/include/vesc_msgs/vesc_msgs/msg/detail/vesc_state__type_support.cpp
[2.091s] -- Up-to-date: /home/samet/hallo/install/vesc_msgs/include/vesc_msgs/vesc_msgs/msg/detail/vesc_state__rosidl_typesupport_introspection_cpp.hpp
[2.091s] -- Up-to-date: /home/samet/hallo/install/vesc_msgs/include/vesc_msgs/vesc_msgs/msg/detail/vesc_state_stamped__type_support.cpp
[2.091s] -- Up-to-date: /home/samet/hallo/install/vesc_msgs/include/vesc_msgs/vesc_msgs/msg/detail/vesc_state_stamped__rosidl_typesupport_introspection_cpp.hpp
[2.113s] -- Up-to-date: /home/samet/hallo/install/vesc_msgs/lib/libvesc_msgs__rosidl_typesupport_introspection_cpp.so
[2.118s] -- Up-to-date: /home/samet/hallo/install/vesc_msgs/lib/libvesc_msgs__rosidl_typesupport_cpp.so
[2.119s] -- Up-to-date: /home/samet/hallo/install/vesc_msgs/share/vesc_msgs/environment/pythonpath.sh
[2.119s] -- Up-to-date: /home/samet/hallo/install/vesc_msgs/share/vesc_msgs/environment/pythonpath.dsv
[2.119s] -- Up-to-date: /home/samet/hallo/install/vesc_msgs/local/lib/python3.10/dist-packages/vesc_msgs-1.1.0-py3.10.egg-info
[2.119s] -- Installing: /home/samet/hallo/install/vesc_msgs/local/lib/python3.10/dist-packages/vesc_msgs-1.1.0-py3.10.egg-info/PKG-INFO
[2.120s] -- Installing: /home/samet/hallo/install/vesc_msgs/local/lib/python3.10/dist-packages/vesc_msgs-1.1.0-py3.10.egg-info/top_level.txt
[2.120s] -- Installing: /home/samet/hallo/install/vesc_msgs/local/lib/python3.10/dist-packages/vesc_msgs-1.1.0-py3.10.egg-info/dependency_links.txt
[2.120s] -- Installing: /home/samet/hallo/install/vesc_msgs/local/lib/python3.10/dist-packages/vesc_msgs-1.1.0-py3.10.egg-info/SOURCES.txt
[2.120s] -- Up-to-date: /home/samet/hallo/install/vesc_msgs/local/lib/python3.10/dist-packages/vesc_msgs
[2.120s] -- Up-to-date: /home/samet/hallo/install/vesc_msgs/local/lib/python3.10/dist-packages/vesc_msgs/vesc_msgs_s__rosidl_typesupport_fastrtps_c.cpython-310-x86_64-linux-gnu.so
[2.120s] -- Up-to-date: /home/samet/hallo/install/vesc_msgs/local/lib/python3.10/dist-packages/vesc_msgs/_vesc_msgs_s.ep.rosidl_typesupport_introspection_c.c
[2.120s] -- Up-to-date: /home/samet/hallo/install/vesc_msgs/local/lib/python3.10/dist-packages/vesc_msgs/vesc_msgs_s__rosidl_typesupport_c.cpython-310-x86_64-linux-gnu.so
[2.120s] -- Up-to-date: /home/samet/hallo/install/vesc_msgs/local/lib/python3.10/dist-packages/vesc_msgs/vesc_msgs_s__rosidl_typesupport_introspection_c.cpython-310-x86_64-linux-gnu.so
[2.120s] -- Up-to-date: /home/samet/hallo/install/vesc_msgs/local/lib/python3.10/dist-packages/vesc_msgs/msg
[2.120s] -- Up-to-date: /home/samet/hallo/install/vesc_msgs/local/lib/python3.10/dist-packages/vesc_msgs/msg/_vesc_state_stamped.py
[2.121s] -- Up-to-date: /home/samet/hallo/install/vesc_msgs/local/lib/python3.10/dist-packages/vesc_msgs/msg/_vesc_imu_stamped_s.c
[2.121s] -- Up-to-date: /home/samet/hallo/install/vesc_msgs/local/lib/python3.10/dist-packages/vesc_msgs/msg/_vesc_state.py
[2.121s] -- Up-to-date: /home/samet/hallo/install/vesc_msgs/local/lib/python3.10/dist-packages/vesc_msgs/msg/_vesc_state_s.c
[2.121s] -- Up-to-date: /home/samet/hallo/install/vesc_msgs/local/lib/python3.10/dist-packages/vesc_msgs/msg/_vesc_state_stamped_s.c
[2.121s] -- Up-to-date: /home/samet/hallo/install/vesc_msgs/local/lib/python3.10/dist-packages/vesc_msgs/msg/_vesc_imu_s.c
[2.121s] -- Up-to-date: /home/samet/hallo/install/vesc_msgs/local/lib/python3.10/dist-packages/vesc_msgs/msg/_vesc_imu.py
[2.121s] -- Up-to-date: /home/samet/hallo/install/vesc_msgs/local/lib/python3.10/dist-packages/vesc_msgs/msg/__init__.py
[2.121s] -- Up-to-date: /home/samet/hallo/install/vesc_msgs/local/lib/python3.10/dist-packages/vesc_msgs/msg/_vesc_imu_stamped.py
[2.121s] -- Up-to-date: /home/samet/hallo/install/vesc_msgs/local/lib/python3.10/dist-packages/vesc_msgs/_vesc_msgs_s.ep.rosidl_typesupport_fastrtps_c.c
[2.121s] -- Up-to-date: /home/samet/hallo/install/vesc_msgs/local/lib/python3.10/dist-packages/vesc_msgs/__init__.py
[2.121s] -- Up-to-date: /home/samet/hallo/install/vesc_msgs/local/lib/python3.10/dist-packages/vesc_msgs/_vesc_msgs_s.ep.rosidl_typesupport_c.c
[2.122s] -- Up-to-date: /home/samet/hallo/install/vesc_msgs/local/lib/python3.10/dist-packages/vesc_msgs/libvesc_msgs__rosidl_generator_py.so
[2.164s] Listing '/home/samet/hallo/install/vesc_msgs/local/lib/python3.10/dist-packages/vesc_msgs'...
[2.164s] Listing '/home/samet/hallo/install/vesc_msgs/local/lib/python3.10/dist-packages/vesc_msgs/msg'...
[2.177s] -- Up-to-date: /home/samet/hallo/install/vesc_msgs/local/lib/python3.10/dist-packages/vesc_msgs/vesc_msgs_s__rosidl_typesupport_fastrtps_c.cpython-310-x86_64-linux-gnu.so
[2.177s] -- Up-to-date: /home/samet/hallo/install/vesc_msgs/local/lib/python3.10/dist-packages/vesc_msgs/vesc_msgs_s__rosidl_typesupport_introspection_c.cpython-310-x86_64-linux-gnu.so
[2.178s] -- Up-to-date: /home/samet/hallo/install/vesc_msgs/local/lib/python3.10/dist-packages/vesc_msgs/vesc_msgs_s__rosidl_typesupport_c.cpython-310-x86_64-linux-gnu.so
[2.178s] -- Up-to-date: /home/samet/hallo/install/vesc_msgs/lib/libvesc_msgs__rosidl_generator_py.so
[2.179s] -- Up-to-date: /home/samet/hallo/install/vesc_msgs/share/vesc_msgs/msg/VescState.idl
[2.179s] -- Up-to-date: /home/samet/hallo/install/vesc_msgs/share/vesc_msgs/msg/VescStateStamped.idl
[2.179s] -- Up-to-date: /home/samet/hallo/install/vesc_msgs/share/vesc_msgs/msg/VescImu.idl
[2.179s] -- Up-to-date: /home/samet/hallo/install/vesc_msgs/share/vesc_msgs/msg/VescImuStamped.idl
[2.180s] -- Up-to-date: /home/samet/hallo/install/vesc_msgs/share/vesc_msgs/msg/VescState.msg
[2.180s] -- Up-to-date: /home/samet/hallo/install/vesc_msgs/share/vesc_msgs/msg/VescStateStamped.msg
[2.180s] -- Up-to-date: /home/samet/hallo/install/vesc_msgs/share/vesc_msgs/msg/VescImu.msg
[2.180s] -- Up-to-date: /home/samet/hallo/install/vesc_msgs/share/vesc_msgs/msg/VescImuStamped.msg
[2.180s] -- Up-to-date: /home/samet/hallo/install/vesc_msgs/share/ament_index/resource_index/package_run_dependencies/vesc_msgs
[2.181s] -- Up-to-date: /home/samet/hallo/install/vesc_msgs/share/ament_index/resource_index/parent_prefix_path/vesc_msgs
[2.181s] -- Up-to-date: /home/samet/hallo/install/vesc_msgs/share/vesc_msgs/environment/ament_prefix_path.sh
[2.181s] -- Up-to-date: /home/samet/hallo/install/vesc_msgs/share/vesc_msgs/environment/ament_prefix_path.dsv
[2.181s] -- Up-to-date: /home/samet/hallo/install/vesc_msgs/share/vesc_msgs/environment/path.sh
[2.181s] -- Up-to-date: /home/samet/hallo/install/vesc_msgs/share/vesc_msgs/environment/path.dsv
[2.181s] -- Up-to-date: /home/samet/hallo/install/vesc_msgs/share/vesc_msgs/local_setup.bash
[2.181s] -- Up-to-date: /home/samet/hallo/install/vesc_msgs/share/vesc_msgs/local_setup.sh
[2.182s] -- Up-to-date: /home/samet/hallo/install/vesc_msgs/share/vesc_msgs/local_setup.zsh
[2.182s] -- Up-to-date: /home/samet/hallo/install/vesc_msgs/share/vesc_msgs/local_setup.dsv
[2.182s] -- Installing: /home/samet/hallo/install/vesc_msgs/share/vesc_msgs/package.dsv
[2.182s] -- Up-to-date: /home/samet/hallo/install/vesc_msgs/share/ament_index/resource_index/packages/vesc_msgs
[2.182s] -- Up-to-date: /home/samet/hallo/install/vesc_msgs/share/vesc_msgs/cmake/export_vesc_msgs__rosidl_generator_cExport.cmake
[2.183s] -- Up-to-date: /home/samet/hallo/install/vesc_msgs/share/vesc_msgs/cmake/export_vesc_msgs__rosidl_generator_cExport-noconfig.cmake
[2.183s] -- Up-to-date: /home/samet/hallo/install/vesc_msgs/share/vesc_msgs/cmake/export_vesc_msgs__rosidl_typesupport_fastrtps_cExport.cmake
[2.183s] -- Up-to-date: /home/samet/hallo/install/vesc_msgs/share/vesc_msgs/cmake/export_vesc_msgs__rosidl_typesupport_fastrtps_cExport-noconfig.cmake
[2.183s] -- Up-to-date: /home/samet/hallo/install/vesc_msgs/share/vesc_msgs/cmake/vesc_msgs__rosidl_typesupport_introspection_cExport.cmake
[2.183s] -- Up-to-date: /home/samet/hallo/install/vesc_msgs/share/vesc_msgs/cmake/vesc_msgs__rosidl_typesupport_introspection_cExport-noconfig.cmake
[2.183s] -- Up-to-date: /home/samet/hallo/install/vesc_msgs/share/vesc_msgs/cmake/vesc_msgs__rosidl_typesupport_cExport.cmake
[2.184s] -- Up-to-date: /home/samet/hallo/install/vesc_msgs/share/vesc_msgs/cmake/vesc_msgs__rosidl_typesupport_cExport-noconfig.cmake
[2.184s] -- Up-to-date: /home/samet/hallo/install/vesc_msgs/share/vesc_msgs/cmake/export_vesc_msgs__rosidl_generator_cppExport.cmake
[2.184s] -- Up-to-date: /home/samet/hallo/install/vesc_msgs/share/vesc_msgs/cmake/export_vesc_msgs__rosidl_typesupport_fastrtps_cppExport.cmake
[2.184s] -- Up-to-date: /home/samet/hallo/install/vesc_msgs/share/vesc_msgs/cmake/export_vesc_msgs__rosidl_typesupport_fastrtps_cppExport-noconfig.cmake
[2.185s] -- Up-to-date: /home/samet/hallo/install/vesc_msgs/share/vesc_msgs/cmake/vesc_msgs__rosidl_typesupport_introspection_cppExport.cmake
[2.185s] -- Up-to-date: /home/samet/hallo/install/vesc_msgs/share/vesc_msgs/cmake/vesc_msgs__rosidl_typesupport_introspection_cppExport-noconfig.cmake
[2.185s] -- Up-to-date: /home/samet/hallo/install/vesc_msgs/share/vesc_msgs/cmake/vesc_msgs__rosidl_typesupport_cppExport.cmake
[2.186s] -- Up-to-date: /home/samet/hallo/install/vesc_msgs/share/vesc_msgs/cmake/vesc_msgs__rosidl_typesupport_cppExport-noconfig.cmake
[2.186s] -- Up-to-date: /home/samet/hallo/install/vesc_msgs/share/vesc_msgs/cmake/export_vesc_msgs__rosidl_generator_pyExport.cmake
[2.187s] -- Up-to-date: /home/samet/hallo/install/vesc_msgs/share/vesc_msgs/cmake/export_vesc_msgs__rosidl_generator_pyExport-noconfig.cmake
[2.187s] -- Up-to-date: /home/samet/hallo/install/vesc_msgs/share/vesc_msgs/cmake/rosidl_cmake-extras.cmake
[2.187s] -- Up-to-date: /home/samet/hallo/install/vesc_msgs/share/vesc_msgs/cmake/ament_cmake_export_dependencies-extras.cmake
[2.187s] -- Up-to-date: /home/samet/hallo/install/vesc_msgs/share/vesc_msgs/cmake/ament_cmake_export_include_directories-extras.cmake
[2.187s] -- Up-to-date: /home/samet/hallo/install/vesc_msgs/share/vesc_msgs/cmake/ament_cmake_export_libraries-extras.cmake
[2.187s] -- Up-to-date: /home/samet/hallo/install/vesc_msgs/share/vesc_msgs/cmake/ament_cmake_export_targets-extras.cmake
[2.187s] -- Up-to-date: /home/samet/hallo/install/vesc_msgs/share/vesc_msgs/cmake/rosidl_cmake_export_typesupport_targets-extras.cmake
[2.188s] -- Up-to-date: /home/samet/hallo/install/vesc_msgs/share/vesc_msgs/cmake/rosidl_cmake_export_typesupport_libraries-extras.cmake
[2.188s] -- Up-to-date: /home/samet/hallo/install/vesc_msgs/share/vesc_msgs/cmake/vesc_msgsConfig.cmake
[2.188s] -- Up-to-date: /home/samet/hallo/install/vesc_msgs/share/vesc_msgs/cmake/vesc_msgsConfig-version.cmake
[2.188s] -- Up-to-date: /home/samet/hallo/install/vesc_msgs/share/vesc_msgs/package.xml
[2.278s] Invoked command in '/home/samet/hallo/build/vesc_msgs' returned '0': CMAKE_PREFIX_PATH=${CMAKE_PREFIX_PATH}:/home/samet/hallo/install/camera_run:/opt/ros/humble /usr/bin/cmake --install /home/samet/hallo/build/vesc_msgs
