[2.125s] Invoking command in '/home/samet/hallo/src/camera_run': PYTHONPATH=/home/samet/hallo/build/camera_run/prefix_override:/home/samet/hallo/install/camera_run/lib/python3.10/site-packages:${PYTHONPATH} /usr/bin/python3 setup.py egg_info --egg-base ../../build/camera_run build --build-base /home/samet/hallo/build/camera_run/build install --record /home/samet/hallo/build/camera_run/install.log --single-version-externally-managed
[2.503s] running egg_info
[2.538s] writing ../../build/camera_run/camera_run.egg-info/PKG-INFO
[2.539s] writing dependency_links to ../../build/camera_run/camera_run.egg-info/dependency_links.txt
[2.540s] writing entry points to ../../build/camera_run/camera_run.egg-info/entry_points.txt
[2.541s] writing requirements to ../../build/camera_run/camera_run.egg-info/requires.txt
[2.541s] writing top-level names to ../../build/camera_run/camera_run.egg-info/top_level.txt
[2.636s] reading manifest file '../../build/camera_run/camera_run.egg-info/SOURCES.txt'
[2.638s] writing manifest file '../../build/camera_run/camera_run.egg-info/SOURCES.txt'
[2.639s] running build
[2.640s] running build_py
[2.641s] copying camera_run/intel_pub.py -> /home/samet/hallo/build/camera_run/build/lib/camera_run
[2.641s] copying camera_run/steering.py -> /home/samet/hallo/build/camera_run/build/lib/camera_run
[2.642s] copying camera_run/ackermann_to_vesc.py -> /home/samet/hallo/build/camera_run/build/lib/camera_run
[2.643s] copying camera_run/bot.py -> /home/samet/hallo/build/camera_run/build/lib/camera_run
[2.643s] copying camera_run/LaneDetection_realsense_2.py -> /home/samet/hallo/build/camera_run/build/lib/camera_run
[2.644s] copying camera_run/LaneDetection_realsense.py -> /home/samet/hallo/build/camera_run/build/lib/camera_run
[2.645s] copying camera_run/intel_sub.py -> /home/samet/hallo/build/camera_run/build/lib/camera_run
[2.646s] copying camera_run/__init__.py -> /home/samet/hallo/build/camera_run/build/lib/camera_run
[2.647s] copying camera_run/teleop.py -> /home/samet/hallo/build/camera_run/build/lib/camera_run
[2.649s] running install
[2.650s] /home/samet/.local/lib/python3.10/site-packages/setuptools/_distutils/cmd.py:66: SetuptoolsDeprecationWarning: setup.py install is deprecated.
[2.662s] !!
[2.662s] 
[2.662s]         ********************************************************************************
[2.662s]         Please avoid running ``setup.py`` directly.
[2.662s]         Instead, use pypa/build, pypa/installer or other
[2.663s]         standards-based tools.
[2.663s] 
[2.663s]         See https://blog.ganssle.io/articles/2021/10/setup-py-deprecated.html for details.
[2.663s]         ********************************************************************************
[2.663s] 
[2.663s] !!
[2.663s]   self.initialize_options()
[2.665s] running install_lib
[2.718s] copying /home/samet/hallo/build/camera_run/build/lib/camera_run/LaneDetection_realsense.py -> /home/samet/hallo/install/camera_run/lib/python3.10/site-packages/camera_run
[2.738s] byte-compiling /home/samet/hallo/install/camera_run/lib/python3.10/site-packages/camera_run/LaneDetection_realsense.py to LaneDetection_realsense.cpython-310.pyc
[2.743s] running install_data
[2.814s] copying resource/camera_run -> /home/samet/hallo/install/camera_run/share/ament_index/resource_index/packages
[2.814s] copying package.xml -> /home/samet/hallo/install/camera_run/share/camera_run
[2.814s] running install_egg_info
[2.863s] removing '/home/samet/hallo/install/camera_run/lib/python3.10/site-packages/camera_run-0.0.0-py3.10.egg-info' (and everything under it)
[2.869s] Copying ../../build/camera_run/camera_run.egg-info to /home/samet/hallo/install/camera_run/lib/python3.10/site-packages/camera_run-0.0.0-py3.10.egg-info
[2.870s] running install_scripts
[3.181s] Installing ackermann_to_vesc script to /home/samet/hallo/install/camera_run/lib/camera_run
[3.182s] Installing bot script to /home/samet/hallo/install/camera_run/lib/camera_run
[3.182s] Installing detection script to /home/samet/hallo/install/camera_run/lib/camera_run
[3.182s] Installing detection_node script to /home/samet/hallo/install/camera_run/lib/camera_run
[3.182s] Installing follower script to /home/samet/hallo/install/camera_run/lib/camera_run
[3.182s] Installing intel_lane script to /home/samet/hallo/install/camera_run/lib/camera_run
[3.183s] Installing intel_lane_sub script to /home/samet/hallo/install/camera_run/lib/camera_run
[3.183s] Installing intel_pub script to /home/samet/hallo/install/camera_run/lib/camera_run
[3.183s] Installing intel_sub script to /home/samet/hallo/install/camera_run/lib/camera_run
[3.184s] Installing slope_node script to /home/samet/hallo/install/camera_run/lib/camera_run
[3.184s] Installing slope_sub script to /home/samet/hallo/install/camera_run/lib/camera_run
[3.184s] Installing steering script to /home/samet/hallo/install/camera_run/lib/camera_run
[3.185s] Installing tele script to /home/samet/hallo/install/camera_run/lib/camera_run
[3.185s] writing list of installed files to '/home/samet/hallo/build/camera_run/install.log'
[3.637s] Invoked command in '/home/samet/hallo/src/camera_run' returned '0': PYTHONPATH=/home/samet/hallo/build/camera_run/prefix_override:/home/samet/hallo/install/camera_run/lib/python3.10/site-packages:${PYTHONPATH} /usr/bin/python3 setup.py egg_info --egg-base ../../build/camera_run build --build-base /home/samet/hallo/build/camera_run/build install --record /home/samet/hallo/build/camera_run/install.log --single-version-externally-managed
