[3.037s] Invoking command in '/home/samet/hallo/src/camera_run': PYTHONPATH=/home/samet/hallo/build/camera_run/prefix_override:/home/samet/hallo/install/camera_run/lib/python3.10/site-packages:${PYTHONPATH} /usr/bin/python3 setup.py egg_info --egg-base ../../build/camera_run build --build-base /home/samet/hallo/build/camera_run/build install --record /home/samet/hallo/build/camera_run/install.log --single-version-externally-managed
[3.622s] running egg_info
[3.694s] writing ../../build/camera_run/camera_run.egg-info/PKG-INFO
[3.695s] writing dependency_links to ../../build/camera_run/camera_run.egg-info/dependency_links.txt
[3.695s] writing entry points to ../../build/camera_run/camera_run.egg-info/entry_points.txt
[3.695s] writing requirements to ../../build/camera_run/camera_run.egg-info/requires.txt
[3.695s] writing top-level names to ../../build/camera_run/camera_run.egg-info/top_level.txt
[3.812s] reading manifest file '../../build/camera_run/camera_run.egg-info/SOURCES.txt'
[3.823s] writing manifest file '../../build/camera_run/camera_run.egg-info/SOURCES.txt'
[3.824s] running build
[3.824s] running build_py
[3.825s] copying camera_run/intel_lane.py -> /home/samet/hallo/build/camera_run/build/lib/camera_run
[3.826s] copying camera_run/intel_pub.py -> /home/samet/hallo/build/camera_run/build/lib/camera_run
[3.826s] copying camera_run/lane_recognition.py -> /home/samet/hallo/build/camera_run/build/lib/camera_run
[3.826s] copying camera_run/steering.py -> /home/samet/hallo/build/camera_run/build/lib/camera_run
[3.826s] copying camera_run/ackermann_to_vesc.py -> /home/samet/hallo/build/camera_run/build/lib/camera_run
[3.827s] copying camera_run/bot.py -> /home/samet/hallo/build/camera_run/build/lib/camera_run
[3.827s] copying camera_run/lane_follower.py -> /home/samet/hallo/build/camera_run/build/lib/camera_run
[3.827s] copying camera_run/LaneDetection_realsense.py -> /home/samet/hallo/build/camera_run/build/lib/camera_run
[3.828s] copying camera_run/slope_sub.py -> /home/samet/hallo/build/camera_run/build/lib/camera_run
[3.829s] copying camera_run/slope_node.py -> /home/samet/hallo/build/camera_run/build/lib/camera_run
[3.829s] copying camera_run/intel_lane_sub.py -> /home/samet/hallo/build/camera_run/build/lib/camera_run
[3.830s] copying camera_run/intel_sub.py -> /home/samet/hallo/build/camera_run/build/lib/camera_run
[3.831s] copying camera_run/__init__.py -> /home/samet/hallo/build/camera_run/build/lib/camera_run
[3.831s] copying camera_run/teleop.py -> /home/samet/hallo/build/camera_run/build/lib/camera_run
[3.833s] running install
[3.853s] /home/samet/.local/lib/python3.10/site-packages/setuptools/_distutils/cmd.py:66: SetuptoolsDeprecationWarning: setup.py install is deprecated.
[3.859s] !!
[3.862s] 
[3.862s]         ********************************************************************************
[3.863s]         Please avoid running ``setup.py`` directly.
[3.863s]         Instead, use pypa/build, pypa/installer or other
[3.863s]         standards-based tools.
[3.863s] 
[3.863s]         See https://blog.ganssle.io/articles/2021/10/setup-py-deprecated.html for details.
[3.863s]         ********************************************************************************
[3.863s] 
[3.864s] !!
[3.864s]   self.initialize_options()
[3.876s] running install_lib
[3.917s] copying /home/samet/hallo/build/camera_run/build/lib/camera_run/LaneDetection_realsense.py -> /home/samet/hallo/install/camera_run/lib/python3.10/site-packages/camera_run
[3.919s] byte-compiling /home/samet/hallo/install/camera_run/lib/python3.10/site-packages/camera_run/LaneDetection_realsense.py to LaneDetection_realsense.cpython-310.pyc
[3.928s] running install_data
[3.975s] copying resource/camera_run -> /home/samet/hallo/install/camera_run/share/ament_index/resource_index/packages
[3.976s] copying package.xml -> /home/samet/hallo/install/camera_run/share/camera_run
[3.976s] running install_egg_info
[4.045s] removing '/home/samet/hallo/install/camera_run/lib/python3.10/site-packages/camera_run-0.0.0-py3.10.egg-info' (and everything under it)
[4.045s] Copying ../../build/camera_run/camera_run.egg-info to /home/samet/hallo/install/camera_run/lib/python3.10/site-packages/camera_run-0.0.0-py3.10.egg-info
[4.045s] running install_scripts
[4.386s] Installing ackermann_to_vesc script to /home/samet/hallo/install/camera_run/lib/camera_run
[4.388s] Installing bot script to /home/samet/hallo/install/camera_run/lib/camera_run
[4.388s] Installing detection script to /home/samet/hallo/install/camera_run/lib/camera_run
[4.389s] Installing detection_node script to /home/samet/hallo/install/camera_run/lib/camera_run
[4.389s] Installing follower script to /home/samet/hallo/install/camera_run/lib/camera_run
[4.389s] Installing intel_lane script to /home/samet/hallo/install/camera_run/lib/camera_run
[4.389s] Installing intel_lane_sub script to /home/samet/hallo/install/camera_run/lib/camera_run
[4.390s] Installing intel_pub script to /home/samet/hallo/install/camera_run/lib/camera_run
[4.390s] Installing intel_sub script to /home/samet/hallo/install/camera_run/lib/camera_run
[4.390s] Installing slope_node script to /home/samet/hallo/install/camera_run/lib/camera_run
[4.390s] Installing slope_sub script to /home/samet/hallo/install/camera_run/lib/camera_run
[4.390s] Installing steering script to /home/samet/hallo/install/camera_run/lib/camera_run
[4.390s] Installing tele script to /home/samet/hallo/install/camera_run/lib/camera_run
[4.391s] writing list of installed files to '/home/samet/hallo/build/camera_run/install.log'
[4.466s] Invoked command in '/home/samet/hallo/src/camera_run' returned '0': PYTHONPATH=/home/samet/hallo/build/camera_run/prefix_override:/home/samet/hallo/install/camera_run/lib/python3.10/site-packages:${PYTHONPATH} /usr/bin/python3 setup.py egg_info --egg-base ../../build/camera_run build --build-base /home/samet/hallo/build/camera_run/build install --record /home/samet/hallo/build/camera_run/install.log --single-version-externally-managed
