[2.273s] Invoking command in '/home/samet/hallo/src/camera_run': PYTHONPATH=/home/samet/hallo/build/camera_run/prefix_override:/home/samet/hallo/install/camera_run/lib/python3.10/site-packages:${PYTHONPATH} /usr/bin/python3 setup.py egg_info --egg-base ../../build/camera_run build --build-base /home/samet/hallo/build/camera_run/build install --record /home/samet/hallo/build/camera_run/install.log --single-version-externally-managed
[2.717s] running egg_info
[2.754s] writing ../../build/camera_run/camera_run.egg-info/PKG-INFO
[2.754s] writing dependency_links to ../../build/camera_run/camera_run.egg-info/dependency_links.txt
[2.755s] writing entry points to ../../build/camera_run/camera_run.egg-info/entry_points.txt
[2.755s] writing requirements to ../../build/camera_run/camera_run.egg-info/requires.txt
[2.755s] writing top-level names to ../../build/camera_run/camera_run.egg-info/top_level.txt
[2.834s] reading manifest file '../../build/camera_run/camera_run.egg-info/SOURCES.txt'
[2.836s] writing manifest file '../../build/camera_run/camera_run.egg-info/SOURCES.txt'
[2.836s] running build
[2.836s] running build_py
[2.837s] copying camera_run/intel_pub.py -> /home/samet/hallo/build/camera_run/build/lib/camera_run
[2.838s] copying camera_run/steering.py -> /home/samet/hallo/build/camera_run/build/lib/camera_run
[2.839s] copying camera_run/ackermann_to_vesc.py -> /home/samet/hallo/build/camera_run/build/lib/camera_run
[2.839s] copying camera_run/bot.py -> /home/samet/hallo/build/camera_run/build/lib/camera_run
[2.839s] copying camera_run/LaneDetection_realsense_2.py -> /home/samet/hallo/build/camera_run/build/lib/camera_run
[2.840s] copying camera_run/LaneDetection_realsense.py -> /home/samet/hallo/build/camera_run/build/lib/camera_run
[2.840s] copying camera_run/intel_sub.py -> /home/samet/hallo/build/camera_run/build/lib/camera_run
[2.842s] copying camera_run/__init__.py -> /home/samet/hallo/build/camera_run/build/lib/camera_run
[2.844s] copying camera_run/teleop.py -> /home/samet/hallo/build/camera_run/build/lib/camera_run
[2.844s] running install
[2.844s] /home/samet/.local/lib/python3.10/site-packages/setuptools/_distutils/cmd.py:66: SetuptoolsDeprecationWarning: setup.py install is deprecated.
[2.844s] !!
[2.845s] 
[2.845s]         ********************************************************************************
[2.845s]         Please avoid running ``setup.py`` directly.
[2.845s]         Instead, use pypa/build, pypa/installer or other
[2.845s]         standards-based tools.
[2.845s] 
[2.846s]         See https://blog.ganssle.io/articles/2021/10/setup-py-deprecated.html for details.
[2.846s]         ********************************************************************************
[2.846s] 
[2.846s] !!
[2.846s]   self.initialize_options()
[2.856s] running install_lib
[2.896s] copying /home/samet/hallo/build/camera_run/build/lib/camera_run/LaneDetection_realsense.py -> /home/samet/hallo/install/camera_run/lib/python3.10/site-packages/camera_run
[2.899s] byte-compiling /home/samet/hallo/install/camera_run/lib/python3.10/site-packages/camera_run/LaneDetection_realsense.py to LaneDetection_realsense.cpython-310.pyc
[2.909s] running install_data
[2.951s] copying resource/camera_run -> /home/samet/hallo/install/camera_run/share/ament_index/resource_index/packages
[2.952s] copying package.xml -> /home/samet/hallo/install/camera_run/share/camera_run
[2.953s] running install_egg_info
[3.012s] removing '/home/samet/hallo/install/camera_run/lib/python3.10/site-packages/camera_run-0.0.0-py3.10.egg-info' (and everything under it)
[3.028s] Copying ../../build/camera_run/camera_run.egg-info to /home/samet/hallo/install/camera_run/lib/python3.10/site-packages/camera_run-0.0.0-py3.10.egg-info
[3.039s] running install_scripts
[3.518s] Installing ackermann_to_vesc script to /home/samet/hallo/install/camera_run/lib/camera_run
[3.519s] Installing bot script to /home/samet/hallo/install/camera_run/lib/camera_run
[3.520s] Installing detection script to /home/samet/hallo/install/camera_run/lib/camera_run
[3.520s] Installing detection_node script to /home/samet/hallo/install/camera_run/lib/camera_run
[3.521s] Installing follower script to /home/samet/hallo/install/camera_run/lib/camera_run
[3.521s] Installing intel_lane script to /home/samet/hallo/install/camera_run/lib/camera_run
[3.522s] Installing intel_lane_sub script to /home/samet/hallo/install/camera_run/lib/camera_run
[3.522s] Installing intel_pub script to /home/samet/hallo/install/camera_run/lib/camera_run
[3.523s] Installing intel_sub script to /home/samet/hallo/install/camera_run/lib/camera_run
[3.523s] Installing slope_node script to /home/samet/hallo/install/camera_run/lib/camera_run
[3.523s] Installing slope_sub script to /home/samet/hallo/install/camera_run/lib/camera_run
[3.523s] Installing steering script to /home/samet/hallo/install/camera_run/lib/camera_run
[3.524s] Installing tele script to /home/samet/hallo/install/camera_run/lib/camera_run
[3.524s] writing list of installed files to '/home/samet/hallo/build/camera_run/install.log'
[3.888s] Invoked command in '/home/samet/hallo/src/camera_run' returned '0': PYTHONPATH=/home/samet/hallo/build/camera_run/prefix_override:/home/samet/hallo/install/camera_run/lib/python3.10/site-packages:${PYTHONPATH} /usr/bin/python3 setup.py egg_info --egg-base ../../build/camera_run build --build-base /home/samet/hallo/build/camera_run/build install --record /home/samet/hallo/build/camera_run/install.log --single-version-externally-managed
