[2.286s] Invoking command in '/home/samet/hallo/src/camera_run': PYTHONPATH=/home/samet/hallo/build/camera_run/prefix_override:/home/samet/hallo/install/camera_run/lib/python3.10/site-packages:${PYTHONPATH} /usr/bin/python3 setup.py egg_info --egg-base ../../build/camera_run build --build-base /home/samet/hallo/build/camera_run/build install --record /home/samet/hallo/build/camera_run/install.log --single-version-externally-managed
[2.687s] running egg_info
[2.725s] writing ../../build/camera_run/camera_run.egg-info/PKG-INFO
[2.729s] writing dependency_links to ../../build/camera_run/camera_run.egg-info/dependency_links.txt
[2.729s] writing entry points to ../../build/camera_run/camera_run.egg-info/entry_points.txt
[2.729s] writing requirements to ../../build/camera_run/camera_run.egg-info/requires.txt
[2.730s] writing top-level names to ../../build/camera_run/camera_run.egg-info/top_level.txt
[2.805s] reading manifest file '../../build/camera_run/camera_run.egg-info/SOURCES.txt'
[2.806s] writing manifest file '../../build/camera_run/camera_run.egg-info/SOURCES.txt'
[2.808s] running build
[2.808s] running build_py
[2.808s] copying camera_run/intel_pub.py -> /home/samet/hallo/build/camera_run/build/lib/camera_run
[2.812s] copying camera_run/steering.py -> /home/samet/hallo/build/camera_run/build/lib/camera_run
[2.812s] copying camera_run/ackermann_to_vesc.py -> /home/samet/hallo/build/camera_run/build/lib/camera_run
[2.812s] copying camera_run/bot.py -> /home/samet/hallo/build/camera_run/build/lib/camera_run
[2.813s] copying camera_run/LaneDetection_realsense_2.py -> /home/samet/hallo/build/camera_run/build/lib/camera_run
[2.814s] copying camera_run/LaneDetection_realsense.py -> /home/samet/hallo/build/camera_run/build/lib/camera_run
[2.814s] copying camera_run/intel_sub.py -> /home/samet/hallo/build/camera_run/build/lib/camera_run
[2.814s] copying camera_run/__init__.py -> /home/samet/hallo/build/camera_run/build/lib/camera_run
[2.815s] copying camera_run/teleop.py -> /home/samet/hallo/build/camera_run/build/lib/camera_run
[2.815s] /home/samet/.local/lib/python3.10/site-packages/setuptools/_distutils/cmd.py:66: SetuptoolsDeprecationWarning: setup.py install is deprecated.
[2.815s] !!
[2.815s] 
[2.816s]         ********************************************************************************
[2.816s]         Please avoid running ``setup.py`` directly.
[2.816s]         Instead, use pypa/build, pypa/installer or other
[2.816s]         standards-based tools.
[2.816s] 
[2.827s]         See https://blog.ganssle.io/articles/2021/10/setup-py-deprecated.html for details.
[2.829s]         ********************************************************************************
[2.829s] 
[2.830s] !!
[2.833s]   self.initialize_options()
[2.833s] running install
[2.834s] running install_lib
[2.859s] copying /home/samet/hallo/build/camera_run/build/lib/camera_run/LaneDetection_realsense.py -> /home/samet/hallo/install/camera_run/lib/python3.10/site-packages/camera_run
[2.861s] byte-compiling /home/samet/hallo/install/camera_run/lib/python3.10/site-packages/camera_run/LaneDetection_realsense.py to LaneDetection_realsense.cpython-310.pyc
[2.871s] running install_data
[2.913s] copying resource/camera_run -> /home/samet/hallo/install/camera_run/share/ament_index/resource_index/packages
[2.914s] copying package.xml -> /home/samet/hallo/install/camera_run/share/camera_run
[2.914s] running install_egg_info
[2.959s] removing '/home/samet/hallo/install/camera_run/lib/python3.10/site-packages/camera_run-0.0.0-py3.10.egg-info' (and everything under it)
[2.967s] Copying ../../build/camera_run/camera_run.egg-info to /home/samet/hallo/install/camera_run/lib/python3.10/site-packages/camera_run-0.0.0-py3.10.egg-info
[2.972s] running install_scripts
[3.511s] Installing ackermann_to_vesc script to /home/samet/hallo/install/camera_run/lib/camera_run
[3.512s] Installing bot script to /home/samet/hallo/install/camera_run/lib/camera_run
[3.513s] Installing detection script to /home/samet/hallo/install/camera_run/lib/camera_run
[3.514s] Installing detection_node script to /home/samet/hallo/install/camera_run/lib/camera_run
[3.514s] Installing follower script to /home/samet/hallo/install/camera_run/lib/camera_run
[3.515s] Installing intel_lane script to /home/samet/hallo/install/camera_run/lib/camera_run
[3.515s] Installing intel_lane_sub script to /home/samet/hallo/install/camera_run/lib/camera_run
[3.515s] Installing intel_pub script to /home/samet/hallo/install/camera_run/lib/camera_run
[3.515s] Installing intel_sub script to /home/samet/hallo/install/camera_run/lib/camera_run
[3.516s] Installing slope_node script to /home/samet/hallo/install/camera_run/lib/camera_run
[3.516s] Installing slope_sub script to /home/samet/hallo/install/camera_run/lib/camera_run
[3.516s] Installing steering script to /home/samet/hallo/install/camera_run/lib/camera_run
[3.516s] Installing tele script to /home/samet/hallo/install/camera_run/lib/camera_run
[3.517s] writing list of installed files to '/home/samet/hallo/build/camera_run/install.log'
[3.927s] Invoked command in '/home/samet/hallo/src/camera_run' returned '0': PYTHONPATH=/home/samet/hallo/build/camera_run/prefix_override:/home/samet/hallo/install/camera_run/lib/python3.10/site-packages:${PYTHONPATH} /usr/bin/python3 setup.py egg_info --egg-base ../../build/camera_run build --build-base /home/samet/hallo/build/camera_run/build install --record /home/samet/hallo/build/camera_run/install.log --single-version-externally-managed
