[0.328s] Invoking command in '/home/samet/hallo/build/udp_driver': CMAKE_PREFIX_PATH=/home/samet/hallo/install/io_context:/home/samet/hallo/install/asio_cmake_module:/home/samet/hallo/install/vesc:/home/samet/hallo/install/vesc_driver:/home/samet/hallo/install/vesc_ackermann:/home/samet/hallo/install/vesc_msgs:/home/samet/hallo/install/udp_driver:/home/samet/hallo/install/team_interfaces:/home/samet/hallo/install/serial_driver:/home/samet/hallo/install/camera_run:/opt/ros/humble LD_LIBRARY_PATH=/home/samet/hallo/install/io_context/lib:/home/samet/hallo/install/vesc_driver/lib:/home/samet/hallo/install/vesc_ackermann/lib:/home/samet/hallo/install/vesc_msgs/lib:/home/samet/hallo/install/udp_driver/lib:/home/samet/hallo/install/team_interfaces/lib:/home/samet/hallo/install/serial_driver/lib:/usr/lib/x86_64-linux-gnu/gazebo-11/plugins:/opt/ros/humble/opt/rviz_ogre_vendor/lib:/opt/ros/humble/lib/x86_64-linux-gnu:/opt/ros/humble/lib /usr/bin/cmake --build /home/samet/hallo/build/udp_driver -- -j8 -l8
[0.557s] [  8%] Built target gtest_main
[0.562s] [ 25%] Built target udp_sender_node_exe
[0.565s] [ 29%] Built target udp_driver
[0.574s] [ 37%] Built target udp_receiver_node_exe
[0.577s] [ 45%] Built target gtest
[0.660s] [ 58%] Built target udp_driver_nodes
[0.780s] [ 66%] Built target test_udp_data
[0.787s] [ 75%] Built target test_udp_socket
[0.802s] [ 83%] Built target test_udp_driver_nodes
[0.828s] [100%] Built target udp_bridge_node_exe
[0.829s] [ 95%] Built target test_udp_driver
[1.066s] Invoked command in '/home/samet/hallo/build/udp_driver' returned '0': CMAKE_PREFIX_PATH=/home/samet/hallo/install/io_context:/home/samet/hallo/install/asio_cmake_module:/home/samet/hallo/install/vesc:/home/samet/hallo/install/vesc_driver:/home/samet/hallo/install/vesc_ackermann:/home/samet/hallo/install/vesc_msgs:/home/samet/hallo/install/udp_driver:/home/samet/hallo/install/team_interfaces:/home/samet/hallo/install/serial_driver:/home/samet/hallo/install/camera_run:/opt/ros/humble LD_LIBRARY_PATH=/home/samet/hallo/install/io_context/lib:/home/samet/hallo/install/vesc_driver/lib:/home/samet/hallo/install/vesc_ackermann/lib:/home/samet/hallo/install/vesc_msgs/lib:/home/samet/hallo/install/udp_driver/lib:/home/samet/hallo/install/team_interfaces/lib:/home/samet/hallo/install/serial_driver/lib:/usr/lib/x86_64-linux-gnu/gazebo-11/plugins:/opt/ros/humble/opt/rviz_ogre_vendor/lib:/opt/ros/humble/lib/x86_64-linux-gnu:/opt/ros/humble/lib /usr/bin/cmake --build /home/samet/hallo/build/udp_driver -- -j8 -l8
[1.375s] Invoking command in '/home/samet/hallo/build/udp_driver': CMAKE_PREFIX_PATH=/home/samet/hallo/install/io_context:/home/samet/hallo/install/asio_cmake_module:/home/samet/hallo/install/vesc:/home/samet/hallo/install/vesc_driver:/home/samet/hallo/install/vesc_ackermann:/home/samet/hallo/install/vesc_msgs:/home/samet/hallo/install/udp_driver:/home/samet/hallo/install/team_interfaces:/home/samet/hallo/install/serial_driver:/home/samet/hallo/install/camera_run:/opt/ros/humble LD_LIBRARY_PATH=/home/samet/hallo/install/io_context/lib:/home/samet/hallo/install/vesc_driver/lib:/home/samet/hallo/install/vesc_ackermann/lib:/home/samet/hallo/install/vesc_msgs/lib:/home/samet/hallo/install/udp_driver/lib:/home/samet/hallo/install/team_interfaces/lib:/home/samet/hallo/install/serial_driver/lib:/usr/lib/x86_64-linux-gnu/gazebo-11/plugins:/opt/ros/humble/opt/rviz_ogre_vendor/lib:/opt/ros/humble/lib/x86_64-linux-gnu:/opt/ros/humble/lib /usr/bin/cmake --install /home/samet/hallo/build/udp_driver
[1.391s] -- Install configuration: ""
[1.393s] -- Up-to-date: /home/samet/hallo/install/udp_driver/lib/udp_driver/udp_receiver_node_exe
[1.395s] -- Up-to-date: /home/samet/hallo/install/udp_driver/lib/udp_driver/udp_sender_node_exe
[1.397s] -- Up-to-date: /home/samet/hallo/install/udp_driver/include
[1.398s] -- Up-to-date: /home/samet/hallo/install/udp_driver/include/udp_driver
[1.400s] -- Up-to-date: /home/samet/hallo/install/udp_driver/include/udp_driver/visibility_control.hpp
[1.400s] -- Up-to-date: /home/samet/hallo/install/udp_driver/include/udp_driver/udp_receiver_node.hpp
[1.402s] -- Up-to-date: /home/samet/hallo/install/udp_driver/include/udp_driver/udp_sender_node.hpp
[1.404s] -- Up-to-date: /home/samet/hallo/install/udp_driver/include/udp_driver/udp_socket.hpp
[1.405s] -- Up-to-date: /home/samet/hallo/install/udp_driver/include/udp_driver/udp_driver.hpp
[1.406s] -- Up-to-date: /home/samet/hallo/install/udp_driver/share/udp_driver/environment/library_path.sh
[1.407s] -- Up-to-date: /home/samet/hallo/install/udp_driver/share/udp_driver/environment/library_path.dsv
[1.409s] -- Up-to-date: /home/samet/hallo/install/udp_driver/lib/libudp_driver.so
[1.411s] -- Up-to-date: /home/samet/hallo/install/udp_driver/lib/libudp_driver_nodes.so
[1.413s] -- Up-to-date: /home/samet/hallo/install/udp_driver/lib/udp_driver/udp_bridge_node_exe
[1.414s] -- Up-to-date: /home/samet/hallo/install/udp_driver/share/ament_index/resource_index/package_run_dependencies/udp_driver
[1.416s] -- Up-to-date: /home/samet/hallo/install/udp_driver/share/ament_index/resource_index/parent_prefix_path/udp_driver
[1.418s] -- Up-to-date: /home/samet/hallo/install/udp_driver/share/udp_driver/environment/ament_prefix_path.sh
[1.418s] -- Up-to-date: /home/samet/hallo/install/udp_driver/share/udp_driver/environment/ament_prefix_path.dsv
[1.418s] -- Up-to-date: /home/samet/hallo/install/udp_driver/share/udp_driver/environment/path.sh
[1.419s] -- Up-to-date: /home/samet/hallo/install/udp_driver/share/udp_driver/environment/path.dsv
[1.421s] -- Up-to-date: /home/samet/hallo/install/udp_driver/share/udp_driver/local_setup.bash
[1.422s] -- Up-to-date: /home/samet/hallo/install/udp_driver/share/udp_driver/local_setup.sh
[1.422s] -- Up-to-date: /home/samet/hallo/install/udp_driver/share/udp_driver/local_setup.zsh
[1.424s] -- Up-to-date: /home/samet/hallo/install/udp_driver/share/udp_driver/local_setup.dsv
[1.424s] -- Installing: /home/samet/hallo/install/udp_driver/share/udp_driver/package.dsv
[1.425s] -- Up-to-date: /home/samet/hallo/install/udp_driver/share/ament_index/resource_index/packages/udp_driver
[1.425s] -- Up-to-date: /home/samet/hallo/install/udp_driver/share/ament_index/resource_index/rclcpp_components/udp_driver
[1.425s] -- Up-to-date: /home/samet/hallo/install/udp_driver/share/udp_driver/cmake/ament_cmake_export_dependencies-extras.cmake
[1.425s] -- Up-to-date: /home/samet/hallo/install/udp_driver/share/udp_driver/cmake/ament_cmake_export_include_directories-extras.cmake
[1.426s] -- Up-to-date: /home/samet/hallo/install/udp_driver/share/udp_driver/cmake/ament_cmake_export_libraries-extras.cmake
[1.426s] -- Up-to-date: /home/samet/hallo/install/udp_driver/share/udp_driver/cmake/udp_driverConfig.cmake
[1.426s] -- Up-to-date: /home/samet/hallo/install/udp_driver/share/udp_driver/cmake/udp_driverConfig-version.cmake
[1.426s] -- Up-to-date: /home/samet/hallo/install/udp_driver/share/udp_driver/package.xml
[1.537s] Invoked command in '/home/samet/hallo/build/udp_driver' returned '0': CMAKE_PREFIX_PATH=/home/samet/hallo/install/io_context:/home/samet/hallo/install/asio_cmake_module:/home/samet/hallo/install/vesc:/home/samet/hallo/install/vesc_driver:/home/samet/hallo/install/vesc_ackermann:/home/samet/hallo/install/vesc_msgs:/home/samet/hallo/install/udp_driver:/home/samet/hallo/install/team_interfaces:/home/samet/hallo/install/serial_driver:/home/samet/hallo/install/camera_run:/opt/ros/humble LD_LIBRARY_PATH=/home/samet/hallo/install/io_context/lib:/home/samet/hallo/install/vesc_driver/lib:/home/samet/hallo/install/vesc_ackermann/lib:/home/samet/hallo/install/vesc_msgs/lib:/home/samet/hallo/install/udp_driver/lib:/home/samet/hallo/install/team_interfaces/lib:/home/samet/hallo/install/serial_driver/lib:/usr/lib/x86_64-linux-gnu/gazebo-11/plugins:/opt/ros/humble/opt/rviz_ogre_vendor/lib:/opt/ros/humble/lib/x86_64-linux-gnu:/opt/ros/humble/lib /usr/bin/cmake --install /home/samet/hallo/build/udp_driver
