[0.397s] Invoking command in '/home/samet/hallo/build/vesc_ackermann': CMAKE_PREFIX_PATH=/home/samet/hallo/install/vesc_msgs:/home/samet/hallo/install/vesc:/home/samet/hallo/install/vesc_driver:/home/samet/hallo/install/vesc_ackermann:/home/samet/hallo/install/udp_driver:/home/samet/hallo/install/team_interfaces:/home/samet/hallo/install/serial_driver:/home/samet/hallo/install/io_context:/home/samet/hallo/install/asio_cmake_module:/home/samet/hallo/install/camera_run:/opt/ros/humble LD_LIBRARY_PATH=/home/samet/hallo/install/vesc_msgs/lib:/home/samet/hallo/install/vesc_driver/lib:/home/samet/hallo/install/vesc_ackermann/lib:/home/samet/hallo/install/udp_driver/lib:/home/samet/hallo/install/team_interfaces/lib:/home/samet/hallo/install/serial_driver/lib:/home/samet/hallo/install/io_context/lib:/usr/lib/x86_64-linux-gnu/gazebo-11/plugins:/opt/ros/humble/opt/rviz_ogre_vendor/lib:/opt/ros/humble/lib/x86_64-linux-gnu:/opt/ros/humble/lib /usr/bin/cmake --build /home/samet/hallo/build/vesc_ackermann -- -j8 -l8
[0.540s] [ 42%] Built target vesc_ackermann
[0.551s] [ 71%] Built target vesc_to_odom_node
[0.554s] [100%] Built target ackermann_to_vesc_node
[0.723s] Invoked command in '/home/samet/hallo/build/vesc_ackermann' returned '0': CMAKE_PREFIX_PATH=/home/samet/hallo/install/vesc_msgs:/home/samet/hallo/install/vesc:/home/samet/hallo/install/vesc_driver:/home/samet/hallo/install/vesc_ackermann:/home/samet/hallo/install/udp_driver:/home/samet/hallo/install/team_interfaces:/home/samet/hallo/install/serial_driver:/home/samet/hallo/install/io_context:/home/samet/hallo/install/asio_cmake_module:/home/samet/hallo/install/camera_run:/opt/ros/humble LD_LIBRARY_PATH=/home/samet/hallo/install/vesc_msgs/lib:/home/samet/hallo/install/vesc_driver/lib:/home/samet/hallo/install/vesc_ackermann/lib:/home/samet/hallo/install/udp_driver/lib:/home/samet/hallo/install/team_interfaces/lib:/home/samet/hallo/install/serial_driver/lib:/home/samet/hallo/install/io_context/lib:/usr/lib/x86_64-linux-gnu/gazebo-11/plugins:/opt/ros/humble/opt/rviz_ogre_vendor/lib:/opt/ros/humble/lib/x86_64-linux-gnu:/opt/ros/humble/lib /usr/bin/cmake --build /home/samet/hallo/build/vesc_ackermann -- -j8 -l8
[0.797s] Invoking command in '/home/samet/hallo/build/vesc_ackermann': CMAKE_PREFIX_PATH=/home/samet/hallo/install/vesc_msgs:/home/samet/hallo/install/vesc:/home/samet/hallo/install/vesc_driver:/home/samet/hallo/install/vesc_ackermann:/home/samet/hallo/install/udp_driver:/home/samet/hallo/install/team_interfaces:/home/samet/hallo/install/serial_driver:/home/samet/hallo/install/io_context:/home/samet/hallo/install/asio_cmake_module:/home/samet/hallo/install/camera_run:/opt/ros/humble LD_LIBRARY_PATH=/home/samet/hallo/install/vesc_msgs/lib:/home/samet/hallo/install/vesc_driver/lib:/home/samet/hallo/install/vesc_ackermann/lib:/home/samet/hallo/install/udp_driver/lib:/home/samet/hallo/install/team_interfaces/lib:/home/samet/hallo/install/serial_driver/lib:/home/samet/hallo/install/io_context/lib:/usr/lib/x86_64-linux-gnu/gazebo-11/plugins:/opt/ros/humble/opt/rviz_ogre_vendor/lib:/opt/ros/humble/lib/x86_64-linux-gnu:/opt/ros/humble/lib /usr/bin/cmake --install /home/samet/hallo/build/vesc_ackermann
[0.814s] -- Install configuration: ""
[0.814s] -- Up-to-date: /home/samet/hallo/install/vesc_ackermann/lib/vesc_ackermann/ackermann_to_vesc_node
[0.815s] -- Up-to-date: /home/samet/hallo/install/vesc_ackermann/lib/vesc_ackermann/vesc_to_odom_node
[0.815s] -- Up-to-date: /home/samet/hallo/install/vesc_ackermann/include
[0.816s] -- Up-to-date: /home/samet/hallo/install/vesc_ackermann/include/vesc_ackermann
[0.816s] -- Up-to-date: /home/samet/hallo/install/vesc_ackermann/include/vesc_ackermann/ackermann_to_vesc.hpp
[0.816s] -- Up-to-date: /home/samet/hallo/install/vesc_ackermann/include/vesc_ackermann/vesc_to_odom.hpp
[0.817s] -- Up-to-date: /home/samet/hallo/install/vesc_ackermann/share/vesc_ackermann/environment/library_path.sh
[0.817s] -- Up-to-date: /home/samet/hallo/install/vesc_ackermann/share/vesc_ackermann/environment/library_path.dsv
[0.817s] -- Up-to-date: /home/samet/hallo/install/vesc_ackermann/lib/libvesc_ackermann.so
[0.818s] -- Up-to-date: /home/samet/hallo/install/vesc_ackermann/share/vesc_ackermann/launch
[0.818s] -- Up-to-date: /home/samet/hallo/install/vesc_ackermann/share/vesc_ackermann/launch/ackermann_to_vesc_node.launch.py
[0.819s] -- Up-to-date: /home/samet/hallo/install/vesc_ackermann/share/vesc_ackermann/launch/vesc_to_odom_node.launch.py
[0.819s] -- Up-to-date: /home/samet/hallo/install/vesc_ackermann/share/ament_index/resource_index/package_run_dependencies/vesc_ackermann
[0.819s] -- Up-to-date: /home/samet/hallo/install/vesc_ackermann/share/ament_index/resource_index/parent_prefix_path/vesc_ackermann
[0.820s] -- Up-to-date: /home/samet/hallo/install/vesc_ackermann/share/vesc_ackermann/environment/ament_prefix_path.sh
[0.820s] -- Up-to-date: /home/samet/hallo/install/vesc_ackermann/share/vesc_ackermann/environment/ament_prefix_path.dsv
[0.820s] -- Up-to-date: /home/samet/hallo/install/vesc_ackermann/share/vesc_ackermann/environment/path.sh
[0.821s] -- Up-to-date: /home/samet/hallo/install/vesc_ackermann/share/vesc_ackermann/environment/path.dsv
[0.822s] -- Up-to-date: /home/samet/hallo/install/vesc_ackermann/share/vesc_ackermann/local_setup.bash
[0.822s] -- Up-to-date: /home/samet/hallo/install/vesc_ackermann/share/vesc_ackermann/local_setup.sh
[0.822s] -- Up-to-date: /home/samet/hallo/install/vesc_ackermann/share/vesc_ackermann/local_setup.zsh
[0.822s] -- Up-to-date: /home/samet/hallo/install/vesc_ackermann/share/vesc_ackermann/local_setup.dsv
[0.822s] -- Installing: /home/samet/hallo/install/vesc_ackermann/share/vesc_ackermann/package.dsv
[0.823s] -- Up-to-date: /home/samet/hallo/install/vesc_ackermann/share/ament_index/resource_index/packages/vesc_ackermann
[0.823s] -- Up-to-date: /home/samet/hallo/install/vesc_ackermann/share/ament_index/resource_index/rclcpp_components/vesc_ackermann
[0.823s] -- Up-to-date: /home/samet/hallo/install/vesc_ackermann/share/vesc_ackermann/cmake/ament_cmake_export_dependencies-extras.cmake
[0.824s] -- Up-to-date: /home/samet/hallo/install/vesc_ackermann/share/vesc_ackermann/cmake/ament_cmake_export_include_directories-extras.cmake
[0.824s] -- Up-to-date: /home/samet/hallo/install/vesc_ackermann/share/vesc_ackermann/cmake/ament_cmake_export_libraries-extras.cmake
[0.824s] -- Up-to-date: /home/samet/hallo/install/vesc_ackermann/share/vesc_ackermann/cmake/vesc_ackermannConfig.cmake
[0.825s] -- Up-to-date: /home/samet/hallo/install/vesc_ackermann/share/vesc_ackermann/cmake/vesc_ackermannConfig-version.cmake
[0.825s] -- Up-to-date: /home/samet/hallo/install/vesc_ackermann/share/vesc_ackermann/package.xml
[0.836s] Invoked command in '/home/samet/hallo/build/vesc_ackermann' returned '0': CMAKE_PREFIX_PATH=/home/samet/hallo/install/vesc_msgs:/home/samet/hallo/install/vesc:/home/samet/hallo/install/vesc_driver:/home/samet/hallo/install/vesc_ackermann:/home/samet/hallo/install/udp_driver:/home/samet/hallo/install/team_interfaces:/home/samet/hallo/install/serial_driver:/home/samet/hallo/install/io_context:/home/samet/hallo/install/asio_cmake_module:/home/samet/hallo/install/camera_run:/opt/ros/humble LD_LIBRARY_PATH=/home/samet/hallo/install/vesc_msgs/lib:/home/samet/hallo/install/vesc_driver/lib:/home/samet/hallo/install/vesc_ackermann/lib:/home/samet/hallo/install/udp_driver/lib:/home/samet/hallo/install/team_interfaces/lib:/home/samet/hallo/install/serial_driver/lib:/home/samet/hallo/install/io_context/lib:/usr/lib/x86_64-linux-gnu/gazebo-11/plugins:/opt/ros/humble/opt/rviz_ogre_vendor/lib:/opt/ros/humble/lib/x86_64-linux-gnu:/opt/ros/humble/lib /usr/bin/cmake --install /home/samet/hallo/build/vesc_ackermann
