[1.837s] Invoking command in '/home/samet/hallo/src/camera_run': PYTHONPATH=/home/samet/hallo/build/camera_run/prefix_override:/home/samet/hallo/install/camera_run/lib/python3.10/site-packages:${PYTHONPATH} /usr/bin/python3 setup.py egg_info --egg-base ../../build/camera_run build --build-base /home/samet/hallo/build/camera_run/build install --record /home/samet/hallo/build/camera_run/install.log --single-version-externally-managed
[2.320s] running egg_info
[2.355s] writing ../../build/camera_run/camera_run.egg-info/PKG-INFO
[2.356s] writing dependency_links to ../../build/camera_run/camera_run.egg-info/dependency_links.txt
[2.356s] writing entry points to ../../build/camera_run/camera_run.egg-info/entry_points.txt
[2.356s] writing requirements to ../../build/camera_run/camera_run.egg-info/requires.txt
[2.357s] writing top-level names to ../../build/camera_run/camera_run.egg-info/top_level.txt
[2.438s] reading manifest file '../../build/camera_run/camera_run.egg-info/SOURCES.txt'
[2.440s] writing manifest file '../../build/camera_run/camera_run.egg-info/SOURCES.txt'
[2.441s] running build
[2.441s] running build_py
[2.441s] copying camera_run/intel_lane.py -> /home/samet/hallo/build/camera_run/build/lib/camera_run
[2.442s] copying camera_run/intel_pub.py -> /home/samet/hallo/build/camera_run/build/lib/camera_run
[2.442s] copying camera_run/lane_recognition.py -> /home/samet/hallo/build/camera_run/build/lib/camera_run
[2.442s] copying camera_run/steering.py -> /home/samet/hallo/build/camera_run/build/lib/camera_run
[2.443s] copying camera_run/ackermann_to_vesc.py -> /home/samet/hallo/build/camera_run/build/lib/camera_run
[2.443s] copying camera_run/bot.py -> /home/samet/hallo/build/camera_run/build/lib/camera_run
[2.443s] copying camera_run/LaneDetection_realsense_2.py -> /home/samet/hallo/build/camera_run/build/lib/camera_run
[2.443s] copying camera_run/lane_follower.py -> /home/samet/hallo/build/camera_run/build/lib/camera_run
[2.444s] copying camera_run/LaneDetection_realsense.py -> /home/samet/hallo/build/camera_run/build/lib/camera_run
[2.444s] copying camera_run/slope_sub.py -> /home/samet/hallo/build/camera_run/build/lib/camera_run
[2.444s] copying camera_run/slope_node.py -> /home/samet/hallo/build/camera_run/build/lib/camera_run
[2.445s] copying camera_run/intel_lane_sub.py -> /home/samet/hallo/build/camera_run/build/lib/camera_run
[2.445s] copying camera_run/intel_sub.py -> /home/samet/hallo/build/camera_run/build/lib/camera_run
[2.445s] copying camera_run/LaneDetection.py -> /home/samet/hallo/build/camera_run/build/lib/camera_run
[2.446s] copying camera_run/__init__.py -> /home/samet/hallo/build/camera_run/build/lib/camera_run
[2.447s] running install
[2.448s] /home/samet/.local/lib/python3.10/site-packages/setuptools/_distutils/cmd.py:66: SetuptoolsDeprecationWarning: setup.py install is deprecated.
[2.448s] !!
[2.448s] 
[2.449s]         ********************************************************************************
[2.449s]         Please avoid running ``setup.py`` directly.
[2.449s]         Instead, use pypa/build, pypa/installer or other
[2.449s]         standards-based tools.
[2.449s] 
[2.449s]         See https://blog.ganssle.io/articles/2021/10/setup-py-deprecated.html for details.
[2.450s]         ********************************************************************************
[2.450s] 
[2.450s] !!
[2.450s]   self.initialize_options()
[2.460s] running install_lib
[2.497s] copying /home/samet/hallo/build/camera_run/build/lib/camera_run/LaneDetection_realsense.py -> /home/samet/hallo/install/camera_run/lib/python3.10/site-packages/camera_run
[2.499s] byte-compiling /home/samet/hallo/install/camera_run/lib/python3.10/site-packages/camera_run/LaneDetection_realsense.py to LaneDetection_realsense.cpython-310.pyc
[2.508s] running install_data
[2.546s] copying resource/camera_run -> /home/samet/hallo/install/camera_run/share/ament_index/resource_index/packages
[2.548s] copying package.xml -> /home/samet/hallo/install/camera_run/share/camera_run
[2.548s] running install_egg_info
[2.596s] removing '/home/samet/hallo/install/camera_run/lib/python3.10/site-packages/camera_run-0.0.0-py3.10.egg-info' (and everything under it)
[2.597s] Copying ../../build/camera_run/camera_run.egg-info to /home/samet/hallo/install/camera_run/lib/python3.10/site-packages/camera_run-0.0.0-py3.10.egg-info
[2.597s] running install_scripts
[2.976s] Installing ackermann_to_vesc script to /home/samet/hallo/install/camera_run/lib/camera_run
[2.976s] Installing bot script to /home/samet/hallo/install/camera_run/lib/camera_run
[2.977s] Installing detection script to /home/samet/hallo/install/camera_run/lib/camera_run
[2.977s] Installing detection_node script to /home/samet/hallo/install/camera_run/lib/camera_run
[2.977s] Installing follower script to /home/samet/hallo/install/camera_run/lib/camera_run
[2.977s] Installing intel_lane script to /home/samet/hallo/install/camera_run/lib/camera_run
[2.978s] Installing intel_lane_sub script to /home/samet/hallo/install/camera_run/lib/camera_run
[2.978s] Installing intel_pub script to /home/samet/hallo/install/camera_run/lib/camera_run
[2.978s] Installing intel_sub script to /home/samet/hallo/install/camera_run/lib/camera_run
[2.978s] Installing slope_node script to /home/samet/hallo/install/camera_run/lib/camera_run
[2.979s] Installing slope_sub script to /home/samet/hallo/install/camera_run/lib/camera_run
[2.979s] Installing steering script to /home/samet/hallo/install/camera_run/lib/camera_run
[2.980s] writing list of installed files to '/home/samet/hallo/build/camera_run/install.log'
[3.363s] Invoked command in '/home/samet/hallo/src/camera_run' returned '0': PYTHONPATH=/home/samet/hallo/build/camera_run/prefix_override:/home/samet/hallo/install/camera_run/lib/python3.10/site-packages:${PYTHONPATH} /usr/bin/python3 setup.py egg_info --egg-base ../../build/camera_run build --build-base /home/samet/hallo/build/camera_run/build install --record /home/samet/hallo/build/camera_run/install.log --single-version-externally-managed
