[2.351s] Invoking command in '/home/samet/hallo/src/camera_run': PYTHONPATH=/home/samet/hallo/build/camera_run/prefix_override:/home/samet/hallo/install/camera_run/lib/python3.10/site-packages:${PYTHONPATH} /usr/bin/python3 setup.py egg_info --egg-base ../../build/camera_run build --build-base /home/samet/hallo/build/camera_run/build install --record /home/samet/hallo/build/camera_run/install.log --single-version-externally-managed
[2.903s] running egg_info
[2.958s] writing ../../build/camera_run/camera_run.egg-info/PKG-INFO
[2.963s] writing dependency_links to ../../build/camera_run/camera_run.egg-info/dependency_links.txt
[2.963s] writing entry points to ../../build/camera_run/camera_run.egg-info/entry_points.txt
[2.963s] writing requirements to ../../build/camera_run/camera_run.egg-info/requires.txt
[2.964s] writing top-level names to ../../build/camera_run/camera_run.egg-info/top_level.txt
[3.049s] reading manifest file '../../build/camera_run/camera_run.egg-info/SOURCES.txt'
[3.053s] writing manifest file '../../build/camera_run/camera_run.egg-info/SOURCES.txt'
[3.053s] running build
[3.053s] running build_py
[3.053s] copying camera_run/intel_lane.py -> /home/samet/hallo/build/camera_run/build/lib/camera_run
[3.054s] copying camera_run/intel_pub.py -> /home/samet/hallo/build/camera_run/build/lib/camera_run
[3.054s] copying camera_run/lane_recognition.py -> /home/samet/hallo/build/camera_run/build/lib/camera_run
[3.055s] copying camera_run/steering.py -> /home/samet/hallo/build/camera_run/build/lib/camera_run
[3.055s] copying camera_run/ackermann_to_vesc.py -> /home/samet/hallo/build/camera_run/build/lib/camera_run
[3.055s] copying camera_run/bot.py -> /home/samet/hallo/build/camera_run/build/lib/camera_run
[3.056s] copying camera_run/lane_follower.py -> /home/samet/hallo/build/camera_run/build/lib/camera_run
[3.056s] copying camera_run/LaneDetection_realsense.py -> /home/samet/hallo/build/camera_run/build/lib/camera_run
[3.056s] copying camera_run/slope_sub.py -> /home/samet/hallo/build/camera_run/build/lib/camera_run
[3.057s] copying camera_run/slope_node.py -> /home/samet/hallo/build/camera_run/build/lib/camera_run
[3.058s] copying camera_run/intel_lane_sub.py -> /home/samet/hallo/build/camera_run/build/lib/camera_run
[3.058s] copying camera_run/intel_sub.py -> /home/samet/hallo/build/camera_run/build/lib/camera_run
[3.058s] copying camera_run/__init__.py -> /home/samet/hallo/build/camera_run/build/lib/camera_run
[3.059s] copying camera_run/teleop.py -> /home/samet/hallo/build/camera_run/build/lib/camera_run
[3.060s] running install
[3.060s] /home/samet/.local/lib/python3.10/site-packages/setuptools/_distutils/cmd.py:66: SetuptoolsDeprecationWarning: setup.py install is deprecated.
[3.061s] !!
[3.061s] 
[3.061s]         ********************************************************************************
[3.061s]         Please avoid running ``setup.py`` directly.
[3.061s]         Instead, use pypa/build, pypa/installer or other
[3.062s]         standards-based tools.
[3.062s] 
[3.062s]         See https://blog.ganssle.io/articles/2021/10/setup-py-deprecated.html for details.
[3.062s]         ********************************************************************************
[3.062s] 
[3.062s] !!
[3.062s]   self.initialize_options()
[3.075s] running install_lib
[3.123s] copying /home/samet/hallo/build/camera_run/build/lib/camera_run/LaneDetection_realsense.py -> /home/samet/hallo/install/camera_run/lib/python3.10/site-packages/camera_run
[3.125s] byte-compiling /home/samet/hallo/install/camera_run/lib/python3.10/site-packages/camera_run/LaneDetection_realsense.py to LaneDetection_realsense.cpython-310.pyc
[3.132s] running install_data
[3.180s] copying resource/camera_run -> /home/samet/hallo/install/camera_run/share/ament_index/resource_index/packages
[3.181s] copying package.xml -> /home/samet/hallo/install/camera_run/share/camera_run
[3.181s] running install_egg_info
[3.239s] removing '/home/samet/hallo/install/camera_run/lib/python3.10/site-packages/camera_run-0.0.0-py3.10.egg-info' (and everything under it)
[3.251s] Copying ../../build/camera_run/camera_run.egg-info to /home/samet/hallo/install/camera_run/lib/python3.10/site-packages/camera_run-0.0.0-py3.10.egg-info
[3.252s] running install_scripts
[3.650s] Installing ackermann_to_vesc script to /home/samet/hallo/install/camera_run/lib/camera_run
[3.651s] Installing bot script to /home/samet/hallo/install/camera_run/lib/camera_run
[3.651s] Installing detection script to /home/samet/hallo/install/camera_run/lib/camera_run
[3.652s] Installing detection_node script to /home/samet/hallo/install/camera_run/lib/camera_run
[3.653s] Installing follower script to /home/samet/hallo/install/camera_run/lib/camera_run
[3.653s] Installing intel_lane script to /home/samet/hallo/install/camera_run/lib/camera_run
[3.655s] Installing intel_lane_sub script to /home/samet/hallo/install/camera_run/lib/camera_run
[3.655s] Installing intel_pub script to /home/samet/hallo/install/camera_run/lib/camera_run
[3.655s] Installing intel_sub script to /home/samet/hallo/install/camera_run/lib/camera_run
[3.655s] Installing slope_node script to /home/samet/hallo/install/camera_run/lib/camera_run
[3.656s] Installing slope_sub script to /home/samet/hallo/install/camera_run/lib/camera_run
[3.656s] Installing steering script to /home/samet/hallo/install/camera_run/lib/camera_run
[3.656s] Installing tele script to /home/samet/hallo/install/camera_run/lib/camera_run
[3.656s] writing list of installed files to '/home/samet/hallo/build/camera_run/install.log'
[3.964s] Invoked command in '/home/samet/hallo/src/camera_run' returned '0': PYTHONPATH=/home/samet/hallo/build/camera_run/prefix_override:/home/samet/hallo/install/camera_run/lib/python3.10/site-packages:${PYTHONPATH} /usr/bin/python3 setup.py egg_info --egg-base ../../build/camera_run build --build-base /home/samet/hallo/build/camera_run/build install --record /home/samet/hallo/build/camera_run/install.log --single-version-externally-managed
