[2.776s] Invoking command in '/home/samet/hallo/src/camera_run': PYTHONPATH=/home/samet/hallo/build/camera_run/prefix_override:/home/samet/hallo/install/camera_run/lib/python3.10/site-packages:${PYTHONPATH} /usr/bin/python3 setup.py egg_info --egg-base ../../build/camera_run build --build-base /home/samet/hallo/build/camera_run/build install --record /home/samet/hallo/build/camera_run/install.log --single-version-externally-managed
[3.191s] running egg_info
[3.219s] writing ../../build/camera_run/camera_run.egg-info/PKG-INFO
[3.220s] writing dependency_links to ../../build/camera_run/camera_run.egg-info/dependency_links.txt
[3.220s] writing entry points to ../../build/camera_run/camera_run.egg-info/entry_points.txt
[3.221s] writing requirements to ../../build/camera_run/camera_run.egg-info/requires.txt
[3.221s] writing top-level names to ../../build/camera_run/camera_run.egg-info/top_level.txt
[3.304s] reading manifest file '../../build/camera_run/camera_run.egg-info/SOURCES.txt'
[3.332s] writing manifest file '../../build/camera_run/camera_run.egg-info/SOURCES.txt'
[3.332s] running build
[3.332s] running build_py
[3.332s] copying camera_run/intel_lane.py -> /home/samet/hallo/build/camera_run/build/lib/camera_run
[3.332s] copying camera_run/intel_pub.py -> /home/samet/hallo/build/camera_run/build/lib/camera_run
[3.332s] copying camera_run/lane_recognition.py -> /home/samet/hallo/build/camera_run/build/lib/camera_run
[3.333s] copying camera_run/steering.py -> /home/samet/hallo/build/camera_run/build/lib/camera_run
[3.333s] copying camera_run/ackermann_to_vesc.py -> /home/samet/hallo/build/camera_run/build/lib/camera_run
[3.333s] copying camera_run/bot.py -> /home/samet/hallo/build/camera_run/build/lib/camera_run
[3.333s] copying camera_run/lane_follower.py -> /home/samet/hallo/build/camera_run/build/lib/camera_run
[3.333s] copying camera_run/LaneDetection_realsense.py -> /home/samet/hallo/build/camera_run/build/lib/camera_run
[3.333s] copying camera_run/slope_sub.py -> /home/samet/hallo/build/camera_run/build/lib/camera_run
[3.333s] copying camera_run/slope_node.py -> /home/samet/hallo/build/camera_run/build/lib/camera_run
[3.334s] copying camera_run/intel_lane_sub.py -> /home/samet/hallo/build/camera_run/build/lib/camera_run
[3.334s] copying camera_run/intel_sub.py -> /home/samet/hallo/build/camera_run/build/lib/camera_run
[3.334s] copying camera_run/__init__.py -> /home/samet/hallo/build/camera_run/build/lib/camera_run
[3.335s] copying camera_run/teleop.py -> /home/samet/hallo/build/camera_run/build/lib/camera_run
[3.336s] running install
[3.336s] /home/samet/.local/lib/python3.10/site-packages/setuptools/_distutils/cmd.py:66: SetuptoolsDeprecationWarning: setup.py install is deprecated.
[3.336s] !!
[3.336s] 
[3.336s]         ********************************************************************************
[3.336s]         Please avoid running ``setup.py`` directly.
[3.337s]         Instead, use pypa/build, pypa/installer or other
[3.337s]         standards-based tools.
[3.337s] 
[3.337s]         See https://blog.ganssle.io/articles/2021/10/setup-py-deprecated.html for details.
[3.337s]         ********************************************************************************
[3.337s] 
[3.337s] !!
[3.337s]   self.initialize_options()
[3.339s] running install_lib
[3.384s] copying /home/samet/hallo/build/camera_run/build/lib/camera_run/teleop.py -> /home/samet/hallo/install/camera_run/lib/python3.10/site-packages/camera_run
[3.398s] byte-compiling /home/samet/hallo/install/camera_run/lib/python3.10/site-packages/camera_run/teleop.py to teleop.cpython-310.pyc
[3.399s] running install_data
[3.441s] copying resource/camera_run -> /home/samet/hallo/install/camera_run/share/ament_index/resource_index/packages
[3.441s] copying package.xml -> /home/samet/hallo/install/camera_run/share/camera_run
[3.443s] running install_egg_info
[3.497s] removing '/home/samet/hallo/install/camera_run/lib/python3.10/site-packages/camera_run-0.0.0-py3.10.egg-info' (and everything under it)
[3.527s] Copying ../../build/camera_run/camera_run.egg-info to /home/samet/hallo/install/camera_run/lib/python3.10/site-packages/camera_run-0.0.0-py3.10.egg-info
[3.527s] running install_scripts
[4.025s] Installing ackermann_to_vesc script to /home/samet/hallo/install/camera_run/lib/camera_run
[4.026s] Installing bot script to /home/samet/hallo/install/camera_run/lib/camera_run
[4.026s] Installing detection script to /home/samet/hallo/install/camera_run/lib/camera_run
[4.027s] Installing detection_node script to /home/samet/hallo/install/camera_run/lib/camera_run
[4.027s] Installing follower script to /home/samet/hallo/install/camera_run/lib/camera_run
[4.029s] Installing intel_lane script to /home/samet/hallo/install/camera_run/lib/camera_run
[4.030s] Installing intel_lane_sub script to /home/samet/hallo/install/camera_run/lib/camera_run
[4.030s] Installing intel_pub script to /home/samet/hallo/install/camera_run/lib/camera_run
[4.030s] Installing intel_sub script to /home/samet/hallo/install/camera_run/lib/camera_run
[4.030s] Installing slope_node script to /home/samet/hallo/install/camera_run/lib/camera_run
[4.030s] Installing slope_sub script to /home/samet/hallo/install/camera_run/lib/camera_run
[4.031s] Installing steering script to /home/samet/hallo/install/camera_run/lib/camera_run
[4.031s] Installing tele script to /home/samet/hallo/install/camera_run/lib/camera_run
[4.032s] writing list of installed files to '/home/samet/hallo/build/camera_run/install.log'
[4.186s] Invoked command in '/home/samet/hallo/src/camera_run' returned '0': PYTHONPATH=/home/samet/hallo/build/camera_run/prefix_override:/home/samet/hallo/install/camera_run/lib/python3.10/site-packages:${PYTHONPATH} /usr/bin/python3 setup.py egg_info --egg-base ../../build/camera_run build --build-base /home/samet/hallo/build/camera_run/build install --record /home/samet/hallo/build/camera_run/install.log --single-version-externally-managed
