[1.275s] DEBUG:colcon:Command line arguments: ['/usr/bin/colcon', 'build']
[1.275s] DEBUG:colcon:Parsed command line arguments: Namespace(log_base=None, log_level=None, verb_name='build', build_base='build', install_base='install', merge_install=False, symlink_install=False, test_result_base=None, continue_on_error=False, executor='parallel', parallel_workers=8, event_handlers=None, ignore_user_meta=False, metas=['./colcon.meta'], base_paths=['.'], packages_ignore=None, packages_ignore_regex=None, paths=None, packages_up_to=None, packages_up_to_regex=None, packages_above=None, packages_above_and_dependencies=None, packages_above_depth=None, packages_select_by_dep=None, packages_skip_by_dep=None, packages_skip_up_to=None, packages_select_build_failed=False, packages_skip_build_finished=False, packages_select_test_failures=False, packages_skip_test_passed=False, packages_select=None, packages_skip=None, packages_select_regex=None, packages_skip_regex=None, packages_start=None, packages_end=None, allow_overriding=[], cmake_args=None, cmake_target=None, cmake_target_skip_unavailable=False, cmake_clean_cache=False, cmake_clean_first=False, cmake_force_configure=False, ament_cmake_args=None, catkin_cmake_args=None, catkin_skip_building_tests=False, verb_parser=<colcon_defaults.argument_parser.defaults.DefaultArgumentsDecorator object at 0x7fe9fad3f340>, verb_extension=<colcon_core.verb.build.BuildVerb object at 0x7fe9fad3eef0>, main=<bound method BuildVerb.main of <colcon_core.verb.build.BuildVerb object at 0x7fe9fad3eef0>>)
[1.346s] Level 1:colcon.colcon_core.package_discovery:discover_packages(colcon_meta) check parameters
[1.346s] Level 1:colcon.colcon_core.package_discovery:discover_packages(recursive) check parameters
[1.346s] Level 1:colcon.colcon_core.package_discovery:discover_packages(ignore) check parameters
[1.346s] Level 1:colcon.colcon_core.package_discovery:discover_packages(path) check parameters
[1.346s] Level 1:colcon.colcon_core.package_discovery:discover_packages(colcon_meta) discover
[1.346s] Level 1:colcon.colcon_core.package_discovery:discover_packages(recursive) discover
[1.346s] INFO:colcon.colcon_core.package_discovery:Crawling recursively for packages in '/home/samet/hallo'
[1.346s] Level 1:colcon.colcon_core.package_identification:_identify(.) by extensions ['ignore', 'ignore_ament_install']
[1.346s] Level 1:colcon.colcon_core.package_identification:_identify(.) by extension 'ignore'
[1.346s] Level 1:colcon.colcon_core.package_identification:_identify(.) by extension 'ignore_ament_install'
[1.347s] Level 1:colcon.colcon_core.package_identification:_identify(.) by extensions ['colcon_pkg']
[1.347s] Level 1:colcon.colcon_core.package_identification:_identify(.) by extension 'colcon_pkg'
[1.347s] Level 1:colcon.colcon_core.package_identification:_identify(.) by extensions ['colcon_meta']
[1.347s] Level 1:colcon.colcon_core.package_identification:_identify(.) by extension 'colcon_meta'
[1.347s] Level 1:colcon.colcon_core.package_identification:_identify(.) by extensions ['ros']
[1.347s] Level 1:colcon.colcon_core.package_identification:_identify(.) by extension 'ros'
[1.362s] Level 1:colcon.colcon_core.package_identification:_identify(.) by extensions ['cmake', 'python']
[1.362s] Level 1:colcon.colcon_core.package_identification:_identify(.) by extension 'cmake'
[1.362s] Level 1:colcon.colcon_core.package_identification:_identify(.) by extension 'python'
[1.362s] Level 1:colcon.colcon_core.package_identification:_identify(.) by extensions ['python_setup_py']
[1.362s] Level 1:colcon.colcon_core.package_identification:_identify(.) by extension 'python_setup_py'
[1.362s] Level 1:colcon.colcon_core.package_identification:_identify(build) by extensions ['ignore', 'ignore_ament_install']
[1.362s] Level 1:colcon.colcon_core.package_identification:_identify(build) by extension 'ignore'
[1.362s] Level 1:colcon.colcon_core.package_identification:_identify(build) ignored
[1.363s] Level 1:colcon.colcon_core.package_identification:_identify(install) by extensions ['ignore', 'ignore_ament_install']
[1.363s] Level 1:colcon.colcon_core.package_identification:_identify(install) by extension 'ignore'
[1.363s] Level 1:colcon.colcon_core.package_identification:_identify(install) ignored
[1.363s] Level 1:colcon.colcon_core.package_identification:_identify(log) by extensions ['ignore', 'ignore_ament_install']
[1.363s] Level 1:colcon.colcon_core.package_identification:_identify(log) by extension 'ignore'
[1.363s] Level 1:colcon.colcon_core.package_identification:_identify(log) ignored
[1.363s] Level 1:colcon.colcon_core.package_identification:_identify(src) by extensions ['ignore', 'ignore_ament_install']
[1.363s] Level 1:colcon.colcon_core.package_identification:_identify(src) by extension 'ignore'
[1.363s] Level 1:colcon.colcon_core.package_identification:_identify(src) by extension 'ignore_ament_install'
[1.364s] Level 1:colcon.colcon_core.package_identification:_identify(src) by extensions ['colcon_pkg']
[1.364s] Level 1:colcon.colcon_core.package_identification:_identify(src) by extension 'colcon_pkg'
[1.364s] Level 1:colcon.colcon_core.package_identification:_identify(src) by extensions ['colcon_meta']
[1.364s] Level 1:colcon.colcon_core.package_identification:_identify(src) by extension 'colcon_meta'
[1.364s] Level 1:colcon.colcon_core.package_identification:_identify(src) by extensions ['ros']
[1.364s] Level 1:colcon.colcon_core.package_identification:_identify(src) by extension 'ros'
[1.364s] Level 1:colcon.colcon_core.package_identification:_identify(src) by extensions ['cmake', 'python']
[1.364s] Level 1:colcon.colcon_core.package_identification:_identify(src) by extension 'cmake'
[1.364s] Level 1:colcon.colcon_core.package_identification:_identify(src) by extension 'python'
[1.364s] Level 1:colcon.colcon_core.package_identification:_identify(src) by extensions ['python_setup_py']
[1.364s] Level 1:colcon.colcon_core.package_identification:_identify(src) by extension 'python_setup_py'
[1.364s] Level 1:colcon.colcon_core.package_identification:_identify(src/camera_run) by extensions ['ignore', 'ignore_ament_install']
[1.364s] Level 1:colcon.colcon_core.package_identification:_identify(src/camera_run) by extension 'ignore'
[1.364s] Level 1:colcon.colcon_core.package_identification:_identify(src/camera_run) by extension 'ignore_ament_install'
[1.364s] Level 1:colcon.colcon_core.package_identification:_identify(src/camera_run) by extensions ['colcon_pkg']
[1.364s] Level 1:colcon.colcon_core.package_identification:_identify(src/camera_run) by extension 'colcon_pkg'
[1.364s] Level 1:colcon.colcon_core.package_identification:_identify(src/camera_run) by extensions ['colcon_meta']
[1.364s] Level 1:colcon.colcon_core.package_identification:_identify(src/camera_run) by extension 'colcon_meta'
[1.364s] Level 1:colcon.colcon_core.package_identification:_identify(src/camera_run) by extensions ['ros']
[1.365s] Level 1:colcon.colcon_core.package_identification:_identify(src/camera_run) by extension 'ros'
[1.367s] DEBUG:colcon.colcon_core.package_identification:Package 'src/camera_run' with type 'ros.ament_python' and name 'camera_run'
[1.367s] Level 1:colcon.colcon_core.package_identification:_identify(src/pyrealsense2) by extensions ['ignore', 'ignore_ament_install']
[1.367s] Level 1:colcon.colcon_core.package_identification:_identify(src/pyrealsense2) by extension 'ignore'
[1.367s] Level 1:colcon.colcon_core.package_identification:_identify(src/pyrealsense2) by extension 'ignore_ament_install'
[1.367s] Level 1:colcon.colcon_core.package_identification:_identify(src/pyrealsense2) by extensions ['colcon_pkg']
[1.368s] Level 1:colcon.colcon_core.package_identification:_identify(src/pyrealsense2) by extension 'colcon_pkg'
[1.368s] Level 1:colcon.colcon_core.package_identification:_identify(src/pyrealsense2) by extensions ['colcon_meta']
[1.368s] Level 1:colcon.colcon_core.package_identification:_identify(src/pyrealsense2) by extension 'colcon_meta'
[1.368s] Level 1:colcon.colcon_core.package_identification:_identify(src/pyrealsense2) by extensions ['ros']
[1.368s] Level 1:colcon.colcon_core.package_identification:_identify(src/pyrealsense2) by extension 'ros'
[1.368s] Level 1:colcon.colcon_core.package_identification:_identify(src/pyrealsense2) by extensions ['cmake', 'python']
[1.368s] Level 1:colcon.colcon_core.package_identification:_identify(src/pyrealsense2) by extension 'cmake'
[1.368s] Level 1:colcon.colcon_core.package_identification:_identify(src/pyrealsense2) by extension 'python'
[1.368s] Level 1:colcon.colcon_core.package_identification:_identify(src/pyrealsense2) by extensions ['python_setup_py']
[1.368s] Level 1:colcon.colcon_core.package_identification:_identify(src/pyrealsense2) by extension 'python_setup_py'
[1.368s] Level 1:colcon.colcon_core.package_identification:_identify(src/team_interfaces) by extensions ['ignore', 'ignore_ament_install']
[1.368s] Level 1:colcon.colcon_core.package_identification:_identify(src/team_interfaces) by extension 'ignore'
[1.369s] Level 1:colcon.colcon_core.package_identification:_identify(src/team_interfaces) by extension 'ignore_ament_install'
[1.369s] Level 1:colcon.colcon_core.package_identification:_identify(src/team_interfaces) by extensions ['colcon_pkg']
[1.369s] Level 1:colcon.colcon_core.package_identification:_identify(src/team_interfaces) by extension 'colcon_pkg'
[1.369s] Level 1:colcon.colcon_core.package_identification:_identify(src/team_interfaces) by extensions ['colcon_meta']
[1.369s] Level 1:colcon.colcon_core.package_identification:_identify(src/team_interfaces) by extension 'colcon_meta'
[1.369s] Level 1:colcon.colcon_core.package_identification:_identify(src/team_interfaces) by extensions ['ros']
[1.369s] Level 1:colcon.colcon_core.package_identification:_identify(src/team_interfaces) by extension 'ros'
[1.370s] DEBUG:colcon.colcon_core.package_identification:Package 'src/team_interfaces' with type 'ros.ament_cmake' and name 'team_interfaces'
[1.370s] Level 1:colcon.colcon_core.package_identification:_identify(src/transport_drivers) by extensions ['ignore', 'ignore_ament_install']
[1.370s] Level 1:colcon.colcon_core.package_identification:_identify(src/transport_drivers) by extension 'ignore'
[1.370s] Level 1:colcon.colcon_core.package_identification:_identify(src/transport_drivers) by extension 'ignore_ament_install'
[1.370s] Level 1:colcon.colcon_core.package_identification:_identify(src/transport_drivers) by extensions ['colcon_pkg']
[1.370s] Level 1:colcon.colcon_core.package_identification:_identify(src/transport_drivers) by extension 'colcon_pkg'
[1.370s] Level 1:colcon.colcon_core.package_identification:_identify(src/transport_drivers) by extensions ['colcon_meta']
[1.370s] Level 1:colcon.colcon_core.package_identification:_identify(src/transport_drivers) by extension 'colcon_meta'
[1.370s] Level 1:colcon.colcon_core.package_identification:_identify(src/transport_drivers) by extensions ['ros']
[1.370s] Level 1:colcon.colcon_core.package_identification:_identify(src/transport_drivers) by extension 'ros'
[1.371s] Level 1:colcon.colcon_core.package_identification:_identify(src/transport_drivers) by extensions ['cmake', 'python']
[1.371s] Level 1:colcon.colcon_core.package_identification:_identify(src/transport_drivers) by extension 'cmake'
[1.371s] Level 1:colcon.colcon_core.package_identification:_identify(src/transport_drivers) by extension 'python'
[1.371s] Level 1:colcon.colcon_core.package_identification:_identify(src/transport_drivers) by extensions ['python_setup_py']
[1.371s] Level 1:colcon.colcon_core.package_identification:_identify(src/transport_drivers) by extension 'python_setup_py'
[1.371s] Level 1:colcon.colcon_core.package_identification:_identify(src/transport_drivers/asio_cmake_module) by extensions ['ignore', 'ignore_ament_install']
[1.371s] Level 1:colcon.colcon_core.package_identification:_identify(src/transport_drivers/asio_cmake_module) by extension 'ignore'
[1.371s] Level 1:colcon.colcon_core.package_identification:_identify(src/transport_drivers/asio_cmake_module) by extension 'ignore_ament_install'
[1.371s] Level 1:colcon.colcon_core.package_identification:_identify(src/transport_drivers/asio_cmake_module) by extensions ['colcon_pkg']
[1.371s] Level 1:colcon.colcon_core.package_identification:_identify(src/transport_drivers/asio_cmake_module) by extension 'colcon_pkg'
[1.371s] Level 1:colcon.colcon_core.package_identification:_identify(src/transport_drivers/asio_cmake_module) by extensions ['colcon_meta']
[1.371s] Level 1:colcon.colcon_core.package_identification:_identify(src/transport_drivers/asio_cmake_module) by extension 'colcon_meta'
[1.372s] Level 1:colcon.colcon_core.package_identification:_identify(src/transport_drivers/asio_cmake_module) by extensions ['ros']
[1.372s] Level 1:colcon.colcon_core.package_identification:_identify(src/transport_drivers/asio_cmake_module) by extension 'ros'
[1.373s] DEBUG:colcon.colcon_core.package_identification:Package 'src/transport_drivers/asio_cmake_module' with type 'ros.ament_cmake' and name 'asio_cmake_module'
[1.373s] Level 1:colcon.colcon_core.package_identification:_identify(src/transport_drivers/io_context) by extensions ['ignore', 'ignore_ament_install']
[1.373s] Level 1:colcon.colcon_core.package_identification:_identify(src/transport_drivers/io_context) by extension 'ignore'
[1.373s] Level 1:colcon.colcon_core.package_identification:_identify(src/transport_drivers/io_context) by extension 'ignore_ament_install'
[1.373s] Level 1:colcon.colcon_core.package_identification:_identify(src/transport_drivers/io_context) by extensions ['colcon_pkg']
[1.373s] Level 1:colcon.colcon_core.package_identification:_identify(src/transport_drivers/io_context) by extension 'colcon_pkg'
[1.373s] Level 1:colcon.colcon_core.package_identification:_identify(src/transport_drivers/io_context) by extensions ['colcon_meta']
[1.373s] Level 1:colcon.colcon_core.package_identification:_identify(src/transport_drivers/io_context) by extension 'colcon_meta'
[1.373s] Level 1:colcon.colcon_core.package_identification:_identify(src/transport_drivers/io_context) by extensions ['ros']
[1.373s] Level 1:colcon.colcon_core.package_identification:_identify(src/transport_drivers/io_context) by extension 'ros'
[1.374s] DEBUG:colcon.colcon_core.package_identification:Package 'src/transport_drivers/io_context' with type 'ros.ament_cmake' and name 'io_context'
[1.375s] Level 1:colcon.colcon_core.package_identification:_identify(src/transport_drivers/serial_driver) by extensions ['ignore', 'ignore_ament_install']
[1.375s] Level 1:colcon.colcon_core.package_identification:_identify(src/transport_drivers/serial_driver) by extension 'ignore'
[1.375s] Level 1:colcon.colcon_core.package_identification:_identify(src/transport_drivers/serial_driver) by extension 'ignore_ament_install'
[1.375s] Level 1:colcon.colcon_core.package_identification:_identify(src/transport_drivers/serial_driver) by extensions ['colcon_pkg']
[1.375s] Level 1:colcon.colcon_core.package_identification:_identify(src/transport_drivers/serial_driver) by extension 'colcon_pkg'
[1.375s] Level 1:colcon.colcon_core.package_identification:_identify(src/transport_drivers/serial_driver) by extensions ['colcon_meta']
[1.375s] Level 1:colcon.colcon_core.package_identification:_identify(src/transport_drivers/serial_driver) by extension 'colcon_meta'
[1.375s] Level 1:colcon.colcon_core.package_identification:_identify(src/transport_drivers/serial_driver) by extensions ['ros']
[1.375s] Level 1:colcon.colcon_core.package_identification:_identify(src/transport_drivers/serial_driver) by extension 'ros'
[1.376s] DEBUG:colcon.colcon_core.package_identification:Package 'src/transport_drivers/serial_driver' with type 'ros.ament_cmake' and name 'serial_driver'
[1.376s] Level 1:colcon.colcon_core.package_identification:_identify(src/transport_drivers/udp_driver) by extensions ['ignore', 'ignore_ament_install']
[1.377s] Level 1:colcon.colcon_core.package_identification:_identify(src/transport_drivers/udp_driver) by extension 'ignore'
[1.377s] Level 1:colcon.colcon_core.package_identification:_identify(src/transport_drivers/udp_driver) by extension 'ignore_ament_install'
[1.377s] Level 1:colcon.colcon_core.package_identification:_identify(src/transport_drivers/udp_driver) by extensions ['colcon_pkg']
[1.377s] Level 1:colcon.colcon_core.package_identification:_identify(src/transport_drivers/udp_driver) by extension 'colcon_pkg'
[1.377s] Level 1:colcon.colcon_core.package_identification:_identify(src/transport_drivers/udp_driver) by extensions ['colcon_meta']
[1.377s] Level 1:colcon.colcon_core.package_identification:_identify(src/transport_drivers/udp_driver) by extension 'colcon_meta'
[1.377s] Level 1:colcon.colcon_core.package_identification:_identify(src/transport_drivers/udp_driver) by extensions ['ros']
[1.377s] Level 1:colcon.colcon_core.package_identification:_identify(src/transport_drivers/udp_driver) by extension 'ros'
[1.378s] DEBUG:colcon.colcon_core.package_identification:Package 'src/transport_drivers/udp_driver' with type 'ros.ament_cmake' and name 'udp_driver'
[1.379s] Level 1:colcon.colcon_core.package_identification:_identify(src/vesc) by extensions ['ignore', 'ignore_ament_install']
[1.379s] Level 1:colcon.colcon_core.package_identification:_identify(src/vesc) by extension 'ignore'
[1.379s] Level 1:colcon.colcon_core.package_identification:_identify(src/vesc) by extension 'ignore_ament_install'
[1.379s] Level 1:colcon.colcon_core.package_identification:_identify(src/vesc) by extensions ['colcon_pkg']
[1.379s] Level 1:colcon.colcon_core.package_identification:_identify(src/vesc) by extension 'colcon_pkg'
[1.379s] Level 1:colcon.colcon_core.package_identification:_identify(src/vesc) by extensions ['colcon_meta']
[1.379s] Level 1:colcon.colcon_core.package_identification:_identify(src/vesc) by extension 'colcon_meta'
[1.379s] Level 1:colcon.colcon_core.package_identification:_identify(src/vesc) by extensions ['ros']
[1.379s] Level 1:colcon.colcon_core.package_identification:_identify(src/vesc) by extension 'ros'
[1.379s] Level 1:colcon.colcon_core.package_identification:_identify(src/vesc) by extensions ['cmake', 'python']
[1.379s] Level 1:colcon.colcon_core.package_identification:_identify(src/vesc) by extension 'cmake'
[1.379s] Level 1:colcon.colcon_core.package_identification:_identify(src/vesc) by extension 'python'
[1.379s] Level 1:colcon.colcon_core.package_identification:_identify(src/vesc) by extensions ['python_setup_py']
[1.379s] Level 1:colcon.colcon_core.package_identification:_identify(src/vesc) by extension 'python_setup_py'
[1.380s] Level 1:colcon.colcon_core.package_identification:_identify(src/vesc/vesc) by extensions ['ignore', 'ignore_ament_install']
[1.380s] Level 1:colcon.colcon_core.package_identification:_identify(src/vesc/vesc) by extension 'ignore'
[1.380s] Level 1:colcon.colcon_core.package_identification:_identify(src/vesc/vesc) by extension 'ignore_ament_install'
[1.380s] Level 1:colcon.colcon_core.package_identification:_identify(src/vesc/vesc) by extensions ['colcon_pkg']
[1.380s] Level 1:colcon.colcon_core.package_identification:_identify(src/vesc/vesc) by extension 'colcon_pkg'
[1.380s] Level 1:colcon.colcon_core.package_identification:_identify(src/vesc/vesc) by extensions ['colcon_meta']
[1.380s] Level 1:colcon.colcon_core.package_identification:_identify(src/vesc/vesc) by extension 'colcon_meta'
[1.380s] Level 1:colcon.colcon_core.package_identification:_identify(src/vesc/vesc) by extensions ['ros']
[1.380s] Level 1:colcon.colcon_core.package_identification:_identify(src/vesc/vesc) by extension 'ros'
[1.381s] DEBUG:colcon.colcon_core.package_identification:Package 'src/vesc/vesc' with type 'ros.ament_cmake' and name 'vesc'
[1.381s] Level 1:colcon.colcon_core.package_identification:_identify(src/vesc/vesc_ackermann) by extensions ['ignore', 'ignore_ament_install']
[1.382s] Level 1:colcon.colcon_core.package_identification:_identify(src/vesc/vesc_ackermann) by extension 'ignore'
[1.382s] Level 1:colcon.colcon_core.package_identification:_identify(src/vesc/vesc_ackermann) by extension 'ignore_ament_install'
[1.382s] Level 1:colcon.colcon_core.package_identification:_identify(src/vesc/vesc_ackermann) by extensions ['colcon_pkg']
[1.382s] Level 1:colcon.colcon_core.package_identification:_identify(src/vesc/vesc_ackermann) by extension 'colcon_pkg'
[1.382s] Level 1:colcon.colcon_core.package_identification:_identify(src/vesc/vesc_ackermann) by extensions ['colcon_meta']
[1.382s] Level 1:colcon.colcon_core.package_identification:_identify(src/vesc/vesc_ackermann) by extension 'colcon_meta'
[1.382s] Level 1:colcon.colcon_core.package_identification:_identify(src/vesc/vesc_ackermann) by extensions ['ros']
[1.382s] Level 1:colcon.colcon_core.package_identification:_identify(src/vesc/vesc_ackermann) by extension 'ros'
[1.383s] DEBUG:colcon.colcon_core.package_identification:Package 'src/vesc/vesc_ackermann' with type 'ros.ament_cmake' and name 'vesc_ackermann'
[1.383s] Level 1:colcon.colcon_core.package_identification:_identify(src/vesc/vesc_driver) by extensions ['ignore', 'ignore_ament_install']
[1.383s] Level 1:colcon.colcon_core.package_identification:_identify(src/vesc/vesc_driver) by extension 'ignore'
[1.384s] Level 1:colcon.colcon_core.package_identification:_identify(src/vesc/vesc_driver) by extension 'ignore_ament_install'
[1.384s] Level 1:colcon.colcon_core.package_identification:_identify(src/vesc/vesc_driver) by extensions ['colcon_pkg']
[1.384s] Level 1:colcon.colcon_core.package_identification:_identify(src/vesc/vesc_driver) by extension 'colcon_pkg'
[1.384s] Level 1:colcon.colcon_core.package_identification:_identify(src/vesc/vesc_driver) by extensions ['colcon_meta']
[1.384s] Level 1:colcon.colcon_core.package_identification:_identify(src/vesc/vesc_driver) by extension 'colcon_meta'
[1.384s] Level 1:colcon.colcon_core.package_identification:_identify(src/vesc/vesc_driver) by extensions ['ros']
[1.384s] Level 1:colcon.colcon_core.package_identification:_identify(src/vesc/vesc_driver) by extension 'ros'
[1.385s] DEBUG:colcon.colcon_core.package_identification:Package 'src/vesc/vesc_driver' with type 'ros.ament_cmake' and name 'vesc_driver'
[1.385s] Level 1:colcon.colcon_core.package_identification:_identify(src/vesc/vesc_msgs) by extensions ['ignore', 'ignore_ament_install']
[1.385s] Level 1:colcon.colcon_core.package_identification:_identify(src/vesc/vesc_msgs) by extension 'ignore'
[1.385s] Level 1:colcon.colcon_core.package_identification:_identify(src/vesc/vesc_msgs) by extension 'ignore_ament_install'
[1.385s] Level 1:colcon.colcon_core.package_identification:_identify(src/vesc/vesc_msgs) by extensions ['colcon_pkg']
[1.385s] Level 1:colcon.colcon_core.package_identification:_identify(src/vesc/vesc_msgs) by extension 'colcon_pkg'
[1.386s] Level 1:colcon.colcon_core.package_identification:_identify(src/vesc/vesc_msgs) by extensions ['colcon_meta']
[1.386s] Level 1:colcon.colcon_core.package_identification:_identify(src/vesc/vesc_msgs) by extension 'colcon_meta'
[1.386s] Level 1:colcon.colcon_core.package_identification:_identify(src/vesc/vesc_msgs) by extensions ['ros']
[1.386s] Level 1:colcon.colcon_core.package_identification:_identify(src/vesc/vesc_msgs) by extension 'ros'
[1.387s] DEBUG:colcon.colcon_core.package_identification:Package 'src/vesc/vesc_msgs' with type 'ros.ament_cmake' and name 'vesc_msgs'
[1.387s] Level 1:colcon.colcon_core.package_discovery:discover_packages(recursive) using defaults
[1.387s] Level 1:colcon.colcon_core.package_discovery:discover_packages(ignore) discover
[1.387s] Level 1:colcon.colcon_core.package_discovery:discover_packages(ignore) using defaults
[1.387s] Level 1:colcon.colcon_core.package_discovery:discover_packages(path) discover
[1.387s] Level 1:colcon.colcon_core.package_discovery:discover_packages(path) using defaults
[1.505s] Level 1:colcon.colcon_core.package_discovery:discover_packages(prefix_path) check parameters
[1.506s] Level 1:colcon.colcon_core.package_discovery:discover_packages(prefix_path) discover
[1.547s] DEBUG:colcon.colcon_installed_package_information.package_discovery:Found 10 installed packages in /home/samet/hallo/install
[1.567s] DEBUG:colcon.colcon_installed_package_information.package_discovery:Found 308 installed packages in /opt/ros/humble
[1.569s] Level 1:colcon.colcon_core.package_discovery:discover_packages(prefix_path) using defaults
[1.673s] Level 5:colcon.colcon_core.verb:set package 'asio_cmake_module' build argument 'cmake_args' from command line to 'None'
[1.673s] Level 5:colcon.colcon_core.verb:set package 'asio_cmake_module' build argument 'cmake_target' from command line to 'None'
[1.673s] Level 5:colcon.colcon_core.verb:set package 'asio_cmake_module' build argument 'cmake_target_skip_unavailable' from command line to 'False'
[1.673s] Level 5:colcon.colcon_core.verb:set package 'asio_cmake_module' build argument 'cmake_clean_cache' from command line to 'False'
[1.673s] Level 5:colcon.colcon_core.verb:set package 'asio_cmake_module' build argument 'cmake_clean_first' from command line to 'False'
[1.673s] Level 5:colcon.colcon_core.verb:set package 'asio_cmake_module' build argument 'cmake_force_configure' from command line to 'False'
[1.673s] Level 5:colcon.colcon_core.verb:set package 'asio_cmake_module' build argument 'ament_cmake_args' from command line to 'None'
[1.673s] Level 5:colcon.colcon_core.verb:set package 'asio_cmake_module' build argument 'catkin_cmake_args' from command line to 'None'
[1.673s] Level 5:colcon.colcon_core.verb:set package 'asio_cmake_module' build argument 'catkin_skip_building_tests' from command line to 'False'
[1.673s] DEBUG:colcon.colcon_core.verb:Building package 'asio_cmake_module' with the following arguments: {'ament_cmake_args': None, 'build_base': '/home/samet/hallo/build/asio_cmake_module', 'catkin_cmake_args': None, 'catkin_skip_building_tests': False, 'cmake_args': None, 'cmake_clean_cache': False, 'cmake_clean_first': False, 'cmake_force_configure': False, 'cmake_target': None, 'cmake_target_skip_unavailable': False, 'install_base': '/home/samet/hallo/install/asio_cmake_module', 'merge_install': False, 'path': '/home/samet/hallo/src/transport_drivers/asio_cmake_module', 'symlink_install': False, 'test_result_base': None}
