[0.113s] Invoking command in '/home/samet/hallo/build/vesc': AMENT_PREFIX_PATH=/home/samet/hallo/install/vesc_driver:/home/samet/hallo/install/serial_driver:/home/samet/hallo/install/vesc_ackermann:/home/samet/hallo/install/io_context:/home/samet/hallo/install/vesc_msgs:${AMENT_PREFIX_PATH} CMAKE_PREFIX_PATH=/home/samet/hallo/install/vesc_driver:/home/samet/hallo/install/serial_driver:/home/samet/hallo/install/vesc_ackermann:/home/samet/hallo/install/io_context:/home/samet/hallo/install/vesc_msgs:/opt/ros/humble LD_LIBRARY_PATH=/home/samet/hallo/install/vesc_driver/lib:/home/samet/hallo/install/serial_driver/lib:/home/samet/hallo/install/vesc_ackermann/lib:/home/samet/hallo/install/io_context/lib:/home/samet/hallo/install/vesc_msgs/lib:${LD_LIBRARY_PATH} PYTHONPATH=/home/samet/hallo/install/vesc_msgs/local/lib/python3.10/dist-packages:${PYTHONPATH} /usr/bin/cmake --build /home/samet/hallo/build/vesc -- -j8 -l8
[0.166s] Invoked command in '/home/samet/hallo/build/vesc' returned '0': AMENT_PREFIX_PATH=/home/samet/hallo/install/vesc_driver:/home/samet/hallo/install/serial_driver:/home/samet/hallo/install/vesc_ackermann:/home/samet/hallo/install/io_context:/home/samet/hallo/install/vesc_msgs:${AMENT_PREFIX_PATH} CMAKE_PREFIX_PATH=/home/samet/hallo/install/vesc_driver:/home/samet/hallo/install/serial_driver:/home/samet/hallo/install/vesc_ackermann:/home/samet/hallo/install/io_context:/home/samet/hallo/install/vesc_msgs:/opt/ros/humble LD_LIBRARY_PATH=/home/samet/hallo/install/vesc_driver/lib:/home/samet/hallo/install/serial_driver/lib:/home/samet/hallo/install/vesc_ackermann/lib:/home/samet/hallo/install/io_context/lib:/home/samet/hallo/install/vesc_msgs/lib:${LD_LIBRARY_PATH} PYTHONPATH=/home/samet/hallo/install/vesc_msgs/local/lib/python3.10/dist-packages:${PYTHONPATH} /usr/bin/cmake --build /home/samet/hallo/build/vesc -- -j8 -l8
[0.195s] Invoking command in '/home/samet/hallo/build/vesc': AMENT_PREFIX_PATH=/home/samet/hallo/install/vesc_driver:/home/samet/hallo/install/serial_driver:/home/samet/hallo/install/vesc_ackermann:/home/samet/hallo/install/io_context:/home/samet/hallo/install/vesc_msgs:${AMENT_PREFIX_PATH} CMAKE_PREFIX_PATH=/home/samet/hallo/install/vesc_driver:/home/samet/hallo/install/serial_driver:/home/samet/hallo/install/vesc_ackermann:/home/samet/hallo/install/io_context:/home/samet/hallo/install/vesc_msgs:/opt/ros/humble LD_LIBRARY_PATH=/home/samet/hallo/install/vesc_driver/lib:/home/samet/hallo/install/serial_driver/lib:/home/samet/hallo/install/vesc_ackermann/lib:/home/samet/hallo/install/io_context/lib:/home/samet/hallo/install/vesc_msgs/lib:${LD_LIBRARY_PATH} PYTHONPATH=/home/samet/hallo/install/vesc_msgs/local/lib/python3.10/dist-packages:${PYTHONPATH} /usr/bin/cmake --install /home/samet/hallo/build/vesc
[0.208s] -- Install configuration: ""
[0.208s] -- Up-to-date: /home/samet/hallo/install/vesc/share/ament_index/resource_index/package_run_dependencies/vesc
[0.208s] -- Up-to-date: /home/samet/hallo/install/vesc/share/ament_index/resource_index/parent_prefix_path/vesc
[0.208s] -- Up-to-date: /home/samet/hallo/install/vesc/share/vesc/environment/ament_prefix_path.sh
[0.209s] -- Up-to-date: /home/samet/hallo/install/vesc/share/vesc/environment/ament_prefix_path.dsv
[0.209s] -- Up-to-date: /home/samet/hallo/install/vesc/share/vesc/environment/path.sh
[0.209s] -- Up-to-date: /home/samet/hallo/install/vesc/share/vesc/environment/path.dsv
[0.209s] -- Up-to-date: /home/samet/hallo/install/vesc/share/vesc/local_setup.bash
[0.209s] -- Up-to-date: /home/samet/hallo/install/vesc/share/vesc/local_setup.sh
[0.209s] -- Up-to-date: /home/samet/hallo/install/vesc/share/vesc/local_setup.zsh
[0.209s] -- Up-to-date: /home/samet/hallo/install/vesc/share/vesc/local_setup.dsv
[0.210s] -- Installing: /home/samet/hallo/install/vesc/share/vesc/package.dsv
[0.210s] -- Up-to-date: /home/samet/hallo/install/vesc/share/ament_index/resource_index/packages/vesc
[0.210s] -- Up-to-date: /home/samet/hallo/install/vesc/share/vesc/cmake/vescConfig.cmake
[0.210s] -- Up-to-date: /home/samet/hallo/install/vesc/share/vesc/cmake/vescConfig-version.cmake
[0.210s] -- Up-to-date: /home/samet/hallo/install/vesc/share/vesc/package.xml
[0.213s] Invoked command in '/home/samet/hallo/build/vesc' returned '0': AMENT_PREFIX_PATH=/home/samet/hallo/install/vesc_driver:/home/samet/hallo/install/serial_driver:/home/samet/hallo/install/vesc_ackermann:/home/samet/hallo/install/io_context:/home/samet/hallo/install/vesc_msgs:${AMENT_PREFIX_PATH} CMAKE_PREFIX_PATH=/home/samet/hallo/install/vesc_driver:/home/samet/hallo/install/serial_driver:/home/samet/hallo/install/vesc_ackermann:/home/samet/hallo/install/io_context:/home/samet/hallo/install/vesc_msgs:/opt/ros/humble LD_LIBRARY_PATH=/home/samet/hallo/install/vesc_driver/lib:/home/samet/hallo/install/serial_driver/lib:/home/samet/hallo/install/vesc_ackermann/lib:/home/samet/hallo/install/io_context/lib:/home/samet/hallo/install/vesc_msgs/lib:${LD_LIBRARY_PATH} PYTHONPATH=/home/samet/hallo/install/vesc_msgs/local/lib/python3.10/dist-packages:${PYTHONPATH} /usr/bin/cmake --install /home/samet/hallo/build/vesc
