[1.998s] Invoking command in '/home/samet/hallo/src/camera_run': PYTHONPATH=/home/samet/hallo/build/camera_run/prefix_override:/home/samet/hallo/install/camera_run/lib/python3.10/site-packages:${PYTHONPATH} /usr/bin/python3 setup.py egg_info --egg-base ../../build/camera_run build --build-base /home/samet/hallo/build/camera_run/build install --record /home/samet/hallo/build/camera_run/install.log --single-version-externally-managed
[2.354s] running egg_info
[2.374s] writing ../../build/camera_run/camera_run.egg-info/PKG-INFO
[2.375s] writing dependency_links to ../../build/camera_run/camera_run.egg-info/dependency_links.txt
[2.376s] writing entry points to ../../build/camera_run/camera_run.egg-info/entry_points.txt
[2.376s] writing requirements to ../../build/camera_run/camera_run.egg-info/requires.txt
[2.377s] writing top-level names to ../../build/camera_run/camera_run.egg-info/top_level.txt
[2.434s] reading manifest file '../../build/camera_run/camera_run.egg-info/SOURCES.txt'
[2.437s] writing manifest file '../../build/camera_run/camera_run.egg-info/SOURCES.txt'
[2.438s] running build
[2.438s] running build_py
[2.439s] copying camera_run/intel_lane.py -> /home/samet/hallo/build/camera_run/build/lib/camera_run
[2.440s] copying camera_run/intel_pub.py -> /home/samet/hallo/build/camera_run/build/lib/camera_run
[2.441s] copying camera_run/lane_recognition.py -> /home/samet/hallo/build/camera_run/build/lib/camera_run
[2.441s] copying camera_run/steering.py -> /home/samet/hallo/build/camera_run/build/lib/camera_run
[2.442s] copying camera_run/ackermann_to_vesc.py -> /home/samet/hallo/build/camera_run/build/lib/camera_run
[2.443s] copying camera_run/bot.py -> /home/samet/hallo/build/camera_run/build/lib/camera_run
[2.443s] copying camera_run/lane_follower.py -> /home/samet/hallo/build/camera_run/build/lib/camera_run
[2.444s] copying camera_run/LaneDetection_realsense.py -> /home/samet/hallo/build/camera_run/build/lib/camera_run
[2.445s] copying camera_run/slope_sub.py -> /home/samet/hallo/build/camera_run/build/lib/camera_run
[2.445s] copying camera_run/slope_node.py -> /home/samet/hallo/build/camera_run/build/lib/camera_run
[2.446s] copying camera_run/intel_lane_sub.py -> /home/samet/hallo/build/camera_run/build/lib/camera_run
[2.447s] copying camera_run/intel_sub.py -> /home/samet/hallo/build/camera_run/build/lib/camera_run
[2.447s] copying camera_run/__init__.py -> /home/samet/hallo/build/camera_run/build/lib/camera_run
[2.448s] copying camera_run/teleop.py -> /home/samet/hallo/build/camera_run/build/lib/camera_run
[2.449s] running install
[2.450s] /home/samet/.local/lib/python3.10/site-packages/setuptools/_distutils/cmd.py:66: SetuptoolsDeprecationWarning: setup.py install is deprecated.
[2.450s] !!
[2.450s] 
[2.450s]         ********************************************************************************
[2.450s]         Please avoid running ``setup.py`` directly.
[2.450s]         Instead, use pypa/build, pypa/installer or other
[2.451s]         standards-based tools.
[2.451s] 
[2.451s]         See https://blog.ganssle.io/articles/2021/10/setup-py-deprecated.html for details.
[2.451s]         ********************************************************************************
[2.451s] 
[2.451s] !!
[2.452s]   self.initialize_options()
[2.468s] running install_lib
[2.510s] running install_data
[2.551s] copying resource/camera_run -> /home/samet/hallo/install/camera_run/share/ament_index/resource_index/packages
[2.551s] copying package.xml -> /home/samet/hallo/install/camera_run/share/camera_run
[2.552s] running install_egg_info
[2.617s] removing '/home/samet/hallo/install/camera_run/lib/python3.10/site-packages/camera_run-0.0.0-py3.10.egg-info' (and everything under it)
[2.618s] Copying ../../build/camera_run/camera_run.egg-info to /home/samet/hallo/install/camera_run/lib/python3.10/site-packages/camera_run-0.0.0-py3.10.egg-info
[2.619s] running install_scripts
[3.049s] Installing ackermann_to_vesc script to /home/samet/hallo/install/camera_run/lib/camera_run
[3.049s] Installing bot script to /home/samet/hallo/install/camera_run/lib/camera_run
[3.049s] Installing detection script to /home/samet/hallo/install/camera_run/lib/camera_run
[3.050s] Installing detection_node script to /home/samet/hallo/install/camera_run/lib/camera_run
[3.050s] Installing follower script to /home/samet/hallo/install/camera_run/lib/camera_run
[3.050s] Installing intel_lane script to /home/samet/hallo/install/camera_run/lib/camera_run
[3.050s] Installing intel_lane_sub script to /home/samet/hallo/install/camera_run/lib/camera_run
[3.050s] Installing intel_pub script to /home/samet/hallo/install/camera_run/lib/camera_run
[3.057s] Installing intel_sub script to /home/samet/hallo/install/camera_run/lib/camera_run
[3.057s] Installing slope_node script to /home/samet/hallo/install/camera_run/lib/camera_run
[3.058s] Installing slope_sub script to /home/samet/hallo/install/camera_run/lib/camera_run
[3.058s] Installing steering script to /home/samet/hallo/install/camera_run/lib/camera_run
[3.058s] Installing tele script to /home/samet/hallo/install/camera_run/lib/camera_run
[3.058s] writing list of installed files to '/home/samet/hallo/build/camera_run/install.log'
[3.118s] Invoked command in '/home/samet/hallo/src/camera_run' returned '0': PYTHONPATH=/home/samet/hallo/build/camera_run/prefix_override:/home/samet/hallo/install/camera_run/lib/python3.10/site-packages:${PYTHONPATH} /usr/bin/python3 setup.py egg_info --egg-base ../../build/camera_run build --build-base /home/samet/hallo/build/camera_run/build install --record /home/samet/hallo/build/camera_run/install.log --single-version-externally-managed
