[1.998s] Invoking command in '/home/samet/hallo/src/camera_run': PYTHONPATH=/home/samet/hallo/build/camera_run/prefix_override:/home/samet/hallo/install/camera_run/lib/python3.10/site-packages:${PYTHONPATH} /usr/bin/python3 setup.py egg_info --egg-base ../../build/camera_run build --build-base /home/samet/hallo/build/camera_run/build install --record /home/samet/hallo/build/camera_run/install.log --single-version-externally-managed
[2.350s] running egg_info
[2.389s] writing ../../build/camera_run/camera_run.egg-info/PKG-INFO
[2.390s] writing dependency_links to ../../build/camera_run/camera_run.egg-info/dependency_links.txt
[2.390s] writing entry points to ../../build/camera_run/camera_run.egg-info/entry_points.txt
[2.391s] writing requirements to ../../build/camera_run/camera_run.egg-info/requires.txt
[2.391s] writing top-level names to ../../build/camera_run/camera_run.egg-info/top_level.txt
[2.530s] reading manifest file '../../build/camera_run/camera_run.egg-info/SOURCES.txt'
[2.538s] writing manifest file '../../build/camera_run/camera_run.egg-info/SOURCES.txt'
[2.538s] running build
[2.538s] running build_py
[2.539s] copying camera_run/intel_lane.py -> /home/samet/hallo/build/camera_run/build/lib/camera_run
[2.539s] copying camera_run/intel_pub.py -> /home/samet/hallo/build/camera_run/build/lib/camera_run
[2.539s] copying camera_run/lane_recognition.py -> /home/samet/hallo/build/camera_run/build/lib/camera_run
[2.540s] copying camera_run/steering.py -> /home/samet/hallo/build/camera_run/build/lib/camera_run
[2.542s] copying camera_run/ackermann_to_vesc.py -> /home/samet/hallo/build/camera_run/build/lib/camera_run
[2.542s] copying camera_run/bot.py -> /home/samet/hallo/build/camera_run/build/lib/camera_run
[2.543s] copying camera_run/LaneDetection_realsense_2.py -> /home/samet/hallo/build/camera_run/build/lib/camera_run
[2.543s] copying camera_run/lane_follower.py -> /home/samet/hallo/build/camera_run/build/lib/camera_run
[2.543s] copying camera_run/LaneDetection_realsense.py -> /home/samet/hallo/build/camera_run/build/lib/camera_run
[2.543s] copying camera_run/slope_sub.py -> /home/samet/hallo/build/camera_run/build/lib/camera_run
[2.543s] copying camera_run/slope_node.py -> /home/samet/hallo/build/camera_run/build/lib/camera_run
[2.544s] copying camera_run/intel_lane_sub.py -> /home/samet/hallo/build/camera_run/build/lib/camera_run
[2.544s] copying camera_run/intel_sub.py -> /home/samet/hallo/build/camera_run/build/lib/camera_run
[2.544s] copying camera_run/LaneDetection.py -> /home/samet/hallo/build/camera_run/build/lib/camera_run
[2.544s] copying camera_run/__init__.py -> /home/samet/hallo/build/camera_run/build/lib/camera_run
[2.544s] running install
[2.544s] /home/samet/.local/lib/python3.10/site-packages/setuptools/_distutils/cmd.py:66: SetuptoolsDeprecationWarning: setup.py install is deprecated.
[2.545s] !!
[2.545s] 
[2.545s]         ********************************************************************************
[2.545s]         Please avoid running ``setup.py`` directly.
[2.545s]         Instead, use pypa/build, pypa/installer or other
[2.545s]         standards-based tools.
[2.546s] 
[2.546s]         See https://blog.ganssle.io/articles/2021/10/setup-py-deprecated.html for details.
[2.546s]         ********************************************************************************
[2.547s] 
[2.547s] !!
[2.547s]   self.initialize_options()
[2.559s] running install_lib
[2.619s] copying /home/samet/hallo/build/camera_run/build/lib/camera_run/LaneDetection_realsense.py -> /home/samet/hallo/install/camera_run/lib/python3.10/site-packages/camera_run
[2.624s] byte-compiling /home/samet/hallo/install/camera_run/lib/python3.10/site-packages/camera_run/LaneDetection_realsense.py to LaneDetection_realsense.cpython-310.pyc
[2.635s] running install_data
[2.681s] copying resource/camera_run -> /home/samet/hallo/install/camera_run/share/ament_index/resource_index/packages
[2.685s] copying package.xml -> /home/samet/hallo/install/camera_run/share/camera_run
[2.687s] running install_egg_info
[2.738s] removing '/home/samet/hallo/install/camera_run/lib/python3.10/site-packages/camera_run-0.0.0-py3.10.egg-info' (and everything under it)
[2.739s] Copying ../../build/camera_run/camera_run.egg-info to /home/samet/hallo/install/camera_run/lib/python3.10/site-packages/camera_run-0.0.0-py3.10.egg-info
[2.740s] running install_scripts
[3.060s] Installing ackermann_to_vesc script to /home/samet/hallo/install/camera_run/lib/camera_run
[3.061s] Installing bot script to /home/samet/hallo/install/camera_run/lib/camera_run
[3.061s] Installing detection script to /home/samet/hallo/install/camera_run/lib/camera_run
[3.062s] Installing detection_node script to /home/samet/hallo/install/camera_run/lib/camera_run
[3.062s] Installing follower script to /home/samet/hallo/install/camera_run/lib/camera_run
[3.062s] Installing intel_lane script to /home/samet/hallo/install/camera_run/lib/camera_run
[3.063s] Installing intel_lane_sub script to /home/samet/hallo/install/camera_run/lib/camera_run
[3.063s] Installing intel_pub script to /home/samet/hallo/install/camera_run/lib/camera_run
[3.063s] Installing intel_sub script to /home/samet/hallo/install/camera_run/lib/camera_run
[3.063s] Installing slope_node script to /home/samet/hallo/install/camera_run/lib/camera_run
[3.064s] Installing slope_sub script to /home/samet/hallo/install/camera_run/lib/camera_run
[3.064s] Installing steering script to /home/samet/hallo/install/camera_run/lib/camera_run
[3.065s] writing list of installed files to '/home/samet/hallo/build/camera_run/install.log'
[3.472s] Invoked command in '/home/samet/hallo/src/camera_run' returned '0': PYTHONPATH=/home/samet/hallo/build/camera_run/prefix_override:/home/samet/hallo/install/camera_run/lib/python3.10/site-packages:${PYTHONPATH} /usr/bin/python3 setup.py egg_info --egg-base ../../build/camera_run build --build-base /home/samet/hallo/build/camera_run/build install --record /home/samet/hallo/build/camera_run/install.log --single-version-externally-managed
