[2.011s] Invoking command in '/home/samet/hallo/src/camera_run': PYTHONPATH=/home/samet/hallo/build/camera_run/prefix_override:/home/samet/hallo/install/camera_run/lib/python3.10/site-packages:${PYTHONPATH} /usr/bin/python3 setup.py egg_info --egg-base ../../build/camera_run build --build-base /home/samet/hallo/build/camera_run/build install --record /home/samet/hallo/build/camera_run/install.log --single-version-externally-managed
[2.464s] running egg_info
[2.496s] writing ../../build/camera_run/camera_run.egg-info/PKG-INFO
[2.497s] writing dependency_links to ../../build/camera_run/camera_run.egg-info/dependency_links.txt
[2.498s] writing entry points to ../../build/camera_run/camera_run.egg-info/entry_points.txt
[2.498s] writing requirements to ../../build/camera_run/camera_run.egg-info/requires.txt
[2.498s] writing top-level names to ../../build/camera_run/camera_run.egg-info/top_level.txt
[2.573s] reading manifest file '../../build/camera_run/camera_run.egg-info/SOURCES.txt'
[2.576s] writing manifest file '../../build/camera_run/camera_run.egg-info/SOURCES.txt'
[2.576s] running build
[2.577s] running build_py
[2.578s] copying camera_run/intel_lane.py -> /home/samet/hallo/build/camera_run/build/lib/camera_run
[2.578s] copying camera_run/intel_pub.py -> /home/samet/hallo/build/camera_run/build/lib/camera_run
[2.579s] copying camera_run/lane_recognition.py -> /home/samet/hallo/build/camera_run/build/lib/camera_run
[2.580s] copying camera_run/steering.py -> /home/samet/hallo/build/camera_run/build/lib/camera_run
[2.581s] copying camera_run/ackermann_to_vesc.py -> /home/samet/hallo/build/camera_run/build/lib/camera_run
[2.581s] copying camera_run/bot.py -> /home/samet/hallo/build/camera_run/build/lib/camera_run
[2.581s] copying camera_run/lane_follower.py -> /home/samet/hallo/build/camera_run/build/lib/camera_run
[2.582s] copying camera_run/LaneDetection_realsense.py -> /home/samet/hallo/build/camera_run/build/lib/camera_run
[2.582s] copying camera_run/slope_sub.py -> /home/samet/hallo/build/camera_run/build/lib/camera_run
[2.583s] copying camera_run/slope_node.py -> /home/samet/hallo/build/camera_run/build/lib/camera_run
[2.584s] copying camera_run/intel_lane_sub.py -> /home/samet/hallo/build/camera_run/build/lib/camera_run
[2.584s] copying camera_run/intel_sub.py -> /home/samet/hallo/build/camera_run/build/lib/camera_run
[2.585s] copying camera_run/__init__.py -> /home/samet/hallo/build/camera_run/build/lib/camera_run
[2.586s] running install
[2.587s] /home/samet/.local/lib/python3.10/site-packages/setuptools/_distutils/cmd.py:66: SetuptoolsDeprecationWarning: setup.py install is deprecated.
[2.587s] !!
[2.587s] 
[2.588s]         ********************************************************************************
[2.588s]         Please avoid running ``setup.py`` directly.
[2.588s]         Instead, use pypa/build, pypa/installer or other
[2.588s]         standards-based tools.
[2.588s] 
[2.588s]         See https://blog.ganssle.io/articles/2021/10/setup-py-deprecated.html for details.
[2.588s]         ********************************************************************************
[2.589s] 
[2.589s] !!
[2.589s]   self.initialize_options()
[2.606s] running install_lib
[2.650s] copying /home/samet/hallo/build/camera_run/build/lib/camera_run/LaneDetection_realsense.py -> /home/samet/hallo/install/camera_run/lib/python3.10/site-packages/camera_run
[2.652s] byte-compiling /home/samet/hallo/install/camera_run/lib/python3.10/site-packages/camera_run/LaneDetection_realsense.py to LaneDetection_realsense.cpython-310.pyc
[2.660s] running install_data
[2.715s] copying resource/camera_run -> /home/samet/hallo/install/camera_run/share/ament_index/resource_index/packages
[2.721s] copying package.xml -> /home/samet/hallo/install/camera_run/share/camera_run
[2.723s] running install_egg_info
[2.770s] removing '/home/samet/hallo/install/camera_run/lib/python3.10/site-packages/camera_run-0.0.0-py3.10.egg-info' (and everything under it)
[2.770s] Copying ../../build/camera_run/camera_run.egg-info to /home/samet/hallo/install/camera_run/lib/python3.10/site-packages/camera_run-0.0.0-py3.10.egg-info
[2.770s] running install_scripts
[3.206s] Installing ackermann_to_vesc script to /home/samet/hallo/install/camera_run/lib/camera_run
[3.210s] Installing bot script to /home/samet/hallo/install/camera_run/lib/camera_run
[3.210s] Installing detection script to /home/samet/hallo/install/camera_run/lib/camera_run
[3.210s] Installing detection_node script to /home/samet/hallo/install/camera_run/lib/camera_run
[3.210s] Installing follower script to /home/samet/hallo/install/camera_run/lib/camera_run
[3.210s] Installing intel_lane script to /home/samet/hallo/install/camera_run/lib/camera_run
[3.210s] Installing intel_lane_sub script to /home/samet/hallo/install/camera_run/lib/camera_run
[3.213s] Installing intel_pub script to /home/samet/hallo/install/camera_run/lib/camera_run
[3.213s] Installing intel_sub script to /home/samet/hallo/install/camera_run/lib/camera_run
[3.213s] Installing slope_node script to /home/samet/hallo/install/camera_run/lib/camera_run
[3.213s] Installing slope_sub script to /home/samet/hallo/install/camera_run/lib/camera_run
[3.213s] Installing steering script to /home/samet/hallo/install/camera_run/lib/camera_run
[3.213s] writing list of installed files to '/home/samet/hallo/build/camera_run/install.log'
[3.568s] Invoked command in '/home/samet/hallo/src/camera_run' returned '0': PYTHONPATH=/home/samet/hallo/build/camera_run/prefix_override:/home/samet/hallo/install/camera_run/lib/python3.10/site-packages:${PYTHONPATH} /usr/bin/python3 setup.py egg_info --egg-base ../../build/camera_run build --build-base /home/samet/hallo/build/camera_run/build install --record /home/samet/hallo/build/camera_run/install.log --single-version-externally-managed
