[1.177s] Invoking command in '/home/samet/hallo/src/camera_run': PYTHONPATH=/home/samet/hallo/build/camera_run/prefix_override:/home/samet/hallo/install/camera_run/lib/python3.10/site-packages:${PYTHONPATH} /usr/bin/python3 setup.py egg_info --egg-base ../../build/camera_run build --build-base /home/samet/hallo/build/camera_run/build install --record /home/samet/hallo/build/camera_run/install.log --single-version-externally-managed
[1.429s] running egg_info
[1.448s] writing ../../build/camera_run/camera_run.egg-info/PKG-INFO
[1.448s] writing dependency_links to ../../build/camera_run/camera_run.egg-info/dependency_links.txt
[1.448s] writing entry points to ../../build/camera_run/camera_run.egg-info/entry_points.txt
[1.449s] writing requirements to ../../build/camera_run/camera_run.egg-info/requires.txt
[1.449s] writing top-level names to ../../build/camera_run/camera_run.egg-info/top_level.txt
[1.485s] reading manifest file '../../build/camera_run/camera_run.egg-info/SOURCES.txt'
[1.486s] writing manifest file '../../build/camera_run/camera_run.egg-info/SOURCES.txt'
[1.487s] running build
[1.487s] running build_py
[1.487s] copying camera_run/intel_lane.py -> /home/samet/hallo/build/camera_run/build/lib/camera_run
[1.487s] copying camera_run/intel_pub.py -> /home/samet/hallo/build/camera_run/build/lib/camera_run
[1.487s] copying camera_run/lane_recognition.py -> /home/samet/hallo/build/camera_run/build/lib/camera_run
[1.487s] copying camera_run/steering.py -> /home/samet/hallo/build/camera_run/build/lib/camera_run
[1.488s] copying camera_run/ackermann_to_vesc.py -> /home/samet/hallo/build/camera_run/build/lib/camera_run
[1.488s] copying camera_run/bot.py -> /home/samet/hallo/build/camera_run/build/lib/camera_run
[1.488s] copying camera_run/LaneDetection_realsense_2.py -> /home/samet/hallo/build/camera_run/build/lib/camera_run
[1.488s] copying camera_run/lane_follower.py -> /home/samet/hallo/build/camera_run/build/lib/camera_run
[1.488s] copying camera_run/LaneDetection_realsense.py -> /home/samet/hallo/build/camera_run/build/lib/camera_run
[1.488s] copying camera_run/slope_sub.py -> /home/samet/hallo/build/camera_run/build/lib/camera_run
[1.489s] copying camera_run/slope_node.py -> /home/samet/hallo/build/camera_run/build/lib/camera_run
[1.489s] copying camera_run/intel_lane_sub.py -> /home/samet/hallo/build/camera_run/build/lib/camera_run
[1.489s] copying camera_run/intel_sub.py -> /home/samet/hallo/build/camera_run/build/lib/camera_run
[1.489s] copying camera_run/LaneDetection.py -> /home/samet/hallo/build/camera_run/build/lib/camera_run
[1.489s] copying camera_run/__init__.py -> /home/samet/hallo/build/camera_run/build/lib/camera_run
[1.490s] running install
[1.490s] /home/samet/.local/lib/python3.10/site-packages/setuptools/_distutils/cmd.py:66: SetuptoolsDeprecationWarning: setup.py install is deprecated.
[1.490s] !!
[1.490s] 
[1.490s]         ********************************************************************************
[1.490s]         Please avoid running ``setup.py`` directly.
[1.490s]         Instead, use pypa/build, pypa/installer or other
[1.490s]         standards-based tools.
[1.490s] 
[1.490s]         See https://blog.ganssle.io/articles/2021/10/setup-py-deprecated.html for details.
[1.491s]         ********************************************************************************
[1.491s] 
[1.491s] !!
[1.491s]   self.initialize_options()
[1.495s] running install_lib
[1.514s] copying /home/samet/hallo/build/camera_run/build/lib/camera_run/intel_sub.py -> /home/samet/hallo/install/camera_run/lib/python3.10/site-packages/camera_run
[1.515s] byte-compiling /home/samet/hallo/install/camera_run/lib/python3.10/site-packages/camera_run/intel_sub.py to intel_sub.cpython-310.pyc
[1.515s] running install_data
[1.534s] copying resource/camera_run -> /home/samet/hallo/install/camera_run/share/ament_index/resource_index/packages
[1.534s] copying package.xml -> /home/samet/hallo/install/camera_run/share/camera_run
[1.535s] running install_egg_info
[1.554s] removing '/home/samet/hallo/install/camera_run/lib/python3.10/site-packages/camera_run-0.0.0-py3.10.egg-info' (and everything under it)
[1.554s] Copying ../../build/camera_run/camera_run.egg-info to /home/samet/hallo/install/camera_run/lib/python3.10/site-packages/camera_run-0.0.0-py3.10.egg-info
[1.555s] running install_scripts
[1.725s] Installing ackermann_to_vesc script to /home/samet/hallo/install/camera_run/lib/camera_run
[1.725s] Installing bot script to /home/samet/hallo/install/camera_run/lib/camera_run
[1.725s] Installing detection script to /home/samet/hallo/install/camera_run/lib/camera_run
[1.726s] Installing detection_node script to /home/samet/hallo/install/camera_run/lib/camera_run
[1.726s] Installing follower script to /home/samet/hallo/install/camera_run/lib/camera_run
[1.726s] Installing intel_lane script to /home/samet/hallo/install/camera_run/lib/camera_run
[1.726s] Installing intel_lane_sub script to /home/samet/hallo/install/camera_run/lib/camera_run
[1.726s] Installing intel_pub script to /home/samet/hallo/install/camera_run/lib/camera_run
[1.726s] Installing intel_sub script to /home/samet/hallo/install/camera_run/lib/camera_run
[1.726s] Installing slope_node script to /home/samet/hallo/install/camera_run/lib/camera_run
[1.726s] Installing slope_sub script to /home/samet/hallo/install/camera_run/lib/camera_run
[1.726s] Installing steering script to /home/samet/hallo/install/camera_run/lib/camera_run
[1.727s] writing list of installed files to '/home/samet/hallo/build/camera_run/install.log'
[1.759s] Invoked command in '/home/samet/hallo/src/camera_run' returned '0': PYTHONPATH=/home/samet/hallo/build/camera_run/prefix_override:/home/samet/hallo/install/camera_run/lib/python3.10/site-packages:${PYTHONPATH} /usr/bin/python3 setup.py egg_info --egg-base ../../build/camera_run build --build-base /home/samet/hallo/build/camera_run/build install --record /home/samet/hallo/build/camera_run/install.log --single-version-externally-managed
