[2.257s] Invoking command in '/home/samet/hallo/src/camera_run': PYTHONPATH=/home/samet/hallo/build/camera_run/prefix_override:/home/samet/hallo/install/camera_run/lib/python3.10/site-packages:${PYTHONPATH} /usr/bin/python3 setup.py egg_info --egg-base ../../build/camera_run build --build-base /home/samet/hallo/build/camera_run/build install --record /home/samet/hallo/build/camera_run/install.log --single-version-externally-managed
[2.788s] running egg_info
[2.817s] writing ../../build/camera_run/camera_run.egg-info/PKG-INFO
[2.818s] writing dependency_links to ../../build/camera_run/camera_run.egg-info/dependency_links.txt
[2.818s] writing entry points to ../../build/camera_run/camera_run.egg-info/entry_points.txt
[2.818s] writing requirements to ../../build/camera_run/camera_run.egg-info/requires.txt
[2.819s] writing top-level names to ../../build/camera_run/camera_run.egg-info/top_level.txt
[2.898s] reading manifest file '../../build/camera_run/camera_run.egg-info/SOURCES.txt'
[2.899s] writing manifest file '../../build/camera_run/camera_run.egg-info/SOURCES.txt'
[2.900s] running build
[2.900s] running build_py
[2.900s] copying camera_run/intel_lane.py -> /home/samet/hallo/build/camera_run/build/lib/camera_run
[2.901s] copying camera_run/intel_pub.py -> /home/samet/hallo/build/camera_run/build/lib/camera_run
[2.901s] copying camera_run/lane_recognition.py -> /home/samet/hallo/build/camera_run/build/lib/camera_run
[2.902s] copying camera_run/steering.py -> /home/samet/hallo/build/camera_run/build/lib/camera_run
[2.902s] copying camera_run/ackermann_to_vesc.py -> /home/samet/hallo/build/camera_run/build/lib/camera_run
[2.902s] copying camera_run/bot.py -> /home/samet/hallo/build/camera_run/build/lib/camera_run
[2.903s] copying camera_run/lane_follower.py -> /home/samet/hallo/build/camera_run/build/lib/camera_run
[2.904s] copying camera_run/LaneDetection_realsense.py -> /home/samet/hallo/build/camera_run/build/lib/camera_run
[2.904s] copying camera_run/slope_sub.py -> /home/samet/hallo/build/camera_run/build/lib/camera_run
[2.904s] copying camera_run/slope_node.py -> /home/samet/hallo/build/camera_run/build/lib/camera_run
[2.905s] copying camera_run/intel_lane_sub.py -> /home/samet/hallo/build/camera_run/build/lib/camera_run
[2.905s] copying camera_run/intel_sub.py -> /home/samet/hallo/build/camera_run/build/lib/camera_run
[2.905s] copying camera_run/__init__.py -> /home/samet/hallo/build/camera_run/build/lib/camera_run
[2.906s] copying camera_run/teleop.py -> /home/samet/hallo/build/camera_run/build/lib/camera_run
[2.907s] /home/samet/.local/lib/python3.10/site-packages/setuptools/_distutils/cmd.py:66: SetuptoolsDeprecationWarning: setup.py install is deprecated.
[2.907s] !!
[2.907s] 
[2.908s]         ********************************************************************************
[2.908s]         Please avoid running ``setup.py`` directly.
[2.908s]         Instead, use pypa/build, pypa/installer or other
[2.909s]         standards-based tools.
[2.910s] 
[2.910s]         See https://blog.ganssle.io/articles/2021/10/setup-py-deprecated.html for details.
[2.911s]         ********************************************************************************
[2.912s] 
[2.912s] !!
[2.912s]   self.initialize_options()
[2.912s] running install
[2.920s] running install_lib
[2.957s] copying /home/samet/hallo/build/camera_run/build/lib/camera_run/LaneDetection_realsense.py -> /home/samet/hallo/install/camera_run/lib/python3.10/site-packages/camera_run
[2.958s] byte-compiling /home/samet/hallo/install/camera_run/lib/python3.10/site-packages/camera_run/LaneDetection_realsense.py to LaneDetection_realsense.cpython-310.pyc
[2.964s] running install_data
[3.002s] copying resource/camera_run -> /home/samet/hallo/install/camera_run/share/ament_index/resource_index/packages
[3.003s] copying package.xml -> /home/samet/hallo/install/camera_run/share/camera_run
[3.003s] running install_egg_info
[3.039s] removing '/home/samet/hallo/install/camera_run/lib/python3.10/site-packages/camera_run-0.0.0-py3.10.egg-info' (and everything under it)
[3.039s] Copying ../../build/camera_run/camera_run.egg-info to /home/samet/hallo/install/camera_run/lib/python3.10/site-packages/camera_run-0.0.0-py3.10.egg-info
[3.040s] running install_scripts
[3.296s] Installing ackermann_to_vesc script to /home/samet/hallo/install/camera_run/lib/camera_run
[3.296s] Installing bot script to /home/samet/hallo/install/camera_run/lib/camera_run
[3.296s] Installing detection script to /home/samet/hallo/install/camera_run/lib/camera_run
[3.296s] Installing detection_node script to /home/samet/hallo/install/camera_run/lib/camera_run
[3.297s] Installing follower script to /home/samet/hallo/install/camera_run/lib/camera_run
[3.297s] Installing intel_lane script to /home/samet/hallo/install/camera_run/lib/camera_run
[3.298s] Installing intel_lane_sub script to /home/samet/hallo/install/camera_run/lib/camera_run
[3.298s] Installing intel_pub script to /home/samet/hallo/install/camera_run/lib/camera_run
[3.300s] Installing intel_sub script to /home/samet/hallo/install/camera_run/lib/camera_run
[3.300s] Installing slope_node script to /home/samet/hallo/install/camera_run/lib/camera_run
[3.300s] Installing slope_sub script to /home/samet/hallo/install/camera_run/lib/camera_run
[3.300s] Installing steering script to /home/samet/hallo/install/camera_run/lib/camera_run
[3.301s] Installing tele script to /home/samet/hallo/install/camera_run/lib/camera_run
[3.301s] writing list of installed files to '/home/samet/hallo/build/camera_run/install.log'
[3.500s] Invoked command in '/home/samet/hallo/src/camera_run' returned '0': PYTHONPATH=/home/samet/hallo/build/camera_run/prefix_override:/home/samet/hallo/install/camera_run/lib/python3.10/site-packages:${PYTHONPATH} /usr/bin/python3 setup.py egg_info --egg-base ../../build/camera_run build --build-base /home/samet/hallo/build/camera_run/build install --record /home/samet/hallo/build/camera_run/install.log --single-version-externally-managed
