[0.143s] Invoking command in '/home/samet/hallo/build/io_context': CMAKE_PREFIX_PATH=/home/samet/hallo/install/asio_cmake_module:/home/samet/hallo/install/vesc:/home/samet/hallo/install/vesc_driver:/home/samet/hallo/install/vesc_ackermann:/home/samet/hallo/install/vesc_msgs:/home/samet/hallo/install/udp_driver:/home/samet/hallo/install/team_interfaces:/home/samet/hallo/install/serial_driver:/home/samet/hallo/install/io_context:/home/samet/hallo/install/camera_run:/opt/ros/humble /usr/bin/cmake --build /home/samet/hallo/build/io_context -- -j8 -l8
[0.302s] [ 22%] Built target gtest_main
[0.331s] [ 55%] Built target io_context
[0.333s] [ 77%] Built target gtest
[0.391s] [100%] Built target test_io_context
[0.439s] Invoked command in '/home/samet/hallo/build/io_context' returned '0': CMAKE_PREFIX_PATH=/home/samet/hallo/install/asio_cmake_module:/home/samet/hallo/install/vesc:/home/samet/hallo/install/vesc_driver:/home/samet/hallo/install/vesc_ackermann:/home/samet/hallo/install/vesc_msgs:/home/samet/hallo/install/udp_driver:/home/samet/hallo/install/team_interfaces:/home/samet/hallo/install/serial_driver:/home/samet/hallo/install/io_context:/home/samet/hallo/install/camera_run:/opt/ros/humble /usr/bin/cmake --build /home/samet/hallo/build/io_context -- -j8 -l8
[0.502s] Invoking command in '/home/samet/hallo/build/io_context': CMAKE_PREFIX_PATH=/home/samet/hallo/install/asio_cmake_module:/home/samet/hallo/install/vesc:/home/samet/hallo/install/vesc_driver:/home/samet/hallo/install/vesc_ackermann:/home/samet/hallo/install/vesc_msgs:/home/samet/hallo/install/udp_driver:/home/samet/hallo/install/team_interfaces:/home/samet/hallo/install/serial_driver:/home/samet/hallo/install/io_context:/home/samet/hallo/install/camera_run:/opt/ros/humble /usr/bin/cmake --install /home/samet/hallo/build/io_context
[0.518s] -- Install configuration: ""
[0.529s] -- Up-to-date: /home/samet/hallo/install/io_context/include
[0.529s] -- Up-to-date: /home/samet/hallo/install/io_context/include/msg_converters
[0.530s] -- Up-to-date: /home/samet/hallo/install/io_context/include/msg_converters/udp_msgs.hpp
[0.530s] -- Up-to-date: /home/samet/hallo/install/io_context/include/msg_converters/std_msgs.hpp
[0.530s] -- Up-to-date: /home/samet/hallo/install/io_context/include/msg_converters/converters.hpp
[0.530s] -- Up-to-date: /home/samet/hallo/install/io_context/include/io_context
[0.530s] -- Up-to-date: /home/samet/hallo/install/io_context/include/io_context/common.hpp
[0.530s] -- Up-to-date: /home/samet/hallo/install/io_context/include/io_context/io_context.hpp
[0.530s] -- Up-to-date: /home/samet/hallo/install/io_context/share/io_context/environment/library_path.sh
[0.530s] -- Up-to-date: /home/samet/hallo/install/io_context/share/io_context/environment/library_path.dsv
[0.530s] -- Up-to-date: /home/samet/hallo/install/io_context/lib/libio_context.so
[0.531s] -- Up-to-date: /home/samet/hallo/install/io_context/share/ament_index/resource_index/package_run_dependencies/io_context
[0.531s] -- Up-to-date: /home/samet/hallo/install/io_context/share/ament_index/resource_index/parent_prefix_path/io_context
[0.531s] -- Up-to-date: /home/samet/hallo/install/io_context/share/io_context/environment/ament_prefix_path.sh
[0.532s] -- Up-to-date: /home/samet/hallo/install/io_context/share/io_context/environment/ament_prefix_path.dsv
[0.532s] -- Up-to-date: /home/samet/hallo/install/io_context/share/io_context/environment/path.sh
[0.532s] -- Up-to-date: /home/samet/hallo/install/io_context/share/io_context/environment/path.dsv
[0.532s] -- Up-to-date: /home/samet/hallo/install/io_context/share/io_context/local_setup.bash
[0.532s] -- Up-to-date: /home/samet/hallo/install/io_context/share/io_context/local_setup.sh
[0.532s] -- Up-to-date: /home/samet/hallo/install/io_context/share/io_context/local_setup.zsh
[0.532s] -- Up-to-date: /home/samet/hallo/install/io_context/share/io_context/local_setup.dsv
[0.532s] -- Installing: /home/samet/hallo/install/io_context/share/io_context/package.dsv
[0.533s] -- Up-to-date: /home/samet/hallo/install/io_context/share/ament_index/resource_index/packages/io_context
[0.533s] -- Up-to-date: /home/samet/hallo/install/io_context/share/io_context/cmake/ament_cmake_export_dependencies-extras.cmake
[0.533s] -- Up-to-date: /home/samet/hallo/install/io_context/share/io_context/cmake/ament_cmake_export_include_directories-extras.cmake
[0.533s] -- Up-to-date: /home/samet/hallo/install/io_context/share/io_context/cmake/ament_cmake_export_libraries-extras.cmake
[0.533s] -- Up-to-date: /home/samet/hallo/install/io_context/share/io_context/cmake/io_contextConfig.cmake
[0.533s] -- Up-to-date: /home/samet/hallo/install/io_context/share/io_context/cmake/io_contextConfig-version.cmake
[0.533s] -- Up-to-date: /home/samet/hallo/install/io_context/share/io_context/package.xml
[0.534s] Invoked command in '/home/samet/hallo/build/io_context' returned '0': CMAKE_PREFIX_PATH=/home/samet/hallo/install/asio_cmake_module:/home/samet/hallo/install/vesc:/home/samet/hallo/install/vesc_driver:/home/samet/hallo/install/vesc_ackermann:/home/samet/hallo/install/vesc_msgs:/home/samet/hallo/install/udp_driver:/home/samet/hallo/install/team_interfaces:/home/samet/hallo/install/serial_driver:/home/samet/hallo/install/io_context:/home/samet/hallo/install/camera_run:/opt/ros/humble /usr/bin/cmake --install /home/samet/hallo/build/io_context
