[2.005s] Invoking command in '/home/samet/hallo/src/camera_run': PYTHONPATH=/home/samet/hallo/build/camera_run/prefix_override:/home/samet/hallo/install/camera_run/lib/python3.10/site-packages:${PYTHONPATH} /usr/bin/python3 setup.py egg_info --egg-base ../../build/camera_run build --build-base /home/samet/hallo/build/camera_run/build install --record /home/samet/hallo/build/camera_run/install.log --single-version-externally-managed
[2.436s] running egg_info
[2.464s] writing ../../build/camera_run/camera_run.egg-info/PKG-INFO
[2.465s] writing dependency_links to ../../build/camera_run/camera_run.egg-info/dependency_links.txt
[2.465s] writing entry points to ../../build/camera_run/camera_run.egg-info/entry_points.txt
[2.466s] writing requirements to ../../build/camera_run/camera_run.egg-info/requires.txt
[2.466s] writing top-level names to ../../build/camera_run/camera_run.egg-info/top_level.txt
[2.534s] reading manifest file '../../build/camera_run/camera_run.egg-info/SOURCES.txt'
[2.536s] writing manifest file '../../build/camera_run/camera_run.egg-info/SOURCES.txt'
[2.536s] running build
[2.537s] running build_py
[2.537s] copying camera_run/intel_lane.py -> /home/samet/hallo/build/camera_run/build/lib/camera_run
[2.538s] copying camera_run/intel_pub.py -> /home/samet/hallo/build/camera_run/build/lib/camera_run
[2.538s] copying camera_run/lane_recognition.py -> /home/samet/hallo/build/camera_run/build/lib/camera_run
[2.538s] copying camera_run/steering.py -> /home/samet/hallo/build/camera_run/build/lib/camera_run
[2.539s] copying camera_run/ackermann_to_vesc.py -> /home/samet/hallo/build/camera_run/build/lib/camera_run
[2.539s] copying camera_run/bot.py -> /home/samet/hallo/build/camera_run/build/lib/camera_run
[2.540s] copying camera_run/LaneDetection_realsense_2.py -> /home/samet/hallo/build/camera_run/build/lib/camera_run
[2.540s] copying camera_run/lane_follower.py -> /home/samet/hallo/build/camera_run/build/lib/camera_run
[2.540s] copying camera_run/LaneDetection_realsense.py -> /home/samet/hallo/build/camera_run/build/lib/camera_run
[2.540s] copying camera_run/slope_sub.py -> /home/samet/hallo/build/camera_run/build/lib/camera_run
[2.540s] copying camera_run/slope_node.py -> /home/samet/hallo/build/camera_run/build/lib/camera_run
[2.541s] copying camera_run/intel_lane_sub.py -> /home/samet/hallo/build/camera_run/build/lib/camera_run
[2.541s] copying camera_run/intel_sub.py -> /home/samet/hallo/build/camera_run/build/lib/camera_run
[2.541s] copying camera_run/LaneDetection.py -> /home/samet/hallo/build/camera_run/build/lib/camera_run
[2.542s] copying camera_run/__init__.py -> /home/samet/hallo/build/camera_run/build/lib/camera_run
[2.544s] running install
[2.544s] /home/samet/.local/lib/python3.10/site-packages/setuptools/_distutils/cmd.py:66: SetuptoolsDeprecationWarning: setup.py install is deprecated.
[2.544s] !!
[2.544s] 
[2.544s]         ********************************************************************************
[2.545s]         Please avoid running ``setup.py`` directly.
[2.545s]         Instead, use pypa/build, pypa/installer or other
[2.545s]         standards-based tools.
[2.545s] 
[2.545s]         See https://blog.ganssle.io/articles/2021/10/setup-py-deprecated.html for details.
[2.545s]         ********************************************************************************
[2.545s] 
[2.545s] !!
[2.546s]   self.initialize_options()
[2.560s] running install_lib
[2.604s] copying /home/samet/hallo/build/camera_run/build/lib/camera_run/LaneDetection_realsense.py -> /home/samet/hallo/install/camera_run/lib/python3.10/site-packages/camera_run
[2.606s] byte-compiling /home/samet/hallo/install/camera_run/lib/python3.10/site-packages/camera_run/LaneDetection_realsense.py to LaneDetection_realsense.cpython-310.pyc
[2.618s] running install_data
[2.653s] copying resource/camera_run -> /home/samet/hallo/install/camera_run/share/ament_index/resource_index/packages
[2.653s] copying package.xml -> /home/samet/hallo/install/camera_run/share/camera_run
[2.653s] running install_egg_info
[2.695s] removing '/home/samet/hallo/install/camera_run/lib/python3.10/site-packages/camera_run-0.0.0-py3.10.egg-info' (and everything under it)
[2.699s] Copying ../../build/camera_run/camera_run.egg-info to /home/samet/hallo/install/camera_run/lib/python3.10/site-packages/camera_run-0.0.0-py3.10.egg-info
[2.699s] running install_scripts
[3.097s] Installing ackermann_to_vesc script to /home/samet/hallo/install/camera_run/lib/camera_run
[3.098s] Installing bot script to /home/samet/hallo/install/camera_run/lib/camera_run
[3.099s] Installing detection script to /home/samet/hallo/install/camera_run/lib/camera_run
[3.103s] Installing detection_node script to /home/samet/hallo/install/camera_run/lib/camera_run
[3.103s] Installing follower script to /home/samet/hallo/install/camera_run/lib/camera_run
[3.103s] Installing intel_lane script to /home/samet/hallo/install/camera_run/lib/camera_run
[3.104s] Installing intel_lane_sub script to /home/samet/hallo/install/camera_run/lib/camera_run
[3.104s] Installing intel_pub script to /home/samet/hallo/install/camera_run/lib/camera_run
[3.104s] Installing intel_sub script to /home/samet/hallo/install/camera_run/lib/camera_run
[3.104s] Installing slope_node script to /home/samet/hallo/install/camera_run/lib/camera_run
[3.104s] Installing slope_sub script to /home/samet/hallo/install/camera_run/lib/camera_run
[3.104s] Installing steering script to /home/samet/hallo/install/camera_run/lib/camera_run
[3.104s] writing list of installed files to '/home/samet/hallo/build/camera_run/install.log'
[3.179s] Invoked command in '/home/samet/hallo/src/camera_run' returned '0': PYTHONPATH=/home/samet/hallo/build/camera_run/prefix_override:/home/samet/hallo/install/camera_run/lib/python3.10/site-packages:${PYTHONPATH} /usr/bin/python3 setup.py egg_info --egg-base ../../build/camera_run build --build-base /home/samet/hallo/build/camera_run/build install --record /home/samet/hallo/build/camera_run/install.log --single-version-externally-managed
