[2.799s] Invoking command in '/home/samet/hallo/src/camera_run': PYTHONPATH=/home/samet/hallo/build/camera_run/prefix_override:/home/samet/hallo/install/camera_run/lib/python3.10/site-packages:${PYTHONPATH} /usr/bin/python3 setup.py egg_info --egg-base ../../build/camera_run build --build-base /home/samet/hallo/build/camera_run/build install --record /home/samet/hallo/build/camera_run/install.log --single-version-externally-managed
[3.319s] running egg_info
[3.349s] writing ../../build/camera_run/camera_run.egg-info/PKG-INFO
[3.349s] writing dependency_links to ../../build/camera_run/camera_run.egg-info/dependency_links.txt
[3.351s] writing entry points to ../../build/camera_run/camera_run.egg-info/entry_points.txt
[3.353s] writing requirements to ../../build/camera_run/camera_run.egg-info/requires.txt
[3.353s] writing top-level names to ../../build/camera_run/camera_run.egg-info/top_level.txt
[3.403s] reading manifest file '../../build/camera_run/camera_run.egg-info/SOURCES.txt'
[3.407s] writing manifest file '../../build/camera_run/camera_run.egg-info/SOURCES.txt'
[3.407s] running build
[3.407s] running build_py
[3.408s] copying camera_run/intel_lane.py -> /home/samet/hallo/build/camera_run/build/lib/camera_run
[3.409s] copying camera_run/intel_pub.py -> /home/samet/hallo/build/camera_run/build/lib/camera_run
[3.410s] copying camera_run/lane_recognition.py -> /home/samet/hallo/build/camera_run/build/lib/camera_run
[3.411s] copying camera_run/steering.py -> /home/samet/hallo/build/camera_run/build/lib/camera_run
[3.411s] copying camera_run/ackermann_to_vesc.py -> /home/samet/hallo/build/camera_run/build/lib/camera_run
[3.412s] copying camera_run/bot.py -> /home/samet/hallo/build/camera_run/build/lib/camera_run
[3.412s] copying camera_run/lane_follower.py -> /home/samet/hallo/build/camera_run/build/lib/camera_run
[3.413s] copying camera_run/LaneDetection_realsense.py -> /home/samet/hallo/build/camera_run/build/lib/camera_run
[3.413s] copying camera_run/slope_sub.py -> /home/samet/hallo/build/camera_run/build/lib/camera_run
[3.413s] copying camera_run/slope_node.py -> /home/samet/hallo/build/camera_run/build/lib/camera_run
[3.414s] copying camera_run/intel_lane_sub.py -> /home/samet/hallo/build/camera_run/build/lib/camera_run
[3.414s] copying camera_run/intel_sub.py -> /home/samet/hallo/build/camera_run/build/lib/camera_run
[3.414s] copying camera_run/__init__.py -> /home/samet/hallo/build/camera_run/build/lib/camera_run
[3.415s] copying camera_run/teleop.py -> /home/samet/hallo/build/camera_run/build/lib/camera_run
[3.416s] running install
[3.416s] /home/samet/.local/lib/python3.10/site-packages/setuptools/_distutils/cmd.py:66: SetuptoolsDeprecationWarning: setup.py install is deprecated.
[3.416s] !!
[3.416s] 
[3.416s]         ********************************************************************************
[3.416s]         Please avoid running ``setup.py`` directly.
[3.417s]         Instead, use pypa/build, pypa/installer or other
[3.417s]         standards-based tools.
[3.417s] 
[3.418s]         See https://blog.ganssle.io/articles/2021/10/setup-py-deprecated.html for details.
[3.418s]         ********************************************************************************
[3.418s] 
[3.418s] !!
[3.419s]   self.initialize_options()
[3.424s] running install_lib
[3.459s] running install_data
[3.498s] copying resource/camera_run -> /home/samet/hallo/install/camera_run/share/ament_index/resource_index/packages
[3.500s] copying package.xml -> /home/samet/hallo/install/camera_run/share/camera_run
[3.503s] running install_egg_info
[3.541s] removing '/home/samet/hallo/install/camera_run/lib/python3.10/site-packages/camera_run-0.0.0-py3.10.egg-info' (and everything under it)
[3.541s] Copying ../../build/camera_run/camera_run.egg-info to /home/samet/hallo/install/camera_run/lib/python3.10/site-packages/camera_run-0.0.0-py3.10.egg-info
[3.542s] running install_scripts
[4.006s] Installing ackermann_to_vesc script to /home/samet/hallo/install/camera_run/lib/camera_run
[4.006s] Installing bot script to /home/samet/hallo/install/camera_run/lib/camera_run
[4.007s] Installing detection script to /home/samet/hallo/install/camera_run/lib/camera_run
[4.007s] Installing detection_node script to /home/samet/hallo/install/camera_run/lib/camera_run
[4.007s] Installing follower script to /home/samet/hallo/install/camera_run/lib/camera_run
[4.007s] Installing intel_lane script to /home/samet/hallo/install/camera_run/lib/camera_run
[4.008s] Installing intel_lane_sub script to /home/samet/hallo/install/camera_run/lib/camera_run
[4.008s] Installing intel_pub script to /home/samet/hallo/install/camera_run/lib/camera_run
[4.023s] Installing intel_sub script to /home/samet/hallo/install/camera_run/lib/camera_run
[4.023s] Installing slope_node script to /home/samet/hallo/install/camera_run/lib/camera_run
[4.023s] Installing slope_sub script to /home/samet/hallo/install/camera_run/lib/camera_run
[4.023s] Installing steering script to /home/samet/hallo/install/camera_run/lib/camera_run
[4.023s] Installing tele script to /home/samet/hallo/install/camera_run/lib/camera_run
[4.023s] writing list of installed files to '/home/samet/hallo/build/camera_run/install.log'
[4.209s] Invoked command in '/home/samet/hallo/src/camera_run' returned '0': PYTHONPATH=/home/samet/hallo/build/camera_run/prefix_override:/home/samet/hallo/install/camera_run/lib/python3.10/site-packages:${PYTHONPATH} /usr/bin/python3 setup.py egg_info --egg-base ../../build/camera_run build --build-base /home/samet/hallo/build/camera_run/build install --record /home/samet/hallo/build/camera_run/install.log --single-version-externally-managed
