[0.465s] Invoking command in '/home/samet/hallo/build/serial_driver': CMAKE_PREFIX_PATH=/home/samet/hallo/install/io_context:/home/samet/hallo/install/asio_cmake_module:/home/samet/hallo/install/vesc:/home/samet/hallo/install/vesc_driver:/home/samet/hallo/install/vesc_ackermann:/home/samet/hallo/install/vesc_msgs:/home/samet/hallo/install/udp_driver:/home/samet/hallo/install/team_interfaces:/home/samet/hallo/install/serial_driver:/home/samet/hallo/install/camera_run:/opt/ros/humble LD_LIBRARY_PATH=/home/samet/hallo/install/io_context/lib:/home/samet/hallo/install/vesc_driver/lib:/home/samet/hallo/install/vesc_ackermann/lib:/home/samet/hallo/install/vesc_msgs/lib:/home/samet/hallo/install/udp_driver/lib:/home/samet/hallo/install/team_interfaces/lib:/home/samet/hallo/install/serial_driver/lib:/usr/lib/x86_64-linux-gnu/gazebo-11/plugins:/opt/ros/humble/opt/rviz_ogre_vendor/lib:/opt/ros/humble/lib/x86_64-linux-gnu:/opt/ros/humble/lib /usr/bin/cmake --build /home/samet/hallo/build/serial_driver -- -j8 -l8
[0.629s] [ 20%] Built target serial_driver
[0.648s] [ 33%] Built target gtest
[0.648s] [ 46%] Built target gtest_main
[0.649s] [ 60%] Built target serial_bridge
[0.764s] [ 73%] Built target test_serial_port
[0.781s] [ 86%] Built target test_serial_driver
[0.813s] [100%] Built target serial_driver_nodes
[0.926s] Invoked command in '/home/samet/hallo/build/serial_driver' returned '0': CMAKE_PREFIX_PATH=/home/samet/hallo/install/io_context:/home/samet/hallo/install/asio_cmake_module:/home/samet/hallo/install/vesc:/home/samet/hallo/install/vesc_driver:/home/samet/hallo/install/vesc_ackermann:/home/samet/hallo/install/vesc_msgs:/home/samet/hallo/install/udp_driver:/home/samet/hallo/install/team_interfaces:/home/samet/hallo/install/serial_driver:/home/samet/hallo/install/camera_run:/opt/ros/humble LD_LIBRARY_PATH=/home/samet/hallo/install/io_context/lib:/home/samet/hallo/install/vesc_driver/lib:/home/samet/hallo/install/vesc_ackermann/lib:/home/samet/hallo/install/vesc_msgs/lib:/home/samet/hallo/install/udp_driver/lib:/home/samet/hallo/install/team_interfaces/lib:/home/samet/hallo/install/serial_driver/lib:/usr/lib/x86_64-linux-gnu/gazebo-11/plugins:/opt/ros/humble/opt/rviz_ogre_vendor/lib:/opt/ros/humble/lib/x86_64-linux-gnu:/opt/ros/humble/lib /usr/bin/cmake --build /home/samet/hallo/build/serial_driver -- -j8 -l8
[1.168s] Invoking command in '/home/samet/hallo/build/serial_driver': CMAKE_PREFIX_PATH=/home/samet/hallo/install/io_context:/home/samet/hallo/install/asio_cmake_module:/home/samet/hallo/install/vesc:/home/samet/hallo/install/vesc_driver:/home/samet/hallo/install/vesc_ackermann:/home/samet/hallo/install/vesc_msgs:/home/samet/hallo/install/udp_driver:/home/samet/hallo/install/team_interfaces:/home/samet/hallo/install/serial_driver:/home/samet/hallo/install/camera_run:/opt/ros/humble LD_LIBRARY_PATH=/home/samet/hallo/install/io_context/lib:/home/samet/hallo/install/vesc_driver/lib:/home/samet/hallo/install/vesc_ackermann/lib:/home/samet/hallo/install/vesc_msgs/lib:/home/samet/hallo/install/udp_driver/lib:/home/samet/hallo/install/team_interfaces/lib:/home/samet/hallo/install/serial_driver/lib:/usr/lib/x86_64-linux-gnu/gazebo-11/plugins:/opt/ros/humble/opt/rviz_ogre_vendor/lib:/opt/ros/humble/lib/x86_64-linux-gnu:/opt/ros/humble/lib /usr/bin/cmake --install /home/samet/hallo/build/serial_driver
[1.180s] -- Install configuration: ""
[1.180s] -- Up-to-date: /home/samet/hallo/install/serial_driver/lib/serial_driver/serial_bridge
[1.181s] -- Up-to-date: /home/samet/hallo/install/serial_driver/include
[1.181s] -- Up-to-date: /home/samet/hallo/install/serial_driver/include/serial_driver
[1.182s] -- Up-to-date: /home/samet/hallo/install/serial_driver/include/serial_driver/visibility_control.hpp
[1.182s] -- Up-to-date: /home/samet/hallo/install/serial_driver/include/serial_driver/serial_port.hpp
[1.183s] -- Up-to-date: /home/samet/hallo/install/serial_driver/include/serial_driver/serial_driver.hpp
[1.183s] -- Up-to-date: /home/samet/hallo/install/serial_driver/include/serial_driver/serial_bridge_node.hpp
[1.184s] -- Up-to-date: /home/samet/hallo/install/serial_driver/share/serial_driver/environment/library_path.sh
[1.184s] -- Up-to-date: /home/samet/hallo/install/serial_driver/share/serial_driver/environment/library_path.dsv
[1.184s] -- Up-to-date: /home/samet/hallo/install/serial_driver/lib/libserial_driver.so
[1.185s] -- Up-to-date: /home/samet/hallo/install/serial_driver/lib/libserial_driver_nodes.so
[1.185s] -- Up-to-date: /home/samet/hallo/install/serial_driver/share/serial_driver/launch
[1.185s] -- Up-to-date: /home/samet/hallo/install/serial_driver/share/serial_driver/launch/serial_driver_bridge_node.launch.py
[1.186s] -- Up-to-date: /home/samet/hallo/install/serial_driver/share/serial_driver/params
[1.186s] -- Up-to-date: /home/samet/hallo/install/serial_driver/share/serial_driver/params/example.params.yaml
[1.186s] -- Up-to-date: /home/samet/hallo/install/serial_driver/share/ament_index/resource_index/package_run_dependencies/serial_driver
[1.187s] -- Up-to-date: /home/samet/hallo/install/serial_driver/share/ament_index/resource_index/parent_prefix_path/serial_driver
[1.187s] -- Up-to-date: /home/samet/hallo/install/serial_driver/share/serial_driver/environment/ament_prefix_path.sh
[1.188s] -- Up-to-date: /home/samet/hallo/install/serial_driver/share/serial_driver/environment/ament_prefix_path.dsv
[1.188s] -- Up-to-date: /home/samet/hallo/install/serial_driver/share/serial_driver/environment/path.sh
[1.189s] -- Up-to-date: /home/samet/hallo/install/serial_driver/share/serial_driver/environment/path.dsv
[1.189s] -- Up-to-date: /home/samet/hallo/install/serial_driver/share/serial_driver/local_setup.bash
[1.189s] -- Up-to-date: /home/samet/hallo/install/serial_driver/share/serial_driver/local_setup.sh
[1.189s] -- Up-to-date: /home/samet/hallo/install/serial_driver/share/serial_driver/local_setup.zsh
[1.190s] -- Up-to-date: /home/samet/hallo/install/serial_driver/share/serial_driver/local_setup.dsv
[1.190s] -- Installing: /home/samet/hallo/install/serial_driver/share/serial_driver/package.dsv
[1.190s] -- Up-to-date: /home/samet/hallo/install/serial_driver/share/ament_index/resource_index/packages/serial_driver
[1.190s] -- Up-to-date: /home/samet/hallo/install/serial_driver/share/ament_index/resource_index/rclcpp_components/serial_driver
[1.191s] -- Up-to-date: /home/samet/hallo/install/serial_driver/share/serial_driver/cmake/ament_cmake_export_dependencies-extras.cmake
[1.191s] -- Up-to-date: /home/samet/hallo/install/serial_driver/share/serial_driver/cmake/ament_cmake_export_include_directories-extras.cmake
[1.192s] -- Up-to-date: /home/samet/hallo/install/serial_driver/share/serial_driver/cmake/ament_cmake_export_libraries-extras.cmake
[1.193s] -- Up-to-date: /home/samet/hallo/install/serial_driver/share/serial_driver/cmake/serial_driverConfig.cmake
[1.194s] -- Up-to-date: /home/samet/hallo/install/serial_driver/share/serial_driver/cmake/serial_driverConfig-version.cmake
[1.194s] -- Up-to-date: /home/samet/hallo/install/serial_driver/share/serial_driver/package.xml
[1.308s] Invoked command in '/home/samet/hallo/build/serial_driver' returned '0': CMAKE_PREFIX_PATH=/home/samet/hallo/install/io_context:/home/samet/hallo/install/asio_cmake_module:/home/samet/hallo/install/vesc:/home/samet/hallo/install/vesc_driver:/home/samet/hallo/install/vesc_ackermann:/home/samet/hallo/install/vesc_msgs:/home/samet/hallo/install/udp_driver:/home/samet/hallo/install/team_interfaces:/home/samet/hallo/install/serial_driver:/home/samet/hallo/install/camera_run:/opt/ros/humble LD_LIBRARY_PATH=/home/samet/hallo/install/io_context/lib:/home/samet/hallo/install/vesc_driver/lib:/home/samet/hallo/install/vesc_ackermann/lib:/home/samet/hallo/install/vesc_msgs/lib:/home/samet/hallo/install/udp_driver/lib:/home/samet/hallo/install/team_interfaces/lib:/home/samet/hallo/install/serial_driver/lib:/usr/lib/x86_64-linux-gnu/gazebo-11/plugins:/opt/ros/humble/opt/rviz_ogre_vendor/lib:/opt/ros/humble/lib/x86_64-linux-gnu:/opt/ros/humble/lib /usr/bin/cmake --install /home/samet/hallo/build/serial_driver
