[1.243s] Invoking command in '/home/samet/hallo/src/camera_run': PYTHONPATH=/home/samet/hallo/build/camera_run/prefix_override:/home/samet/hallo/install/camera_run/lib/python3.10/site-packages:${PYTHONPATH} /usr/bin/python3 setup.py egg_info --egg-base ../../build/camera_run build --build-base /home/samet/hallo/build/camera_run/build install --record /home/samet/hallo/build/camera_run/install.log --single-version-externally-managed
[1.506s] running egg_info
[1.524s] writing ../../build/camera_run/camera_run.egg-info/PKG-INFO
[1.525s] writing dependency_links to ../../build/camera_run/camera_run.egg-info/dependency_links.txt
[1.525s] writing entry points to ../../build/camera_run/camera_run.egg-info/entry_points.txt
[1.526s] writing requirements to ../../build/camera_run/camera_run.egg-info/requires.txt
[1.526s] writing top-level names to ../../build/camera_run/camera_run.egg-info/top_level.txt
[1.565s] reading manifest file '../../build/camera_run/camera_run.egg-info/SOURCES.txt'
[1.566s] writing manifest file '../../build/camera_run/camera_run.egg-info/SOURCES.txt'
[1.566s] running build
[1.566s] running build_py
[1.566s] copying camera_run/intel_lane.py -> /home/samet/hallo/build/camera_run/build/lib/camera_run
[1.566s] copying camera_run/intel_pub.py -> /home/samet/hallo/build/camera_run/build/lib/camera_run
[1.567s] copying camera_run/lane_recognition.py -> /home/samet/hallo/build/camera_run/build/lib/camera_run
[1.567s] copying camera_run/steering.py -> /home/samet/hallo/build/camera_run/build/lib/camera_run
[1.567s] copying camera_run/ackermann_to_vesc.py -> /home/samet/hallo/build/camera_run/build/lib/camera_run
[1.567s] copying camera_run/bot.py -> /home/samet/hallo/build/camera_run/build/lib/camera_run
[1.567s] copying camera_run/LaneDetection_realsense_2.py -> /home/samet/hallo/build/camera_run/build/lib/camera_run
[1.568s] copying camera_run/lane_follower.py -> /home/samet/hallo/build/camera_run/build/lib/camera_run
[1.568s] copying camera_run/LaneDetection_realsense.py -> /home/samet/hallo/build/camera_run/build/lib/camera_run
[1.568s] copying camera_run/slope_sub.py -> /home/samet/hallo/build/camera_run/build/lib/camera_run
[1.568s] copying camera_run/slope_node.py -> /home/samet/hallo/build/camera_run/build/lib/camera_run
[1.568s] copying camera_run/intel_lane_sub.py -> /home/samet/hallo/build/camera_run/build/lib/camera_run
[1.569s] copying camera_run/intel_sub.py -> /home/samet/hallo/build/camera_run/build/lib/camera_run
[1.569s] copying camera_run/LaneDetection.py -> /home/samet/hallo/build/camera_run/build/lib/camera_run
[1.569s] copying camera_run/__init__.py -> /home/samet/hallo/build/camera_run/build/lib/camera_run
[1.570s] running install
[1.570s] /home/samet/.local/lib/python3.10/site-packages/setuptools/_distutils/cmd.py:66: SetuptoolsDeprecationWarning: setup.py install is deprecated.
[1.570s] !!
[1.570s] 
[1.570s]         ********************************************************************************
[1.570s]         Please avoid running ``setup.py`` directly.
[1.570s]         Instead, use pypa/build, pypa/installer or other
[1.570s]         standards-based tools.
[1.571s] 
[1.571s]         See https://blog.ganssle.io/articles/2021/10/setup-py-deprecated.html for details.
[1.571s]         ********************************************************************************
[1.571s] 
[1.571s] !!
[1.571s]   self.initialize_options()
[1.576s] running install_lib
[1.596s] running install_data
[1.614s] copying resource/camera_run -> /home/samet/hallo/install/camera_run/share/ament_index/resource_index/packages
[1.614s] copying package.xml -> /home/samet/hallo/install/camera_run/share/camera_run
[1.614s] running install_egg_info
[1.634s] removing '/home/samet/hallo/install/camera_run/lib/python3.10/site-packages/camera_run-0.0.0-py3.10.egg-info' (and everything under it)
[1.634s] Copying ../../build/camera_run/camera_run.egg-info to /home/samet/hallo/install/camera_run/lib/python3.10/site-packages/camera_run-0.0.0-py3.10.egg-info
[1.635s] running install_scripts
[1.834s] Installing ackermann_to_vesc script to /home/samet/hallo/install/camera_run/lib/camera_run
[1.834s] Installing bot script to /home/samet/hallo/install/camera_run/lib/camera_run
[1.834s] Installing detection script to /home/samet/hallo/install/camera_run/lib/camera_run
[1.835s] Installing detection_node script to /home/samet/hallo/install/camera_run/lib/camera_run
[1.835s] Installing follower script to /home/samet/hallo/install/camera_run/lib/camera_run
[1.835s] Installing intel_lane script to /home/samet/hallo/install/camera_run/lib/camera_run
[1.835s] Installing intel_lane_sub script to /home/samet/hallo/install/camera_run/lib/camera_run
[1.835s] Installing intel_pub script to /home/samet/hallo/install/camera_run/lib/camera_run
[1.835s] Installing intel_sub script to /home/samet/hallo/install/camera_run/lib/camera_run
[1.835s] Installing slope_node script to /home/samet/hallo/install/camera_run/lib/camera_run
[1.836s] Installing slope_sub script to /home/samet/hallo/install/camera_run/lib/camera_run
[1.836s] Installing steering script to /home/samet/hallo/install/camera_run/lib/camera_run
[1.836s] writing list of installed files to '/home/samet/hallo/build/camera_run/install.log'
[1.870s] Invoked command in '/home/samet/hallo/src/camera_run' returned '0': PYTHONPATH=/home/samet/hallo/build/camera_run/prefix_override:/home/samet/hallo/install/camera_run/lib/python3.10/site-packages:${PYTHONPATH} /usr/bin/python3 setup.py egg_info --egg-base ../../build/camera_run build --build-base /home/samet/hallo/build/camera_run/build install --record /home/samet/hallo/build/camera_run/install.log --single-version-externally-managed
