[2.299s] Invoking command in '/home/samet/hallo/src/camera_run': PYTHONPATH=/home/samet/hallo/build/camera_run/prefix_override:/home/samet/hallo/install/camera_run/lib/python3.10/site-packages:${PYTHONPATH} /usr/bin/python3 setup.py egg_info --egg-base ../../build/camera_run build --build-base /home/samet/hallo/build/camera_run/build install --record /home/samet/hallo/build/camera_run/install.log --single-version-externally-managed
[2.651s] running egg_info
[2.682s] writing ../../build/camera_run/camera_run.egg-info/PKG-INFO
[2.682s] writing dependency_links to ../../build/camera_run/camera_run.egg-info/dependency_links.txt
[2.683s] writing entry points to ../../build/camera_run/camera_run.egg-info/entry_points.txt
[2.683s] writing requirements to ../../build/camera_run/camera_run.egg-info/requires.txt
[2.683s] writing top-level names to ../../build/camera_run/camera_run.egg-info/top_level.txt
[2.740s] reading manifest file '../../build/camera_run/camera_run.egg-info/SOURCES.txt'
[2.742s] writing manifest file '../../build/camera_run/camera_run.egg-info/SOURCES.txt'
[2.742s] running build
[2.742s] running build_py
[2.742s] copying camera_run/intel_pub.py -> /home/samet/hallo/build/camera_run/build/lib/camera_run
[2.743s] copying camera_run/steering.py -> /home/samet/hallo/build/camera_run/build/lib/camera_run
[2.743s] copying camera_run/ackermann_to_vesc.py -> /home/samet/hallo/build/camera_run/build/lib/camera_run
[2.744s] copying camera_run/bot.py -> /home/samet/hallo/build/camera_run/build/lib/camera_run
[2.744s] copying camera_run/LaneDetection_realsense.py -> /home/samet/hallo/build/camera_run/build/lib/camera_run
[2.745s] copying camera_run/intel_sub.py -> /home/samet/hallo/build/camera_run/build/lib/camera_run
[2.745s] copying camera_run/__init__.py -> /home/samet/hallo/build/camera_run/build/lib/camera_run
[2.746s] copying camera_run/teleop.py -> /home/samet/hallo/build/camera_run/build/lib/camera_run
[2.746s] running install
[2.747s] /home/samet/.local/lib/python3.10/site-packages/setuptools/_distutils/cmd.py:66: SetuptoolsDeprecationWarning: setup.py install is deprecated.
[2.747s] !!
[2.747s] 
[2.747s]         ********************************************************************************
[2.748s]         Please avoid running ``setup.py`` directly.
[2.748s]         Instead, use pypa/build, pypa/installer or other
[2.748s]         standards-based tools.
[2.748s] 
[2.748s]         See https://blog.ganssle.io/articles/2021/10/setup-py-deprecated.html for details.
[2.748s]         ********************************************************************************
[2.748s] 
[2.748s] !!
[2.749s]   self.initialize_options()
[2.762s] running install_lib
[2.806s] copying /home/samet/hallo/build/camera_run/build/lib/camera_run/LaneDetection_realsense.py -> /home/samet/hallo/install/camera_run/lib/python3.10/site-packages/camera_run
[2.809s] byte-compiling /home/samet/hallo/install/camera_run/lib/python3.10/site-packages/camera_run/LaneDetection_realsense.py to LaneDetection_realsense.cpython-310.pyc
[2.817s] running install_data
[2.887s] copying resource/camera_run -> /home/samet/hallo/install/camera_run/share/ament_index/resource_index/packages
[2.887s] copying package.xml -> /home/samet/hallo/install/camera_run/share/camera_run
[2.888s] running install_egg_info
[2.948s] removing '/home/samet/hallo/install/camera_run/lib/python3.10/site-packages/camera_run-0.0.0-py3.10.egg-info' (and everything under it)
[2.956s] Copying ../../build/camera_run/camera_run.egg-info to /home/samet/hallo/install/camera_run/lib/python3.10/site-packages/camera_run-0.0.0-py3.10.egg-info
[2.959s] running install_scripts
[3.360s] Installing ackermann_to_vesc script to /home/samet/hallo/install/camera_run/lib/camera_run
[3.360s] Installing bot script to /home/samet/hallo/install/camera_run/lib/camera_run
[3.361s] Installing detection script to /home/samet/hallo/install/camera_run/lib/camera_run
[3.361s] Installing detection_node script to /home/samet/hallo/install/camera_run/lib/camera_run
[3.362s] Installing follower script to /home/samet/hallo/install/camera_run/lib/camera_run
[3.362s] Installing intel_lane script to /home/samet/hallo/install/camera_run/lib/camera_run
[3.363s] Installing intel_lane_sub script to /home/samet/hallo/install/camera_run/lib/camera_run
[3.363s] Installing intel_pub script to /home/samet/hallo/install/camera_run/lib/camera_run
[3.363s] Installing intel_sub script to /home/samet/hallo/install/camera_run/lib/camera_run
[3.363s] Installing slope_node script to /home/samet/hallo/install/camera_run/lib/camera_run
[3.364s] Installing slope_sub script to /home/samet/hallo/install/camera_run/lib/camera_run
[3.364s] Installing steering script to /home/samet/hallo/install/camera_run/lib/camera_run
[3.364s] Installing tele script to /home/samet/hallo/install/camera_run/lib/camera_run
[3.365s] writing list of installed files to '/home/samet/hallo/build/camera_run/install.log'
[3.599s] Invoked command in '/home/samet/hallo/src/camera_run' returned '0': PYTHONPATH=/home/samet/hallo/build/camera_run/prefix_override:/home/samet/hallo/install/camera_run/lib/python3.10/site-packages:${PYTHONPATH} /usr/bin/python3 setup.py egg_info --egg-base ../../build/camera_run build --build-base /home/samet/hallo/build/camera_run/build install --record /home/samet/hallo/build/camera_run/install.log --single-version-externally-managed
