[2.682s] Invoking command in '/home/samet/hallo/src/camera_run': PYTHONPATH=/home/samet/hallo/build/camera_run/prefix_override:/home/samet/hallo/install/camera_run/lib/python3.10/site-packages:${PYTHONPATH} /usr/bin/python3 setup.py egg_info --egg-base ../../build/camera_run build --build-base /home/samet/hallo/build/camera_run/build install --record /home/samet/hallo/build/camera_run/install.log --single-version-externally-managed
[3.358s] running egg_info
[3.408s] writing ../../build/camera_run/camera_run.egg-info/PKG-INFO
[3.410s] writing dependency_links to ../../build/camera_run/camera_run.egg-info/dependency_links.txt
[3.410s] writing entry points to ../../build/camera_run/camera_run.egg-info/entry_points.txt
[3.411s] writing requirements to ../../build/camera_run/camera_run.egg-info/requires.txt
[3.417s] writing top-level names to ../../build/camera_run/camera_run.egg-info/top_level.txt
[3.518s] reading manifest file '../../build/camera_run/camera_run.egg-info/SOURCES.txt'
[3.522s] writing manifest file '../../build/camera_run/camera_run.egg-info/SOURCES.txt'
[3.524s] running build
[3.525s] running build_py
[3.527s] copying camera_run/intel_lane.py -> /home/samet/hallo/build/camera_run/build/lib/camera_run
[3.528s] copying camera_run/intel_pub.py -> /home/samet/hallo/build/camera_run/build/lib/camera_run
[3.528s] copying camera_run/lane_recognition.py -> /home/samet/hallo/build/camera_run/build/lib/camera_run
[3.528s] copying camera_run/steering.py -> /home/samet/hallo/build/camera_run/build/lib/camera_run
[3.530s] copying camera_run/ackermann_to_vesc.py -> /home/samet/hallo/build/camera_run/build/lib/camera_run
[3.531s] copying camera_run/bot.py -> /home/samet/hallo/build/camera_run/build/lib/camera_run
[3.531s] copying camera_run/lane_follower.py -> /home/samet/hallo/build/camera_run/build/lib/camera_run
[3.532s] copying camera_run/LaneDetection_realsense.py -> /home/samet/hallo/build/camera_run/build/lib/camera_run
[3.533s] copying camera_run/slope_sub.py -> /home/samet/hallo/build/camera_run/build/lib/camera_run
[3.538s] copying camera_run/slope_node.py -> /home/samet/hallo/build/camera_run/build/lib/camera_run
[3.538s] copying camera_run/intel_lane_sub.py -> /home/samet/hallo/build/camera_run/build/lib/camera_run
[3.538s] copying camera_run/intel_sub.py -> /home/samet/hallo/build/camera_run/build/lib/camera_run
[3.538s] copying camera_run/__init__.py -> /home/samet/hallo/build/camera_run/build/lib/camera_run
[3.539s] copying camera_run/teleop.py -> /home/samet/hallo/build/camera_run/build/lib/camera_run
[3.539s] running install
[3.539s] /home/samet/.local/lib/python3.10/site-packages/setuptools/_distutils/cmd.py:66: SetuptoolsDeprecationWarning: setup.py install is deprecated.
[3.539s] !!
[3.539s] 
[3.540s]         ********************************************************************************
[3.540s]         Please avoid running ``setup.py`` directly.
[3.540s]         Instead, use pypa/build, pypa/installer or other
[3.540s]         standards-based tools.
[3.540s] 
[3.540s]         See https://blog.ganssle.io/articles/2021/10/setup-py-deprecated.html for details.
[3.540s]         ********************************************************************************
[3.540s] 
[3.541s] !!
[3.541s]   self.initialize_options()
[3.554s] running install_lib
[3.601s] copying /home/samet/hallo/build/camera_run/build/lib/camera_run/LaneDetection_realsense.py -> /home/samet/hallo/install/camera_run/lib/python3.10/site-packages/camera_run
[3.603s] byte-compiling /home/samet/hallo/install/camera_run/lib/python3.10/site-packages/camera_run/LaneDetection_realsense.py to LaneDetection_realsense.cpython-310.pyc
[3.614s] running install_data
[3.662s] copying resource/camera_run -> /home/samet/hallo/install/camera_run/share/ament_index/resource_index/packages
[3.664s] copying package.xml -> /home/samet/hallo/install/camera_run/share/camera_run
[3.664s] running install_egg_info
[3.709s] removing '/home/samet/hallo/install/camera_run/lib/python3.10/site-packages/camera_run-0.0.0-py3.10.egg-info' (and everything under it)
[3.735s] Copying ../../build/camera_run/camera_run.egg-info to /home/samet/hallo/install/camera_run/lib/python3.10/site-packages/camera_run-0.0.0-py3.10.egg-info
[3.735s] running install_scripts
[4.125s] Installing ackermann_to_vesc script to /home/samet/hallo/install/camera_run/lib/camera_run
[4.126s] Installing bot script to /home/samet/hallo/install/camera_run/lib/camera_run
[4.126s] Installing detection script to /home/samet/hallo/install/camera_run/lib/camera_run
[4.126s] Installing detection_node script to /home/samet/hallo/install/camera_run/lib/camera_run
[4.127s] Installing follower script to /home/samet/hallo/install/camera_run/lib/camera_run
[4.127s] Installing intel_lane script to /home/samet/hallo/install/camera_run/lib/camera_run
[4.128s] Installing intel_lane_sub script to /home/samet/hallo/install/camera_run/lib/camera_run
[4.128s] Installing intel_pub script to /home/samet/hallo/install/camera_run/lib/camera_run
[4.128s] Installing intel_sub script to /home/samet/hallo/install/camera_run/lib/camera_run
[4.128s] Installing slope_node script to /home/samet/hallo/install/camera_run/lib/camera_run
[4.128s] Installing slope_sub script to /home/samet/hallo/install/camera_run/lib/camera_run
[4.129s] Installing steering script to /home/samet/hallo/install/camera_run/lib/camera_run
[4.129s] Installing tele script to /home/samet/hallo/install/camera_run/lib/camera_run
[4.131s] writing list of installed files to '/home/samet/hallo/build/camera_run/install.log'
[4.433s] Invoked command in '/home/samet/hallo/src/camera_run' returned '0': PYTHONPATH=/home/samet/hallo/build/camera_run/prefix_override:/home/samet/hallo/install/camera_run/lib/python3.10/site-packages:${PYTHONPATH} /usr/bin/python3 setup.py egg_info --egg-base ../../build/camera_run build --build-base /home/samet/hallo/build/camera_run/build install --record /home/samet/hallo/build/camera_run/install.log --single-version-externally-managed
