[2.028s] Invoking command in '/home/samet/hallo/src/camera_run': PYTHONPATH=/home/samet/hallo/build/camera_run/prefix_override:/home/samet/hallo/install/camera_run/lib/python3.10/site-packages:${PYTHONPATH} /usr/bin/python3 setup.py egg_info --egg-base ../../build/camera_run build --build-base /home/samet/hallo/build/camera_run/build install --record /home/samet/hallo/build/camera_run/install.log --single-version-externally-managed
[2.471s] running egg_info
[2.504s] writing ../../build/camera_run/camera_run.egg-info/PKG-INFO
[2.504s] writing dependency_links to ../../build/camera_run/camera_run.egg-info/dependency_links.txt
[2.505s] writing entry points to ../../build/camera_run/camera_run.egg-info/entry_points.txt
[2.505s] writing requirements to ../../build/camera_run/camera_run.egg-info/requires.txt
[2.506s] writing top-level names to ../../build/camera_run/camera_run.egg-info/top_level.txt
[2.589s] reading manifest file '../../build/camera_run/camera_run.egg-info/SOURCES.txt'
[2.589s] writing manifest file '../../build/camera_run/camera_run.egg-info/SOURCES.txt'
[2.590s] running build
[2.590s] running build_py
[2.590s] copying camera_run/intel_lane.py -> /home/samet/hallo/build/camera_run/build/lib/camera_run
[2.591s] copying camera_run/intel_pub.py -> /home/samet/hallo/build/camera_run/build/lib/camera_run
[2.591s] copying camera_run/lane_recognition.py -> /home/samet/hallo/build/camera_run/build/lib/camera_run
[2.591s] copying camera_run/steering.py -> /home/samet/hallo/build/camera_run/build/lib/camera_run
[2.591s] copying camera_run/ackermann_to_vesc.py -> /home/samet/hallo/build/camera_run/build/lib/camera_run
[2.591s] copying camera_run/bot.py -> /home/samet/hallo/build/camera_run/build/lib/camera_run
[2.592s] copying camera_run/LaneDetection_realsense_2.py -> /home/samet/hallo/build/camera_run/build/lib/camera_run
[2.592s] copying camera_run/lane_follower.py -> /home/samet/hallo/build/camera_run/build/lib/camera_run
[2.592s] copying camera_run/LaneDetection_realsense.py -> /home/samet/hallo/build/camera_run/build/lib/camera_run
[2.592s] copying camera_run/slope_sub.py -> /home/samet/hallo/build/camera_run/build/lib/camera_run
[2.593s] copying camera_run/slope_node.py -> /home/samet/hallo/build/camera_run/build/lib/camera_run
[2.593s] copying camera_run/intel_lane_sub.py -> /home/samet/hallo/build/camera_run/build/lib/camera_run
[2.593s] copying camera_run/intel_sub.py -> /home/samet/hallo/build/camera_run/build/lib/camera_run
[2.593s] copying camera_run/LaneDetection.py -> /home/samet/hallo/build/camera_run/build/lib/camera_run
[2.593s] copying camera_run/__init__.py -> /home/samet/hallo/build/camera_run/build/lib/camera_run
[2.593s] running install
[2.599s] /home/samet/.local/lib/python3.10/site-packages/setuptools/_distutils/cmd.py:66: SetuptoolsDeprecationWarning: setup.py install is deprecated.
[2.599s] !!
[2.599s] 
[2.599s]         ********************************************************************************
[2.599s]         Please avoid running ``setup.py`` directly.
[2.599s]         Instead, use pypa/build, pypa/installer or other
[2.600s]         standards-based tools.
[2.600s] 
[2.600s]         See https://blog.ganssle.io/articles/2021/10/setup-py-deprecated.html for details.
[2.600s]         ********************************************************************************
[2.600s] 
[2.600s] !!
[2.600s]   self.initialize_options()
[2.604s] running install_lib
[2.652s] copying /home/samet/hallo/build/camera_run/build/lib/camera_run/LaneDetection_realsense.py -> /home/samet/hallo/install/camera_run/lib/python3.10/site-packages/camera_run
[2.654s] byte-compiling /home/samet/hallo/install/camera_run/lib/python3.10/site-packages/camera_run/LaneDetection_realsense.py to LaneDetection_realsense.cpython-310.pyc
[2.664s] running install_data
[2.713s] copying resource/camera_run -> /home/samet/hallo/install/camera_run/share/ament_index/resource_index/packages
[2.715s] copying package.xml -> /home/samet/hallo/install/camera_run/share/camera_run
[2.717s] running install_egg_info
[2.771s] removing '/home/samet/hallo/install/camera_run/lib/python3.10/site-packages/camera_run-0.0.0-py3.10.egg-info' (and everything under it)
[2.780s] Copying ../../build/camera_run/camera_run.egg-info to /home/samet/hallo/install/camera_run/lib/python3.10/site-packages/camera_run-0.0.0-py3.10.egg-info
[2.780s] running install_scripts
[3.127s] Installing ackermann_to_vesc script to /home/samet/hallo/install/camera_run/lib/camera_run
[3.128s] Installing bot script to /home/samet/hallo/install/camera_run/lib/camera_run
[3.128s] Installing detection script to /home/samet/hallo/install/camera_run/lib/camera_run
[3.128s] Installing detection_node script to /home/samet/hallo/install/camera_run/lib/camera_run
[3.128s] Installing follower script to /home/samet/hallo/install/camera_run/lib/camera_run
[3.129s] Installing intel_lane script to /home/samet/hallo/install/camera_run/lib/camera_run
[3.129s] Installing intel_lane_sub script to /home/samet/hallo/install/camera_run/lib/camera_run
[3.129s] Installing intel_pub script to /home/samet/hallo/install/camera_run/lib/camera_run
[3.129s] Installing intel_sub script to /home/samet/hallo/install/camera_run/lib/camera_run
[3.130s] Installing slope_node script to /home/samet/hallo/install/camera_run/lib/camera_run
[3.130s] Installing slope_sub script to /home/samet/hallo/install/camera_run/lib/camera_run
[3.130s] Installing steering script to /home/samet/hallo/install/camera_run/lib/camera_run
[3.131s] writing list of installed files to '/home/samet/hallo/build/camera_run/install.log'
[3.342s] Invoked command in '/home/samet/hallo/src/camera_run' returned '0': PYTHONPATH=/home/samet/hallo/build/camera_run/prefix_override:/home/samet/hallo/install/camera_run/lib/python3.10/site-packages:${PYTHONPATH} /usr/bin/python3 setup.py egg_info --egg-base ../../build/camera_run build --build-base /home/samet/hallo/build/camera_run/build install --record /home/samet/hallo/build/camera_run/install.log --single-version-externally-managed
