[0.283s] Invoking command in '/home/samet/hallo/build/vesc_driver': CMAKE_PREFIX_PATH=/home/samet/hallo/install/serial_driver:/home/samet/hallo/install/io_context:/home/samet/hallo/install/vesc_msgs:/home/samet/hallo/install/vesc:/home/samet/hallo/install/vesc_driver:/home/samet/hallo/install/vesc_ackermann:/home/samet/hallo/install/udp_driver:/home/samet/hallo/install/team_interfaces:/home/samet/hallo/install/asio_cmake_module:/home/samet/hallo/install/camera_run:/opt/ros/humble LD_LIBRARY_PATH=/home/samet/hallo/install/serial_driver/lib:/home/samet/hallo/install/io_context/lib:/home/samet/hallo/install/vesc_msgs/lib:/home/samet/hallo/install/vesc_driver/lib:/home/samet/hallo/install/vesc_ackermann/lib:/home/samet/hallo/install/udp_driver/lib:/home/samet/hallo/install/team_interfaces/lib:/usr/lib/x86_64-linux-gnu/gazebo-11/plugins:/opt/ros/humble/opt/rviz_ogre_vendor/lib:/opt/ros/humble/lib/x86_64-linux-gnu:/opt/ros/humble/lib /usr/bin/cmake --build /home/samet/hallo/build/vesc_driver -- -j8 -l8
[0.367s] [ 50%] Built target vesc_driver
[0.370s] [ 70%] Built target vesc_driver_node
[0.402s] [100%] Built target vesc_device_namer
[0.419s] Invoked command in '/home/samet/hallo/build/vesc_driver' returned '0': CMAKE_PREFIX_PATH=/home/samet/hallo/install/serial_driver:/home/samet/hallo/install/io_context:/home/samet/hallo/install/vesc_msgs:/home/samet/hallo/install/vesc:/home/samet/hallo/install/vesc_driver:/home/samet/hallo/install/vesc_ackermann:/home/samet/hallo/install/udp_driver:/home/samet/hallo/install/team_interfaces:/home/samet/hallo/install/asio_cmake_module:/home/samet/hallo/install/camera_run:/opt/ros/humble LD_LIBRARY_PATH=/home/samet/hallo/install/serial_driver/lib:/home/samet/hallo/install/io_context/lib:/home/samet/hallo/install/vesc_msgs/lib:/home/samet/hallo/install/vesc_driver/lib:/home/samet/hallo/install/vesc_ackermann/lib:/home/samet/hallo/install/udp_driver/lib:/home/samet/hallo/install/team_interfaces/lib:/usr/lib/x86_64-linux-gnu/gazebo-11/plugins:/opt/ros/humble/opt/rviz_ogre_vendor/lib:/opt/ros/humble/lib/x86_64-linux-gnu:/opt/ros/humble/lib /usr/bin/cmake --build /home/samet/hallo/build/vesc_driver -- -j8 -l8
[0.493s] Invoking command in '/home/samet/hallo/build/vesc_driver': CMAKE_PREFIX_PATH=/home/samet/hallo/install/serial_driver:/home/samet/hallo/install/io_context:/home/samet/hallo/install/vesc_msgs:/home/samet/hallo/install/vesc:/home/samet/hallo/install/vesc_driver:/home/samet/hallo/install/vesc_ackermann:/home/samet/hallo/install/udp_driver:/home/samet/hallo/install/team_interfaces:/home/samet/hallo/install/asio_cmake_module:/home/samet/hallo/install/camera_run:/opt/ros/humble LD_LIBRARY_PATH=/home/samet/hallo/install/serial_driver/lib:/home/samet/hallo/install/io_context/lib:/home/samet/hallo/install/vesc_msgs/lib:/home/samet/hallo/install/vesc_driver/lib:/home/samet/hallo/install/vesc_ackermann/lib:/home/samet/hallo/install/udp_driver/lib:/home/samet/hallo/install/team_interfaces/lib:/usr/lib/x86_64-linux-gnu/gazebo-11/plugins:/opt/ros/humble/opt/rviz_ogre_vendor/lib:/opt/ros/humble/lib/x86_64-linux-gnu:/opt/ros/humble/lib /usr/bin/cmake --install /home/samet/hallo/build/vesc_driver
[0.507s] -- Install configuration: ""
[0.507s] -- Up-to-date: /home/samet/hallo/install/vesc_driver/lib/vesc_driver/vesc_driver_node
[0.508s] -- Up-to-date: /home/samet/hallo/install/vesc_driver/include
[0.508s] -- Up-to-date: /home/samet/hallo/install/vesc_driver/include/vesc_driver
[0.508s] -- Up-to-date: /home/samet/hallo/install/vesc_driver/include/vesc_driver/vesc_device_uuid_lookup.hpp
[0.508s] -- Up-to-date: /home/samet/hallo/install/vesc_driver/include/vesc_driver/vesc_driver.hpp
[0.508s] -- Up-to-date: /home/samet/hallo/install/vesc_driver/include/vesc_driver/vesc_packet_factory.hpp
[0.509s] -- Up-to-date: /home/samet/hallo/install/vesc_driver/include/vesc_driver/vesc_packet.hpp
[0.509s] -- Up-to-date: /home/samet/hallo/install/vesc_driver/include/vesc_driver/crc.hpp
[0.509s] -- Up-to-date: /home/samet/hallo/install/vesc_driver/include/vesc_driver/vesc_interface.hpp
[0.509s] -- Up-to-date: /home/samet/hallo/install/vesc_driver/include/vesc_driver/datatypes.hpp
[0.511s] -- Up-to-date: /home/samet/hallo/install/vesc_driver/share/vesc_driver/environment/library_path.sh
[0.511s] -- Up-to-date: /home/samet/hallo/install/vesc_driver/share/vesc_driver/environment/library_path.dsv
[0.511s] -- Up-to-date: /home/samet/hallo/install/vesc_driver/lib/libvesc_driver.so
[0.511s] -- Up-to-date: /home/samet/hallo/install/vesc_driver/lib/vesc_driver/vesc_device_namer
[0.512s] -- Up-to-date: /home/samet/hallo/install/vesc_driver/share/vesc_driver/launch
[0.512s] -- Up-to-date: /home/samet/hallo/install/vesc_driver/share/vesc_driver/launch/vesc_driver_node.launch.py
[0.512s] -- Up-to-date: /home/samet/hallo/install/vesc_driver/share/vesc_driver/params
[0.512s] -- Up-to-date: /home/samet/hallo/install/vesc_driver/share/vesc_driver/params/config.yaml
[0.512s] -- Up-to-date: /home/samet/hallo/install/vesc_driver/share/ament_index/resource_index/package_run_dependencies/vesc_driver
[0.513s] -- Up-to-date: /home/samet/hallo/install/vesc_driver/share/ament_index/resource_index/parent_prefix_path/vesc_driver
[0.513s] -- Up-to-date: /home/samet/hallo/install/vesc_driver/share/vesc_driver/environment/ament_prefix_path.sh
[0.513s] -- Up-to-date: /home/samet/hallo/install/vesc_driver/share/vesc_driver/environment/ament_prefix_path.dsv
[0.513s] -- Up-to-date: /home/samet/hallo/install/vesc_driver/share/vesc_driver/environment/path.sh
[0.513s] -- Up-to-date: /home/samet/hallo/install/vesc_driver/share/vesc_driver/environment/path.dsv
[0.513s] -- Up-to-date: /home/samet/hallo/install/vesc_driver/share/vesc_driver/local_setup.bash
[0.514s] -- Up-to-date: /home/samet/hallo/install/vesc_driver/share/vesc_driver/local_setup.sh
[0.514s] -- Up-to-date: /home/samet/hallo/install/vesc_driver/share/vesc_driver/local_setup.zsh
[0.514s] -- Up-to-date: /home/samet/hallo/install/vesc_driver/share/vesc_driver/local_setup.dsv
[0.515s] -- Installing: /home/samet/hallo/install/vesc_driver/share/vesc_driver/package.dsv
[0.516s] -- Up-to-date: /home/samet/hallo/install/vesc_driver/share/ament_index/resource_index/packages/vesc_driver
[0.516s] -- Up-to-date: /home/samet/hallo/install/vesc_driver/share/ament_index/resource_index/rclcpp_components/vesc_driver
[0.516s] -- Up-to-date: /home/samet/hallo/install/vesc_driver/share/vesc_driver/cmake/ament_cmake_export_dependencies-extras.cmake
[0.517s] -- Up-to-date: /home/samet/hallo/install/vesc_driver/share/vesc_driver/cmake/ament_cmake_export_include_directories-extras.cmake
[0.517s] -- Up-to-date: /home/samet/hallo/install/vesc_driver/share/vesc_driver/cmake/ament_cmake_export_libraries-extras.cmake
[0.517s] -- Up-to-date: /home/samet/hallo/install/vesc_driver/share/vesc_driver/cmake/vesc_driverConfig.cmake
[0.518s] -- Up-to-date: /home/samet/hallo/install/vesc_driver/share/vesc_driver/cmake/vesc_driverConfig-version.cmake
[0.518s] -- Up-to-date: /home/samet/hallo/install/vesc_driver/share/vesc_driver/package.xml
[0.518s] Invoked command in '/home/samet/hallo/build/vesc_driver' returned '0': CMAKE_PREFIX_PATH=/home/samet/hallo/install/serial_driver:/home/samet/hallo/install/io_context:/home/samet/hallo/install/vesc_msgs:/home/samet/hallo/install/vesc:/home/samet/hallo/install/vesc_driver:/home/samet/hallo/install/vesc_ackermann:/home/samet/hallo/install/udp_driver:/home/samet/hallo/install/team_interfaces:/home/samet/hallo/install/asio_cmake_module:/home/samet/hallo/install/camera_run:/opt/ros/humble LD_LIBRARY_PATH=/home/samet/hallo/install/serial_driver/lib:/home/samet/hallo/install/io_context/lib:/home/samet/hallo/install/vesc_msgs/lib:/home/samet/hallo/install/vesc_driver/lib:/home/samet/hallo/install/vesc_ackermann/lib:/home/samet/hallo/install/udp_driver/lib:/home/samet/hallo/install/team_interfaces/lib:/usr/lib/x86_64-linux-gnu/gazebo-11/plugins:/opt/ros/humble/opt/rviz_ogre_vendor/lib:/opt/ros/humble/lib/x86_64-linux-gnu:/opt/ros/humble/lib /usr/bin/cmake --install /home/samet/hallo/build/vesc_driver
