[0.340s] Invoking command in '/home/samet/hallo/build/udp_driver': CMAKE_PREFIX_PATH=/home/samet/hallo/install/io_context:/home/samet/hallo/install/asio_cmake_module:/home/samet/hallo/install/vesc:/home/samet/hallo/install/vesc_driver:/home/samet/hallo/install/vesc_ackermann:/home/samet/hallo/install/vesc_msgs:/home/samet/hallo/install/udp_driver:/home/samet/hallo/install/team_interfaces:/home/samet/hallo/install/serial_driver:/home/samet/hallo/install/camera_run:/opt/ros/humble LD_LIBRARY_PATH=/home/samet/hallo/install/io_context/lib:/home/samet/hallo/install/vesc_driver/lib:/home/samet/hallo/install/vesc_ackermann/lib:/home/samet/hallo/install/vesc_msgs/lib:/home/samet/hallo/install/udp_driver/lib:/home/samet/hallo/install/team_interfaces/lib:/home/samet/hallo/install/serial_driver/lib:/usr/lib/x86_64-linux-gnu/gazebo-11/plugins:/opt/ros/humble/opt/rviz_ogre_vendor/lib:/opt/ros/humble/lib/x86_64-linux-gnu:/opt/ros/humble/lib /usr/bin/cmake --build /home/samet/hallo/build/udp_driver -- -j8 -l8
[0.500s] [  8%] Built target udp_sender_node_exe
[0.507s] [ 16%] Built target gtest_main
[0.511s] [ 29%] Built target udp_driver
[0.514s] [ 37%] Built target udp_receiver_node_exe
[0.526s] [ 45%] Built target gtest
[0.629s] [ 58%] Built target udp_driver_nodes
[0.692s] [ 66%] Built target udp_bridge_node_exe
[0.696s] [ 75%] Built target test_udp_data
[0.716s] [ 83%] Built target test_udp_driver
[0.731s] [ 91%] Built target test_udp_socket
[0.735s] [100%] Built target test_udp_driver_nodes
[0.827s] Invoked command in '/home/samet/hallo/build/udp_driver' returned '0': CMAKE_PREFIX_PATH=/home/samet/hallo/install/io_context:/home/samet/hallo/install/asio_cmake_module:/home/samet/hallo/install/vesc:/home/samet/hallo/install/vesc_driver:/home/samet/hallo/install/vesc_ackermann:/home/samet/hallo/install/vesc_msgs:/home/samet/hallo/install/udp_driver:/home/samet/hallo/install/team_interfaces:/home/samet/hallo/install/serial_driver:/home/samet/hallo/install/camera_run:/opt/ros/humble LD_LIBRARY_PATH=/home/samet/hallo/install/io_context/lib:/home/samet/hallo/install/vesc_driver/lib:/home/samet/hallo/install/vesc_ackermann/lib:/home/samet/hallo/install/vesc_msgs/lib:/home/samet/hallo/install/udp_driver/lib:/home/samet/hallo/install/team_interfaces/lib:/home/samet/hallo/install/serial_driver/lib:/usr/lib/x86_64-linux-gnu/gazebo-11/plugins:/opt/ros/humble/opt/rviz_ogre_vendor/lib:/opt/ros/humble/lib/x86_64-linux-gnu:/opt/ros/humble/lib /usr/bin/cmake --build /home/samet/hallo/build/udp_driver -- -j8 -l8
[1.163s] Invoking command in '/home/samet/hallo/build/udp_driver': CMAKE_PREFIX_PATH=/home/samet/hallo/install/io_context:/home/samet/hallo/install/asio_cmake_module:/home/samet/hallo/install/vesc:/home/samet/hallo/install/vesc_driver:/home/samet/hallo/install/vesc_ackermann:/home/samet/hallo/install/vesc_msgs:/home/samet/hallo/install/udp_driver:/home/samet/hallo/install/team_interfaces:/home/samet/hallo/install/serial_driver:/home/samet/hallo/install/camera_run:/opt/ros/humble LD_LIBRARY_PATH=/home/samet/hallo/install/io_context/lib:/home/samet/hallo/install/vesc_driver/lib:/home/samet/hallo/install/vesc_ackermann/lib:/home/samet/hallo/install/vesc_msgs/lib:/home/samet/hallo/install/udp_driver/lib:/home/samet/hallo/install/team_interfaces/lib:/home/samet/hallo/install/serial_driver/lib:/usr/lib/x86_64-linux-gnu/gazebo-11/plugins:/opt/ros/humble/opt/rviz_ogre_vendor/lib:/opt/ros/humble/lib/x86_64-linux-gnu:/opt/ros/humble/lib /usr/bin/cmake --install /home/samet/hallo/build/udp_driver
[1.176s] -- Install configuration: ""
[1.177s] -- Up-to-date: /home/samet/hallo/install/udp_driver/lib/udp_driver/udp_receiver_node_exe
[1.177s] -- Up-to-date: /home/samet/hallo/install/udp_driver/lib/udp_driver/udp_sender_node_exe
[1.178s] -- Up-to-date: /home/samet/hallo/install/udp_driver/include
[1.178s] -- Up-to-date: /home/samet/hallo/install/udp_driver/include/udp_driver
[1.178s] -- Up-to-date: /home/samet/hallo/install/udp_driver/include/udp_driver/visibility_control.hpp
[1.179s] -- Up-to-date: /home/samet/hallo/install/udp_driver/include/udp_driver/udp_receiver_node.hpp
[1.179s] -- Up-to-date: /home/samet/hallo/install/udp_driver/include/udp_driver/udp_sender_node.hpp
[1.179s] -- Up-to-date: /home/samet/hallo/install/udp_driver/include/udp_driver/udp_socket.hpp
[1.180s] -- Up-to-date: /home/samet/hallo/install/udp_driver/include/udp_driver/udp_driver.hpp
[1.180s] -- Up-to-date: /home/samet/hallo/install/udp_driver/share/udp_driver/environment/library_path.sh
[1.180s] -- Up-to-date: /home/samet/hallo/install/udp_driver/share/udp_driver/environment/library_path.dsv
[1.180s] -- Up-to-date: /home/samet/hallo/install/udp_driver/lib/libudp_driver.so
[1.180s] -- Up-to-date: /home/samet/hallo/install/udp_driver/lib/libudp_driver_nodes.so
[1.182s] -- Up-to-date: /home/samet/hallo/install/udp_driver/lib/udp_driver/udp_bridge_node_exe
[1.182s] -- Up-to-date: /home/samet/hallo/install/udp_driver/share/ament_index/resource_index/package_run_dependencies/udp_driver
[1.182s] -- Up-to-date: /home/samet/hallo/install/udp_driver/share/ament_index/resource_index/parent_prefix_path/udp_driver
[1.182s] -- Up-to-date: /home/samet/hallo/install/udp_driver/share/udp_driver/environment/ament_prefix_path.sh
[1.182s] -- Up-to-date: /home/samet/hallo/install/udp_driver/share/udp_driver/environment/ament_prefix_path.dsv
[1.183s] -- Up-to-date: /home/samet/hallo/install/udp_driver/share/udp_driver/environment/path.sh
[1.183s] -- Up-to-date: /home/samet/hallo/install/udp_driver/share/udp_driver/environment/path.dsv
[1.183s] -- Up-to-date: /home/samet/hallo/install/udp_driver/share/udp_driver/local_setup.bash
[1.183s] -- Up-to-date: /home/samet/hallo/install/udp_driver/share/udp_driver/local_setup.sh
[1.183s] -- Up-to-date: /home/samet/hallo/install/udp_driver/share/udp_driver/local_setup.zsh
[1.184s] -- Up-to-date: /home/samet/hallo/install/udp_driver/share/udp_driver/local_setup.dsv
[1.184s] -- Installing: /home/samet/hallo/install/udp_driver/share/udp_driver/package.dsv
[1.184s] -- Up-to-date: /home/samet/hallo/install/udp_driver/share/ament_index/resource_index/packages/udp_driver
[1.184s] -- Up-to-date: /home/samet/hallo/install/udp_driver/share/ament_index/resource_index/rclcpp_components/udp_driver
[1.184s] -- Up-to-date: /home/samet/hallo/install/udp_driver/share/udp_driver/cmake/ament_cmake_export_dependencies-extras.cmake
[1.184s] -- Up-to-date: /home/samet/hallo/install/udp_driver/share/udp_driver/cmake/ament_cmake_export_include_directories-extras.cmake
[1.185s] -- Up-to-date: /home/samet/hallo/install/udp_driver/share/udp_driver/cmake/ament_cmake_export_libraries-extras.cmake
[1.186s] -- Up-to-date: /home/samet/hallo/install/udp_driver/share/udp_driver/cmake/udp_driverConfig.cmake
[1.191s] -- Up-to-date: /home/samet/hallo/install/udp_driver/share/udp_driver/cmake/udp_driverConfig-version.cmake
[1.192s] -- Up-to-date: /home/samet/hallo/install/udp_driver/share/udp_driver/package.xml
[1.198s] Invoked command in '/home/samet/hallo/build/udp_driver' returned '0': CMAKE_PREFIX_PATH=/home/samet/hallo/install/io_context:/home/samet/hallo/install/asio_cmake_module:/home/samet/hallo/install/vesc:/home/samet/hallo/install/vesc_driver:/home/samet/hallo/install/vesc_ackermann:/home/samet/hallo/install/vesc_msgs:/home/samet/hallo/install/udp_driver:/home/samet/hallo/install/team_interfaces:/home/samet/hallo/install/serial_driver:/home/samet/hallo/install/camera_run:/opt/ros/humble LD_LIBRARY_PATH=/home/samet/hallo/install/io_context/lib:/home/samet/hallo/install/vesc_driver/lib:/home/samet/hallo/install/vesc_ackermann/lib:/home/samet/hallo/install/vesc_msgs/lib:/home/samet/hallo/install/udp_driver/lib:/home/samet/hallo/install/team_interfaces/lib:/home/samet/hallo/install/serial_driver/lib:/usr/lib/x86_64-linux-gnu/gazebo-11/plugins:/opt/ros/humble/opt/rviz_ogre_vendor/lib:/opt/ros/humble/lib/x86_64-linux-gnu:/opt/ros/humble/lib /usr/bin/cmake --install /home/samet/hallo/build/udp_driver
