[1.188s] Invoking command in '/home/samet/hallo/src/camera_run': PYTHONPATH=/home/samet/hallo/build/camera_run/prefix_override:/home/samet/hallo/install/camera_run/lib/python3.10/site-packages:${PYTHONPATH} /usr/bin/python3 setup.py egg_info --egg-base ../../build/camera_run build --build-base /home/samet/hallo/build/camera_run/build install --record /home/samet/hallo/build/camera_run/install.log --single-version-externally-managed
[1.465s] running egg_info
[1.484s] writing ../../build/camera_run/camera_run.egg-info/PKG-INFO
[1.484s] writing dependency_links to ../../build/camera_run/camera_run.egg-info/dependency_links.txt
[1.485s] writing entry points to ../../build/camera_run/camera_run.egg-info/entry_points.txt
[1.485s] writing requirements to ../../build/camera_run/camera_run.egg-info/requires.txt
[1.485s] writing top-level names to ../../build/camera_run/camera_run.egg-info/top_level.txt
[1.525s] reading manifest file '../../build/camera_run/camera_run.egg-info/SOURCES.txt'
[1.526s] writing manifest file '../../build/camera_run/camera_run.egg-info/SOURCES.txt'
[1.526s] running build
[1.526s] running build_py
[1.526s] copying camera_run/intel_lane.py -> /home/samet/hallo/build/camera_run/build/lib/camera_run
[1.527s] copying camera_run/intel_pub.py -> /home/samet/hallo/build/camera_run/build/lib/camera_run
[1.527s] copying camera_run/lane_recognition.py -> /home/samet/hallo/build/camera_run/build/lib/camera_run
[1.527s] copying camera_run/steering.py -> /home/samet/hallo/build/camera_run/build/lib/camera_run
[1.527s] copying camera_run/ackermann_to_vesc.py -> /home/samet/hallo/build/camera_run/build/lib/camera_run
[1.527s] copying camera_run/bot.py -> /home/samet/hallo/build/camera_run/build/lib/camera_run
[1.528s] copying camera_run/LaneDetection_realsense_2.py -> /home/samet/hallo/build/camera_run/build/lib/camera_run
[1.528s] copying camera_run/lane_follower.py -> /home/samet/hallo/build/camera_run/build/lib/camera_run
[1.528s] copying camera_run/LaneDetection_realsense.py -> /home/samet/hallo/build/camera_run/build/lib/camera_run
[1.528s] copying camera_run/slope_sub.py -> /home/samet/hallo/build/camera_run/build/lib/camera_run
[1.529s] copying camera_run/slope_node.py -> /home/samet/hallo/build/camera_run/build/lib/camera_run
[1.530s] copying camera_run/intel_lane_sub.py -> /home/samet/hallo/build/camera_run/build/lib/camera_run
[1.530s] copying camera_run/intel_sub.py -> /home/samet/hallo/build/camera_run/build/lib/camera_run
[1.531s] copying camera_run/LaneDetection.py -> /home/samet/hallo/build/camera_run/build/lib/camera_run
[1.531s] copying camera_run/__init__.py -> /home/samet/hallo/build/camera_run/build/lib/camera_run
[1.532s] running install
[1.532s] /home/samet/.local/lib/python3.10/site-packages/setuptools/_distutils/cmd.py:66: SetuptoolsDeprecationWarning: setup.py install is deprecated.
[1.532s] !!
[1.533s] 
[1.533s]         ********************************************************************************
[1.533s]         Please avoid running ``setup.py`` directly.
[1.533s]         Instead, use pypa/build, pypa/installer or other
[1.533s]         standards-based tools.
[1.533s] 
[1.533s]         See https://blog.ganssle.io/articles/2021/10/setup-py-deprecated.html for details.
[1.534s]         ********************************************************************************
[1.534s] 
[1.534s] !!
[1.534s]   self.initialize_options()
[1.543s] running install_lib
[1.566s] copying /home/samet/hallo/build/camera_run/build/lib/camera_run/LaneDetection_realsense.py -> /home/samet/hallo/install/camera_run/lib/python3.10/site-packages/camera_run
[1.568s] byte-compiling /home/samet/hallo/install/camera_run/lib/python3.10/site-packages/camera_run/LaneDetection_realsense.py to LaneDetection_realsense.cpython-310.pyc
[1.572s] running install_data
[1.590s] copying resource/camera_run -> /home/samet/hallo/install/camera_run/share/ament_index/resource_index/packages
[1.591s] copying package.xml -> /home/samet/hallo/install/camera_run/share/camera_run
[1.591s] running install_egg_info
[1.610s] removing '/home/samet/hallo/install/camera_run/lib/python3.10/site-packages/camera_run-0.0.0-py3.10.egg-info' (and everything under it)
[1.611s] Copying ../../build/camera_run/camera_run.egg-info to /home/samet/hallo/install/camera_run/lib/python3.10/site-packages/camera_run-0.0.0-py3.10.egg-info
[1.612s] running install_scripts
[1.803s] Installing ackermann_to_vesc script to /home/samet/hallo/install/camera_run/lib/camera_run
[1.804s] Installing bot script to /home/samet/hallo/install/camera_run/lib/camera_run
[1.804s] Installing detection script to /home/samet/hallo/install/camera_run/lib/camera_run
[1.804s] Installing detection_node script to /home/samet/hallo/install/camera_run/lib/camera_run
[1.804s] Installing follower script to /home/samet/hallo/install/camera_run/lib/camera_run
[1.804s] Installing intel_lane script to /home/samet/hallo/install/camera_run/lib/camera_run
[1.805s] Installing intel_lane_sub script to /home/samet/hallo/install/camera_run/lib/camera_run
[1.805s] Installing intel_pub script to /home/samet/hallo/install/camera_run/lib/camera_run
[1.805s] Installing intel_sub script to /home/samet/hallo/install/camera_run/lib/camera_run
[1.805s] Installing slope_node script to /home/samet/hallo/install/camera_run/lib/camera_run
[1.805s] Installing slope_sub script to /home/samet/hallo/install/camera_run/lib/camera_run
[1.806s] Installing steering script to /home/samet/hallo/install/camera_run/lib/camera_run
[1.807s] writing list of installed files to '/home/samet/hallo/build/camera_run/install.log'
[1.842s] Invoked command in '/home/samet/hallo/src/camera_run' returned '0': PYTHONPATH=/home/samet/hallo/build/camera_run/prefix_override:/home/samet/hallo/install/camera_run/lib/python3.10/site-packages:${PYTHONPATH} /usr/bin/python3 setup.py egg_info --egg-base ../../build/camera_run build --build-base /home/samet/hallo/build/camera_run/build install --record /home/samet/hallo/build/camera_run/install.log --single-version-externally-managed
