[0.749s] Invoking command in '/home/samet/hallo/build/vesc_ackermann': CMAKE_PREFIX_PATH=/home/samet/hallo/install/vesc_msgs:/home/samet/hallo/install/vesc:/home/samet/hallo/install/vesc_driver:/home/samet/hallo/install/vesc_ackermann:/home/samet/hallo/install/udp_driver:/home/samet/hallo/install/team_interfaces:/home/samet/hallo/install/serial_driver:/home/samet/hallo/install/io_context:/home/samet/hallo/install/asio_cmake_module:/home/samet/hallo/install/camera_run:/opt/ros/humble LD_LIBRARY_PATH=/home/samet/hallo/install/vesc_msgs/lib:/home/samet/hallo/install/vesc_driver/lib:/home/samet/hallo/install/vesc_ackermann/lib:/home/samet/hallo/install/udp_driver/lib:/home/samet/hallo/install/team_interfaces/lib:/home/samet/hallo/install/serial_driver/lib:/home/samet/hallo/install/io_context/lib:/usr/lib/x86_64-linux-gnu/gazebo-11/plugins:/opt/ros/humble/opt/rviz_ogre_vendor/lib:/opt/ros/humble/lib/x86_64-linux-gnu:/opt/ros/humble/lib /usr/bin/cmake --build /home/samet/hallo/build/vesc_ackermann -- -j8 -l8
[0.856s] [ 28%] Built target vesc_to_odom_node
[0.863s] [ 57%] Built target ackermann_to_vesc_node
[0.875s] [100%] Built target vesc_ackermann
[1.001s] Invoked command in '/home/samet/hallo/build/vesc_ackermann' returned '0': CMAKE_PREFIX_PATH=/home/samet/hallo/install/vesc_msgs:/home/samet/hallo/install/vesc:/home/samet/hallo/install/vesc_driver:/home/samet/hallo/install/vesc_ackermann:/home/samet/hallo/install/udp_driver:/home/samet/hallo/install/team_interfaces:/home/samet/hallo/install/serial_driver:/home/samet/hallo/install/io_context:/home/samet/hallo/install/asio_cmake_module:/home/samet/hallo/install/camera_run:/opt/ros/humble LD_LIBRARY_PATH=/home/samet/hallo/install/vesc_msgs/lib:/home/samet/hallo/install/vesc_driver/lib:/home/samet/hallo/install/vesc_ackermann/lib:/home/samet/hallo/install/udp_driver/lib:/home/samet/hallo/install/team_interfaces/lib:/home/samet/hallo/install/serial_driver/lib:/home/samet/hallo/install/io_context/lib:/usr/lib/x86_64-linux-gnu/gazebo-11/plugins:/opt/ros/humble/opt/rviz_ogre_vendor/lib:/opt/ros/humble/lib/x86_64-linux-gnu:/opt/ros/humble/lib /usr/bin/cmake --build /home/samet/hallo/build/vesc_ackermann -- -j8 -l8
[1.286s] Invoking command in '/home/samet/hallo/build/vesc_ackermann': CMAKE_PREFIX_PATH=/home/samet/hallo/install/vesc_msgs:/home/samet/hallo/install/vesc:/home/samet/hallo/install/vesc_driver:/home/samet/hallo/install/vesc_ackermann:/home/samet/hallo/install/udp_driver:/home/samet/hallo/install/team_interfaces:/home/samet/hallo/install/serial_driver:/home/samet/hallo/install/io_context:/home/samet/hallo/install/asio_cmake_module:/home/samet/hallo/install/camera_run:/opt/ros/humble LD_LIBRARY_PATH=/home/samet/hallo/install/vesc_msgs/lib:/home/samet/hallo/install/vesc_driver/lib:/home/samet/hallo/install/vesc_ackermann/lib:/home/samet/hallo/install/udp_driver/lib:/home/samet/hallo/install/team_interfaces/lib:/home/samet/hallo/install/serial_driver/lib:/home/samet/hallo/install/io_context/lib:/usr/lib/x86_64-linux-gnu/gazebo-11/plugins:/opt/ros/humble/opt/rviz_ogre_vendor/lib:/opt/ros/humble/lib/x86_64-linux-gnu:/opt/ros/humble/lib /usr/bin/cmake --install /home/samet/hallo/build/vesc_ackermann
[1.342s] -- Install configuration: ""
[1.344s] -- Up-to-date: /home/samet/hallo/install/vesc_ackermann/lib/vesc_ackermann/ackermann_to_vesc_node
[1.346s] -- Up-to-date: /home/samet/hallo/install/vesc_ackermann/lib/vesc_ackermann/vesc_to_odom_node
[1.347s] -- Up-to-date: /home/samet/hallo/install/vesc_ackermann/include
[1.350s] -- Up-to-date: /home/samet/hallo/install/vesc_ackermann/include/vesc_ackermann
[1.352s] -- Up-to-date: /home/samet/hallo/install/vesc_ackermann/include/vesc_ackermann/ackermann_to_vesc.hpp
[1.354s] -- Up-to-date: /home/samet/hallo/install/vesc_ackermann/include/vesc_ackermann/vesc_to_odom.hpp
[1.356s] -- Up-to-date: /home/samet/hallo/install/vesc_ackermann/share/vesc_ackermann/environment/library_path.sh
[1.359s] -- Up-to-date: /home/samet/hallo/install/vesc_ackermann/share/vesc_ackermann/environment/library_path.dsv
[1.361s] -- Up-to-date: /home/samet/hallo/install/vesc_ackermann/lib/libvesc_ackermann.so
[1.365s] -- Up-to-date: /home/samet/hallo/install/vesc_ackermann/share/vesc_ackermann/launch
[1.368s] -- Up-to-date: /home/samet/hallo/install/vesc_ackermann/share/vesc_ackermann/launch/ackermann_to_vesc_node.launch.py
[1.371s] -- Up-to-date: /home/samet/hallo/install/vesc_ackermann/share/vesc_ackermann/launch/vesc_to_odom_node.launch.py
[1.379s] -- Up-to-date: /home/samet/hallo/install/vesc_ackermann/share/ament_index/resource_index/package_run_dependencies/vesc_ackermann
[1.381s] -- Up-to-date: /home/samet/hallo/install/vesc_ackermann/share/ament_index/resource_index/parent_prefix_path/vesc_ackermann
[1.385s] -- Up-to-date: /home/samet/hallo/install/vesc_ackermann/share/vesc_ackermann/environment/ament_prefix_path.sh
[1.387s] -- Up-to-date: /home/samet/hallo/install/vesc_ackermann/share/vesc_ackermann/environment/ament_prefix_path.dsv
[1.391s] -- Up-to-date: /home/samet/hallo/install/vesc_ackermann/share/vesc_ackermann/environment/path.sh
[1.392s] -- Up-to-date: /home/samet/hallo/install/vesc_ackermann/share/vesc_ackermann/environment/path.dsv
[1.393s] -- Up-to-date: /home/samet/hallo/install/vesc_ackermann/share/vesc_ackermann/local_setup.bash
[1.394s] -- Up-to-date: /home/samet/hallo/install/vesc_ackermann/share/vesc_ackermann/local_setup.sh
[1.394s] -- Up-to-date: /home/samet/hallo/install/vesc_ackermann/share/vesc_ackermann/local_setup.zsh
[1.394s] -- Up-to-date: /home/samet/hallo/install/vesc_ackermann/share/vesc_ackermann/local_setup.dsv
[1.395s] -- Installing: /home/samet/hallo/install/vesc_ackermann/share/vesc_ackermann/package.dsv
[1.396s] -- Up-to-date: /home/samet/hallo/install/vesc_ackermann/share/ament_index/resource_index/packages/vesc_ackermann
[1.397s] -- Up-to-date: /home/samet/hallo/install/vesc_ackermann/share/ament_index/resource_index/rclcpp_components/vesc_ackermann
[1.398s] -- Up-to-date: /home/samet/hallo/install/vesc_ackermann/share/vesc_ackermann/cmake/ament_cmake_export_dependencies-extras.cmake
[1.398s] -- Up-to-date: /home/samet/hallo/install/vesc_ackermann/share/vesc_ackermann/cmake/ament_cmake_export_include_directories-extras.cmake
[1.399s] -- Up-to-date: /home/samet/hallo/install/vesc_ackermann/share/vesc_ackermann/cmake/ament_cmake_export_libraries-extras.cmake
[1.399s] -- Up-to-date: /home/samet/hallo/install/vesc_ackermann/share/vesc_ackermann/cmake/vesc_ackermannConfig.cmake
[1.400s] -- Up-to-date: /home/samet/hallo/install/vesc_ackermann/share/vesc_ackermann/cmake/vesc_ackermannConfig-version.cmake
[1.400s] -- Up-to-date: /home/samet/hallo/install/vesc_ackermann/share/vesc_ackermann/package.xml
[1.418s] Invoked command in '/home/samet/hallo/build/vesc_ackermann' returned '0': CMAKE_PREFIX_PATH=/home/samet/hallo/install/vesc_msgs:/home/samet/hallo/install/vesc:/home/samet/hallo/install/vesc_driver:/home/samet/hallo/install/vesc_ackermann:/home/samet/hallo/install/udp_driver:/home/samet/hallo/install/team_interfaces:/home/samet/hallo/install/serial_driver:/home/samet/hallo/install/io_context:/home/samet/hallo/install/asio_cmake_module:/home/samet/hallo/install/camera_run:/opt/ros/humble LD_LIBRARY_PATH=/home/samet/hallo/install/vesc_msgs/lib:/home/samet/hallo/install/vesc_driver/lib:/home/samet/hallo/install/vesc_ackermann/lib:/home/samet/hallo/install/udp_driver/lib:/home/samet/hallo/install/team_interfaces/lib:/home/samet/hallo/install/serial_driver/lib:/home/samet/hallo/install/io_context/lib:/usr/lib/x86_64-linux-gnu/gazebo-11/plugins:/opt/ros/humble/opt/rviz_ogre_vendor/lib:/opt/ros/humble/lib/x86_64-linux-gnu:/opt/ros/humble/lib /usr/bin/cmake --install /home/samet/hallo/build/vesc_ackermann
