[2.127s] Invoking command in '/home/samet/hallo/src/camera_run': PYTHONPATH=/home/samet/hallo/build/camera_run/prefix_override:/home/samet/hallo/install/camera_run/lib/python3.10/site-packages:${PYTHONPATH} /usr/bin/python3 setup.py egg_info --egg-base ../../build/camera_run build --build-base /home/samet/hallo/build/camera_run/build install --record /home/samet/hallo/build/camera_run/install.log --single-version-externally-managed
[2.503s] running egg_info
[2.538s] writing ../../build/camera_run/camera_run.egg-info/PKG-INFO
[2.540s] writing dependency_links to ../../build/camera_run/camera_run.egg-info/dependency_links.txt
[2.540s] writing entry points to ../../build/camera_run/camera_run.egg-info/entry_points.txt
[2.541s] writing requirements to ../../build/camera_run/camera_run.egg-info/requires.txt
[2.541s] writing top-level names to ../../build/camera_run/camera_run.egg-info/top_level.txt
[2.601s] reading manifest file '../../build/camera_run/camera_run.egg-info/SOURCES.txt'
[2.602s] writing manifest file '../../build/camera_run/camera_run.egg-info/SOURCES.txt'
[2.602s] running build
[2.603s] running build_py
[2.603s] copying camera_run/intel_lane.py -> /home/samet/hallo/build/camera_run/build/lib/camera_run
[2.604s] copying camera_run/intel_pub.py -> /home/samet/hallo/build/camera_run/build/lib/camera_run
[2.604s] copying camera_run/lane_recognition.py -> /home/samet/hallo/build/camera_run/build/lib/camera_run
[2.604s] copying camera_run/steering.py -> /home/samet/hallo/build/camera_run/build/lib/camera_run
[2.605s] copying camera_run/ackermann_to_vesc.py -> /home/samet/hallo/build/camera_run/build/lib/camera_run
[2.605s] copying camera_run/bot.py -> /home/samet/hallo/build/camera_run/build/lib/camera_run
[2.605s] copying camera_run/lane_follower.py -> /home/samet/hallo/build/camera_run/build/lib/camera_run
[2.606s] copying camera_run/LaneDetection_realsense.py -> /home/samet/hallo/build/camera_run/build/lib/camera_run
[2.606s] copying camera_run/slope_sub.py -> /home/samet/hallo/build/camera_run/build/lib/camera_run
[2.607s] copying camera_run/slope_node.py -> /home/samet/hallo/build/camera_run/build/lib/camera_run
[2.607s] copying camera_run/intel_lane_sub.py -> /home/samet/hallo/build/camera_run/build/lib/camera_run
[2.607s] copying camera_run/intel_sub.py -> /home/samet/hallo/build/camera_run/build/lib/camera_run
[2.608s] copying camera_run/__init__.py -> /home/samet/hallo/build/camera_run/build/lib/camera_run
[2.608s] running install
[2.609s] /home/samet/.local/lib/python3.10/site-packages/setuptools/_distutils/cmd.py:66: SetuptoolsDeprecationWarning: setup.py install is deprecated.
[2.609s] !!
[2.609s] 
[2.609s]         ********************************************************************************
[2.612s]         Please avoid running ``setup.py`` directly.
[2.612s]         Instead, use pypa/build, pypa/installer or other
[2.613s]         standards-based tools.
[2.613s] 
[2.613s]         See https://blog.ganssle.io/articles/2021/10/setup-py-deprecated.html for details.
[2.613s]         ********************************************************************************
[2.613s] 
[2.614s] !!
[2.614s]   self.initialize_options()
[2.620s] running install_lib
[2.660s] running install_data
[2.702s] copying resource/camera_run -> /home/samet/hallo/install/camera_run/share/ament_index/resource_index/packages
[2.702s] copying package.xml -> /home/samet/hallo/install/camera_run/share/camera_run
[2.704s] running install_egg_info
[2.746s] removing '/home/samet/hallo/install/camera_run/lib/python3.10/site-packages/camera_run-0.0.0-py3.10.egg-info' (and everything under it)
[2.746s] Copying ../../build/camera_run/camera_run.egg-info to /home/samet/hallo/install/camera_run/lib/python3.10/site-packages/camera_run-0.0.0-py3.10.egg-info
[2.747s] running install_scripts
[3.145s] Installing ackermann_to_vesc script to /home/samet/hallo/install/camera_run/lib/camera_run
[3.148s] Installing bot script to /home/samet/hallo/install/camera_run/lib/camera_run
[3.149s] Installing detection script to /home/samet/hallo/install/camera_run/lib/camera_run
[3.150s] Installing detection_node script to /home/samet/hallo/install/camera_run/lib/camera_run
[3.152s] Installing follower script to /home/samet/hallo/install/camera_run/lib/camera_run
[3.154s] Installing intel_lane script to /home/samet/hallo/install/camera_run/lib/camera_run
[3.155s] Installing intel_lane_sub script to /home/samet/hallo/install/camera_run/lib/camera_run
[3.158s] Installing intel_pub script to /home/samet/hallo/install/camera_run/lib/camera_run
[3.159s] Installing intel_sub script to /home/samet/hallo/install/camera_run/lib/camera_run
[3.160s] Installing slope_node script to /home/samet/hallo/install/camera_run/lib/camera_run
[3.160s] Installing slope_sub script to /home/samet/hallo/install/camera_run/lib/camera_run
[3.160s] Installing steering script to /home/samet/hallo/install/camera_run/lib/camera_run
[3.161s] writing list of installed files to '/home/samet/hallo/build/camera_run/install.log'
[3.374s] Invoked command in '/home/samet/hallo/src/camera_run' returned '0': PYTHONPATH=/home/samet/hallo/build/camera_run/prefix_override:/home/samet/hallo/install/camera_run/lib/python3.10/site-packages:${PYTHONPATH} /usr/bin/python3 setup.py egg_info --egg-base ../../build/camera_run build --build-base /home/samet/hallo/build/camera_run/build install --record /home/samet/hallo/build/camera_run/install.log --single-version-externally-managed
