[2.592s] Invoking command in '/home/samet/hallo/src/camera_run': PYTHONPATH=/home/samet/hallo/build/camera_run/prefix_override:/home/samet/hallo/install/camera_run/lib/python3.10/site-packages:${PYTHONPATH} /usr/bin/python3 setup.py egg_info --egg-base ../../build/camera_run build --build-base /home/samet/hallo/build/camera_run/build install --record /home/samet/hallo/build/camera_run/install.log --single-version-externally-managed
[3.107s] running egg_info
[3.188s] writing ../../build/camera_run/camera_run.egg-info/PKG-INFO
[3.188s] writing dependency_links to ../../build/camera_run/camera_run.egg-info/dependency_links.txt
[3.188s] writing entry points to ../../build/camera_run/camera_run.egg-info/entry_points.txt
[3.189s] writing requirements to ../../build/camera_run/camera_run.egg-info/requires.txt
[3.189s] writing top-level names to ../../build/camera_run/camera_run.egg-info/top_level.txt
[3.279s] reading manifest file '../../build/camera_run/camera_run.egg-info/SOURCES.txt'
[3.281s] writing manifest file '../../build/camera_run/camera_run.egg-info/SOURCES.txt'
[3.282s] running build
[3.282s] running build_py
[3.282s] copying camera_run/intel_lane.py -> /home/samet/hallo/build/camera_run/build/lib/camera_run
[3.283s] copying camera_run/intel_pub.py -> /home/samet/hallo/build/camera_run/build/lib/camera_run
[3.283s] copying camera_run/lane_recognition.py -> /home/samet/hallo/build/camera_run/build/lib/camera_run
[3.284s] copying camera_run/steering.py -> /home/samet/hallo/build/camera_run/build/lib/camera_run
[3.285s] copying camera_run/ackermann_to_vesc.py -> /home/samet/hallo/build/camera_run/build/lib/camera_run
[3.285s] copying camera_run/bot.py -> /home/samet/hallo/build/camera_run/build/lib/camera_run
[3.286s] copying camera_run/lane_follower.py -> /home/samet/hallo/build/camera_run/build/lib/camera_run
[3.286s] copying camera_run/LaneDetection_realsense.py -> /home/samet/hallo/build/camera_run/build/lib/camera_run
[3.286s] copying camera_run/slope_sub.py -> /home/samet/hallo/build/camera_run/build/lib/camera_run
[3.287s] copying camera_run/slope_node.py -> /home/samet/hallo/build/camera_run/build/lib/camera_run
[3.287s] copying camera_run/intel_lane_sub.py -> /home/samet/hallo/build/camera_run/build/lib/camera_run
[3.288s] copying camera_run/intel_sub.py -> /home/samet/hallo/build/camera_run/build/lib/camera_run
[3.288s] copying camera_run/__init__.py -> /home/samet/hallo/build/camera_run/build/lib/camera_run
[3.288s] copying camera_run/teleop.py -> /home/samet/hallo/build/camera_run/build/lib/camera_run
[3.289s] running install
[3.290s] /home/samet/.local/lib/python3.10/site-packages/setuptools/_distutils/cmd.py:66: SetuptoolsDeprecationWarning: setup.py install is deprecated.
[3.290s] !!
[3.290s] 
[3.290s]         ********************************************************************************
[3.290s]         Please avoid running ``setup.py`` directly.
[3.290s]         Instead, use pypa/build, pypa/installer or other
[3.291s]         standards-based tools.
[3.291s] 
[3.291s]         See https://blog.ganssle.io/articles/2021/10/setup-py-deprecated.html for details.
[3.291s]         ********************************************************************************
[3.291s] 
[3.291s] !!
[3.291s]   self.initialize_options()
[3.305s] running install_lib
[3.354s] copying /home/samet/hallo/build/camera_run/build/lib/camera_run/LaneDetection_realsense.py -> /home/samet/hallo/install/camera_run/lib/python3.10/site-packages/camera_run
[3.356s] byte-compiling /home/samet/hallo/install/camera_run/lib/python3.10/site-packages/camera_run/LaneDetection_realsense.py to LaneDetection_realsense.cpython-310.pyc
[3.369s] running install_data
[3.408s] copying resource/camera_run -> /home/samet/hallo/install/camera_run/share/ament_index/resource_index/packages
[3.408s] copying package.xml -> /home/samet/hallo/install/camera_run/share/camera_run
[3.408s] running install_egg_info
[3.450s] removing '/home/samet/hallo/install/camera_run/lib/python3.10/site-packages/camera_run-0.0.0-py3.10.egg-info' (and everything under it)
[3.460s] Copying ../../build/camera_run/camera_run.egg-info to /home/samet/hallo/install/camera_run/lib/python3.10/site-packages/camera_run-0.0.0-py3.10.egg-info
[3.460s] running install_scripts
[3.865s] Installing ackermann_to_vesc script to /home/samet/hallo/install/camera_run/lib/camera_run
[3.866s] Installing bot script to /home/samet/hallo/install/camera_run/lib/camera_run
[3.866s] Installing detection script to /home/samet/hallo/install/camera_run/lib/camera_run
[3.867s] Installing detection_node script to /home/samet/hallo/install/camera_run/lib/camera_run
[3.868s] Installing follower script to /home/samet/hallo/install/camera_run/lib/camera_run
[3.868s] Installing intel_lane script to /home/samet/hallo/install/camera_run/lib/camera_run
[3.869s] Installing intel_lane_sub script to /home/samet/hallo/install/camera_run/lib/camera_run
[3.869s] Installing intel_pub script to /home/samet/hallo/install/camera_run/lib/camera_run
[3.870s] Installing intel_sub script to /home/samet/hallo/install/camera_run/lib/camera_run
[3.870s] Installing slope_node script to /home/samet/hallo/install/camera_run/lib/camera_run
[3.871s] Installing slope_sub script to /home/samet/hallo/install/camera_run/lib/camera_run
[3.872s] Installing steering script to /home/samet/hallo/install/camera_run/lib/camera_run
[3.876s] Installing tele script to /home/samet/hallo/install/camera_run/lib/camera_run
[3.877s] writing list of installed files to '/home/samet/hallo/build/camera_run/install.log'
[3.981s] Invoked command in '/home/samet/hallo/src/camera_run' returned '0': PYTHONPATH=/home/samet/hallo/build/camera_run/prefix_override:/home/samet/hallo/install/camera_run/lib/python3.10/site-packages:${PYTHONPATH} /usr/bin/python3 setup.py egg_info --egg-base ../../build/camera_run build --build-base /home/samet/hallo/build/camera_run/build install --record /home/samet/hallo/build/camera_run/install.log --single-version-externally-managed
