[ 22%] [32mBuilding CXX object gtest/CMakeFiles/gtest_main.dir/src/gtest_main.cc.o[0m
[ 22%] [32mBuilding CXX object CMakeFiles/io_context.dir/src/io_context.cpp.o[0m
[ 33%] [32mBuilding CXX object CMakeFiles/io_context.dir/src/msg_converters/std_msgs.cpp.o[0m
[ 44%] [32mBuilding CXX object gtest/CMakeFiles/gtest.dir/src/gtest-all.cc.o[0m
[ 55%] [32m[1mLinking CXX static library libgtest_main.a[0m
[ 55%] Built target gtest_main
[ 66%] [32m[1mLinking CXX shared library libio_context.so[0m
[ 66%] Built target io_context
[ 77%] [32m[1mLinking CXX static library libgtest.a[0m
[ 77%] Built target gtest
[ 88%] [32mBuilding CXX object CMakeFiles/test_io_context.dir/test/test_io_context.cpp.o[0m
[100%] [32m[1mLinking CXX executable test_io_context[0m
[100%] Built target test_io_context
-- Install configuration: ""
-- Up-to-date: /home/samet/hallo/install/io_context/include
-- Up-to-date: /home/samet/hallo/install/io_context/include/msg_converters
-- Up-to-date: /home/samet/hallo/install/io_context/include/msg_converters/udp_msgs.hpp
-- Up-to-date: /home/samet/hallo/install/io_context/include/msg_converters/std_msgs.hpp
-- Up-to-date: /home/samet/hallo/install/io_context/include/msg_converters/converters.hpp
-- Up-to-date: /home/samet/hallo/install/io_context/include/io_context
-- Up-to-date: /home/samet/hallo/install/io_context/include/io_context/common.hpp
-- Up-to-date: /home/samet/hallo/install/io_context/include/io_context/io_context.hpp
-- Up-to-date: /home/samet/hallo/install/io_context/share/io_context/environment/library_path.sh
-- Up-to-date: /home/samet/hallo/install/io_context/share/io_context/environment/library_path.dsv
-- Installing: /home/samet/hallo/install/io_context/lib/libio_context.so
-- Set runtime path of "/home/samet/hallo/install/io_context/lib/libio_context.so" to ""
-- Up-to-date: /home/samet/hallo/install/io_context/share/ament_index/resource_index/package_run_dependencies/io_context
-- Up-to-date: /home/samet/hallo/install/io_context/share/ament_index/resource_index/parent_prefix_path/io_context
-- Up-to-date: /home/samet/hallo/install/io_context/share/io_context/environment/ament_prefix_path.sh
-- Up-to-date: /home/samet/hallo/install/io_context/share/io_context/environment/ament_prefix_path.dsv
-- Up-to-date: /home/samet/hallo/install/io_context/share/io_context/environment/path.sh
-- Up-to-date: /home/samet/hallo/install/io_context/share/io_context/environment/path.dsv
-- Up-to-date: /home/samet/hallo/install/io_context/share/io_context/local_setup.bash
-- Up-to-date: /home/samet/hallo/install/io_context/share/io_context/local_setup.sh
-- Up-to-date: /home/samet/hallo/install/io_context/share/io_context/local_setup.zsh
-- Up-to-date: /home/samet/hallo/install/io_context/share/io_context/local_setup.dsv
-- Installing: /home/samet/hallo/install/io_context/share/io_context/package.dsv
-- Up-to-date: /home/samet/hallo/install/io_context/share/ament_index/resource_index/packages/io_context
-- Up-to-date: /home/samet/hallo/install/io_context/share/io_context/cmake/ament_cmake_export_dependencies-extras.cmake
-- Up-to-date: /home/samet/hallo/install/io_context/share/io_context/cmake/ament_cmake_export_include_directories-extras.cmake
-- Up-to-date: /home/samet/hallo/install/io_context/share/io_context/cmake/ament_cmake_export_libraries-extras.cmake
-- Up-to-date: /home/samet/hallo/install/io_context/share/io_context/cmake/io_contextConfig.cmake
-- Up-to-date: /home/samet/hallo/install/io_context/share/io_context/cmake/io_contextConfig-version.cmake
-- Up-to-date: /home/samet/hallo/install/io_context/share/io_context/package.xml
