[2.781s] Invoking command in '/home/samet/hallo/src/camera_run': PYTHONPATH=/home/samet/hallo/build/camera_run/prefix_override:/home/samet/hallo/install/camera_run/lib/python3.10/site-packages:${PYTHONPATH} /usr/bin/python3 setup.py egg_info --egg-base ../../build/camera_run build --build-base /home/samet/hallo/build/camera_run/build install --record /home/samet/hallo/build/camera_run/install.log --single-version-externally-managed
[3.192s] running egg_info
[3.221s] writing ../../build/camera_run/camera_run.egg-info/PKG-INFO
[3.221s] writing dependency_links to ../../build/camera_run/camera_run.egg-info/dependency_links.txt
[3.222s] writing entry points to ../../build/camera_run/camera_run.egg-info/entry_points.txt
[3.222s] writing requirements to ../../build/camera_run/camera_run.egg-info/requires.txt
[3.222s] writing top-level names to ../../build/camera_run/camera_run.egg-info/top_level.txt
[3.305s] reading manifest file '../../build/camera_run/camera_run.egg-info/SOURCES.txt'
[3.306s] writing manifest file '../../build/camera_run/camera_run.egg-info/SOURCES.txt'
[3.307s] running build
[3.307s] running build_py
[3.307s] copying camera_run/intel_lane.py -> /home/samet/hallo/build/camera_run/build/lib/camera_run
[3.307s] copying camera_run/intel_pub.py -> /home/samet/hallo/build/camera_run/build/lib/camera_run
[3.308s] copying camera_run/lane_recognition.py -> /home/samet/hallo/build/camera_run/build/lib/camera_run
[3.309s] copying camera_run/steering.py -> /home/samet/hallo/build/camera_run/build/lib/camera_run
[3.309s] copying camera_run/ackermann_to_vesc.py -> /home/samet/hallo/build/camera_run/build/lib/camera_run
[3.310s] copying camera_run/bot.py -> /home/samet/hallo/build/camera_run/build/lib/camera_run
[3.310s] copying camera_run/lane_follower.py -> /home/samet/hallo/build/camera_run/build/lib/camera_run
[3.311s] copying camera_run/LaneDetection_realsense.py -> /home/samet/hallo/build/camera_run/build/lib/camera_run
[3.311s] copying camera_run/slope_sub.py -> /home/samet/hallo/build/camera_run/build/lib/camera_run
[3.312s] copying camera_run/slope_node.py -> /home/samet/hallo/build/camera_run/build/lib/camera_run
[3.312s] copying camera_run/intel_lane_sub.py -> /home/samet/hallo/build/camera_run/build/lib/camera_run
[3.312s] copying camera_run/intel_sub.py -> /home/samet/hallo/build/camera_run/build/lib/camera_run
[3.313s] copying camera_run/__init__.py -> /home/samet/hallo/build/camera_run/build/lib/camera_run
[3.313s] copying camera_run/teleop.py -> /home/samet/hallo/build/camera_run/build/lib/camera_run
[3.314s] running install
[3.315s] /home/samet/.local/lib/python3.10/site-packages/setuptools/_distutils/cmd.py:66: SetuptoolsDeprecationWarning: setup.py install is deprecated.
[3.315s] !!
[3.315s] 
[3.315s]         ********************************************************************************
[3.316s]         Please avoid running ``setup.py`` directly.
[3.316s]         Instead, use pypa/build, pypa/installer or other
[3.316s]         standards-based tools.
[3.316s] 
[3.316s]         See https://blog.ganssle.io/articles/2021/10/setup-py-deprecated.html for details.
[3.317s]         ********************************************************************************
[3.317s] 
[3.317s] !!
[3.317s]   self.initialize_options()
[3.334s] running install_lib
[3.376s] copying /home/samet/hallo/build/camera_run/build/lib/camera_run/ackermann_to_vesc.py -> /home/samet/hallo/install/camera_run/lib/python3.10/site-packages/camera_run
[3.380s] byte-compiling /home/samet/hallo/install/camera_run/lib/python3.10/site-packages/camera_run/ackermann_to_vesc.py to ackermann_to_vesc.cpython-310.pyc
[3.382s] running install_data
[3.421s] copying resource/camera_run -> /home/samet/hallo/install/camera_run/share/ament_index/resource_index/packages
[3.423s] copying package.xml -> /home/samet/hallo/install/camera_run/share/camera_run
[3.423s] running install_egg_info
[3.463s] removing '/home/samet/hallo/install/camera_run/lib/python3.10/site-packages/camera_run-0.0.0-py3.10.egg-info' (and everything under it)
[3.466s] Copying ../../build/camera_run/camera_run.egg-info to /home/samet/hallo/install/camera_run/lib/python3.10/site-packages/camera_run-0.0.0-py3.10.egg-info
[3.471s] running install_scripts
[3.856s] Installing ackermann_to_vesc script to /home/samet/hallo/install/camera_run/lib/camera_run
[3.860s] Installing bot script to /home/samet/hallo/install/camera_run/lib/camera_run
[3.862s] Installing detection script to /home/samet/hallo/install/camera_run/lib/camera_run
[3.862s] Installing detection_node script to /home/samet/hallo/install/camera_run/lib/camera_run
[3.863s] Installing follower script to /home/samet/hallo/install/camera_run/lib/camera_run
[3.863s] Installing intel_lane script to /home/samet/hallo/install/camera_run/lib/camera_run
[3.871s] Installing intel_lane_sub script to /home/samet/hallo/install/camera_run/lib/camera_run
[3.871s] Installing intel_pub script to /home/samet/hallo/install/camera_run/lib/camera_run
[3.871s] Installing intel_sub script to /home/samet/hallo/install/camera_run/lib/camera_run
[3.871s] Installing slope_node script to /home/samet/hallo/install/camera_run/lib/camera_run
[3.871s] Installing slope_sub script to /home/samet/hallo/install/camera_run/lib/camera_run
[3.871s] Installing steering script to /home/samet/hallo/install/camera_run/lib/camera_run
[3.872s] Installing tele script to /home/samet/hallo/install/camera_run/lib/camera_run
[3.872s] writing list of installed files to '/home/samet/hallo/build/camera_run/install.log'
[3.955s] Invoked command in '/home/samet/hallo/src/camera_run' returned '0': PYTHONPATH=/home/samet/hallo/build/camera_run/prefix_override:/home/samet/hallo/install/camera_run/lib/python3.10/site-packages:${PYTHONPATH} /usr/bin/python3 setup.py egg_info --egg-base ../../build/camera_run build --build-base /home/samet/hallo/build/camera_run/build install --record /home/samet/hallo/build/camera_run/install.log --single-version-externally-managed
