[2.300s] Invoking command in '/home/samet/hallo/src/camera_run': PYTHONPATH=/home/samet/hallo/build/camera_run/prefix_override:/home/samet/hallo/install/camera_run/lib/python3.10/site-packages:${PYTHONPATH} /usr/bin/python3 setup.py egg_info --egg-base ../../build/camera_run build --build-base /home/samet/hallo/build/camera_run/build install --record /home/samet/hallo/build/camera_run/install.log --single-version-externally-managed
[2.846s] running egg_info
[2.907s] writing ../../build/camera_run/camera_run.egg-info/PKG-INFO
[2.909s] writing dependency_links to ../../build/camera_run/camera_run.egg-info/dependency_links.txt
[2.910s] writing entry points to ../../build/camera_run/camera_run.egg-info/entry_points.txt
[2.913s] writing requirements to ../../build/camera_run/camera_run.egg-info/requires.txt
[2.920s] writing top-level names to ../../build/camera_run/camera_run.egg-info/top_level.txt
[3.023s] reading manifest file '../../build/camera_run/camera_run.egg-info/SOURCES.txt'
[3.027s] writing manifest file '../../build/camera_run/camera_run.egg-info/SOURCES.txt'
[3.029s] running build
[3.031s] running build_py
[3.033s] copying camera_run/intel_lane.py -> /home/samet/hallo/build/camera_run/build/lib/camera_run
[3.039s] copying camera_run/intel_pub.py -> /home/samet/hallo/build/camera_run/build/lib/camera_run
[3.043s] copying camera_run/lane_recognition.py -> /home/samet/hallo/build/camera_run/build/lib/camera_run
[3.047s] copying camera_run/steering.py -> /home/samet/hallo/build/camera_run/build/lib/camera_run
[3.051s] copying camera_run/ackermann_to_vesc.py -> /home/samet/hallo/build/camera_run/build/lib/camera_run
[3.073s] copying camera_run/bot.py -> /home/samet/hallo/build/camera_run/build/lib/camera_run
[3.084s] copying camera_run/lane_follower.py -> /home/samet/hallo/build/camera_run/build/lib/camera_run
[3.092s] copying camera_run/LaneDetection_realsense.py -> /home/samet/hallo/build/camera_run/build/lib/camera_run
[3.092s] copying camera_run/slope_sub.py -> /home/samet/hallo/build/camera_run/build/lib/camera_run
[3.095s] copying camera_run/slope_node.py -> /home/samet/hallo/build/camera_run/build/lib/camera_run
[3.096s] copying camera_run/intel_lane_sub.py -> /home/samet/hallo/build/camera_run/build/lib/camera_run
[3.096s] copying camera_run/intel_sub.py -> /home/samet/hallo/build/camera_run/build/lib/camera_run
[3.096s] copying camera_run/__init__.py -> /home/samet/hallo/build/camera_run/build/lib/camera_run
[3.096s] copying camera_run/teleop.py -> /home/samet/hallo/build/camera_run/build/lib/camera_run
[3.098s] running install
[3.098s] /home/samet/.local/lib/python3.10/site-packages/setuptools/_distutils/cmd.py:66: SetuptoolsDeprecationWarning: setup.py install is deprecated.
[3.098s] !!
[3.099s] 
[3.099s]         ********************************************************************************
[3.099s]         Please avoid running ``setup.py`` directly.
[3.099s]         Instead, use pypa/build, pypa/installer or other
[3.099s]         standards-based tools.
[3.099s] 
[3.104s]         See https://blog.ganssle.io/articles/2021/10/setup-py-deprecated.html for details.
[3.104s]         ********************************************************************************
[3.104s] 
[3.104s] !!
[3.104s]   self.initialize_options()
[3.138s] running install_lib
[3.202s] copying /home/samet/hallo/build/camera_run/build/lib/camera_run/LaneDetection_realsense.py -> /home/samet/hallo/install/camera_run/lib/python3.10/site-packages/camera_run
[3.203s] byte-compiling /home/samet/hallo/install/camera_run/lib/python3.10/site-packages/camera_run/LaneDetection_realsense.py to LaneDetection_realsense.cpython-310.pyc
[3.222s] running install_data
[3.283s] copying resource/camera_run -> /home/samet/hallo/install/camera_run/share/ament_index/resource_index/packages
[3.285s] copying package.xml -> /home/samet/hallo/install/camera_run/share/camera_run
[3.287s] running install_egg_info
[3.363s] removing '/home/samet/hallo/install/camera_run/lib/python3.10/site-packages/camera_run-0.0.0-py3.10.egg-info' (and everything under it)
[3.381s] Copying ../../build/camera_run/camera_run.egg-info to /home/samet/hallo/install/camera_run/lib/python3.10/site-packages/camera_run-0.0.0-py3.10.egg-info
[3.385s] running install_scripts
[3.802s] Installing ackermann_to_vesc script to /home/samet/hallo/install/camera_run/lib/camera_run
[3.804s] Installing bot script to /home/samet/hallo/install/camera_run/lib/camera_run
[3.804s] Installing detection script to /home/samet/hallo/install/camera_run/lib/camera_run
[3.804s] Installing detection_node script to /home/samet/hallo/install/camera_run/lib/camera_run
[3.805s] Installing follower script to /home/samet/hallo/install/camera_run/lib/camera_run
[3.805s] Installing intel_lane script to /home/samet/hallo/install/camera_run/lib/camera_run
[3.805s] Installing intel_lane_sub script to /home/samet/hallo/install/camera_run/lib/camera_run
[3.805s] Installing intel_pub script to /home/samet/hallo/install/camera_run/lib/camera_run
[3.806s] Installing intel_sub script to /home/samet/hallo/install/camera_run/lib/camera_run
[3.806s] Installing slope_node script to /home/samet/hallo/install/camera_run/lib/camera_run
[3.806s] Installing slope_sub script to /home/samet/hallo/install/camera_run/lib/camera_run
[3.806s] Installing steering script to /home/samet/hallo/install/camera_run/lib/camera_run
[3.807s] Installing tele script to /home/samet/hallo/install/camera_run/lib/camera_run
[3.808s] writing list of installed files to '/home/samet/hallo/build/camera_run/install.log'
[4.178s] Invoked command in '/home/samet/hallo/src/camera_run' returned '0': PYTHONPATH=/home/samet/hallo/build/camera_run/prefix_override:/home/samet/hallo/install/camera_run/lib/python3.10/site-packages:${PYTHONPATH} /usr/bin/python3 setup.py egg_info --egg-base ../../build/camera_run build --build-base /home/samet/hallo/build/camera_run/build install --record /home/samet/hallo/build/camera_run/install.log --single-version-externally-managed
