[2.061s] Invoking command in '/home/samet/hallo/src/camera_run': PYTHONPATH=/home/samet/hallo/build/camera_run/prefix_override:/home/samet/hallo/install/camera_run/lib/python3.10/site-packages:${PYTHONPATH} /usr/bin/python3 setup.py egg_info --egg-base ../../build/camera_run build --build-base /home/samet/hallo/build/camera_run/build install --record /home/samet/hallo/build/camera_run/install.log --single-version-externally-managed
[2.406s] running egg_info
[2.443s] writing ../../build/camera_run/camera_run.egg-info/PKG-INFO
[2.443s] writing dependency_links to ../../build/camera_run/camera_run.egg-info/dependency_links.txt
[2.444s] writing entry points to ../../build/camera_run/camera_run.egg-info/entry_points.txt
[2.445s] writing requirements to ../../build/camera_run/camera_run.egg-info/requires.txt
[2.445s] writing top-level names to ../../build/camera_run/camera_run.egg-info/top_level.txt
[2.530s] reading manifest file '../../build/camera_run/camera_run.egg-info/SOURCES.txt'
[2.532s] writing manifest file '../../build/camera_run/camera_run.egg-info/SOURCES.txt'
[2.532s] running build
[2.532s] running build_py
[2.533s] copying camera_run/intel_pub.py -> /home/samet/hallo/build/camera_run/build/lib/camera_run
[2.533s] copying camera_run/new_LaneDetection.py -> /home/samet/hallo/build/camera_run/build/lib/camera_run
[2.534s] copying camera_run/2_new_line.py -> /home/samet/hallo/build/camera_run/build/lib/camera_run
[2.534s] copying camera_run/steering.py -> /home/samet/hallo/build/camera_run/build/lib/camera_run
[2.537s] copying camera_run/test_new_lanedetection.py -> /home/samet/hallo/build/camera_run/build/lib/camera_run
[2.540s] copying camera_run/ackermann_to_vesc.py -> /home/samet/hallo/build/camera_run/build/lib/camera_run
[2.540s] copying camera_run/bot.py -> /home/samet/hallo/build/camera_run/build/lib/camera_run
[2.541s] copying camera_run/LaneDetection_realsense_2.py -> /home/samet/hallo/build/camera_run/build/lib/camera_run
[2.541s] copying camera_run/LaneDetection_realsense.py -> /home/samet/hallo/build/camera_run/build/lib/camera_run
[2.541s] copying camera_run/intel_sub.py -> /home/samet/hallo/build/camera_run/build/lib/camera_run
[2.541s] copying camera_run/__init__.py -> /home/samet/hallo/build/camera_run/build/lib/camera_run
[2.544s] copying camera_run/teleop.py -> /home/samet/hallo/build/camera_run/build/lib/camera_run
[2.544s] /home/samet/.local/lib/python3.10/site-packages/setuptools/_distutils/cmd.py:66: SetuptoolsDeprecationWarning: setup.py install is deprecated.
[2.544s] !!
[2.544s] 
[2.544s]         ********************************************************************************
[2.544s]         Please avoid running ``setup.py`` directly.
[2.545s]         Instead, use pypa/build, pypa/installer or other
[2.545s]         standards-based tools.
[2.545s] 
[2.545s]         See https://blog.ganssle.io/articles/2021/10/setup-py-deprecated.html for details.
[2.545s]         ********************************************************************************
[2.545s] 
[2.545s] !!
[2.545s]   self.initialize_options()
[2.546s] running install
[2.551s] running install_lib
[2.591s] copying /home/samet/hallo/build/camera_run/build/lib/camera_run/2_new_line.py -> /home/samet/hallo/install/camera_run/lib/python3.10/site-packages/camera_run
[2.593s] byte-compiling /home/samet/hallo/install/camera_run/lib/python3.10/site-packages/camera_run/2_new_line.py to 2_new_line.cpython-310.pyc
[2.603s] running install_data
[2.644s] copying resource/camera_run -> /home/samet/hallo/install/camera_run/share/ament_index/resource_index/packages
[2.644s] copying package.xml -> /home/samet/hallo/install/camera_run/share/camera_run
[2.645s] running install_egg_info
[2.688s] removing '/home/samet/hallo/install/camera_run/lib/python3.10/site-packages/camera_run-0.0.0-py3.10.egg-info' (and everything under it)
[2.689s] Copying ../../build/camera_run/camera_run.egg-info to /home/samet/hallo/install/camera_run/lib/python3.10/site-packages/camera_run-0.0.0-py3.10.egg-info
[2.691s] running install_scripts
[3.124s] Installing ackermann_to_vesc script to /home/samet/hallo/install/camera_run/lib/camera_run
[3.124s] Installing bot script to /home/samet/hallo/install/camera_run/lib/camera_run
[3.124s] Installing detection script to /home/samet/hallo/install/camera_run/lib/camera_run
[3.124s] Installing detection_node script to /home/samet/hallo/install/camera_run/lib/camera_run
[3.125s] Installing follower script to /home/samet/hallo/install/camera_run/lib/camera_run
[3.125s] Installing intel_lane script to /home/samet/hallo/install/camera_run/lib/camera_run
[3.125s] Installing intel_lane_sub script to /home/samet/hallo/install/camera_run/lib/camera_run
[3.125s] Installing intel_pub script to /home/samet/hallo/install/camera_run/lib/camera_run
[3.125s] Installing intel_sub script to /home/samet/hallo/install/camera_run/lib/camera_run
[3.125s] Installing slope_node script to /home/samet/hallo/install/camera_run/lib/camera_run
[3.126s] Installing slope_sub script to /home/samet/hallo/install/camera_run/lib/camera_run
[3.126s] Installing steering script to /home/samet/hallo/install/camera_run/lib/camera_run
[3.126s] Installing tele script to /home/samet/hallo/install/camera_run/lib/camera_run
[3.132s] writing list of installed files to '/home/samet/hallo/build/camera_run/install.log'
[3.188s] Invoked command in '/home/samet/hallo/src/camera_run' returned '0': PYTHONPATH=/home/samet/hallo/build/camera_run/prefix_override:/home/samet/hallo/install/camera_run/lib/python3.10/site-packages:${PYTHONPATH} /usr/bin/python3 setup.py egg_info --egg-base ../../build/camera_run build --build-base /home/samet/hallo/build/camera_run/build install --record /home/samet/hallo/build/camera_run/install.log --single-version-externally-managed
