[0.475s] Invoking command in '/home/samet/hallo/build/team_interfaces': CMAKE_PREFIX_PATH=${CMAKE_PREFIX_PATH}:/home/samet/hallo/install/camera_run:/opt/ros/humble /usr/bin/cmake --build /home/samet/hallo/build/team_interfaces -- -j8 -l8
[0.562s] [  4%] Built target team_interfaces__cpp
[0.562s] [ 12%] Built target team_interfaces__rosidl_generator_c
[0.584s] [ 12%] Built target ament_cmake_python_copy_team_interfaces
[0.640s] [ 23%] Built target team_interfaces__rosidl_typesupport_fastrtps_c
[0.643s] [ 34%] Built target team_interfaces__rosidl_typesupport_cpp
[0.644s] [ 46%] Built target team_interfaces__rosidl_typesupport_introspection_c
[0.667s] [ 63%] Built target team_interfaces__rosidl_typesupport_introspection_cpp
[0.668s] [ 68%] Built target team_interfaces__rosidl_typesupport_fastrtps_cpp
[0.672s] [ 79%] Built target team_interfaces__rosidl_typesupport_c
[0.708s] [ 79%] Built target team_interfaces
[0.747s] [ 80%] Built target team_interfaces__py
[0.784s] [ 90%] Built target team_interfaces__rosidl_generator_py
[0.828s] [ 93%] Built target team_interfaces__rosidl_typesupport_c__pyext
[0.830s] [ 96%] Built target team_interfaces__rosidl_typesupport_fastrtps_c__pyext
[0.831s] [100%] Built target team_interfaces__rosidl_typesupport_introspection_c__pyext
[0.988s] running egg_info
[1.026s] writing team_interfaces.egg-info/PKG-INFO
[1.029s] writing dependency_links to team_interfaces.egg-info/dependency_links.txt
[1.029s] writing top-level names to team_interfaces.egg-info/top_level.txt
[1.117s] reading manifest file 'team_interfaces.egg-info/SOURCES.txt'
[1.118s] writing manifest file 'team_interfaces.egg-info/SOURCES.txt'
[1.180s] [100%] Built target ament_cmake_python_build_team_interfaces_egg
[1.303s] Invoked command in '/home/samet/hallo/build/team_interfaces' returned '0': CMAKE_PREFIX_PATH=${CMAKE_PREFIX_PATH}:/home/samet/hallo/install/camera_run:/opt/ros/humble /usr/bin/cmake --build /home/samet/hallo/build/team_interfaces -- -j8 -l8
[1.539s] Invoking command in '/home/samet/hallo/build/team_interfaces': CMAKE_PREFIX_PATH=${CMAKE_PREFIX_PATH}:/home/samet/hallo/install/camera_run:/opt/ros/humble /usr/bin/cmake --install /home/samet/hallo/build/team_interfaces
[1.671s] -- Install configuration: ""
[1.671s] -- Up-to-date: /home/samet/hallo/install/team_interfaces/share/ament_index/resource_index/rosidl_interfaces/team_interfaces
[1.671s] -- Up-to-date: /home/samet/hallo/install/team_interfaces/include/team_interfaces/team_interfaces
[1.672s] -- Up-to-date: /home/samet/hallo/install/team_interfaces/include/team_interfaces/team_interfaces/msg
[1.672s] -- Up-to-date: /home/samet/hallo/install/team_interfaces/include/team_interfaces/team_interfaces/msg/car.h
[1.672s] -- Up-to-date: /home/samet/hallo/install/team_interfaces/include/team_interfaces/team_interfaces/msg/signs.h
[1.672s] -- Up-to-date: /home/samet/hallo/install/team_interfaces/include/team_interfaces/team_interfaces/msg/trafficlight.h
[1.672s] -- Up-to-date: /home/samet/hallo/install/team_interfaces/include/team_interfaces/team_interfaces/msg/rosidl_generator_c__visibility_control.h
[1.672s] -- Up-to-date: /home/samet/hallo/install/team_interfaces/include/team_interfaces/team_interfaces/msg/detail
[1.672s] -- Up-to-date: /home/samet/hallo/install/team_interfaces/include/team_interfaces/team_interfaces/msg/detail/signs__functions.c
[1.672s] -- Up-to-date: /home/samet/hallo/install/team_interfaces/include/team_interfaces/team_interfaces/msg/detail/signs__struct.h
[1.673s] -- Up-to-date: /home/samet/hallo/install/team_interfaces/include/team_interfaces/team_interfaces/msg/detail/trafficlight__type_support.h
[1.673s] -- Up-to-date: /home/samet/hallo/install/team_interfaces/include/team_interfaces/team_interfaces/msg/detail/signs__functions.h
[1.673s] -- Up-to-date: /home/samet/hallo/install/team_interfaces/include/team_interfaces/team_interfaces/msg/detail/trafficlight__functions.h
[1.673s] -- Up-to-date: /home/samet/hallo/install/team_interfaces/include/team_interfaces/team_interfaces/msg/detail/signs__type_support.h
[1.673s] -- Up-to-date: /home/samet/hallo/install/team_interfaces/include/team_interfaces/team_interfaces/msg/detail/emergency__functions.h
[1.673s] -- Up-to-date: /home/samet/hallo/install/team_interfaces/include/team_interfaces/team_interfaces/msg/detail/emergency__functions.c
[1.673s] -- Up-to-date: /home/samet/hallo/install/team_interfaces/include/team_interfaces/team_interfaces/msg/detail/car__functions.h
[1.673s] -- Up-to-date: /home/samet/hallo/install/team_interfaces/include/team_interfaces/team_interfaces/msg/detail/car__type_support.h
[1.674s] -- Up-to-date: /home/samet/hallo/install/team_interfaces/include/team_interfaces/team_interfaces/msg/detail/car__struct.h
[1.674s] -- Up-to-date: /home/samet/hallo/install/team_interfaces/include/team_interfaces/team_interfaces/msg/detail/car__functions.c
[1.674s] -- Up-to-date: /home/samet/hallo/install/team_interfaces/include/team_interfaces/team_interfaces/msg/detail/emergency__type_support.h
[1.674s] -- Up-to-date: /home/samet/hallo/install/team_interfaces/include/team_interfaces/team_interfaces/msg/detail/emergency__struct.h
[1.674s] -- Up-to-date: /home/samet/hallo/install/team_interfaces/include/team_interfaces/team_interfaces/msg/detail/trafficlight__functions.c
[1.674s] -- Up-to-date: /home/samet/hallo/install/team_interfaces/include/team_interfaces/team_interfaces/msg/detail/lane__functions.c
[1.674s] -- Up-to-date: /home/samet/hallo/install/team_interfaces/include/team_interfaces/team_interfaces/msg/detail/lane__type_support.h
[1.674s] -- Up-to-date: /home/samet/hallo/install/team_interfaces/include/team_interfaces/team_interfaces/msg/detail/lane__struct.h
[1.675s] -- Up-to-date: /home/samet/hallo/install/team_interfaces/include/team_interfaces/team_interfaces/msg/detail/trafficlight__struct.h
[1.675s] -- Up-to-date: /home/samet/hallo/install/team_interfaces/include/team_interfaces/team_interfaces/msg/detail/lane__functions.h
[1.675s] -- Up-to-date: /home/samet/hallo/install/team_interfaces/include/team_interfaces/team_interfaces/msg/emergency.h
[1.675s] -- Up-to-date: /home/samet/hallo/install/team_interfaces/include/team_interfaces/team_interfaces/msg/lane.h
[1.675s] -- Up-to-date: /home/samet/hallo/install/team_interfaces/share/team_interfaces/environment/library_path.sh
[1.675s] -- Up-to-date: /home/samet/hallo/install/team_interfaces/share/team_interfaces/environment/library_path.dsv
[1.675s] -- Up-to-date: /home/samet/hallo/install/team_interfaces/lib/libteam_interfaces__rosidl_generator_c.so
[1.675s] -- Up-to-date: /home/samet/hallo/install/team_interfaces/include/team_interfaces/team_interfaces
[1.676s] -- Up-to-date: /home/samet/hallo/install/team_interfaces/include/team_interfaces/team_interfaces/msg
[1.676s] -- Up-to-date: /home/samet/hallo/install/team_interfaces/include/team_interfaces/team_interfaces/msg/rosidl_typesupport_fastrtps_c__visibility_control.h
[1.676s] -- Up-to-date: /home/samet/hallo/install/team_interfaces/include/team_interfaces/team_interfaces/msg/detail
[1.676s] -- Up-to-date: /home/samet/hallo/install/team_interfaces/include/team_interfaces/team_interfaces/msg/detail/lane__rosidl_typesupport_fastrtps_c.h
[1.676s] -- Up-to-date: /home/samet/hallo/install/team_interfaces/include/team_interfaces/team_interfaces/msg/detail/car__rosidl_typesupport_fastrtps_c.h
[1.676s] -- Up-to-date: /home/samet/hallo/install/team_interfaces/include/team_interfaces/team_interfaces/msg/detail/trafficlight__rosidl_typesupport_fastrtps_c.h
[1.676s] -- Up-to-date: /home/samet/hallo/install/team_interfaces/include/team_interfaces/team_interfaces/msg/detail/signs__rosidl_typesupport_fastrtps_c.h
[1.676s] -- Up-to-date: /home/samet/hallo/install/team_interfaces/include/team_interfaces/team_interfaces/msg/detail/emergency__rosidl_typesupport_fastrtps_c.h
[1.677s] -- Up-to-date: /home/samet/hallo/install/team_interfaces/lib/libteam_interfaces__rosidl_typesupport_fastrtps_c.so
[1.677s] -- Up-to-date: /home/samet/hallo/install/team_interfaces/include/team_interfaces/team_interfaces
[1.677s] -- Up-to-date: /home/samet/hallo/install/team_interfaces/include/team_interfaces/team_interfaces/msg
[1.677s] -- Up-to-date: /home/samet/hallo/install/team_interfaces/include/team_interfaces/team_interfaces/msg/rosidl_typesupport_introspection_c__visibility_control.h
[1.677s] -- Up-to-date: /home/samet/hallo/install/team_interfaces/include/team_interfaces/team_interfaces/msg/detail
[1.677s] -- Up-to-date: /home/samet/hallo/install/team_interfaces/include/team_interfaces/team_interfaces/msg/detail/lane__rosidl_typesupport_introspection_c.h
[1.677s] -- Up-to-date: /home/samet/hallo/install/team_interfaces/include/team_interfaces/team_interfaces/msg/detail/emergency__rosidl_typesupport_introspection_c.h
[1.677s] -- Up-to-date: /home/samet/hallo/install/team_interfaces/include/team_interfaces/team_interfaces/msg/detail/signs__rosidl_typesupport_introspection_c.h
[1.678s] -- Up-to-date: /home/samet/hallo/install/team_interfaces/include/team_interfaces/team_interfaces/msg/detail/lane__type_support.c
[1.678s] -- Up-to-date: /home/samet/hallo/install/team_interfaces/include/team_interfaces/team_interfaces/msg/detail/emergency__type_support.c
[1.678s] -- Up-to-date: /home/samet/hallo/install/team_interfaces/include/team_interfaces/team_interfaces/msg/detail/signs__type_support.c
[1.678s] -- Up-to-date: /home/samet/hallo/install/team_interfaces/include/team_interfaces/team_interfaces/msg/detail/trafficlight__type_support.c
[1.690s] -- Up-to-date: /home/samet/hallo/install/team_interfaces/include/team_interfaces/team_interfaces/msg/detail/car__rosidl_typesupport_introspection_c.h
[1.690s] -- Up-to-date: /home/samet/hallo/install/team_interfaces/include/team_interfaces/team_interfaces/msg/detail/trafficlight__rosidl_typesupport_introspection_c.h
[1.690s] -- Up-to-date: /home/samet/hallo/install/team_interfaces/include/team_interfaces/team_interfaces/msg/detail/car__type_support.c
[1.690s] -- Up-to-date: /home/samet/hallo/install/team_interfaces/lib/libteam_interfaces__rosidl_typesupport_introspection_c.so
[1.691s] -- Up-to-date: /home/samet/hallo/install/team_interfaces/lib/libteam_interfaces__rosidl_typesupport_c.so
[1.691s] -- Up-to-date: /home/samet/hallo/install/team_interfaces/include/team_interfaces/team_interfaces
[1.691s] -- Up-to-date: /home/samet/hallo/install/team_interfaces/include/team_interfaces/team_interfaces/msg
[1.691s] -- Up-to-date: /home/samet/hallo/install/team_interfaces/include/team_interfaces/team_interfaces/msg/car.hpp
[1.691s] -- Up-to-date: /home/samet/hallo/install/team_interfaces/include/team_interfaces/team_interfaces/msg/signs.hpp
[1.691s] -- Up-to-date: /home/samet/hallo/install/team_interfaces/include/team_interfaces/team_interfaces/msg/emergency.hpp
[1.691s] -- Up-to-date: /home/samet/hallo/install/team_interfaces/include/team_interfaces/team_interfaces/msg/detail
[1.691s] -- Up-to-date: /home/samet/hallo/install/team_interfaces/include/team_interfaces/team_interfaces/msg/detail/emergency__builder.hpp
[1.692s] -- Up-to-date: /home/samet/hallo/install/team_interfaces/include/team_interfaces/team_interfaces/msg/detail/car__struct.hpp
[1.692s] -- Up-to-date: /home/samet/hallo/install/team_interfaces/include/team_interfaces/team_interfaces/msg/detail/emergency__struct.hpp
[1.692s] -- Up-to-date: /home/samet/hallo/install/team_interfaces/include/team_interfaces/team_interfaces/msg/detail/trafficlight__traits.hpp
[1.692s] -- Up-to-date: /home/samet/hallo/install/team_interfaces/include/team_interfaces/team_interfaces/msg/detail/emergency__traits.hpp
[1.692s] -- Up-to-date: /home/samet/hallo/install/team_interfaces/include/team_interfaces/team_interfaces/msg/detail/car__builder.hpp
[1.692s] -- Up-to-date: /home/samet/hallo/install/team_interfaces/include/team_interfaces/team_interfaces/msg/detail/trafficlight__struct.hpp
[1.693s] -- Up-to-date: /home/samet/hallo/install/team_interfaces/include/team_interfaces/team_interfaces/msg/detail/signs__traits.hpp
[1.693s] -- Up-to-date: /home/samet/hallo/install/team_interfaces/include/team_interfaces/team_interfaces/msg/detail/signs__builder.hpp
[1.693s] -- Up-to-date: /home/samet/hallo/install/team_interfaces/include/team_interfaces/team_interfaces/msg/detail/signs__struct.hpp
[1.693s] -- Up-to-date: /home/samet/hallo/install/team_interfaces/include/team_interfaces/team_interfaces/msg/detail/trafficlight__builder.hpp
[1.693s] -- Up-to-date: /home/samet/hallo/install/team_interfaces/include/team_interfaces/team_interfaces/msg/detail/car__traits.hpp
[1.693s] -- Up-to-date: /home/samet/hallo/install/team_interfaces/include/team_interfaces/team_interfaces/msg/detail/lane__traits.hpp
[1.693s] -- Up-to-date: /home/samet/hallo/install/team_interfaces/include/team_interfaces/team_interfaces/msg/detail/lane__struct.hpp
[1.693s] -- Up-to-date: /home/samet/hallo/install/team_interfaces/include/team_interfaces/team_interfaces/msg/detail/lane__builder.hpp
[1.694s] -- Up-to-date: /home/samet/hallo/install/team_interfaces/include/team_interfaces/team_interfaces/msg/trafficlight.hpp
[1.694s] -- Up-to-date: /home/samet/hallo/install/team_interfaces/include/team_interfaces/team_interfaces/msg/lane.hpp
[1.694s] -- Up-to-date: /home/samet/hallo/install/team_interfaces/include/team_interfaces/team_interfaces
[1.694s] -- Up-to-date: /home/samet/hallo/install/team_interfaces/include/team_interfaces/team_interfaces/msg
[1.694s] -- Up-to-date: /home/samet/hallo/install/team_interfaces/include/team_interfaces/team_interfaces/msg/detail
[1.694s] -- Up-to-date: /home/samet/hallo/install/team_interfaces/include/team_interfaces/team_interfaces/msg/detail/emergency__rosidl_typesupport_fastrtps_cpp.hpp
[1.695s] -- Up-to-date: /home/samet/hallo/install/team_interfaces/include/team_interfaces/team_interfaces/msg/detail/signs__rosidl_typesupport_fastrtps_cpp.hpp
[1.695s] -- Up-to-date: /home/samet/hallo/install/team_interfaces/include/team_interfaces/team_interfaces/msg/detail/car__rosidl_typesupport_fastrtps_cpp.hpp
[1.695s] -- Up-to-date: /home/samet/hallo/install/team_interfaces/include/team_interfaces/team_interfaces/msg/detail/lane__rosidl_typesupport_fastrtps_cpp.hpp
[1.695s] -- Up-to-date: /home/samet/hallo/install/team_interfaces/include/team_interfaces/team_interfaces/msg/detail/trafficlight__rosidl_typesupport_fastrtps_cpp.hpp
[1.695s] -- Up-to-date: /home/samet/hallo/install/team_interfaces/include/team_interfaces/team_interfaces/msg/detail/dds_fastrtps
[1.695s] -- Up-to-date: /home/samet/hallo/install/team_interfaces/include/team_interfaces/team_interfaces/msg/rosidl_typesupport_fastrtps_cpp__visibility_control.h
[1.696s] -- Up-to-date: /home/samet/hallo/install/team_interfaces/lib/libteam_interfaces__rosidl_typesupport_fastrtps_cpp.so
[1.696s] -- Up-to-date: /home/samet/hallo/install/team_interfaces/include/team_interfaces/team_interfaces
[1.696s] -- Up-to-date: /home/samet/hallo/install/team_interfaces/include/team_interfaces/team_interfaces/msg
[1.696s] -- Up-to-date: /home/samet/hallo/install/team_interfaces/include/team_interfaces/team_interfaces/msg/detail
[1.696s] -- Up-to-date: /home/samet/hallo/install/team_interfaces/include/team_interfaces/team_interfaces/msg/detail/car__type_support.cpp
[1.696s] -- Up-to-date: /home/samet/hallo/install/team_interfaces/include/team_interfaces/team_interfaces/msg/detail/lane__rosidl_typesupport_introspection_cpp.hpp
[1.696s] -- Up-to-date: /home/samet/hallo/install/team_interfaces/include/team_interfaces/team_interfaces/msg/detail/signs__type_support.cpp
[1.696s] -- Up-to-date: /home/samet/hallo/install/team_interfaces/include/team_interfaces/team_interfaces/msg/detail/trafficlight__type_support.cpp
[1.697s] -- Up-to-date: /home/samet/hallo/install/team_interfaces/include/team_interfaces/team_interfaces/msg/detail/lane__type_support.cpp
[1.697s] -- Up-to-date: /home/samet/hallo/install/team_interfaces/include/team_interfaces/team_interfaces/msg/detail/emergency__type_support.cpp
[1.697s] -- Up-to-date: /home/samet/hallo/install/team_interfaces/include/team_interfaces/team_interfaces/msg/detail/trafficlight__rosidl_typesupport_introspection_cpp.hpp
[1.697s] -- Up-to-date: /home/samet/hallo/install/team_interfaces/include/team_interfaces/team_interfaces/msg/detail/emergency__rosidl_typesupport_introspection_cpp.hpp
[1.697s] -- Up-to-date: /home/samet/hallo/install/team_interfaces/include/team_interfaces/team_interfaces/msg/detail/car__rosidl_typesupport_introspection_cpp.hpp
[1.697s] -- Up-to-date: /home/samet/hallo/install/team_interfaces/include/team_interfaces/team_interfaces/msg/detail/signs__rosidl_typesupport_introspection_cpp.hpp
[1.697s] -- Up-to-date: /home/samet/hallo/install/team_interfaces/lib/libteam_interfaces__rosidl_typesupport_introspection_cpp.so
[1.698s] -- Up-to-date: /home/samet/hallo/install/team_interfaces/lib/libteam_interfaces__rosidl_typesupport_cpp.so
[1.698s] -- Up-to-date: /home/samet/hallo/install/team_interfaces/share/team_interfaces/environment/pythonpath.sh
[1.698s] -- Up-to-date: /home/samet/hallo/install/team_interfaces/share/team_interfaces/environment/pythonpath.dsv
[1.698s] -- Up-to-date: /home/samet/hallo/install/team_interfaces/local/lib/python3.10/dist-packages/team_interfaces-0.0.0-py3.10.egg-info
[1.698s] -- Installing: /home/samet/hallo/install/team_interfaces/local/lib/python3.10/dist-packages/team_interfaces-0.0.0-py3.10.egg-info/PKG-INFO
[1.698s] -- Installing: /home/samet/hallo/install/team_interfaces/local/lib/python3.10/dist-packages/team_interfaces-0.0.0-py3.10.egg-info/top_level.txt
[1.698s] -- Installing: /home/samet/hallo/install/team_interfaces/local/lib/python3.10/dist-packages/team_interfaces-0.0.0-py3.10.egg-info/dependency_links.txt
[1.698s] -- Installing: /home/samet/hallo/install/team_interfaces/local/lib/python3.10/dist-packages/team_interfaces-0.0.0-py3.10.egg-info/SOURCES.txt
[1.699s] -- Up-to-date: /home/samet/hallo/install/team_interfaces/local/lib/python3.10/dist-packages/team_interfaces
[1.699s] -- Up-to-date: /home/samet/hallo/install/team_interfaces/local/lib/python3.10/dist-packages/team_interfaces/team_interfaces_s__rosidl_typesupport_c.cpython-310-x86_64-linux-gnu.so
[1.699s] -- Up-to-date: /home/samet/hallo/install/team_interfaces/local/lib/python3.10/dist-packages/team_interfaces/msg
[1.699s] -- Up-to-date: /home/samet/hallo/install/team_interfaces/local/lib/python3.10/dist-packages/team_interfaces/msg/_emergency_s.c
[1.699s] -- Up-to-date: /home/samet/hallo/install/team_interfaces/local/lib/python3.10/dist-packages/team_interfaces/msg/_trafficlight.py
[1.699s] -- Up-to-date: /home/samet/hallo/install/team_interfaces/local/lib/python3.10/dist-packages/team_interfaces/msg/_lane.py
[1.699s] -- Up-to-date: /home/samet/hallo/install/team_interfaces/local/lib/python3.10/dist-packages/team_interfaces/msg/_lane_s.c
[1.700s] -- Up-to-date: /home/samet/hallo/install/team_interfaces/local/lib/python3.10/dist-packages/team_interfaces/msg/_signs_s.c
[1.700s] -- Up-to-date: /home/samet/hallo/install/team_interfaces/local/lib/python3.10/dist-packages/team_interfaces/msg/_signs.py
[1.700s] -- Up-to-date: /home/samet/hallo/install/team_interfaces/local/lib/python3.10/dist-packages/team_interfaces/msg/_trafficlight_s.c
[1.700s] -- Up-to-date: /home/samet/hallo/install/team_interfaces/local/lib/python3.10/dist-packages/team_interfaces/msg/_car_s.c
[1.700s] -- Up-to-date: /home/samet/hallo/install/team_interfaces/local/lib/python3.10/dist-packages/team_interfaces/msg/__init__.py
[1.700s] -- Up-to-date: /home/samet/hallo/install/team_interfaces/local/lib/python3.10/dist-packages/team_interfaces/msg/_car.py
[1.701s] -- Up-to-date: /home/samet/hallo/install/team_interfaces/local/lib/python3.10/dist-packages/team_interfaces/msg/_emergency.py
[1.701s] -- Up-to-date: /home/samet/hallo/install/team_interfaces/local/lib/python3.10/dist-packages/team_interfaces/_team_interfaces_s.ep.rosidl_typesupport_c.c
[1.701s] -- Up-to-date: /home/samet/hallo/install/team_interfaces/local/lib/python3.10/dist-packages/team_interfaces/_team_interfaces_s.ep.rosidl_typesupport_introspection_c.c
[1.702s] -- Up-to-date: /home/samet/hallo/install/team_interfaces/local/lib/python3.10/dist-packages/team_interfaces/_team_interfaces_s.ep.rosidl_typesupport_fastrtps_c.c
[1.702s] -- Up-to-date: /home/samet/hallo/install/team_interfaces/local/lib/python3.10/dist-packages/team_interfaces/__init__.py
[1.702s] -- Up-to-date: /home/samet/hallo/install/team_interfaces/local/lib/python3.10/dist-packages/team_interfaces/team_interfaces_s__rosidl_typesupport_introspection_c.cpython-310-x86_64-linux-gnu.so
[1.702s] -- Up-to-date: /home/samet/hallo/install/team_interfaces/local/lib/python3.10/dist-packages/team_interfaces/team_interfaces_s__rosidl_typesupport_fastrtps_c.cpython-310-x86_64-linux-gnu.so
[1.702s] -- Up-to-date: /home/samet/hallo/install/team_interfaces/local/lib/python3.10/dist-packages/team_interfaces/libteam_interfaces__rosidl_generator_py.so
[1.735s] Listing '/home/samet/hallo/install/team_interfaces/local/lib/python3.10/dist-packages/team_interfaces'...
[1.735s] Listing '/home/samet/hallo/install/team_interfaces/local/lib/python3.10/dist-packages/team_interfaces/msg'...
[1.745s] -- Up-to-date: /home/samet/hallo/install/team_interfaces/local/lib/python3.10/dist-packages/team_interfaces/team_interfaces_s__rosidl_typesupport_fastrtps_c.cpython-310-x86_64-linux-gnu.so
[1.746s] -- Up-to-date: /home/samet/hallo/install/team_interfaces/local/lib/python3.10/dist-packages/team_interfaces/team_interfaces_s__rosidl_typesupport_introspection_c.cpython-310-x86_64-linux-gnu.so
[1.746s] -- Up-to-date: /home/samet/hallo/install/team_interfaces/local/lib/python3.10/dist-packages/team_interfaces/team_interfaces_s__rosidl_typesupport_c.cpython-310-x86_64-linux-gnu.so
[1.747s] -- Up-to-date: /home/samet/hallo/install/team_interfaces/lib/libteam_interfaces__rosidl_generator_py.so
[1.747s] -- Up-to-date: /home/samet/hallo/install/team_interfaces/share/team_interfaces/msg/Car.idl
[1.748s] -- Up-to-date: /home/samet/hallo/install/team_interfaces/share/team_interfaces/msg/Lane.idl
[1.749s] -- Up-to-date: /home/samet/hallo/install/team_interfaces/share/team_interfaces/msg/Signs.idl
[1.749s] -- Up-to-date: /home/samet/hallo/install/team_interfaces/share/team_interfaces/msg/Trafficlight.idl
[1.750s] -- Up-to-date: /home/samet/hallo/install/team_interfaces/share/team_interfaces/msg/Emergency.idl
[1.750s] -- Up-to-date: /home/samet/hallo/install/team_interfaces/share/team_interfaces/msg/Car.msg
[1.750s] -- Up-to-date: /home/samet/hallo/install/team_interfaces/share/team_interfaces/msg/Lane.msg
[1.750s] -- Up-to-date: /home/samet/hallo/install/team_interfaces/share/team_interfaces/msg/Signs.msg
[1.751s] -- Up-to-date: /home/samet/hallo/install/team_interfaces/share/team_interfaces/msg/Trafficlight.msg
[1.751s] -- Up-to-date: /home/samet/hallo/install/team_interfaces/share/team_interfaces/msg/Emergency.msg
[1.752s] -- Up-to-date: /home/samet/hallo/install/team_interfaces/share/ament_index/resource_index/package_run_dependencies/team_interfaces
[1.752s] -- Up-to-date: /home/samet/hallo/install/team_interfaces/share/ament_index/resource_index/parent_prefix_path/team_interfaces
[1.753s] -- Up-to-date: /home/samet/hallo/install/team_interfaces/share/team_interfaces/environment/ament_prefix_path.sh
[1.753s] -- Up-to-date: /home/samet/hallo/install/team_interfaces/share/team_interfaces/environment/ament_prefix_path.dsv
[1.754s] -- Up-to-date: /home/samet/hallo/install/team_interfaces/share/team_interfaces/environment/path.sh
[1.754s] -- Up-to-date: /home/samet/hallo/install/team_interfaces/share/team_interfaces/environment/path.dsv
[1.755s] -- Up-to-date: /home/samet/hallo/install/team_interfaces/share/team_interfaces/local_setup.bash
[1.755s] -- Up-to-date: /home/samet/hallo/install/team_interfaces/share/team_interfaces/local_setup.sh
[1.755s] -- Up-to-date: /home/samet/hallo/install/team_interfaces/share/team_interfaces/local_setup.zsh
[1.756s] -- Up-to-date: /home/samet/hallo/install/team_interfaces/share/team_interfaces/local_setup.dsv
[1.756s] -- Installing: /home/samet/hallo/install/team_interfaces/share/team_interfaces/package.dsv
[1.756s] -- Up-to-date: /home/samet/hallo/install/team_interfaces/share/ament_index/resource_index/packages/team_interfaces
[1.756s] -- Up-to-date: /home/samet/hallo/install/team_interfaces/share/team_interfaces/cmake/export_team_interfaces__rosidl_generator_cExport.cmake
[1.757s] -- Up-to-date: /home/samet/hallo/install/team_interfaces/share/team_interfaces/cmake/export_team_interfaces__rosidl_generator_cExport-noconfig.cmake
[1.757s] -- Up-to-date: /home/samet/hallo/install/team_interfaces/share/team_interfaces/cmake/export_team_interfaces__rosidl_typesupport_fastrtps_cExport.cmake
[1.757s] -- Up-to-date: /home/samet/hallo/install/team_interfaces/share/team_interfaces/cmake/export_team_interfaces__rosidl_typesupport_fastrtps_cExport-noconfig.cmake
[1.758s] -- Up-to-date: /home/samet/hallo/install/team_interfaces/share/team_interfaces/cmake/team_interfaces__rosidl_typesupport_introspection_cExport.cmake
[1.758s] -- Up-to-date: /home/samet/hallo/install/team_interfaces/share/team_interfaces/cmake/team_interfaces__rosidl_typesupport_introspection_cExport-noconfig.cmake
[1.758s] -- Up-to-date: /home/samet/hallo/install/team_interfaces/share/team_interfaces/cmake/team_interfaces__rosidl_typesupport_cExport.cmake
[1.759s] -- Up-to-date: /home/samet/hallo/install/team_interfaces/share/team_interfaces/cmake/team_interfaces__rosidl_typesupport_cExport-noconfig.cmake
[1.759s] -- Up-to-date: /home/samet/hallo/install/team_interfaces/share/team_interfaces/cmake/export_team_interfaces__rosidl_generator_cppExport.cmake
[1.759s] -- Up-to-date: /home/samet/hallo/install/team_interfaces/share/team_interfaces/cmake/export_team_interfaces__rosidl_typesupport_fastrtps_cppExport.cmake
[1.759s] -- Up-to-date: /home/samet/hallo/install/team_interfaces/share/team_interfaces/cmake/export_team_interfaces__rosidl_typesupport_fastrtps_cppExport-noconfig.cmake
[1.760s] -- Up-to-date: /home/samet/hallo/install/team_interfaces/share/team_interfaces/cmake/team_interfaces__rosidl_typesupport_introspection_cppExport.cmake
[1.760s] -- Up-to-date: /home/samet/hallo/install/team_interfaces/share/team_interfaces/cmake/team_interfaces__rosidl_typesupport_introspection_cppExport-noconfig.cmake
[1.760s] -- Up-to-date: /home/samet/hallo/install/team_interfaces/share/team_interfaces/cmake/team_interfaces__rosidl_typesupport_cppExport.cmake
[1.761s] -- Up-to-date: /home/samet/hallo/install/team_interfaces/share/team_interfaces/cmake/team_interfaces__rosidl_typesupport_cppExport-noconfig.cmake
[1.761s] -- Up-to-date: /home/samet/hallo/install/team_interfaces/share/team_interfaces/cmake/export_team_interfaces__rosidl_generator_pyExport.cmake
[1.761s] -- Up-to-date: /home/samet/hallo/install/team_interfaces/share/team_interfaces/cmake/export_team_interfaces__rosidl_generator_pyExport-noconfig.cmake
[1.762s] -- Up-to-date: /home/samet/hallo/install/team_interfaces/share/team_interfaces/cmake/rosidl_cmake-extras.cmake
[1.762s] -- Up-to-date: /home/samet/hallo/install/team_interfaces/share/team_interfaces/cmake/ament_cmake_export_dependencies-extras.cmake
[1.762s] -- Up-to-date: /home/samet/hallo/install/team_interfaces/share/team_interfaces/cmake/ament_cmake_export_include_directories-extras.cmake
[1.763s] -- Up-to-date: /home/samet/hallo/install/team_interfaces/share/team_interfaces/cmake/ament_cmake_export_libraries-extras.cmake
[1.763s] -- Up-to-date: /home/samet/hallo/install/team_interfaces/share/team_interfaces/cmake/ament_cmake_export_targets-extras.cmake
[1.763s] -- Up-to-date: /home/samet/hallo/install/team_interfaces/share/team_interfaces/cmake/rosidl_cmake_export_typesupport_targets-extras.cmake
[1.764s] -- Up-to-date: /home/samet/hallo/install/team_interfaces/share/team_interfaces/cmake/rosidl_cmake_export_typesupport_libraries-extras.cmake
[1.764s] -- Up-to-date: /home/samet/hallo/install/team_interfaces/share/team_interfaces/cmake/team_interfacesConfig.cmake
[1.764s] -- Up-to-date: /home/samet/hallo/install/team_interfaces/share/team_interfaces/cmake/team_interfacesConfig-version.cmake
[1.764s] -- Up-to-date: /home/samet/hallo/install/team_interfaces/share/team_interfaces/package.xml
[2.134s] Invoked command in '/home/samet/hallo/build/team_interfaces' returned '0': CMAKE_PREFIX_PATH=${CMAKE_PREFIX_PATH}:/home/samet/hallo/install/camera_run:/opt/ros/humble /usr/bin/cmake --install /home/samet/hallo/build/team_interfaces
