[2.474s] Invoking command in '/home/samet/hallo/src/camera_run': PYTHONPATH=/home/samet/hallo/build/camera_run/prefix_override:/home/samet/hallo/install/camera_run/lib/python3.10/site-packages:${PYTHONPATH} /usr/bin/python3 setup.py egg_info --egg-base ../../build/camera_run build --build-base /home/samet/hallo/build/camera_run/build install --record /home/samet/hallo/build/camera_run/install.log --single-version-externally-managed
[2.930s] running egg_info
[2.967s] writing ../../build/camera_run/camera_run.egg-info/PKG-INFO
[2.968s] writing dependency_links to ../../build/camera_run/camera_run.egg-info/dependency_links.txt
[2.969s] writing entry points to ../../build/camera_run/camera_run.egg-info/entry_points.txt
[2.969s] writing requirements to ../../build/camera_run/camera_run.egg-info/requires.txt
[2.969s] writing top-level names to ../../build/camera_run/camera_run.egg-info/top_level.txt
[3.034s] reading manifest file '../../build/camera_run/camera_run.egg-info/SOURCES.txt'
[3.035s] writing manifest file '../../build/camera_run/camera_run.egg-info/SOURCES.txt'
[3.035s] running build
[3.036s] running build_py
[3.036s] copying camera_run/intel_pub.py -> /home/samet/hallo/build/camera_run/build/lib/camera_run
[3.038s] copying camera_run/new_LaneDetection.py -> /home/samet/hallo/build/camera_run/build/lib/camera_run
[3.038s] copying camera_run/steering.py -> /home/samet/hallo/build/camera_run/build/lib/camera_run
[3.038s] copying camera_run/ackermann_to_vesc.py -> /home/samet/hallo/build/camera_run/build/lib/camera_run
[3.038s] copying camera_run/bot.py -> /home/samet/hallo/build/camera_run/build/lib/camera_run
[3.038s] copying camera_run/LaneDetection_realsense_2.py -> /home/samet/hallo/build/camera_run/build/lib/camera_run
[3.039s] copying camera_run/LaneDetection_realsense.py -> /home/samet/hallo/build/camera_run/build/lib/camera_run
[3.039s] copying camera_run/intel_sub.py -> /home/samet/hallo/build/camera_run/build/lib/camera_run
[3.039s] copying camera_run/__init__.py -> /home/samet/hallo/build/camera_run/build/lib/camera_run
[3.039s] copying camera_run/teleop.py -> /home/samet/hallo/build/camera_run/build/lib/camera_run
[3.039s] running install
[3.040s] /home/samet/.local/lib/python3.10/site-packages/setuptools/_distutils/cmd.py:66: SetuptoolsDeprecationWarning: setup.py install is deprecated.
[3.041s] !!
[3.041s] 
[3.041s]         ********************************************************************************
[3.041s]         Please avoid running ``setup.py`` directly.
[3.041s]         Instead, use pypa/build, pypa/installer or other
[3.042s]         standards-based tools.
[3.042s] 
[3.042s]         See https://blog.ganssle.io/articles/2021/10/setup-py-deprecated.html for details.
[3.043s]         ********************************************************************************
[3.043s] 
[3.043s] !!
[3.044s]   self.initialize_options()
[3.049s] running install_lib
[3.083s] copying /home/samet/hallo/build/camera_run/build/lib/camera_run/intel_pub.py -> /home/samet/hallo/install/camera_run/lib/python3.10/site-packages/camera_run
[3.084s] copying /home/samet/hallo/build/camera_run/build/lib/camera_run/new_LaneDetection.py -> /home/samet/hallo/install/camera_run/lib/python3.10/site-packages/camera_run
[3.084s] copying /home/samet/hallo/build/camera_run/build/lib/camera_run/LaneDetection_realsense.py -> /home/samet/hallo/install/camera_run/lib/python3.10/site-packages/camera_run
[3.086s] byte-compiling /home/samet/hallo/install/camera_run/lib/python3.10/site-packages/camera_run/intel_pub.py to intel_pub.cpython-310.pyc
[3.087s] byte-compiling /home/samet/hallo/install/camera_run/lib/python3.10/site-packages/camera_run/new_LaneDetection.py to new_LaneDetection.cpython-310.pyc
[3.090s] byte-compiling /home/samet/hallo/install/camera_run/lib/python3.10/site-packages/camera_run/LaneDetection_realsense.py to LaneDetection_realsense.cpython-310.pyc
[3.094s] running install_data
[3.117s] copying resource/camera_run -> /home/samet/hallo/install/camera_run/share/ament_index/resource_index/packages
[3.118s] copying package.xml -> /home/samet/hallo/install/camera_run/share/camera_run
[3.118s] running install_egg_info
[3.141s] removing '/home/samet/hallo/install/camera_run/lib/python3.10/site-packages/camera_run-0.0.0-py3.10.egg-info' (and everything under it)
[3.142s] Copying ../../build/camera_run/camera_run.egg-info to /home/samet/hallo/install/camera_run/lib/python3.10/site-packages/camera_run-0.0.0-py3.10.egg-info
[3.143s] running install_scripts
[3.382s] Installing ackermann_to_vesc script to /home/samet/hallo/install/camera_run/lib/camera_run
[3.382s] Installing bot script to /home/samet/hallo/install/camera_run/lib/camera_run
[3.382s] Installing detection script to /home/samet/hallo/install/camera_run/lib/camera_run
[3.382s] Installing detection_node script to /home/samet/hallo/install/camera_run/lib/camera_run
[3.383s] Installing follower script to /home/samet/hallo/install/camera_run/lib/camera_run
[3.383s] Installing intel_lane script to /home/samet/hallo/install/camera_run/lib/camera_run
[3.383s] Installing intel_lane_sub script to /home/samet/hallo/install/camera_run/lib/camera_run
[3.383s] Installing intel_pub script to /home/samet/hallo/install/camera_run/lib/camera_run
[3.383s] Installing intel_sub script to /home/samet/hallo/install/camera_run/lib/camera_run
[3.384s] Installing slope_node script to /home/samet/hallo/install/camera_run/lib/camera_run
[3.384s] Installing slope_sub script to /home/samet/hallo/install/camera_run/lib/camera_run
[3.384s] Installing steering script to /home/samet/hallo/install/camera_run/lib/camera_run
[3.384s] Installing tele script to /home/samet/hallo/install/camera_run/lib/camera_run
[3.385s] writing list of installed files to '/home/samet/hallo/build/camera_run/install.log'
[3.477s] Invoked command in '/home/samet/hallo/src/camera_run' returned '0': PYTHONPATH=/home/samet/hallo/build/camera_run/prefix_override:/home/samet/hallo/install/camera_run/lib/python3.10/site-packages:${PYTHONPATH} /usr/bin/python3 setup.py egg_info --egg-base ../../build/camera_run build --build-base /home/samet/hallo/build/camera_run/build install --record /home/samet/hallo/build/camera_run/install.log --single-version-externally-managed
