[2.238s] Invoking command in '/home/samet/hallo/src/camera_run': PYTHONPATH=/home/samet/hallo/build/camera_run/prefix_override:/home/samet/hallo/install/camera_run/lib/python3.10/site-packages:${PYTHONPATH} /usr/bin/python3 setup.py egg_info --egg-base ../../build/camera_run build --build-base /home/samet/hallo/build/camera_run/build install --record /home/samet/hallo/build/camera_run/install.log --single-version-externally-managed
[2.665s] running egg_info
[2.704s] writing ../../build/camera_run/camera_run.egg-info/PKG-INFO
[2.705s] writing dependency_links to ../../build/camera_run/camera_run.egg-info/dependency_links.txt
[2.705s] writing entry points to ../../build/camera_run/camera_run.egg-info/entry_points.txt
[2.705s] writing requirements to ../../build/camera_run/camera_run.egg-info/requires.txt
[2.706s] writing top-level names to ../../build/camera_run/camera_run.egg-info/top_level.txt
[2.808s] reading manifest file '../../build/camera_run/camera_run.egg-info/SOURCES.txt'
[2.810s] writing manifest file '../../build/camera_run/camera_run.egg-info/SOURCES.txt'
[2.812s] running build
[2.812s] running build_py
[2.815s] copying camera_run/intel_lane.py -> /home/samet/hallo/build/camera_run/build/lib/camera_run
[2.818s] copying camera_run/intel_pub.py -> /home/samet/hallo/build/camera_run/build/lib/camera_run
[2.820s] copying camera_run/lane_recognition.py -> /home/samet/hallo/build/camera_run/build/lib/camera_run
[2.822s] copying camera_run/steering.py -> /home/samet/hallo/build/camera_run/build/lib/camera_run
[2.824s] copying camera_run/ackermann_to_vesc.py -> /home/samet/hallo/build/camera_run/build/lib/camera_run
[2.826s] copying camera_run/bot.py -> /home/samet/hallo/build/camera_run/build/lib/camera_run
[2.827s] copying camera_run/lane_follower.py -> /home/samet/hallo/build/camera_run/build/lib/camera_run
[2.827s] copying camera_run/LaneDetection_realsense.py -> /home/samet/hallo/build/camera_run/build/lib/camera_run
[2.831s] copying camera_run/slope_sub.py -> /home/samet/hallo/build/camera_run/build/lib/camera_run
[2.832s] copying camera_run/slope_node.py -> /home/samet/hallo/build/camera_run/build/lib/camera_run
[2.832s] copying camera_run/intel_lane_sub.py -> /home/samet/hallo/build/camera_run/build/lib/camera_run
[2.832s] copying camera_run/intel_sub.py -> /home/samet/hallo/build/camera_run/build/lib/camera_run
[2.833s] copying camera_run/__init__.py -> /home/samet/hallo/build/camera_run/build/lib/camera_run
[2.843s] copying camera_run/teleop.py -> /home/samet/hallo/build/camera_run/build/lib/camera_run
[2.844s] running install
[2.844s] /home/samet/.local/lib/python3.10/site-packages/setuptools/_distutils/cmd.py:66: SetuptoolsDeprecationWarning: setup.py install is deprecated.
[2.844s] !!
[2.844s] 
[2.845s]         ********************************************************************************
[2.845s]         Please avoid running ``setup.py`` directly.
[2.845s]         Instead, use pypa/build, pypa/installer or other
[2.845s]         standards-based tools.
[2.845s] 
[2.845s]         See https://blog.ganssle.io/articles/2021/10/setup-py-deprecated.html for details.
[2.845s]         ********************************************************************************
[2.846s] 
[2.846s] !!
[2.846s]   self.initialize_options()
[2.869s] running install_lib
[2.911s] running install_data
[2.949s] copying resource/camera_run -> /home/samet/hallo/install/camera_run/share/ament_index/resource_index/packages
[2.951s] copying package.xml -> /home/samet/hallo/install/camera_run/share/camera_run
[2.951s] running install_egg_info
[3.000s] removing '/home/samet/hallo/install/camera_run/lib/python3.10/site-packages/camera_run-0.0.0-py3.10.egg-info' (and everything under it)
[3.000s] Copying ../../build/camera_run/camera_run.egg-info to /home/samet/hallo/install/camera_run/lib/python3.10/site-packages/camera_run-0.0.0-py3.10.egg-info
[3.000s] running install_scripts
[3.298s] Installing ackermann_to_vesc script to /home/samet/hallo/install/camera_run/lib/camera_run
[3.300s] Installing bot script to /home/samet/hallo/install/camera_run/lib/camera_run
[3.302s] Installing detection script to /home/samet/hallo/install/camera_run/lib/camera_run
[3.304s] Installing detection_node script to /home/samet/hallo/install/camera_run/lib/camera_run
[3.304s] Installing follower script to /home/samet/hallo/install/camera_run/lib/camera_run
[3.305s] Installing intel_lane script to /home/samet/hallo/install/camera_run/lib/camera_run
[3.306s] Installing intel_lane_sub script to /home/samet/hallo/install/camera_run/lib/camera_run
[3.306s] Installing intel_pub script to /home/samet/hallo/install/camera_run/lib/camera_run
[3.307s] Installing intel_sub script to /home/samet/hallo/install/camera_run/lib/camera_run
[3.307s] Installing slope_node script to /home/samet/hallo/install/camera_run/lib/camera_run
[3.308s] Installing slope_sub script to /home/samet/hallo/install/camera_run/lib/camera_run
[3.309s] Installing steering script to /home/samet/hallo/install/camera_run/lib/camera_run
[3.309s] Installing tele script to /home/samet/hallo/install/camera_run/lib/camera_run
[3.315s] writing list of installed files to '/home/samet/hallo/build/camera_run/install.log'
[3.637s] Invoked command in '/home/samet/hallo/src/camera_run' returned '0': PYTHONPATH=/home/samet/hallo/build/camera_run/prefix_override:/home/samet/hallo/install/camera_run/lib/python3.10/site-packages:${PYTHONPATH} /usr/bin/python3 setup.py egg_info --egg-base ../../build/camera_run build --build-base /home/samet/hallo/build/camera_run/build install --record /home/samet/hallo/build/camera_run/install.log --single-version-externally-managed
