[2.098s] Invoking command in '/home/samet/hallo/src/camera_run': PYTHONPATH=/home/samet/hallo/build/camera_run/prefix_override:/home/samet/hallo/install/camera_run/lib/python3.10/site-packages:${PYTHONPATH} /usr/bin/python3 setup.py egg_info --egg-base ../../build/camera_run build --build-base /home/samet/hallo/build/camera_run/build install --record /home/samet/hallo/build/camera_run/install.log --single-version-externally-managed
[2.518s] running egg_info
[2.547s] writing ../../build/camera_run/camera_run.egg-info/PKG-INFO
[2.548s] writing dependency_links to ../../build/camera_run/camera_run.egg-info/dependency_links.txt
[2.548s] writing entry points to ../../build/camera_run/camera_run.egg-info/entry_points.txt
[2.548s] writing requirements to ../../build/camera_run/camera_run.egg-info/requires.txt
[2.548s] writing top-level names to ../../build/camera_run/camera_run.egg-info/top_level.txt
[2.592s] reading manifest file '../../build/camera_run/camera_run.egg-info/SOURCES.txt'
[2.594s] writing manifest file '../../build/camera_run/camera_run.egg-info/SOURCES.txt'
[2.595s] running build
[2.595s] running build_py
[2.595s] copying camera_run/intel_pub.py -> /home/samet/hallo/build/camera_run/build/lib/camera_run
[2.596s] copying camera_run/steering.py -> /home/samet/hallo/build/camera_run/build/lib/camera_run
[2.597s] copying camera_run/ackermann_to_vesc.py -> /home/samet/hallo/build/camera_run/build/lib/camera_run
[2.597s] copying camera_run/bot.py -> /home/samet/hallo/build/camera_run/build/lib/camera_run
[2.598s] copying camera_run/LaneDetection_realsense_2.py -> /home/samet/hallo/build/camera_run/build/lib/camera_run
[2.598s] copying camera_run/LaneDetection_realsense.py -> /home/samet/hallo/build/camera_run/build/lib/camera_run
[2.600s] copying camera_run/intel_sub.py -> /home/samet/hallo/build/camera_run/build/lib/camera_run
[2.601s] copying camera_run/__init__.py -> /home/samet/hallo/build/camera_run/build/lib/camera_run
[2.601s] copying camera_run/teleop.py -> /home/samet/hallo/build/camera_run/build/lib/camera_run
[2.601s] running install
[2.601s] /home/samet/.local/lib/python3.10/site-packages/setuptools/_distutils/cmd.py:66: SetuptoolsDeprecationWarning: setup.py install is deprecated.
[2.602s] !!
[2.602s] 
[2.603s]         ********************************************************************************
[2.603s]         Please avoid running ``setup.py`` directly.
[2.604s]         Instead, use pypa/build, pypa/installer or other
[2.604s]         standards-based tools.
[2.605s] 
[2.605s]         See https://blog.ganssle.io/articles/2021/10/setup-py-deprecated.html for details.
[2.605s]         ********************************************************************************
[2.606s] 
[2.606s] !!
[2.608s]   self.initialize_options()
[2.613s] running install_lib
[2.648s] copying /home/samet/hallo/build/camera_run/build/lib/camera_run/LaneDetection_realsense.py -> /home/samet/hallo/install/camera_run/lib/python3.10/site-packages/camera_run
[2.649s] byte-compiling /home/samet/hallo/install/camera_run/lib/python3.10/site-packages/camera_run/LaneDetection_realsense.py to LaneDetection_realsense.cpython-310.pyc
[2.654s] running install_data
[2.679s] copying resource/camera_run -> /home/samet/hallo/install/camera_run/share/ament_index/resource_index/packages
[2.679s] copying package.xml -> /home/samet/hallo/install/camera_run/share/camera_run
[2.679s] running install_egg_info
[2.714s] removing '/home/samet/hallo/install/camera_run/lib/python3.10/site-packages/camera_run-0.0.0-py3.10.egg-info' (and everything under it)
[2.719s] Copying ../../build/camera_run/camera_run.egg-info to /home/samet/hallo/install/camera_run/lib/python3.10/site-packages/camera_run-0.0.0-py3.10.egg-info
[2.721s] running install_scripts
[3.148s] Installing ackermann_to_vesc script to /home/samet/hallo/install/camera_run/lib/camera_run
[3.148s] Installing bot script to /home/samet/hallo/install/camera_run/lib/camera_run
[3.149s] Installing detection script to /home/samet/hallo/install/camera_run/lib/camera_run
[3.149s] Installing detection_node script to /home/samet/hallo/install/camera_run/lib/camera_run
[3.149s] Installing follower script to /home/samet/hallo/install/camera_run/lib/camera_run
[3.149s] Installing intel_lane script to /home/samet/hallo/install/camera_run/lib/camera_run
[3.150s] Installing intel_lane_sub script to /home/samet/hallo/install/camera_run/lib/camera_run
[3.150s] Installing intel_pub script to /home/samet/hallo/install/camera_run/lib/camera_run
[3.150s] Installing intel_sub script to /home/samet/hallo/install/camera_run/lib/camera_run
[3.150s] Installing slope_node script to /home/samet/hallo/install/camera_run/lib/camera_run
[3.151s] Installing slope_sub script to /home/samet/hallo/install/camera_run/lib/camera_run
[3.151s] Installing steering script to /home/samet/hallo/install/camera_run/lib/camera_run
[3.151s] Installing tele script to /home/samet/hallo/install/camera_run/lib/camera_run
[3.152s] writing list of installed files to '/home/samet/hallo/build/camera_run/install.log'
[3.483s] Invoked command in '/home/samet/hallo/src/camera_run' returned '0': PYTHONPATH=/home/samet/hallo/build/camera_run/prefix_override:/home/samet/hallo/install/camera_run/lib/python3.10/site-packages:${PYTHONPATH} /usr/bin/python3 setup.py egg_info --egg-base ../../build/camera_run build --build-base /home/samet/hallo/build/camera_run/build install --record /home/samet/hallo/build/camera_run/install.log --single-version-externally-managed
