[0.322s] Invoking command in '/home/samet/hallo/build/udp_driver': CMAKE_PREFIX_PATH=/home/samet/hallo/install/io_context:/home/samet/hallo/install/asio_cmake_module:/home/samet/hallo/install/vesc:/home/samet/hallo/install/vesc_driver:/home/samet/hallo/install/vesc_ackermann:/home/samet/hallo/install/vesc_msgs:/home/samet/hallo/install/udp_driver:/home/samet/hallo/install/team_interfaces:/home/samet/hallo/install/serial_driver:/home/samet/hallo/install/camera_run:/opt/ros/humble LD_LIBRARY_PATH=/home/samet/hallo/install/io_context/lib:/home/samet/hallo/install/vesc_driver/lib:/home/samet/hallo/install/vesc_ackermann/lib:/home/samet/hallo/install/vesc_msgs/lib:/home/samet/hallo/install/udp_driver/lib:/home/samet/hallo/install/team_interfaces/lib:/home/samet/hallo/install/serial_driver/lib:/usr/lib/x86_64-linux-gnu/gazebo-11/plugins:/opt/ros/humble/opt/rviz_ogre_vendor/lib:/opt/ros/humble/lib/x86_64-linux-gnu:/opt/ros/humble/lib /usr/bin/cmake --build /home/samet/hallo/build/udp_driver -- -j8 -l8
[0.501s] [ 12%] Built target udp_driver
[0.506s] [ 20%] Built target udp_sender_node_exe
[0.520s] [ 37%] Built target gtest_main
[0.525s] [ 29%] Built target udp_receiver_node_exe
[0.576s] [ 45%] Built target gtest
[0.675s] [ 58%] Built target udp_driver_nodes
[0.777s] [ 66%] Built target test_udp_socket
[0.783s] [ 75%] Built target udp_bridge_node_exe
[0.795s] [ 83%] Built target test_udp_driver
[0.800s] [ 91%] Built target test_udp_data
[0.814s] [100%] Built target test_udp_driver_nodes
[0.855s] Invoked command in '/home/samet/hallo/build/udp_driver' returned '0': CMAKE_PREFIX_PATH=/home/samet/hallo/install/io_context:/home/samet/hallo/install/asio_cmake_module:/home/samet/hallo/install/vesc:/home/samet/hallo/install/vesc_driver:/home/samet/hallo/install/vesc_ackermann:/home/samet/hallo/install/vesc_msgs:/home/samet/hallo/install/udp_driver:/home/samet/hallo/install/team_interfaces:/home/samet/hallo/install/serial_driver:/home/samet/hallo/install/camera_run:/opt/ros/humble LD_LIBRARY_PATH=/home/samet/hallo/install/io_context/lib:/home/samet/hallo/install/vesc_driver/lib:/home/samet/hallo/install/vesc_ackermann/lib:/home/samet/hallo/install/vesc_msgs/lib:/home/samet/hallo/install/udp_driver/lib:/home/samet/hallo/install/team_interfaces/lib:/home/samet/hallo/install/serial_driver/lib:/usr/lib/x86_64-linux-gnu/gazebo-11/plugins:/opt/ros/humble/opt/rviz_ogre_vendor/lib:/opt/ros/humble/lib/x86_64-linux-gnu:/opt/ros/humble/lib /usr/bin/cmake --build /home/samet/hallo/build/udp_driver -- -j8 -l8
[1.371s] Invoking command in '/home/samet/hallo/build/udp_driver': CMAKE_PREFIX_PATH=/home/samet/hallo/install/io_context:/home/samet/hallo/install/asio_cmake_module:/home/samet/hallo/install/vesc:/home/samet/hallo/install/vesc_driver:/home/samet/hallo/install/vesc_ackermann:/home/samet/hallo/install/vesc_msgs:/home/samet/hallo/install/udp_driver:/home/samet/hallo/install/team_interfaces:/home/samet/hallo/install/serial_driver:/home/samet/hallo/install/camera_run:/opt/ros/humble LD_LIBRARY_PATH=/home/samet/hallo/install/io_context/lib:/home/samet/hallo/install/vesc_driver/lib:/home/samet/hallo/install/vesc_ackermann/lib:/home/samet/hallo/install/vesc_msgs/lib:/home/samet/hallo/install/udp_driver/lib:/home/samet/hallo/install/team_interfaces/lib:/home/samet/hallo/install/serial_driver/lib:/usr/lib/x86_64-linux-gnu/gazebo-11/plugins:/opt/ros/humble/opt/rviz_ogre_vendor/lib:/opt/ros/humble/lib/x86_64-linux-gnu:/opt/ros/humble/lib /usr/bin/cmake --install /home/samet/hallo/build/udp_driver
[1.380s] -- Install configuration: ""
[1.381s] -- Up-to-date: /home/samet/hallo/install/udp_driver/lib/udp_driver/udp_receiver_node_exe
[1.381s] -- Up-to-date: /home/samet/hallo/install/udp_driver/lib/udp_driver/udp_sender_node_exe
[1.382s] -- Up-to-date: /home/samet/hallo/install/udp_driver/include
[1.382s] -- Up-to-date: /home/samet/hallo/install/udp_driver/include/udp_driver
[1.382s] -- Up-to-date: /home/samet/hallo/install/udp_driver/include/udp_driver/visibility_control.hpp
[1.382s] -- Up-to-date: /home/samet/hallo/install/udp_driver/include/udp_driver/udp_receiver_node.hpp
[1.383s] -- Up-to-date: /home/samet/hallo/install/udp_driver/include/udp_driver/udp_sender_node.hpp
[1.383s] -- Up-to-date: /home/samet/hallo/install/udp_driver/include/udp_driver/udp_socket.hpp
[1.384s] -- Up-to-date: /home/samet/hallo/install/udp_driver/include/udp_driver/udp_driver.hpp
[1.384s] -- Up-to-date: /home/samet/hallo/install/udp_driver/share/udp_driver/environment/library_path.sh
[1.384s] -- Up-to-date: /home/samet/hallo/install/udp_driver/share/udp_driver/environment/library_path.dsv
[1.385s] -- Up-to-date: /home/samet/hallo/install/udp_driver/lib/libudp_driver.so
[1.385s] -- Up-to-date: /home/samet/hallo/install/udp_driver/lib/libudp_driver_nodes.so
[1.385s] -- Up-to-date: /home/samet/hallo/install/udp_driver/lib/udp_driver/udp_bridge_node_exe
[1.386s] -- Up-to-date: /home/samet/hallo/install/udp_driver/share/ament_index/resource_index/package_run_dependencies/udp_driver
[1.386s] -- Up-to-date: /home/samet/hallo/install/udp_driver/share/ament_index/resource_index/parent_prefix_path/udp_driver
[1.387s] -- Up-to-date: /home/samet/hallo/install/udp_driver/share/udp_driver/environment/ament_prefix_path.sh
[1.387s] -- Up-to-date: /home/samet/hallo/install/udp_driver/share/udp_driver/environment/ament_prefix_path.dsv
[1.387s] -- Up-to-date: /home/samet/hallo/install/udp_driver/share/udp_driver/environment/path.sh
[1.388s] -- Up-to-date: /home/samet/hallo/install/udp_driver/share/udp_driver/environment/path.dsv
[1.389s] -- Up-to-date: /home/samet/hallo/install/udp_driver/share/udp_driver/local_setup.bash
[1.389s] -- Up-to-date: /home/samet/hallo/install/udp_driver/share/udp_driver/local_setup.sh
[1.390s] -- Up-to-date: /home/samet/hallo/install/udp_driver/share/udp_driver/local_setup.zsh
[1.390s] -- Up-to-date: /home/samet/hallo/install/udp_driver/share/udp_driver/local_setup.dsv
[1.390s] -- Installing: /home/samet/hallo/install/udp_driver/share/udp_driver/package.dsv
[1.391s] -- Up-to-date: /home/samet/hallo/install/udp_driver/share/ament_index/resource_index/packages/udp_driver
[1.391s] -- Up-to-date: /home/samet/hallo/install/udp_driver/share/ament_index/resource_index/rclcpp_components/udp_driver
[1.391s] -- Up-to-date: /home/samet/hallo/install/udp_driver/share/udp_driver/cmake/ament_cmake_export_dependencies-extras.cmake
[1.392s] -- Up-to-date: /home/samet/hallo/install/udp_driver/share/udp_driver/cmake/ament_cmake_export_include_directories-extras.cmake
[1.392s] -- Up-to-date: /home/samet/hallo/install/udp_driver/share/udp_driver/cmake/ament_cmake_export_libraries-extras.cmake
[1.393s] -- Up-to-date: /home/samet/hallo/install/udp_driver/share/udp_driver/cmake/udp_driverConfig.cmake
[1.393s] -- Up-to-date: /home/samet/hallo/install/udp_driver/share/udp_driver/cmake/udp_driverConfig-version.cmake
[1.394s] -- Up-to-date: /home/samet/hallo/install/udp_driver/share/udp_driver/package.xml
[1.487s] Invoked command in '/home/samet/hallo/build/udp_driver' returned '0': CMAKE_PREFIX_PATH=/home/samet/hallo/install/io_context:/home/samet/hallo/install/asio_cmake_module:/home/samet/hallo/install/vesc:/home/samet/hallo/install/vesc_driver:/home/samet/hallo/install/vesc_ackermann:/home/samet/hallo/install/vesc_msgs:/home/samet/hallo/install/udp_driver:/home/samet/hallo/install/team_interfaces:/home/samet/hallo/install/serial_driver:/home/samet/hallo/install/camera_run:/opt/ros/humble LD_LIBRARY_PATH=/home/samet/hallo/install/io_context/lib:/home/samet/hallo/install/vesc_driver/lib:/home/samet/hallo/install/vesc_ackermann/lib:/home/samet/hallo/install/vesc_msgs/lib:/home/samet/hallo/install/udp_driver/lib:/home/samet/hallo/install/team_interfaces/lib:/home/samet/hallo/install/serial_driver/lib:/usr/lib/x86_64-linux-gnu/gazebo-11/plugins:/opt/ros/humble/opt/rviz_ogre_vendor/lib:/opt/ros/humble/lib/x86_64-linux-gnu:/opt/ros/humble/lib /usr/bin/cmake --install /home/samet/hallo/build/udp_driver
