[2.823s] Invoking command in '/home/samet/hallo/src/camera_run': PYTHONPATH=/home/samet/hallo/build/camera_run/prefix_override:/home/samet/hallo/install/camera_run/lib/python3.10/site-packages:${PYTHONPATH} /usr/bin/python3 setup.py egg_info --egg-base ../../build/camera_run build --build-base /home/samet/hallo/build/camera_run/build install --record /home/samet/hallo/build/camera_run/install.log --single-version-externally-managed
[3.324s] running egg_info
[3.366s] writing ../../build/camera_run/camera_run.egg-info/PKG-INFO
[3.367s] writing dependency_links to ../../build/camera_run/camera_run.egg-info/dependency_links.txt
[3.367s] writing entry points to ../../build/camera_run/camera_run.egg-info/entry_points.txt
[3.368s] writing requirements to ../../build/camera_run/camera_run.egg-info/requires.txt
[3.371s] writing top-level names to ../../build/camera_run/camera_run.egg-info/top_level.txt
[3.466s] reading manifest file '../../build/camera_run/camera_run.egg-info/SOURCES.txt'
[3.470s] writing manifest file '../../build/camera_run/camera_run.egg-info/SOURCES.txt'
[3.470s] running build
[3.471s] running build_py
[3.472s] copying camera_run/intel_lane.py -> /home/samet/hallo/build/camera_run/build/lib/camera_run
[3.477s] copying camera_run/intel_pub.py -> /home/samet/hallo/build/camera_run/build/lib/camera_run
[3.478s] copying camera_run/lane_recognition.py -> /home/samet/hallo/build/camera_run/build/lib/camera_run
[3.478s] copying camera_run/steering.py -> /home/samet/hallo/build/camera_run/build/lib/camera_run
[3.479s] copying camera_run/ackermann_to_vesc.py -> /home/samet/hallo/build/camera_run/build/lib/camera_run
[3.479s] copying camera_run/bot.py -> /home/samet/hallo/build/camera_run/build/lib/camera_run
[3.480s] copying camera_run/LaneDetection_realsense_2.py -> /home/samet/hallo/build/camera_run/build/lib/camera_run
[3.482s] copying camera_run/lane_follower.py -> /home/samet/hallo/build/camera_run/build/lib/camera_run
[3.483s] copying camera_run/LaneDetection_realsense.py -> /home/samet/hallo/build/camera_run/build/lib/camera_run
[3.483s] copying camera_run/slope_sub.py -> /home/samet/hallo/build/camera_run/build/lib/camera_run
[3.483s] copying camera_run/slope_node.py -> /home/samet/hallo/build/camera_run/build/lib/camera_run
[3.484s] copying camera_run/intel_lane_sub.py -> /home/samet/hallo/build/camera_run/build/lib/camera_run
[3.484s] copying camera_run/intel_sub.py -> /home/samet/hallo/build/camera_run/build/lib/camera_run
[3.484s] copying camera_run/LaneDetection.py -> /home/samet/hallo/build/camera_run/build/lib/camera_run
[3.485s] copying camera_run/__init__.py -> /home/samet/hallo/build/camera_run/build/lib/camera_run
[3.486s] running install
[3.487s] /home/samet/.local/lib/python3.10/site-packages/setuptools/_distutils/cmd.py:66: SetuptoolsDeprecationWarning: setup.py install is deprecated.
[3.487s] !!
[3.487s] 
[3.487s]         ********************************************************************************
[3.488s]         Please avoid running ``setup.py`` directly.
[3.488s]         Instead, use pypa/build, pypa/installer or other
[3.488s]         standards-based tools.
[3.488s] 
[3.488s]         See https://blog.ganssle.io/articles/2021/10/setup-py-deprecated.html for details.
[3.488s]         ********************************************************************************
[3.488s] 
[3.489s] !!
[3.489s]   self.initialize_options()
[3.498s] running install_lib
[3.529s] copying /home/samet/hallo/build/camera_run/build/lib/camera_run/LaneDetection_realsense.py -> /home/samet/hallo/install/camera_run/lib/python3.10/site-packages/camera_run
[3.531s] byte-compiling /home/samet/hallo/install/camera_run/lib/python3.10/site-packages/camera_run/LaneDetection_realsense.py to LaneDetection_realsense.cpython-310.pyc
[3.537s] running install_data
[3.567s] copying resource/camera_run -> /home/samet/hallo/install/camera_run/share/ament_index/resource_index/packages
[3.570s] copying package.xml -> /home/samet/hallo/install/camera_run/share/camera_run
[3.570s] running install_egg_info
[3.598s] removing '/home/samet/hallo/install/camera_run/lib/python3.10/site-packages/camera_run-0.0.0-py3.10.egg-info' (and everything under it)
[3.600s] Copying ../../build/camera_run/camera_run.egg-info to /home/samet/hallo/install/camera_run/lib/python3.10/site-packages/camera_run-0.0.0-py3.10.egg-info
[3.601s] running install_scripts
[3.925s] Installing ackermann_to_vesc script to /home/samet/hallo/install/camera_run/lib/camera_run
[3.925s] Installing bot script to /home/samet/hallo/install/camera_run/lib/camera_run
[3.926s] Installing detection script to /home/samet/hallo/install/camera_run/lib/camera_run
[3.927s] Installing detection_node script to /home/samet/hallo/install/camera_run/lib/camera_run
[3.928s] Installing follower script to /home/samet/hallo/install/camera_run/lib/camera_run
[3.928s] Installing intel_lane script to /home/samet/hallo/install/camera_run/lib/camera_run
[3.932s] Installing intel_lane_sub script to /home/samet/hallo/install/camera_run/lib/camera_run
[3.933s] Installing intel_pub script to /home/samet/hallo/install/camera_run/lib/camera_run
[3.935s] Installing intel_sub script to /home/samet/hallo/install/camera_run/lib/camera_run
[3.937s] Installing slope_node script to /home/samet/hallo/install/camera_run/lib/camera_run
[3.937s] Installing slope_sub script to /home/samet/hallo/install/camera_run/lib/camera_run
[3.937s] Installing steering script to /home/samet/hallo/install/camera_run/lib/camera_run
[3.938s] writing list of installed files to '/home/samet/hallo/build/camera_run/install.log'
[4.301s] Invoked command in '/home/samet/hallo/src/camera_run' returned '0': PYTHONPATH=/home/samet/hallo/build/camera_run/prefix_override:/home/samet/hallo/install/camera_run/lib/python3.10/site-packages:${PYTHONPATH} /usr/bin/python3 setup.py egg_info --egg-base ../../build/camera_run build --build-base /home/samet/hallo/build/camera_run/build install --record /home/samet/hallo/build/camera_run/install.log --single-version-externally-managed
