[1.982s] Invoking command in '/home/samet/hallo/src/camera_run': PYTHONPATH=/home/samet/hallo/build/camera_run/prefix_override:/home/samet/hallo/install/camera_run/lib/python3.10/site-packages:${PYTHONPATH} /usr/bin/python3 setup.py egg_info --egg-base ../../build/camera_run build --build-base /home/samet/hallo/build/camera_run/build install --record /home/samet/hallo/build/camera_run/install.log --single-version-externally-managed
[2.390s] running egg_info
[2.414s] writing ../../build/camera_run/camera_run.egg-info/PKG-INFO
[2.415s] writing dependency_links to ../../build/camera_run/camera_run.egg-info/dependency_links.txt
[2.415s] writing entry points to ../../build/camera_run/camera_run.egg-info/entry_points.txt
[2.415s] writing requirements to ../../build/camera_run/camera_run.egg-info/requires.txt
[2.416s] writing top-level names to ../../build/camera_run/camera_run.egg-info/top_level.txt
[2.465s] reading manifest file '../../build/camera_run/camera_run.egg-info/SOURCES.txt'
[2.466s] writing manifest file '../../build/camera_run/camera_run.egg-info/SOURCES.txt'
[2.467s] running build
[2.467s] running build_py
[2.468s] copying camera_run/intel_pub.py -> /home/samet/hallo/build/camera_run/build/lib/camera_run
[2.469s] copying camera_run/new_LaneDetection.py -> /home/samet/hallo/build/camera_run/build/lib/camera_run
[2.469s] copying camera_run/steering.py -> /home/samet/hallo/build/camera_run/build/lib/camera_run
[2.469s] copying camera_run/ackermann_to_vesc.py -> /home/samet/hallo/build/camera_run/build/lib/camera_run
[2.470s] copying camera_run/bot.py -> /home/samet/hallo/build/camera_run/build/lib/camera_run
[2.471s] copying camera_run/LaneDetection_realsense_2.py -> /home/samet/hallo/build/camera_run/build/lib/camera_run
[2.471s] copying camera_run/LaneDetection_realsense.py -> /home/samet/hallo/build/camera_run/build/lib/camera_run
[2.472s] copying camera_run/intel_sub.py -> /home/samet/hallo/build/camera_run/build/lib/camera_run
[2.472s] copying camera_run/__init__.py -> /home/samet/hallo/build/camera_run/build/lib/camera_run
[2.472s] copying camera_run/teleop.py -> /home/samet/hallo/build/camera_run/build/lib/camera_run
[2.472s] running install
[2.472s] /home/samet/.local/lib/python3.10/site-packages/setuptools/_distutils/cmd.py:66: SetuptoolsDeprecationWarning: setup.py install is deprecated.
[2.472s] !!
[2.472s] 
[2.472s]         ********************************************************************************
[2.473s]         Please avoid running ``setup.py`` directly.
[2.473s]         Instead, use pypa/build, pypa/installer or other
[2.473s]         standards-based tools.
[2.473s] 
[2.473s]         See https://blog.ganssle.io/articles/2021/10/setup-py-deprecated.html for details.
[2.473s]         ********************************************************************************
[2.473s] 
[2.474s] !!
[2.474s]   self.initialize_options()
[2.484s] running install_lib
[2.523s] copying /home/samet/hallo/build/camera_run/build/lib/camera_run/intel_pub.py -> /home/samet/hallo/install/camera_run/lib/python3.10/site-packages/camera_run
[2.528s] byte-compiling /home/samet/hallo/install/camera_run/lib/python3.10/site-packages/camera_run/intel_pub.py to intel_pub.cpython-310.pyc
[2.530s] running install_data
[2.583s] copying resource/camera_run -> /home/samet/hallo/install/camera_run/share/ament_index/resource_index/packages
[2.583s] copying package.xml -> /home/samet/hallo/install/camera_run/share/camera_run
[2.583s] running install_egg_info
[2.645s] removing '/home/samet/hallo/install/camera_run/lib/python3.10/site-packages/camera_run-0.0.0-py3.10.egg-info' (and everything under it)
[2.664s] Copying ../../build/camera_run/camera_run.egg-info to /home/samet/hallo/install/camera_run/lib/python3.10/site-packages/camera_run-0.0.0-py3.10.egg-info
[2.664s] running install_scripts
[2.948s] Installing ackermann_to_vesc script to /home/samet/hallo/install/camera_run/lib/camera_run
[2.949s] Installing bot script to /home/samet/hallo/install/camera_run/lib/camera_run
[2.949s] Installing detection script to /home/samet/hallo/install/camera_run/lib/camera_run
[2.949s] Installing detection_node script to /home/samet/hallo/install/camera_run/lib/camera_run
[2.949s] Installing follower script to /home/samet/hallo/install/camera_run/lib/camera_run
[2.949s] Installing intel_lane script to /home/samet/hallo/install/camera_run/lib/camera_run
[2.949s] Installing intel_lane_sub script to /home/samet/hallo/install/camera_run/lib/camera_run
[2.949s] Installing intel_pub script to /home/samet/hallo/install/camera_run/lib/camera_run
[2.949s] Installing intel_sub script to /home/samet/hallo/install/camera_run/lib/camera_run
[2.949s] Installing slope_node script to /home/samet/hallo/install/camera_run/lib/camera_run
[2.949s] Installing slope_sub script to /home/samet/hallo/install/camera_run/lib/camera_run
[2.949s] Installing steering script to /home/samet/hallo/install/camera_run/lib/camera_run
[2.950s] Installing tele script to /home/samet/hallo/install/camera_run/lib/camera_run
[2.950s] writing list of installed files to '/home/samet/hallo/build/camera_run/install.log'
[3.118s] Invoked command in '/home/samet/hallo/src/camera_run' returned '0': PYTHONPATH=/home/samet/hallo/build/camera_run/prefix_override:/home/samet/hallo/install/camera_run/lib/python3.10/site-packages:${PYTHONPATH} /usr/bin/python3 setup.py egg_info --egg-base ../../build/camera_run build --build-base /home/samet/hallo/build/camera_run/build install --record /home/samet/hallo/build/camera_run/install.log --single-version-externally-managed
