[2.405s] Invoking command in '/home/samet/hallo/src/camera_run': PYTHONPATH=/home/samet/hallo/build/camera_run/prefix_override:/home/samet/hallo/install/camera_run/lib/python3.10/site-packages:${PYTHONPATH} /usr/bin/python3 setup.py egg_info --egg-base ../../build/camera_run build --build-base /home/samet/hallo/build/camera_run/build install --record /home/samet/hallo/build/camera_run/install.log --single-version-externally-managed
[2.860s] running egg_info
[2.908s] writing ../../build/camera_run/camera_run.egg-info/PKG-INFO
[2.918s] writing dependency_links to ../../build/camera_run/camera_run.egg-info/dependency_links.txt
[2.923s] writing entry points to ../../build/camera_run/camera_run.egg-info/entry_points.txt
[2.924s] writing requirements to ../../build/camera_run/camera_run.egg-info/requires.txt
[2.924s] writing top-level names to ../../build/camera_run/camera_run.egg-info/top_level.txt
[3.014s] reading manifest file '../../build/camera_run/camera_run.egg-info/SOURCES.txt'
[3.017s] writing manifest file '../../build/camera_run/camera_run.egg-info/SOURCES.txt'
[3.017s] running build
[3.018s] running build_py
[3.018s] copying camera_run/intel_lane.py -> /home/samet/hallo/build/camera_run/build/lib/camera_run
[3.019s] copying camera_run/intel_pub.py -> /home/samet/hallo/build/camera_run/build/lib/camera_run
[3.019s] copying camera_run/lane_recognition.py -> /home/samet/hallo/build/camera_run/build/lib/camera_run
[3.019s] copying camera_run/steering.py -> /home/samet/hallo/build/camera_run/build/lib/camera_run
[3.020s] copying camera_run/ackermann_to_vesc.py -> /home/samet/hallo/build/camera_run/build/lib/camera_run
[3.020s] copying camera_run/bot.py -> /home/samet/hallo/build/camera_run/build/lib/camera_run
[3.021s] copying camera_run/lane_follower.py -> /home/samet/hallo/build/camera_run/build/lib/camera_run
[3.021s] copying camera_run/LaneDetection_realsense.py -> /home/samet/hallo/build/camera_run/build/lib/camera_run
[3.022s] copying camera_run/slope_sub.py -> /home/samet/hallo/build/camera_run/build/lib/camera_run
[3.022s] copying camera_run/slope_node.py -> /home/samet/hallo/build/camera_run/build/lib/camera_run
[3.023s] copying camera_run/intel_lane_sub.py -> /home/samet/hallo/build/camera_run/build/lib/camera_run
[3.025s] copying camera_run/intel_sub.py -> /home/samet/hallo/build/camera_run/build/lib/camera_run
[3.025s] copying camera_run/__init__.py -> /home/samet/hallo/build/camera_run/build/lib/camera_run
[3.026s] copying camera_run/teleop.py -> /home/samet/hallo/build/camera_run/build/lib/camera_run
[3.027s] running install
[3.027s] /home/samet/.local/lib/python3.10/site-packages/setuptools/_distutils/cmd.py:66: SetuptoolsDeprecationWarning: setup.py install is deprecated.
[3.028s] !!
[3.028s] 
[3.029s]         ********************************************************************************
[3.029s]         Please avoid running ``setup.py`` directly.
[3.029s]         Instead, use pypa/build, pypa/installer or other
[3.030s]         standards-based tools.
[3.030s] 
[3.030s]         See https://blog.ganssle.io/articles/2021/10/setup-py-deprecated.html for details.
[3.031s]         ********************************************************************************
[3.031s] 
[3.031s] !!
[3.032s]   self.initialize_options()
[3.044s] running install_lib
[3.086s] copying /home/samet/hallo/build/camera_run/build/lib/camera_run/LaneDetection_realsense.py -> /home/samet/hallo/install/camera_run/lib/python3.10/site-packages/camera_run
[3.089s] byte-compiling /home/samet/hallo/install/camera_run/lib/python3.10/site-packages/camera_run/LaneDetection_realsense.py to LaneDetection_realsense.cpython-310.pyc
[3.098s] running install_data
[3.149s] copying resource/camera_run -> /home/samet/hallo/install/camera_run/share/ament_index/resource_index/packages
[3.154s] copying package.xml -> /home/samet/hallo/install/camera_run/share/camera_run
[3.161s] running install_egg_info
[3.233s] removing '/home/samet/hallo/install/camera_run/lib/python3.10/site-packages/camera_run-0.0.0-py3.10.egg-info' (and everything under it)
[3.239s] Copying ../../build/camera_run/camera_run.egg-info to /home/samet/hallo/install/camera_run/lib/python3.10/site-packages/camera_run-0.0.0-py3.10.egg-info
[3.241s] running install_scripts
[3.705s] Installing ackermann_to_vesc script to /home/samet/hallo/install/camera_run/lib/camera_run
[3.706s] Installing bot script to /home/samet/hallo/install/camera_run/lib/camera_run
[3.706s] Installing detection script to /home/samet/hallo/install/camera_run/lib/camera_run
[3.707s] Installing detection_node script to /home/samet/hallo/install/camera_run/lib/camera_run
[3.707s] Installing follower script to /home/samet/hallo/install/camera_run/lib/camera_run
[3.714s] Installing intel_lane script to /home/samet/hallo/install/camera_run/lib/camera_run
[3.715s] Installing intel_lane_sub script to /home/samet/hallo/install/camera_run/lib/camera_run
[3.715s] Installing intel_pub script to /home/samet/hallo/install/camera_run/lib/camera_run
[3.715s] Installing intel_sub script to /home/samet/hallo/install/camera_run/lib/camera_run
[3.715s] Installing slope_node script to /home/samet/hallo/install/camera_run/lib/camera_run
[3.715s] Installing slope_sub script to /home/samet/hallo/install/camera_run/lib/camera_run
[3.715s] Installing steering script to /home/samet/hallo/install/camera_run/lib/camera_run
[3.716s] Installing tele script to /home/samet/hallo/install/camera_run/lib/camera_run
[3.716s] writing list of installed files to '/home/samet/hallo/build/camera_run/install.log'
[3.996s] Invoked command in '/home/samet/hallo/src/camera_run' returned '0': PYTHONPATH=/home/samet/hallo/build/camera_run/prefix_override:/home/samet/hallo/install/camera_run/lib/python3.10/site-packages:${PYTHONPATH} /usr/bin/python3 setup.py egg_info --egg-base ../../build/camera_run build --build-base /home/samet/hallo/build/camera_run/build install --record /home/samet/hallo/build/camera_run/install.log --single-version-externally-managed
