[  6%] [32mBuilding CXX object gtest/CMakeFiles/gtest_main.dir/src/gtest_main.cc.o[0m
[ 13%] [32mBuilding CXX object CMakeFiles/serial_bridge.dir/rclcpp_components/node_main_serial_bridge.cpp.o[0m
[ 20%] [32mBuilding CXX object gtest/CMakeFiles/gtest.dir/src/gtest-all.cc.o[0m
[ 26%] [32mBuilding CXX object CMakeFiles/serial_driver.dir/src/serial_port.cpp.o[0m
[ 33%] [32mBuilding CXX object CMakeFiles/serial_driver.dir/src/serial_driver.cpp.o[0m
[ 40%] [32m[1mLinking CXX static library libgtest_main.a[0m
[ 40%] Built target gtest_main
[ 46%] [32m[1mLinking CXX executable serial_bridge[0m
[ 53%] [32m[1mLinking CXX shared library libserial_driver.so[0m
[ 53%] Built target serial_bridge
[ 53%] Built target serial_driver
[ 60%] [32mBuilding CXX object CMakeFiles/serial_driver_nodes.dir/src/serial_bridge_node.cpp.o[0m
[ 66%] [32m[1mLinking CXX static library libgtest.a[0m
[ 66%] Built target gtest
[ 73%] [32mBuilding CXX object CMakeFiles/test_serial_driver.dir/test/test_serial_driver.cpp.o[0m
[ 80%] [32mBuilding CXX object CMakeFiles/test_serial_port.dir/test/test_serial_port.cpp.o[0m
[ 86%] [32m[1mLinking CXX executable test_serial_port[0m
[ 93%] [32m[1mLinking CXX executable test_serial_driver[0m
[ 93%] Built target test_serial_port
[ 93%] Built target test_serial_driver
[100%] [32m[1mLinking CXX shared library libserial_driver_nodes.so[0m
[100%] Built target serial_driver_nodes
-- Install configuration: ""
-- Installing: /home/samet/hallo/install/serial_driver/lib/serial_driver/serial_bridge
-- Set runtime path of "/home/samet/hallo/install/serial_driver/lib/serial_driver/serial_bridge" to ""
-- Up-to-date: /home/samet/hallo/install/serial_driver/include
-- Up-to-date: /home/samet/hallo/install/serial_driver/include/serial_driver
-- Up-to-date: /home/samet/hallo/install/serial_driver/include/serial_driver/visibility_control.hpp
-- Up-to-date: /home/samet/hallo/install/serial_driver/include/serial_driver/serial_port.hpp
-- Up-to-date: /home/samet/hallo/install/serial_driver/include/serial_driver/serial_driver.hpp
-- Up-to-date: /home/samet/hallo/install/serial_driver/include/serial_driver/serial_bridge_node.hpp
-- Up-to-date: /home/samet/hallo/install/serial_driver/share/serial_driver/environment/library_path.sh
-- Up-to-date: /home/samet/hallo/install/serial_driver/share/serial_driver/environment/library_path.dsv
-- Installing: /home/samet/hallo/install/serial_driver/lib/libserial_driver.so
-- Set runtime path of "/home/samet/hallo/install/serial_driver/lib/libserial_driver.so" to ""
-- Installing: /home/samet/hallo/install/serial_driver/lib/libserial_driver_nodes.so
-- Set runtime path of "/home/samet/hallo/install/serial_driver/lib/libserial_driver_nodes.so" to ""
-- Up-to-date: /home/samet/hallo/install/serial_driver/share/serial_driver/launch
-- Up-to-date: /home/samet/hallo/install/serial_driver/share/serial_driver/launch/serial_driver_bridge_node.launch.py
-- Up-to-date: /home/samet/hallo/install/serial_driver/share/serial_driver/params
-- Up-to-date: /home/samet/hallo/install/serial_driver/share/serial_driver/params/example.params.yaml
-- Up-to-date: /home/samet/hallo/install/serial_driver/share/ament_index/resource_index/package_run_dependencies/serial_driver
-- Up-to-date: /home/samet/hallo/install/serial_driver/share/ament_index/resource_index/parent_prefix_path/serial_driver
-- Up-to-date: /home/samet/hallo/install/serial_driver/share/serial_driver/environment/ament_prefix_path.sh
-- Up-to-date: /home/samet/hallo/install/serial_driver/share/serial_driver/environment/ament_prefix_path.dsv
-- Up-to-date: /home/samet/hallo/install/serial_driver/share/serial_driver/environment/path.sh
-- Up-to-date: /home/samet/hallo/install/serial_driver/share/serial_driver/environment/path.dsv
-- Up-to-date: /home/samet/hallo/install/serial_driver/share/serial_driver/local_setup.bash
-- Up-to-date: /home/samet/hallo/install/serial_driver/share/serial_driver/local_setup.sh
-- Up-to-date: /home/samet/hallo/install/serial_driver/share/serial_driver/local_setup.zsh
-- Up-to-date: /home/samet/hallo/install/serial_driver/share/serial_driver/local_setup.dsv
-- Installing: /home/samet/hallo/install/serial_driver/share/serial_driver/package.dsv
-- Up-to-date: /home/samet/hallo/install/serial_driver/share/ament_index/resource_index/packages/serial_driver
-- Up-to-date: /home/samet/hallo/install/serial_driver/share/ament_index/resource_index/rclcpp_components/serial_driver
-- Up-to-date: /home/samet/hallo/install/serial_driver/share/serial_driver/cmake/ament_cmake_export_dependencies-extras.cmake
-- Up-to-date: /home/samet/hallo/install/serial_driver/share/serial_driver/cmake/ament_cmake_export_include_directories-extras.cmake
-- Up-to-date: /home/samet/hallo/install/serial_driver/share/serial_driver/cmake/ament_cmake_export_libraries-extras.cmake
-- Up-to-date: /home/samet/hallo/install/serial_driver/share/serial_driver/cmake/serial_driverConfig.cmake
-- Up-to-date: /home/samet/hallo/install/serial_driver/share/serial_driver/cmake/serial_driverConfig-version.cmake
-- Up-to-date: /home/samet/hallo/install/serial_driver/share/serial_driver/package.xml
