[ 10%] [32mBuilding CXX object CMakeFiles/vesc_driver_node.dir/rclcpp_components/node_main_vesc_driver_node.cpp.o[0m
[ 20%] [32mBuilding CXX object CMakeFiles/vesc_driver.dir/src/vesc_driver.cpp.o[0m
[ 40%] [32mBuilding CXX object CMakeFiles/vesc_driver.dir/src/vesc_interface.cpp.o[0m
[ 40%] [32mBuilding CXX object CMakeFiles/vesc_driver.dir/src/vesc_packet.cpp.o[0m
[ 50%] [32mBuilding CXX object CMakeFiles/vesc_driver.dir/src/vesc_packet_factory.cpp.o[0m
[ 60%] [32m[1mLinking CXX executable vesc_driver_node[0m
[ 60%] Built target vesc_driver_node
[ 70%] [32m[1mLinking CXX shared library libvesc_driver.so[0m
[ 70%] Built target vesc_driver
[ 90%] [32mBuilding CXX object CMakeFiles/vesc_device_namer.dir/src/vesc_device_uuid_lookup.cpp.o[0m
[ 90%] [32mBuilding CXX object CMakeFiles/vesc_device_namer.dir/src/vesc_device_namer.cpp.o[0m
[100%] [32m[1mLinking CXX executable vesc_device_namer[0m
[100%] Built target vesc_device_namer
-- Install configuration: ""
-- Installing: /home/samet/hallo/install/vesc_driver/lib/vesc_driver/vesc_driver_node
-- Set runtime path of "/home/samet/hallo/install/vesc_driver/lib/vesc_driver/vesc_driver_node" to ""
-- Up-to-date: /home/samet/hallo/install/vesc_driver/include
-- Up-to-date: /home/samet/hallo/install/vesc_driver/include/vesc_driver
-- Up-to-date: /home/samet/hallo/install/vesc_driver/include/vesc_driver/vesc_device_uuid_lookup.hpp
-- Up-to-date: /home/samet/hallo/install/vesc_driver/include/vesc_driver/vesc_driver.hpp
-- Up-to-date: /home/samet/hallo/install/vesc_driver/include/vesc_driver/vesc_packet_factory.hpp
-- Up-to-date: /home/samet/hallo/install/vesc_driver/include/vesc_driver/vesc_packet.hpp
-- Up-to-date: /home/samet/hallo/install/vesc_driver/include/vesc_driver/crc.hpp
-- Up-to-date: /home/samet/hallo/install/vesc_driver/include/vesc_driver/vesc_interface.hpp
-- Up-to-date: /home/samet/hallo/install/vesc_driver/include/vesc_driver/datatypes.hpp
-- Up-to-date: /home/samet/hallo/install/vesc_driver/share/vesc_driver/environment/library_path.sh
-- Up-to-date: /home/samet/hallo/install/vesc_driver/share/vesc_driver/environment/library_path.dsv
-- Installing: /home/samet/hallo/install/vesc_driver/lib/libvesc_driver.so
-- Set runtime path of "/home/samet/hallo/install/vesc_driver/lib/libvesc_driver.so" to ""
-- Installing: /home/samet/hallo/install/vesc_driver/lib/vesc_driver/vesc_device_namer
-- Set runtime path of "/home/samet/hallo/install/vesc_driver/lib/vesc_driver/vesc_device_namer" to ""
-- Up-to-date: /home/samet/hallo/install/vesc_driver/share/vesc_driver/launch
-- Up-to-date: /home/samet/hallo/install/vesc_driver/share/vesc_driver/launch/vesc_driver_node.launch.py
-- Up-to-date: /home/samet/hallo/install/vesc_driver/share/vesc_driver/params
-- Up-to-date: /home/samet/hallo/install/vesc_driver/share/vesc_driver/params/config.yaml
-- Up-to-date: /home/samet/hallo/install/vesc_driver/share/ament_index/resource_index/package_run_dependencies/vesc_driver
-- Up-to-date: /home/samet/hallo/install/vesc_driver/share/ament_index/resource_index/parent_prefix_path/vesc_driver
-- Up-to-date: /home/samet/hallo/install/vesc_driver/share/vesc_driver/environment/ament_prefix_path.sh
-- Up-to-date: /home/samet/hallo/install/vesc_driver/share/vesc_driver/environment/ament_prefix_path.dsv
-- Up-to-date: /home/samet/hallo/install/vesc_driver/share/vesc_driver/environment/path.sh
-- Up-to-date: /home/samet/hallo/install/vesc_driver/share/vesc_driver/environment/path.dsv
-- Up-to-date: /home/samet/hallo/install/vesc_driver/share/vesc_driver/local_setup.bash
-- Up-to-date: /home/samet/hallo/install/vesc_driver/share/vesc_driver/local_setup.sh
-- Up-to-date: /home/samet/hallo/install/vesc_driver/share/vesc_driver/local_setup.zsh
-- Up-to-date: /home/samet/hallo/install/vesc_driver/share/vesc_driver/local_setup.dsv
-- Installing: /home/samet/hallo/install/vesc_driver/share/vesc_driver/package.dsv
-- Up-to-date: /home/samet/hallo/install/vesc_driver/share/ament_index/resource_index/packages/vesc_driver
-- Up-to-date: /home/samet/hallo/install/vesc_driver/share/ament_index/resource_index/rclcpp_components/vesc_driver
-- Up-to-date: /home/samet/hallo/install/vesc_driver/share/vesc_driver/cmake/ament_cmake_export_dependencies-extras.cmake
-- Up-to-date: /home/samet/hallo/install/vesc_driver/share/vesc_driver/cmake/ament_cmake_export_include_directories-extras.cmake
-- Up-to-date: /home/samet/hallo/install/vesc_driver/share/vesc_driver/cmake/ament_cmake_export_libraries-extras.cmake
-- Up-to-date: /home/samet/hallo/install/vesc_driver/share/vesc_driver/cmake/vesc_driverConfig.cmake
-- Up-to-date: /home/samet/hallo/install/vesc_driver/share/vesc_driver/cmake/vesc_driverConfig-version.cmake
-- Up-to-date: /home/samet/hallo/install/vesc_driver/share/vesc_driver/package.xml
