[0.217s] Invoking command in '/home/samet/hallo/build/vesc_driver': CMAKE_PREFIX_PATH=/home/samet/hallo/install/serial_driver:/home/samet/hallo/install/io_context:/home/samet/hallo/install/vesc_msgs:/home/samet/hallo/install/vesc:/home/samet/hallo/install/vesc_driver:/home/samet/hallo/install/vesc_ackermann:/home/samet/hallo/install/udp_driver:/home/samet/hallo/install/team_interfaces:/home/samet/hallo/install/asio_cmake_module:/home/samet/hallo/install/camera_run:/opt/ros/humble LD_LIBRARY_PATH=/home/samet/hallo/install/serial_driver/lib:/home/samet/hallo/install/io_context/lib:/home/samet/hallo/install/vesc_msgs/lib:/home/samet/hallo/install/vesc_driver/lib:/home/samet/hallo/install/vesc_ackermann/lib:/home/samet/hallo/install/udp_driver/lib:/home/samet/hallo/install/team_interfaces/lib:/usr/lib/x86_64-linux-gnu/gazebo-11/plugins:/opt/ros/humble/opt/rviz_ogre_vendor/lib:/opt/ros/humble/lib/x86_64-linux-gnu:/opt/ros/humble/lib /usr/bin/cmake --build /home/samet/hallo/build/vesc_driver -- -j8 -l8
[0.341s] [ 10%] [32mBuilding CXX object CMakeFiles/vesc_driver_node.dir/rclcpp_components/node_main_vesc_driver_node.cpp.o[0m
[0.376s] [ 20%] [32mBuilding CXX object CMakeFiles/vesc_driver.dir/src/vesc_driver.cpp.o[0m
[0.408s] [ 40%] [32mBuilding CXX object CMakeFiles/vesc_driver.dir/src/vesc_interface.cpp.o[0m
[0.412s] [ 40%] [32mBuilding CXX object CMakeFiles/vesc_driver.dir/src/vesc_packet.cpp.o[0m
[0.437s] [ 50%] [32mBuilding CXX object CMakeFiles/vesc_driver.dir/src/vesc_packet_factory.cpp.o[0m
[7.538s] [ 60%] [32m[1mLinking CXX executable vesc_driver_node[0m
[7.859s] [ 60%] Built target vesc_driver_node
[16.745s] [ 70%] [32m[1mLinking CXX shared library libvesc_driver.so[0m
[17.716s] [ 70%] Built target vesc_driver
[17.746s] [ 90%] [32mBuilding CXX object CMakeFiles/vesc_device_namer.dir/src/vesc_device_uuid_lookup.cpp.o[0m
[17.747s] [ 90%] [32mBuilding CXX object CMakeFiles/vesc_device_namer.dir/src/vesc_device_namer.cpp.o[0m
[18.733s] [100%] [32m[1mLinking CXX executable vesc_device_namer[0m
[19.115s] [100%] Built target vesc_device_namer
[19.131s] Invoked command in '/home/samet/hallo/build/vesc_driver' returned '0': CMAKE_PREFIX_PATH=/home/samet/hallo/install/serial_driver:/home/samet/hallo/install/io_context:/home/samet/hallo/install/vesc_msgs:/home/samet/hallo/install/vesc:/home/samet/hallo/install/vesc_driver:/home/samet/hallo/install/vesc_ackermann:/home/samet/hallo/install/udp_driver:/home/samet/hallo/install/team_interfaces:/home/samet/hallo/install/asio_cmake_module:/home/samet/hallo/install/camera_run:/opt/ros/humble LD_LIBRARY_PATH=/home/samet/hallo/install/serial_driver/lib:/home/samet/hallo/install/io_context/lib:/home/samet/hallo/install/vesc_msgs/lib:/home/samet/hallo/install/vesc_driver/lib:/home/samet/hallo/install/vesc_ackermann/lib:/home/samet/hallo/install/udp_driver/lib:/home/samet/hallo/install/team_interfaces/lib:/usr/lib/x86_64-linux-gnu/gazebo-11/plugins:/opt/ros/humble/opt/rviz_ogre_vendor/lib:/opt/ros/humble/lib/x86_64-linux-gnu:/opt/ros/humble/lib /usr/bin/cmake --build /home/samet/hallo/build/vesc_driver -- -j8 -l8
[19.197s] Invoking command in '/home/samet/hallo/build/vesc_driver': CMAKE_PREFIX_PATH=/home/samet/hallo/install/serial_driver:/home/samet/hallo/install/io_context:/home/samet/hallo/install/vesc_msgs:/home/samet/hallo/install/vesc:/home/samet/hallo/install/vesc_driver:/home/samet/hallo/install/vesc_ackermann:/home/samet/hallo/install/udp_driver:/home/samet/hallo/install/team_interfaces:/home/samet/hallo/install/asio_cmake_module:/home/samet/hallo/install/camera_run:/opt/ros/humble LD_LIBRARY_PATH=/home/samet/hallo/install/serial_driver/lib:/home/samet/hallo/install/io_context/lib:/home/samet/hallo/install/vesc_msgs/lib:/home/samet/hallo/install/vesc_driver/lib:/home/samet/hallo/install/vesc_ackermann/lib:/home/samet/hallo/install/udp_driver/lib:/home/samet/hallo/install/team_interfaces/lib:/usr/lib/x86_64-linux-gnu/gazebo-11/plugins:/opt/ros/humble/opt/rviz_ogre_vendor/lib:/opt/ros/humble/lib/x86_64-linux-gnu:/opt/ros/humble/lib /usr/bin/cmake --install /home/samet/hallo/build/vesc_driver
[19.208s] -- Install configuration: ""
[19.208s] -- Installing: /home/samet/hallo/install/vesc_driver/lib/vesc_driver/vesc_driver_node
[19.209s] -- Set runtime path of "/home/samet/hallo/install/vesc_driver/lib/vesc_driver/vesc_driver_node" to ""
[19.209s] -- Up-to-date: /home/samet/hallo/install/vesc_driver/include
[19.210s] -- Up-to-date: /home/samet/hallo/install/vesc_driver/include/vesc_driver
[19.210s] -- Up-to-date: /home/samet/hallo/install/vesc_driver/include/vesc_driver/vesc_device_uuid_lookup.hpp
[19.210s] -- Up-to-date: /home/samet/hallo/install/vesc_driver/include/vesc_driver/vesc_driver.hpp
[19.210s] -- Up-to-date: /home/samet/hallo/install/vesc_driver/include/vesc_driver/vesc_packet_factory.hpp
[19.210s] -- Up-to-date: /home/samet/hallo/install/vesc_driver/include/vesc_driver/vesc_packet.hpp
[19.210s] -- Up-to-date: /home/samet/hallo/install/vesc_driver/include/vesc_driver/crc.hpp
[19.210s] -- Up-to-date: /home/samet/hallo/install/vesc_driver/include/vesc_driver/vesc_interface.hpp
[19.211s] -- Up-to-date: /home/samet/hallo/install/vesc_driver/include/vesc_driver/datatypes.hpp
[19.211s] -- Up-to-date: /home/samet/hallo/install/vesc_driver/share/vesc_driver/environment/library_path.sh
[19.211s] -- Up-to-date: /home/samet/hallo/install/vesc_driver/share/vesc_driver/environment/library_path.dsv
[19.211s] -- Installing: /home/samet/hallo/install/vesc_driver/lib/libvesc_driver.so
[19.227s] -- Set runtime path of "/home/samet/hallo/install/vesc_driver/lib/libvesc_driver.so" to ""
[19.227s] -- Installing: /home/samet/hallo/install/vesc_driver/lib/vesc_driver/vesc_device_namer
[19.228s] -- Set runtime path of "/home/samet/hallo/install/vesc_driver/lib/vesc_driver/vesc_device_namer" to ""
[19.228s] -- Up-to-date: /home/samet/hallo/install/vesc_driver/share/vesc_driver/launch
[19.228s] -- Up-to-date: /home/samet/hallo/install/vesc_driver/share/vesc_driver/launch/vesc_driver_node.launch.py
[19.229s] -- Up-to-date: /home/samet/hallo/install/vesc_driver/share/vesc_driver/params
[19.229s] -- Up-to-date: /home/samet/hallo/install/vesc_driver/share/vesc_driver/params/config.yaml
[19.229s] -- Up-to-date: /home/samet/hallo/install/vesc_driver/share/ament_index/resource_index/package_run_dependencies/vesc_driver
[19.229s] -- Up-to-date: /home/samet/hallo/install/vesc_driver/share/ament_index/resource_index/parent_prefix_path/vesc_driver
[19.229s] -- Up-to-date: /home/samet/hallo/install/vesc_driver/share/vesc_driver/environment/ament_prefix_path.sh
[19.229s] -- Up-to-date: /home/samet/hallo/install/vesc_driver/share/vesc_driver/environment/ament_prefix_path.dsv
[19.229s] -- Up-to-date: /home/samet/hallo/install/vesc_driver/share/vesc_driver/environment/path.sh
[19.230s] -- Up-to-date: /home/samet/hallo/install/vesc_driver/share/vesc_driver/environment/path.dsv
[19.230s] -- Up-to-date: /home/samet/hallo/install/vesc_driver/share/vesc_driver/local_setup.bash
[19.230s] -- Up-to-date: /home/samet/hallo/install/vesc_driver/share/vesc_driver/local_setup.sh
[19.230s] -- Up-to-date: /home/samet/hallo/install/vesc_driver/share/vesc_driver/local_setup.zsh
[19.230s] -- Up-to-date: /home/samet/hallo/install/vesc_driver/share/vesc_driver/local_setup.dsv
[19.230s] -- Installing: /home/samet/hallo/install/vesc_driver/share/vesc_driver/package.dsv
[19.230s] -- Up-to-date: /home/samet/hallo/install/vesc_driver/share/ament_index/resource_index/packages/vesc_driver
[19.230s] -- Up-to-date: /home/samet/hallo/install/vesc_driver/share/ament_index/resource_index/rclcpp_components/vesc_driver
[19.230s] -- Up-to-date: /home/samet/hallo/install/vesc_driver/share/vesc_driver/cmake/ament_cmake_export_dependencies-extras.cmake
[19.230s] -- Up-to-date: /home/samet/hallo/install/vesc_driver/share/vesc_driver/cmake/ament_cmake_export_include_directories-extras.cmake
[19.231s] -- Up-to-date: /home/samet/hallo/install/vesc_driver/share/vesc_driver/cmake/ament_cmake_export_libraries-extras.cmake
[19.231s] -- Up-to-date: /home/samet/hallo/install/vesc_driver/share/vesc_driver/cmake/vesc_driverConfig.cmake
[19.231s] -- Up-to-date: /home/samet/hallo/install/vesc_driver/share/vesc_driver/cmake/vesc_driverConfig-version.cmake
[19.231s] -- Up-to-date: /home/samet/hallo/install/vesc_driver/share/vesc_driver/package.xml
[19.232s] Invoked command in '/home/samet/hallo/build/vesc_driver' returned '0': CMAKE_PREFIX_PATH=/home/samet/hallo/install/serial_driver:/home/samet/hallo/install/io_context:/home/samet/hallo/install/vesc_msgs:/home/samet/hallo/install/vesc:/home/samet/hallo/install/vesc_driver:/home/samet/hallo/install/vesc_ackermann:/home/samet/hallo/install/udp_driver:/home/samet/hallo/install/team_interfaces:/home/samet/hallo/install/asio_cmake_module:/home/samet/hallo/install/camera_run:/opt/ros/humble LD_LIBRARY_PATH=/home/samet/hallo/install/serial_driver/lib:/home/samet/hallo/install/io_context/lib:/home/samet/hallo/install/vesc_msgs/lib:/home/samet/hallo/install/vesc_driver/lib:/home/samet/hallo/install/vesc_ackermann/lib:/home/samet/hallo/install/udp_driver/lib:/home/samet/hallo/install/team_interfaces/lib:/usr/lib/x86_64-linux-gnu/gazebo-11/plugins:/opt/ros/humble/opt/rviz_ogre_vendor/lib:/opt/ros/humble/lib/x86_64-linux-gnu:/opt/ros/humble/lib /usr/bin/cmake --install /home/samet/hallo/build/vesc_driver
