[1.085s] Invoking command in '/home/samet/hallo/src/camera_run': PYTHONPATH=/home/samet/hallo/build/camera_run/prefix_override:/home/samet/hallo/install/camera_run/lib/python3.10/site-packages:${PYTHONPATH} /usr/bin/python3 setup.py egg_info --egg-base ../../build/camera_run build --build-base /home/samet/hallo/build/camera_run/build install --record /home/samet/hallo/build/camera_run/install.log --single-version-externally-managed
[1.339s] running egg_info
[1.357s] writing ../../build/camera_run/camera_run.egg-info/PKG-INFO
[1.357s] writing dependency_links to ../../build/camera_run/camera_run.egg-info/dependency_links.txt
[1.357s] writing entry points to ../../build/camera_run/camera_run.egg-info/entry_points.txt
[1.357s] writing requirements to ../../build/camera_run/camera_run.egg-info/requires.txt
[1.358s] writing top-level names to ../../build/camera_run/camera_run.egg-info/top_level.txt
[1.394s] reading manifest file '../../build/camera_run/camera_run.egg-info/SOURCES.txt'
[1.395s] writing manifest file '../../build/camera_run/camera_run.egg-info/SOURCES.txt'
[1.395s] running build
[1.395s] running build_py
[1.396s] copying camera_run/intel_lane.py -> /home/samet/hallo/build/camera_run/build/lib/camera_run
[1.396s] copying camera_run/intel_pub.py -> /home/samet/hallo/build/camera_run/build/lib/camera_run
[1.396s] copying camera_run/lane_recognition.py -> /home/samet/hallo/build/camera_run/build/lib/camera_run
[1.396s] copying camera_run/steering.py -> /home/samet/hallo/build/camera_run/build/lib/camera_run
[1.396s] copying camera_run/ackermann_to_vesc.py -> /home/samet/hallo/build/camera_run/build/lib/camera_run
[1.396s] copying camera_run/bot.py -> /home/samet/hallo/build/camera_run/build/lib/camera_run
[1.397s] copying camera_run/lane_follower.py -> /home/samet/hallo/build/camera_run/build/lib/camera_run
[1.397s] copying camera_run/LaneDetection_realsense.py -> /home/samet/hallo/build/camera_run/build/lib/camera_run
[1.397s] copying camera_run/slope_sub.py -> /home/samet/hallo/build/camera_run/build/lib/camera_run
[1.397s] copying camera_run/slope_node.py -> /home/samet/hallo/build/camera_run/build/lib/camera_run
[1.397s] copying camera_run/intel_lane_sub.py -> /home/samet/hallo/build/camera_run/build/lib/camera_run
[1.397s] copying camera_run/intel_sub.py -> /home/samet/hallo/build/camera_run/build/lib/camera_run
[1.398s] copying camera_run/LaneDetection.py -> /home/samet/hallo/build/camera_run/build/lib/camera_run
[1.398s] copying camera_run/__init__.py -> /home/samet/hallo/build/camera_run/build/lib/camera_run
[1.398s] running install
[1.398s] /home/samet/.local/lib/python3.10/site-packages/setuptools/_distutils/cmd.py:66: SetuptoolsDeprecationWarning: setup.py install is deprecated.
[1.399s] !!
[1.399s] 
[1.399s]         ********************************************************************************
[1.399s]         Please avoid running ``setup.py`` directly.
[1.399s]         Instead, use pypa/build, pypa/installer or other
[1.399s]         standards-based tools.
[1.399s] 
[1.399s]         See https://blog.ganssle.io/articles/2021/10/setup-py-deprecated.html for details.
[1.399s]         ********************************************************************************
[1.399s] 
[1.399s] !!
[1.399s]   self.initialize_options()
[1.404s] running install_lib
[1.423s] copying /home/samet/hallo/build/camera_run/build/lib/camera_run/LaneDetection_realsense.py -> /home/samet/hallo/install/camera_run/lib/python3.10/site-packages/camera_run
[1.424s] byte-compiling /home/samet/hallo/install/camera_run/lib/python3.10/site-packages/camera_run/LaneDetection_realsense.py to LaneDetection_realsense.cpython-310.pyc
[1.427s] running install_data
[1.447s] copying resource/camera_run -> /home/samet/hallo/install/camera_run/share/ament_index/resource_index/packages
[1.447s] copying package.xml -> /home/samet/hallo/install/camera_run/share/camera_run
[1.447s] running install_egg_info
[1.466s] removing '/home/samet/hallo/install/camera_run/lib/python3.10/site-packages/camera_run-0.0.0-py3.10.egg-info' (and everything under it)
[1.466s] Copying ../../build/camera_run/camera_run.egg-info to /home/samet/hallo/install/camera_run/lib/python3.10/site-packages/camera_run-0.0.0-py3.10.egg-info
[1.467s] running install_scripts
[1.641s] Installing ackermann_to_vesc script to /home/samet/hallo/install/camera_run/lib/camera_run
[1.641s] Installing bot script to /home/samet/hallo/install/camera_run/lib/camera_run
[1.642s] Installing detection script to /home/samet/hallo/install/camera_run/lib/camera_run
[1.642s] Installing detection_node script to /home/samet/hallo/install/camera_run/lib/camera_run
[1.642s] Installing follower script to /home/samet/hallo/install/camera_run/lib/camera_run
[1.642s] Installing intel_lane script to /home/samet/hallo/install/camera_run/lib/camera_run
[1.642s] Installing intel_lane_sub script to /home/samet/hallo/install/camera_run/lib/camera_run
[1.642s] Installing intel_pub script to /home/samet/hallo/install/camera_run/lib/camera_run
[1.642s] Installing intel_sub script to /home/samet/hallo/install/camera_run/lib/camera_run
[1.642s] Installing slope_node script to /home/samet/hallo/install/camera_run/lib/camera_run
[1.643s] Installing slope_sub script to /home/samet/hallo/install/camera_run/lib/camera_run
[1.643s] Installing steering script to /home/samet/hallo/install/camera_run/lib/camera_run
[1.644s] writing list of installed files to '/home/samet/hallo/build/camera_run/install.log'
[1.668s] Invoked command in '/home/samet/hallo/src/camera_run' returned '0': PYTHONPATH=/home/samet/hallo/build/camera_run/prefix_override:/home/samet/hallo/install/camera_run/lib/python3.10/site-packages:${PYTHONPATH} /usr/bin/python3 setup.py egg_info --egg-base ../../build/camera_run build --build-base /home/samet/hallo/build/camera_run/build install --record /home/samet/hallo/build/camera_run/install.log --single-version-externally-managed
