[2.141s] Invoking command in '/home/samet/hallo/src/camera_run': PYTHONPATH=/home/samet/hallo/build/camera_run/prefix_override:/home/samet/hallo/install/camera_run/lib/python3.10/site-packages:${PYTHONPATH} /usr/bin/python3 setup.py egg_info --egg-base ../../build/camera_run build --build-base /home/samet/hallo/build/camera_run/build install --record /home/samet/hallo/build/camera_run/install.log --single-version-externally-managed
[2.501s] running egg_info
[2.524s] writing ../../build/camera_run/camera_run.egg-info/PKG-INFO
[2.524s] writing dependency_links to ../../build/camera_run/camera_run.egg-info/dependency_links.txt
[2.525s] writing entry points to ../../build/camera_run/camera_run.egg-info/entry_points.txt
[2.525s] writing requirements to ../../build/camera_run/camera_run.egg-info/requires.txt
[2.525s] writing top-level names to ../../build/camera_run/camera_run.egg-info/top_level.txt
[2.595s] reading manifest file '../../build/camera_run/camera_run.egg-info/SOURCES.txt'
[2.598s] writing manifest file '../../build/camera_run/camera_run.egg-info/SOURCES.txt'
[2.599s] running build
[2.600s] running build_py
[2.603s] copying camera_run/intel_lane.py -> /home/samet/hallo/build/camera_run/build/lib/camera_run
[2.604s] copying camera_run/intel_pub.py -> /home/samet/hallo/build/camera_run/build/lib/camera_run
[2.605s] copying camera_run/lane_recognition.py -> /home/samet/hallo/build/camera_run/build/lib/camera_run
[2.605s] copying camera_run/steering.py -> /home/samet/hallo/build/camera_run/build/lib/camera_run
[2.606s] copying camera_run/ackermann_to_vesc.py -> /home/samet/hallo/build/camera_run/build/lib/camera_run
[2.606s] copying camera_run/bot.py -> /home/samet/hallo/build/camera_run/build/lib/camera_run
[2.606s] copying camera_run/lane_follower.py -> /home/samet/hallo/build/camera_run/build/lib/camera_run
[2.607s] copying camera_run/LaneDetection_realsense.py -> /home/samet/hallo/build/camera_run/build/lib/camera_run
[2.607s] copying camera_run/slope_sub.py -> /home/samet/hallo/build/camera_run/build/lib/camera_run
[2.607s] copying camera_run/slope_node.py -> /home/samet/hallo/build/camera_run/build/lib/camera_run
[2.607s] copying camera_run/intel_lane_sub.py -> /home/samet/hallo/build/camera_run/build/lib/camera_run
[2.608s] copying camera_run/intel_sub.py -> /home/samet/hallo/build/camera_run/build/lib/camera_run
[2.608s] copying camera_run/__init__.py -> /home/samet/hallo/build/camera_run/build/lib/camera_run
[2.608s] copying camera_run/teleop.py -> /home/samet/hallo/build/camera_run/build/lib/camera_run
[2.609s] running install
[2.610s] /home/samet/.local/lib/python3.10/site-packages/setuptools/_distutils/cmd.py:66: SetuptoolsDeprecationWarning: setup.py install is deprecated.
[2.610s] !!
[2.610s] 
[2.610s]         ********************************************************************************
[2.611s]         Please avoid running ``setup.py`` directly.
[2.611s]         Instead, use pypa/build, pypa/installer or other
[2.611s]         standards-based tools.
[2.611s] 
[2.611s]         See https://blog.ganssle.io/articles/2021/10/setup-py-deprecated.html for details.
[2.611s]         ********************************************************************************
[2.612s] 
[2.612s] !!
[2.612s]   self.initialize_options()
[2.629s] running install_lib
[2.675s] running install_data
[2.715s] copying resource/camera_run -> /home/samet/hallo/install/camera_run/share/ament_index/resource_index/packages
[2.715s] copying package.xml -> /home/samet/hallo/install/camera_run/share/camera_run
[2.715s] running install_egg_info
[2.759s] removing '/home/samet/hallo/install/camera_run/lib/python3.10/site-packages/camera_run-0.0.0-py3.10.egg-info' (and everything under it)
[2.759s] Copying ../../build/camera_run/camera_run.egg-info to /home/samet/hallo/install/camera_run/lib/python3.10/site-packages/camera_run-0.0.0-py3.10.egg-info
[2.761s] running install_scripts
[3.080s] Installing ackermann_to_vesc script to /home/samet/hallo/install/camera_run/lib/camera_run
[3.081s] Installing bot script to /home/samet/hallo/install/camera_run/lib/camera_run
[3.081s] Installing detection script to /home/samet/hallo/install/camera_run/lib/camera_run
[3.082s] Installing detection_node script to /home/samet/hallo/install/camera_run/lib/camera_run
[3.082s] Installing follower script to /home/samet/hallo/install/camera_run/lib/camera_run
[3.083s] Installing intel_lane script to /home/samet/hallo/install/camera_run/lib/camera_run
[3.083s] Installing intel_lane_sub script to /home/samet/hallo/install/camera_run/lib/camera_run
[3.083s] Installing intel_pub script to /home/samet/hallo/install/camera_run/lib/camera_run
[3.084s] Installing intel_sub script to /home/samet/hallo/install/camera_run/lib/camera_run
[3.084s] Installing slope_node script to /home/samet/hallo/install/camera_run/lib/camera_run
[3.084s] Installing slope_sub script to /home/samet/hallo/install/camera_run/lib/camera_run
[3.084s] Installing steering script to /home/samet/hallo/install/camera_run/lib/camera_run
[3.085s] Installing tele script to /home/samet/hallo/install/camera_run/lib/camera_run
[3.086s] writing list of installed files to '/home/samet/hallo/build/camera_run/install.log'
[3.215s] Invoked command in '/home/samet/hallo/src/camera_run' returned '0': PYTHONPATH=/home/samet/hallo/build/camera_run/prefix_override:/home/samet/hallo/install/camera_run/lib/python3.10/site-packages:${PYTHONPATH} /usr/bin/python3 setup.py egg_info --egg-base ../../build/camera_run build --build-base /home/samet/hallo/build/camera_run/build install --record /home/samet/hallo/build/camera_run/install.log --single-version-externally-managed
