[2.268s] Invoking command in '/home/samet/hallo/src/camera_run': PYTHONPATH=/home/samet/hallo/build/camera_run/prefix_override:/home/samet/hallo/install/camera_run/lib/python3.10/site-packages:${PYTHONPATH} /usr/bin/python3 setup.py egg_info --egg-base ../../build/camera_run build --build-base /home/samet/hallo/build/camera_run/build install --record /home/samet/hallo/build/camera_run/install.log --single-version-externally-managed
[2.750s] running egg_info
[2.785s] writing ../../build/camera_run/camera_run.egg-info/PKG-INFO
[2.786s] writing dependency_links to ../../build/camera_run/camera_run.egg-info/dependency_links.txt
[2.786s] writing entry points to ../../build/camera_run/camera_run.egg-info/entry_points.txt
[2.786s] writing requirements to ../../build/camera_run/camera_run.egg-info/requires.txt
[2.786s] writing top-level names to ../../build/camera_run/camera_run.egg-info/top_level.txt
[2.859s] reading manifest file '../../build/camera_run/camera_run.egg-info/SOURCES.txt'
[2.861s] writing manifest file '../../build/camera_run/camera_run.egg-info/SOURCES.txt'
[2.861s] running build
[2.861s] running build_py
[2.865s] copying camera_run/intel_lane.py -> /home/samet/hallo/build/camera_run/build/lib/camera_run
[2.865s] copying camera_run/intel_pub.py -> /home/samet/hallo/build/camera_run/build/lib/camera_run
[2.866s] copying camera_run/lane_recognition.py -> /home/samet/hallo/build/camera_run/build/lib/camera_run
[2.866s] copying camera_run/steering.py -> /home/samet/hallo/build/camera_run/build/lib/camera_run
[2.867s] copying camera_run/ackermann_to_vesc.py -> /home/samet/hallo/build/camera_run/build/lib/camera_run
[2.867s] copying camera_run/bot.py -> /home/samet/hallo/build/camera_run/build/lib/camera_run
[2.867s] copying camera_run/LaneDetection_realsense_2.py -> /home/samet/hallo/build/camera_run/build/lib/camera_run
[2.868s] copying camera_run/lane_follower.py -> /home/samet/hallo/build/camera_run/build/lib/camera_run
[2.868s] copying camera_run/LaneDetection_realsense.py -> /home/samet/hallo/build/camera_run/build/lib/camera_run
[2.868s] copying camera_run/slope_sub.py -> /home/samet/hallo/build/camera_run/build/lib/camera_run
[2.869s] copying camera_run/slope_node.py -> /home/samet/hallo/build/camera_run/build/lib/camera_run
[2.870s] copying camera_run/intel_lane_sub.py -> /home/samet/hallo/build/camera_run/build/lib/camera_run
[2.870s] copying camera_run/intel_sub.py -> /home/samet/hallo/build/camera_run/build/lib/camera_run
[2.871s] copying camera_run/LaneDetection.py -> /home/samet/hallo/build/camera_run/build/lib/camera_run
[2.871s] copying camera_run/__init__.py -> /home/samet/hallo/build/camera_run/build/lib/camera_run
[2.872s] running install
[2.872s] /home/samet/.local/lib/python3.10/site-packages/setuptools/_distutils/cmd.py:66: SetuptoolsDeprecationWarning: setup.py install is deprecated.
[2.873s] !!
[2.873s] 
[2.873s]         ********************************************************************************
[2.873s]         Please avoid running ``setup.py`` directly.
[2.873s]         Instead, use pypa/build, pypa/installer or other
[2.873s]         standards-based tools.
[2.873s] 
[2.874s]         See https://blog.ganssle.io/articles/2021/10/setup-py-deprecated.html for details.
[2.874s]         ********************************************************************************
[2.874s] 
[2.874s] !!
[2.875s]   self.initialize_options()
[2.889s] running install_lib
[2.932s] running install_data
[2.967s] copying resource/camera_run -> /home/samet/hallo/install/camera_run/share/ament_index/resource_index/packages
[2.967s] copying package.xml -> /home/samet/hallo/install/camera_run/share/camera_run
[2.967s] running install_egg_info
[3.001s] removing '/home/samet/hallo/install/camera_run/lib/python3.10/site-packages/camera_run-0.0.0-py3.10.egg-info' (and everything under it)
[3.002s] Copying ../../build/camera_run/camera_run.egg-info to /home/samet/hallo/install/camera_run/lib/python3.10/site-packages/camera_run-0.0.0-py3.10.egg-info
[3.003s] running install_scripts
[3.305s] Installing ackermann_to_vesc script to /home/samet/hallo/install/camera_run/lib/camera_run
[3.306s] Installing bot script to /home/samet/hallo/install/camera_run/lib/camera_run
[3.306s] Installing detection script to /home/samet/hallo/install/camera_run/lib/camera_run
[3.310s] Installing detection_node script to /home/samet/hallo/install/camera_run/lib/camera_run
[3.310s] Installing follower script to /home/samet/hallo/install/camera_run/lib/camera_run
[3.310s] Installing intel_lane script to /home/samet/hallo/install/camera_run/lib/camera_run
[3.310s] Installing intel_lane_sub script to /home/samet/hallo/install/camera_run/lib/camera_run
[3.310s] Installing intel_pub script to /home/samet/hallo/install/camera_run/lib/camera_run
[3.311s] Installing intel_sub script to /home/samet/hallo/install/camera_run/lib/camera_run
[3.311s] Installing slope_node script to /home/samet/hallo/install/camera_run/lib/camera_run
[3.311s] Installing slope_sub script to /home/samet/hallo/install/camera_run/lib/camera_run
[3.311s] Installing steering script to /home/samet/hallo/install/camera_run/lib/camera_run
[3.311s] writing list of installed files to '/home/samet/hallo/build/camera_run/install.log'
[3.565s] Invoked command in '/home/samet/hallo/src/camera_run' returned '0': PYTHONPATH=/home/samet/hallo/build/camera_run/prefix_override:/home/samet/hallo/install/camera_run/lib/python3.10/site-packages:${PYTHONPATH} /usr/bin/python3 setup.py egg_info --egg-base ../../build/camera_run build --build-base /home/samet/hallo/build/camera_run/build install --record /home/samet/hallo/build/camera_run/install.log --single-version-externally-managed
