[0.106s] Invoking command in '/home/samet/hallo/build/vesc': CMAKE_PREFIX_PATH=/home/samet/hallo/install/vesc_driver:/home/samet/hallo/install/serial_driver:/home/samet/hallo/install/vesc_ackermann:/home/samet/hallo/install/io_context:/home/samet/hallo/install/vesc_msgs:/home/samet/hallo/install/vesc:/home/samet/hallo/install/udp_driver:/home/samet/hallo/install/team_interfaces:/home/samet/hallo/install/asio_cmake_module:/home/samet/hallo/install/camera_run:/opt/ros/humble LD_LIBRARY_PATH=/home/samet/hallo/install/vesc_driver/lib:/home/samet/hallo/install/serial_driver/lib:/home/samet/hallo/install/vesc_ackermann/lib:/home/samet/hallo/install/io_context/lib:/home/samet/hallo/install/vesc_msgs/lib:/home/samet/hallo/install/udp_driver/lib:/home/samet/hallo/install/team_interfaces/lib:/usr/lib/x86_64-linux-gnu/gazebo-11/plugins:/opt/ros/humble/opt/rviz_ogre_vendor/lib:/opt/ros/humble/lib/x86_64-linux-gnu:/opt/ros/humble/lib /usr/bin/cmake --build /home/samet/hallo/build/vesc -- -j8 -l8
[0.158s] Invoked command in '/home/samet/hallo/build/vesc' returned '0': CMAKE_PREFIX_PATH=/home/samet/hallo/install/vesc_driver:/home/samet/hallo/install/serial_driver:/home/samet/hallo/install/vesc_ackermann:/home/samet/hallo/install/io_context:/home/samet/hallo/install/vesc_msgs:/home/samet/hallo/install/vesc:/home/samet/hallo/install/udp_driver:/home/samet/hallo/install/team_interfaces:/home/samet/hallo/install/asio_cmake_module:/home/samet/hallo/install/camera_run:/opt/ros/humble LD_LIBRARY_PATH=/home/samet/hallo/install/vesc_driver/lib:/home/samet/hallo/install/serial_driver/lib:/home/samet/hallo/install/vesc_ackermann/lib:/home/samet/hallo/install/io_context/lib:/home/samet/hallo/install/vesc_msgs/lib:/home/samet/hallo/install/udp_driver/lib:/home/samet/hallo/install/team_interfaces/lib:/usr/lib/x86_64-linux-gnu/gazebo-11/plugins:/opt/ros/humble/opt/rviz_ogre_vendor/lib:/opt/ros/humble/lib/x86_64-linux-gnu:/opt/ros/humble/lib /usr/bin/cmake --build /home/samet/hallo/build/vesc -- -j8 -l8
[0.205s] Invoking command in '/home/samet/hallo/build/vesc': CMAKE_PREFIX_PATH=/home/samet/hallo/install/vesc_driver:/home/samet/hallo/install/serial_driver:/home/samet/hallo/install/vesc_ackermann:/home/samet/hallo/install/io_context:/home/samet/hallo/install/vesc_msgs:/home/samet/hallo/install/vesc:/home/samet/hallo/install/udp_driver:/home/samet/hallo/install/team_interfaces:/home/samet/hallo/install/asio_cmake_module:/home/samet/hallo/install/camera_run:/opt/ros/humble LD_LIBRARY_PATH=/home/samet/hallo/install/vesc_driver/lib:/home/samet/hallo/install/serial_driver/lib:/home/samet/hallo/install/vesc_ackermann/lib:/home/samet/hallo/install/io_context/lib:/home/samet/hallo/install/vesc_msgs/lib:/home/samet/hallo/install/udp_driver/lib:/home/samet/hallo/install/team_interfaces/lib:/usr/lib/x86_64-linux-gnu/gazebo-11/plugins:/opt/ros/humble/opt/rviz_ogre_vendor/lib:/opt/ros/humble/lib/x86_64-linux-gnu:/opt/ros/humble/lib /usr/bin/cmake --install /home/samet/hallo/build/vesc
[0.219s] -- Install configuration: ""
[0.219s] -- Up-to-date: /home/samet/hallo/install/vesc/share/ament_index/resource_index/package_run_dependencies/vesc
[0.220s] -- Up-to-date: /home/samet/hallo/install/vesc/share/ament_index/resource_index/parent_prefix_path/vesc
[0.220s] -- Up-to-date: /home/samet/hallo/install/vesc/share/vesc/environment/ament_prefix_path.sh
[0.220s] -- Up-to-date: /home/samet/hallo/install/vesc/share/vesc/environment/ament_prefix_path.dsv
[0.220s] -- Up-to-date: /home/samet/hallo/install/vesc/share/vesc/environment/path.sh
[0.220s] -- Up-to-date: /home/samet/hallo/install/vesc/share/vesc/environment/path.dsv
[0.220s] -- Up-to-date: /home/samet/hallo/install/vesc/share/vesc/local_setup.bash
[0.221s] -- Up-to-date: /home/samet/hallo/install/vesc/share/vesc/local_setup.sh
[0.221s] -- Up-to-date: /home/samet/hallo/install/vesc/share/vesc/local_setup.zsh
[0.221s] -- Up-to-date: /home/samet/hallo/install/vesc/share/vesc/local_setup.dsv
[0.221s] -- Installing: /home/samet/hallo/install/vesc/share/vesc/package.dsv
[0.221s] -- Up-to-date: /home/samet/hallo/install/vesc/share/ament_index/resource_index/packages/vesc
[0.221s] -- Up-to-date: /home/samet/hallo/install/vesc/share/vesc/cmake/vescConfig.cmake
[0.222s] -- Up-to-date: /home/samet/hallo/install/vesc/share/vesc/cmake/vescConfig-version.cmake
[0.222s] -- Up-to-date: /home/samet/hallo/install/vesc/share/vesc/package.xml
[0.230s] Invoked command in '/home/samet/hallo/build/vesc' returned '0': CMAKE_PREFIX_PATH=/home/samet/hallo/install/vesc_driver:/home/samet/hallo/install/serial_driver:/home/samet/hallo/install/vesc_ackermann:/home/samet/hallo/install/io_context:/home/samet/hallo/install/vesc_msgs:/home/samet/hallo/install/vesc:/home/samet/hallo/install/udp_driver:/home/samet/hallo/install/team_interfaces:/home/samet/hallo/install/asio_cmake_module:/home/samet/hallo/install/camera_run:/opt/ros/humble LD_LIBRARY_PATH=/home/samet/hallo/install/vesc_driver/lib:/home/samet/hallo/install/serial_driver/lib:/home/samet/hallo/install/vesc_ackermann/lib:/home/samet/hallo/install/io_context/lib:/home/samet/hallo/install/vesc_msgs/lib:/home/samet/hallo/install/udp_driver/lib:/home/samet/hallo/install/team_interfaces/lib:/usr/lib/x86_64-linux-gnu/gazebo-11/plugins:/opt/ros/humble/opt/rviz_ogre_vendor/lib:/opt/ros/humble/lib/x86_64-linux-gnu:/opt/ros/humble/lib /usr/bin/cmake --install /home/samet/hallo/build/vesc
