[0.434s] Invoking command in '/home/samet/hallo/build/team_interfaces': CMAKE_PREFIX_PATH=${CMAKE_PREFIX_PATH}:/home/samet/hallo/install/camera_run:/opt/ros/humble /usr/bin/cmake --build /home/samet/hallo/build/team_interfaces -- -j8 -l8
[0.508s] [ 12%] Built target team_interfaces__cpp
[0.508s] [ 12%] Built target team_interfaces__rosidl_generator_c
[0.523s] [ 12%] Built target ament_cmake_python_copy_team_interfaces
[0.578s] [ 23%] Built target team_interfaces__rosidl_typesupport_cpp
[0.578s] [ 34%] Built target team_interfaces__rosidl_typesupport_introspection_c
[0.583s] [ 46%] Built target team_interfaces__rosidl_typesupport_fastrtps_cpp
[0.584s] [ 57%] Built target team_interfaces__rosidl_typesupport_c
[0.592s] [ 68%] Built target team_interfaces__rosidl_typesupport_fastrtps_c
[0.597s] [ 79%] Built target team_interfaces__rosidl_typesupport_introspection_cpp
[0.628s] [ 79%] Built target team_interfaces
[0.670s] [ 80%] Built target team_interfaces__py
[0.713s] [ 90%] Built target team_interfaces__rosidl_generator_py
[0.756s] [ 93%] Built target team_interfaces__rosidl_typesupport_introspection_c__pyext
[0.760s] [ 96%] Built target team_interfaces__rosidl_typesupport_c__pyext
[0.767s] [100%] Built target team_interfaces__rosidl_typesupport_fastrtps_c__pyext
[0.927s] running egg_info
[0.964s] writing team_interfaces.egg-info/PKG-INFO
[0.966s] writing dependency_links to team_interfaces.egg-info/dependency_links.txt
[0.966s] writing top-level names to team_interfaces.egg-info/top_level.txt
[1.095s] reading manifest file 'team_interfaces.egg-info/SOURCES.txt'
[1.095s] writing manifest file 'team_interfaces.egg-info/SOURCES.txt'
[1.161s] [100%] Built target ament_cmake_python_build_team_interfaces_egg
[1.219s] Invoked command in '/home/samet/hallo/build/team_interfaces' returned '0': CMAKE_PREFIX_PATH=${CMAKE_PREFIX_PATH}:/home/samet/hallo/install/camera_run:/opt/ros/humble /usr/bin/cmake --build /home/samet/hallo/build/team_interfaces -- -j8 -l8
[1.762s] Invoking command in '/home/samet/hallo/build/team_interfaces': CMAKE_PREFIX_PATH=${CMAKE_PREFIX_PATH}:/home/samet/hallo/install/camera_run:/opt/ros/humble /usr/bin/cmake --install /home/samet/hallo/build/team_interfaces
[2.018s] -- Install configuration: ""
[2.018s] -- Up-to-date: /home/samet/hallo/install/team_interfaces/share/ament_index/resource_index/rosidl_interfaces/team_interfaces
[2.019s] -- Up-to-date: /home/samet/hallo/install/team_interfaces/include/team_interfaces/team_interfaces
[2.019s] -- Up-to-date: /home/samet/hallo/install/team_interfaces/include/team_interfaces/team_interfaces/msg
[2.019s] -- Up-to-date: /home/samet/hallo/install/team_interfaces/include/team_interfaces/team_interfaces/msg/car.h
[2.019s] -- Up-to-date: /home/samet/hallo/install/team_interfaces/include/team_interfaces/team_interfaces/msg/signs.h
[2.019s] -- Up-to-date: /home/samet/hallo/install/team_interfaces/include/team_interfaces/team_interfaces/msg/trafficlight.h
[2.019s] -- Up-to-date: /home/samet/hallo/install/team_interfaces/include/team_interfaces/team_interfaces/msg/rosidl_generator_c__visibility_control.h
[2.019s] -- Up-to-date: /home/samet/hallo/install/team_interfaces/include/team_interfaces/team_interfaces/msg/detail
[2.020s] -- Up-to-date: /home/samet/hallo/install/team_interfaces/include/team_interfaces/team_interfaces/msg/detail/signs__functions.c
[2.020s] -- Up-to-date: /home/samet/hallo/install/team_interfaces/include/team_interfaces/team_interfaces/msg/detail/signs__struct.h
[2.020s] -- Up-to-date: /home/samet/hallo/install/team_interfaces/include/team_interfaces/team_interfaces/msg/detail/trafficlight__type_support.h
[2.020s] -- Up-to-date: /home/samet/hallo/install/team_interfaces/include/team_interfaces/team_interfaces/msg/detail/signs__functions.h
[2.020s] -- Up-to-date: /home/samet/hallo/install/team_interfaces/include/team_interfaces/team_interfaces/msg/detail/trafficlight__functions.h
[2.020s] -- Up-to-date: /home/samet/hallo/install/team_interfaces/include/team_interfaces/team_interfaces/msg/detail/signs__type_support.h
[2.020s] -- Up-to-date: /home/samet/hallo/install/team_interfaces/include/team_interfaces/team_interfaces/msg/detail/emergency__functions.h
[2.020s] -- Up-to-date: /home/samet/hallo/install/team_interfaces/include/team_interfaces/team_interfaces/msg/detail/emergency__functions.c
[2.021s] -- Up-to-date: /home/samet/hallo/install/team_interfaces/include/team_interfaces/team_interfaces/msg/detail/car__functions.h
[2.021s] -- Up-to-date: /home/samet/hallo/install/team_interfaces/include/team_interfaces/team_interfaces/msg/detail/car__type_support.h
[2.021s] -- Up-to-date: /home/samet/hallo/install/team_interfaces/include/team_interfaces/team_interfaces/msg/detail/car__struct.h
[2.021s] -- Up-to-date: /home/samet/hallo/install/team_interfaces/include/team_interfaces/team_interfaces/msg/detail/car__functions.c
[2.021s] -- Up-to-date: /home/samet/hallo/install/team_interfaces/include/team_interfaces/team_interfaces/msg/detail/emergency__type_support.h
[2.021s] -- Up-to-date: /home/samet/hallo/install/team_interfaces/include/team_interfaces/team_interfaces/msg/detail/emergency__struct.h
[2.021s] -- Up-to-date: /home/samet/hallo/install/team_interfaces/include/team_interfaces/team_interfaces/msg/detail/trafficlight__functions.c
[2.022s] -- Up-to-date: /home/samet/hallo/install/team_interfaces/include/team_interfaces/team_interfaces/msg/detail/lane__functions.c
[2.022s] -- Up-to-date: /home/samet/hallo/install/team_interfaces/include/team_interfaces/team_interfaces/msg/detail/lane__type_support.h
[2.022s] -- Up-to-date: /home/samet/hallo/install/team_interfaces/include/team_interfaces/team_interfaces/msg/detail/lane__struct.h
[2.030s] -- Up-to-date: /home/samet/hallo/install/team_interfaces/include/team_interfaces/team_interfaces/msg/detail/trafficlight__struct.h
[2.031s] -- Up-to-date: /home/samet/hallo/install/team_interfaces/include/team_interfaces/team_interfaces/msg/detail/lane__functions.h
[2.032s] -- Up-to-date: /home/samet/hallo/install/team_interfaces/include/team_interfaces/team_interfaces/msg/emergency.h
[2.033s] -- Up-to-date: /home/samet/hallo/install/team_interfaces/include/team_interfaces/team_interfaces/msg/lane.h
[2.033s] -- Up-to-date: /home/samet/hallo/install/team_interfaces/share/team_interfaces/environment/library_path.sh
[2.034s] -- Up-to-date: /home/samet/hallo/install/team_interfaces/share/team_interfaces/environment/library_path.dsv
[2.034s] -- Up-to-date: /home/samet/hallo/install/team_interfaces/lib/libteam_interfaces__rosidl_generator_c.so
[2.034s] -- Up-to-date: /home/samet/hallo/install/team_interfaces/include/team_interfaces/team_interfaces
[2.034s] -- Up-to-date: /home/samet/hallo/install/team_interfaces/include/team_interfaces/team_interfaces/msg
[2.035s] -- Up-to-date: /home/samet/hallo/install/team_interfaces/include/team_interfaces/team_interfaces/msg/rosidl_typesupport_fastrtps_c__visibility_control.h
[2.035s] -- Up-to-date: /home/samet/hallo/install/team_interfaces/include/team_interfaces/team_interfaces/msg/detail
[2.035s] -- Up-to-date: /home/samet/hallo/install/team_interfaces/include/team_interfaces/team_interfaces/msg/detail/lane__rosidl_typesupport_fastrtps_c.h
[2.035s] -- Up-to-date: /home/samet/hallo/install/team_interfaces/include/team_interfaces/team_interfaces/msg/detail/car__rosidl_typesupport_fastrtps_c.h
[2.036s] -- Up-to-date: /home/samet/hallo/install/team_interfaces/include/team_interfaces/team_interfaces/msg/detail/trafficlight__rosidl_typesupport_fastrtps_c.h
[2.036s] -- Up-to-date: /home/samet/hallo/install/team_interfaces/include/team_interfaces/team_interfaces/msg/detail/signs__rosidl_typesupport_fastrtps_c.h
[2.036s] -- Up-to-date: /home/samet/hallo/install/team_interfaces/include/team_interfaces/team_interfaces/msg/detail/emergency__rosidl_typesupport_fastrtps_c.h
[2.038s] -- Up-to-date: /home/samet/hallo/install/team_interfaces/lib/libteam_interfaces__rosidl_typesupport_fastrtps_c.so
[2.038s] -- Up-to-date: /home/samet/hallo/install/team_interfaces/include/team_interfaces/team_interfaces
[2.038s] -- Up-to-date: /home/samet/hallo/install/team_interfaces/include/team_interfaces/team_interfaces/msg
[2.038s] -- Up-to-date: /home/samet/hallo/install/team_interfaces/include/team_interfaces/team_interfaces/msg/rosidl_typesupport_introspection_c__visibility_control.h
[2.038s] -- Up-to-date: /home/samet/hallo/install/team_interfaces/include/team_interfaces/team_interfaces/msg/detail
[2.038s] -- Up-to-date: /home/samet/hallo/install/team_interfaces/include/team_interfaces/team_interfaces/msg/detail/lane__rosidl_typesupport_introspection_c.h
[2.039s] -- Up-to-date: /home/samet/hallo/install/team_interfaces/include/team_interfaces/team_interfaces/msg/detail/emergency__rosidl_typesupport_introspection_c.h
[2.039s] -- Up-to-date: /home/samet/hallo/install/team_interfaces/include/team_interfaces/team_interfaces/msg/detail/signs__rosidl_typesupport_introspection_c.h
[2.039s] -- Up-to-date: /home/samet/hallo/install/team_interfaces/include/team_interfaces/team_interfaces/msg/detail/lane__type_support.c
[2.039s] -- Up-to-date: /home/samet/hallo/install/team_interfaces/include/team_interfaces/team_interfaces/msg/detail/emergency__type_support.c
[2.039s] -- Up-to-date: /home/samet/hallo/install/team_interfaces/include/team_interfaces/team_interfaces/msg/detail/signs__type_support.c
[2.039s] -- Up-to-date: /home/samet/hallo/install/team_interfaces/include/team_interfaces/team_interfaces/msg/detail/trafficlight__type_support.c
[2.039s] -- Up-to-date: /home/samet/hallo/install/team_interfaces/include/team_interfaces/team_interfaces/msg/detail/car__rosidl_typesupport_introspection_c.h
[2.040s] -- Up-to-date: /home/samet/hallo/install/team_interfaces/include/team_interfaces/team_interfaces/msg/detail/trafficlight__rosidl_typesupport_introspection_c.h
[2.040s] -- Up-to-date: /home/samet/hallo/install/team_interfaces/include/team_interfaces/team_interfaces/msg/detail/car__type_support.c
[2.040s] -- Up-to-date: /home/samet/hallo/install/team_interfaces/lib/libteam_interfaces__rosidl_typesupport_introspection_c.so
[2.040s] -- Up-to-date: /home/samet/hallo/install/team_interfaces/lib/libteam_interfaces__rosidl_typesupport_c.so
[2.040s] -- Up-to-date: /home/samet/hallo/install/team_interfaces/include/team_interfaces/team_interfaces
[2.040s] -- Up-to-date: /home/samet/hallo/install/team_interfaces/include/team_interfaces/team_interfaces/msg
[2.040s] -- Up-to-date: /home/samet/hallo/install/team_interfaces/include/team_interfaces/team_interfaces/msg/car.hpp
[2.041s] -- Up-to-date: /home/samet/hallo/install/team_interfaces/include/team_interfaces/team_interfaces/msg/signs.hpp
[2.041s] -- Up-to-date: /home/samet/hallo/install/team_interfaces/include/team_interfaces/team_interfaces/msg/emergency.hpp
[2.041s] -- Up-to-date: /home/samet/hallo/install/team_interfaces/include/team_interfaces/team_interfaces/msg/detail
[2.041s] -- Up-to-date: /home/samet/hallo/install/team_interfaces/include/team_interfaces/team_interfaces/msg/detail/emergency__builder.hpp
[2.041s] -- Up-to-date: /home/samet/hallo/install/team_interfaces/include/team_interfaces/team_interfaces/msg/detail/car__struct.hpp
[2.041s] -- Up-to-date: /home/samet/hallo/install/team_interfaces/include/team_interfaces/team_interfaces/msg/detail/emergency__struct.hpp
[2.041s] -- Up-to-date: /home/samet/hallo/install/team_interfaces/include/team_interfaces/team_interfaces/msg/detail/trafficlight__traits.hpp
[2.042s] -- Up-to-date: /home/samet/hallo/install/team_interfaces/include/team_interfaces/team_interfaces/msg/detail/emergency__traits.hpp
[2.042s] -- Up-to-date: /home/samet/hallo/install/team_interfaces/include/team_interfaces/team_interfaces/msg/detail/car__builder.hpp
[2.042s] -- Up-to-date: /home/samet/hallo/install/team_interfaces/include/team_interfaces/team_interfaces/msg/detail/trafficlight__struct.hpp
[2.042s] -- Up-to-date: /home/samet/hallo/install/team_interfaces/include/team_interfaces/team_interfaces/msg/detail/signs__traits.hpp
[2.042s] -- Up-to-date: /home/samet/hallo/install/team_interfaces/include/team_interfaces/team_interfaces/msg/detail/signs__builder.hpp
[2.042s] -- Up-to-date: /home/samet/hallo/install/team_interfaces/include/team_interfaces/team_interfaces/msg/detail/signs__struct.hpp
[2.042s] -- Up-to-date: /home/samet/hallo/install/team_interfaces/include/team_interfaces/team_interfaces/msg/detail/trafficlight__builder.hpp
[2.043s] -- Up-to-date: /home/samet/hallo/install/team_interfaces/include/team_interfaces/team_interfaces/msg/detail/car__traits.hpp
[2.043s] -- Up-to-date: /home/samet/hallo/install/team_interfaces/include/team_interfaces/team_interfaces/msg/detail/lane__traits.hpp
[2.043s] -- Up-to-date: /home/samet/hallo/install/team_interfaces/include/team_interfaces/team_interfaces/msg/detail/lane__struct.hpp
[2.043s] -- Up-to-date: /home/samet/hallo/install/team_interfaces/include/team_interfaces/team_interfaces/msg/detail/lane__builder.hpp
[2.043s] -- Up-to-date: /home/samet/hallo/install/team_interfaces/include/team_interfaces/team_interfaces/msg/trafficlight.hpp
[2.043s] -- Up-to-date: /home/samet/hallo/install/team_interfaces/include/team_interfaces/team_interfaces/msg/lane.hpp
[2.044s] -- Up-to-date: /home/samet/hallo/install/team_interfaces/include/team_interfaces/team_interfaces
[2.044s] -- Up-to-date: /home/samet/hallo/install/team_interfaces/include/team_interfaces/team_interfaces/msg
[2.044s] -- Up-to-date: /home/samet/hallo/install/team_interfaces/include/team_interfaces/team_interfaces/msg/detail
[2.044s] -- Up-to-date: /home/samet/hallo/install/team_interfaces/include/team_interfaces/team_interfaces/msg/detail/emergency__rosidl_typesupport_fastrtps_cpp.hpp
[2.044s] -- Up-to-date: /home/samet/hallo/install/team_interfaces/include/team_interfaces/team_interfaces/msg/detail/signs__rosidl_typesupport_fastrtps_cpp.hpp
[2.044s] -- Up-to-date: /home/samet/hallo/install/team_interfaces/include/team_interfaces/team_interfaces/msg/detail/car__rosidl_typesupport_fastrtps_cpp.hpp
[2.044s] -- Up-to-date: /home/samet/hallo/install/team_interfaces/include/team_interfaces/team_interfaces/msg/detail/lane__rosidl_typesupport_fastrtps_cpp.hpp
[2.045s] -- Up-to-date: /home/samet/hallo/install/team_interfaces/include/team_interfaces/team_interfaces/msg/detail/trafficlight__rosidl_typesupport_fastrtps_cpp.hpp
[2.045s] -- Up-to-date: /home/samet/hallo/install/team_interfaces/include/team_interfaces/team_interfaces/msg/detail/dds_fastrtps
[2.045s] -- Up-to-date: /home/samet/hallo/install/team_interfaces/include/team_interfaces/team_interfaces/msg/rosidl_typesupport_fastrtps_cpp__visibility_control.h
[2.045s] -- Up-to-date: /home/samet/hallo/install/team_interfaces/lib/libteam_interfaces__rosidl_typesupport_fastrtps_cpp.so
[2.045s] -- Up-to-date: /home/samet/hallo/install/team_interfaces/include/team_interfaces/team_interfaces
[2.045s] -- Up-to-date: /home/samet/hallo/install/team_interfaces/include/team_interfaces/team_interfaces/msg
[2.045s] -- Up-to-date: /home/samet/hallo/install/team_interfaces/include/team_interfaces/team_interfaces/msg/detail
[2.046s] -- Up-to-date: /home/samet/hallo/install/team_interfaces/include/team_interfaces/team_interfaces/msg/detail/car__type_support.cpp
[2.046s] -- Up-to-date: /home/samet/hallo/install/team_interfaces/include/team_interfaces/team_interfaces/msg/detail/lane__rosidl_typesupport_introspection_cpp.hpp
[2.046s] -- Up-to-date: /home/samet/hallo/install/team_interfaces/include/team_interfaces/team_interfaces/msg/detail/signs__type_support.cpp
[2.046s] -- Up-to-date: /home/samet/hallo/install/team_interfaces/include/team_interfaces/team_interfaces/msg/detail/trafficlight__type_support.cpp
[2.046s] -- Up-to-date: /home/samet/hallo/install/team_interfaces/include/team_interfaces/team_interfaces/msg/detail/lane__type_support.cpp
[2.046s] -- Up-to-date: /home/samet/hallo/install/team_interfaces/include/team_interfaces/team_interfaces/msg/detail/emergency__type_support.cpp
[2.046s] -- Up-to-date: /home/samet/hallo/install/team_interfaces/include/team_interfaces/team_interfaces/msg/detail/trafficlight__rosidl_typesupport_introspection_cpp.hpp
[2.046s] -- Up-to-date: /home/samet/hallo/install/team_interfaces/include/team_interfaces/team_interfaces/msg/detail/emergency__rosidl_typesupport_introspection_cpp.hpp
[2.047s] -- Up-to-date: /home/samet/hallo/install/team_interfaces/include/team_interfaces/team_interfaces/msg/detail/car__rosidl_typesupport_introspection_cpp.hpp
[2.047s] -- Up-to-date: /home/samet/hallo/install/team_interfaces/include/team_interfaces/team_interfaces/msg/detail/signs__rosidl_typesupport_introspection_cpp.hpp
[2.047s] -- Up-to-date: /home/samet/hallo/install/team_interfaces/lib/libteam_interfaces__rosidl_typesupport_introspection_cpp.so
[2.047s] -- Up-to-date: /home/samet/hallo/install/team_interfaces/lib/libteam_interfaces__rosidl_typesupport_cpp.so
[2.047s] -- Up-to-date: /home/samet/hallo/install/team_interfaces/share/team_interfaces/environment/pythonpath.sh
[2.047s] -- Up-to-date: /home/samet/hallo/install/team_interfaces/share/team_interfaces/environment/pythonpath.dsv
[2.047s] -- Up-to-date: /home/samet/hallo/install/team_interfaces/local/lib/python3.10/dist-packages/team_interfaces-0.0.0-py3.10.egg-info
[2.048s] -- Installing: /home/samet/hallo/install/team_interfaces/local/lib/python3.10/dist-packages/team_interfaces-0.0.0-py3.10.egg-info/PKG-INFO
[2.048s] -- Installing: /home/samet/hallo/install/team_interfaces/local/lib/python3.10/dist-packages/team_interfaces-0.0.0-py3.10.egg-info/top_level.txt
[2.048s] -- Installing: /home/samet/hallo/install/team_interfaces/local/lib/python3.10/dist-packages/team_interfaces-0.0.0-py3.10.egg-info/dependency_links.txt
[2.048s] -- Installing: /home/samet/hallo/install/team_interfaces/local/lib/python3.10/dist-packages/team_interfaces-0.0.0-py3.10.egg-info/SOURCES.txt
[2.048s] -- Up-to-date: /home/samet/hallo/install/team_interfaces/local/lib/python3.10/dist-packages/team_interfaces
[2.049s] -- Up-to-date: /home/samet/hallo/install/team_interfaces/local/lib/python3.10/dist-packages/team_interfaces/team_interfaces_s__rosidl_typesupport_c.cpython-310-x86_64-linux-gnu.so
[2.049s] -- Up-to-date: /home/samet/hallo/install/team_interfaces/local/lib/python3.10/dist-packages/team_interfaces/msg
[2.049s] -- Up-to-date: /home/samet/hallo/install/team_interfaces/local/lib/python3.10/dist-packages/team_interfaces/msg/_emergency_s.c
[2.049s] -- Up-to-date: /home/samet/hallo/install/team_interfaces/local/lib/python3.10/dist-packages/team_interfaces/msg/_trafficlight.py
[2.049s] -- Up-to-date: /home/samet/hallo/install/team_interfaces/local/lib/python3.10/dist-packages/team_interfaces/msg/_lane.py
[2.049s] -- Up-to-date: /home/samet/hallo/install/team_interfaces/local/lib/python3.10/dist-packages/team_interfaces/msg/_lane_s.c
[2.049s] -- Up-to-date: /home/samet/hallo/install/team_interfaces/local/lib/python3.10/dist-packages/team_interfaces/msg/_signs_s.c
[2.050s] -- Up-to-date: /home/samet/hallo/install/team_interfaces/local/lib/python3.10/dist-packages/team_interfaces/msg/_signs.py
[2.050s] -- Up-to-date: /home/samet/hallo/install/team_interfaces/local/lib/python3.10/dist-packages/team_interfaces/msg/_trafficlight_s.c
[2.050s] -- Up-to-date: /home/samet/hallo/install/team_interfaces/local/lib/python3.10/dist-packages/team_interfaces/msg/_car_s.c
[2.050s] -- Up-to-date: /home/samet/hallo/install/team_interfaces/local/lib/python3.10/dist-packages/team_interfaces/msg/__init__.py
[2.050s] -- Up-to-date: /home/samet/hallo/install/team_interfaces/local/lib/python3.10/dist-packages/team_interfaces/msg/_car.py
[2.050s] -- Up-to-date: /home/samet/hallo/install/team_interfaces/local/lib/python3.10/dist-packages/team_interfaces/msg/_emergency.py
[2.050s] -- Up-to-date: /home/samet/hallo/install/team_interfaces/local/lib/python3.10/dist-packages/team_interfaces/_team_interfaces_s.ep.rosidl_typesupport_c.c
[2.050s] -- Up-to-date: /home/samet/hallo/install/team_interfaces/local/lib/python3.10/dist-packages/team_interfaces/_team_interfaces_s.ep.rosidl_typesupport_introspection_c.c
[2.051s] -- Up-to-date: /home/samet/hallo/install/team_interfaces/local/lib/python3.10/dist-packages/team_interfaces/_team_interfaces_s.ep.rosidl_typesupport_fastrtps_c.c
[2.051s] -- Up-to-date: /home/samet/hallo/install/team_interfaces/local/lib/python3.10/dist-packages/team_interfaces/__init__.py
[2.051s] -- Up-to-date: /home/samet/hallo/install/team_interfaces/local/lib/python3.10/dist-packages/team_interfaces/team_interfaces_s__rosidl_typesupport_introspection_c.cpython-310-x86_64-linux-gnu.so
[2.051s] -- Up-to-date: /home/samet/hallo/install/team_interfaces/local/lib/python3.10/dist-packages/team_interfaces/team_interfaces_s__rosidl_typesupport_fastrtps_c.cpython-310-x86_64-linux-gnu.so
[2.051s] -- Up-to-date: /home/samet/hallo/install/team_interfaces/local/lib/python3.10/dist-packages/team_interfaces/libteam_interfaces__rosidl_generator_py.so
[2.082s] Listing '/home/samet/hallo/install/team_interfaces/local/lib/python3.10/dist-packages/team_interfaces'...
[2.082s] Listing '/home/samet/hallo/install/team_interfaces/local/lib/python3.10/dist-packages/team_interfaces/msg'...
[2.091s] -- Up-to-date: /home/samet/hallo/install/team_interfaces/local/lib/python3.10/dist-packages/team_interfaces/team_interfaces_s__rosidl_typesupport_fastrtps_c.cpython-310-x86_64-linux-gnu.so
[2.091s] -- Up-to-date: /home/samet/hallo/install/team_interfaces/local/lib/python3.10/dist-packages/team_interfaces/team_interfaces_s__rosidl_typesupport_introspection_c.cpython-310-x86_64-linux-gnu.so
[2.092s] -- Up-to-date: /home/samet/hallo/install/team_interfaces/local/lib/python3.10/dist-packages/team_interfaces/team_interfaces_s__rosidl_typesupport_c.cpython-310-x86_64-linux-gnu.so
[2.093s] -- Up-to-date: /home/samet/hallo/install/team_interfaces/lib/libteam_interfaces__rosidl_generator_py.so
[2.093s] -- Up-to-date: /home/samet/hallo/install/team_interfaces/share/team_interfaces/msg/Car.idl
[2.093s] -- Up-to-date: /home/samet/hallo/install/team_interfaces/share/team_interfaces/msg/Lane.idl
[2.094s] -- Up-to-date: /home/samet/hallo/install/team_interfaces/share/team_interfaces/msg/Signs.idl
[2.094s] -- Up-to-date: /home/samet/hallo/install/team_interfaces/share/team_interfaces/msg/Trafficlight.idl
[2.094s] -- Up-to-date: /home/samet/hallo/install/team_interfaces/share/team_interfaces/msg/Emergency.idl
[2.094s] -- Up-to-date: /home/samet/hallo/install/team_interfaces/share/team_interfaces/msg/Car.msg
[2.094s] -- Up-to-date: /home/samet/hallo/install/team_interfaces/share/team_interfaces/msg/Lane.msg
[2.094s] -- Up-to-date: /home/samet/hallo/install/team_interfaces/share/team_interfaces/msg/Signs.msg
[2.095s] -- Up-to-date: /home/samet/hallo/install/team_interfaces/share/team_interfaces/msg/Trafficlight.msg
[2.095s] -- Up-to-date: /home/samet/hallo/install/team_interfaces/share/team_interfaces/msg/Emergency.msg
[2.095s] -- Up-to-date: /home/samet/hallo/install/team_interfaces/share/ament_index/resource_index/package_run_dependencies/team_interfaces
[2.095s] -- Up-to-date: /home/samet/hallo/install/team_interfaces/share/ament_index/resource_index/parent_prefix_path/team_interfaces
[2.095s] -- Up-to-date: /home/samet/hallo/install/team_interfaces/share/team_interfaces/environment/ament_prefix_path.sh
[2.096s] -- Up-to-date: /home/samet/hallo/install/team_interfaces/share/team_interfaces/environment/ament_prefix_path.dsv
[2.096s] -- Up-to-date: /home/samet/hallo/install/team_interfaces/share/team_interfaces/environment/path.sh
[2.096s] -- Up-to-date: /home/samet/hallo/install/team_interfaces/share/team_interfaces/environment/path.dsv
[2.096s] -- Up-to-date: /home/samet/hallo/install/team_interfaces/share/team_interfaces/local_setup.bash
[2.096s] -- Up-to-date: /home/samet/hallo/install/team_interfaces/share/team_interfaces/local_setup.sh
[2.097s] -- Up-to-date: /home/samet/hallo/install/team_interfaces/share/team_interfaces/local_setup.zsh
[2.097s] -- Up-to-date: /home/samet/hallo/install/team_interfaces/share/team_interfaces/local_setup.dsv
[2.097s] -- Installing: /home/samet/hallo/install/team_interfaces/share/team_interfaces/package.dsv
[2.097s] -- Up-to-date: /home/samet/hallo/install/team_interfaces/share/ament_index/resource_index/packages/team_interfaces
[2.097s] -- Up-to-date: /home/samet/hallo/install/team_interfaces/share/team_interfaces/cmake/export_team_interfaces__rosidl_generator_cExport.cmake
[2.097s] -- Up-to-date: /home/samet/hallo/install/team_interfaces/share/team_interfaces/cmake/export_team_interfaces__rosidl_generator_cExport-noconfig.cmake
[2.098s] -- Up-to-date: /home/samet/hallo/install/team_interfaces/share/team_interfaces/cmake/export_team_interfaces__rosidl_typesupport_fastrtps_cExport.cmake
[2.098s] -- Up-to-date: /home/samet/hallo/install/team_interfaces/share/team_interfaces/cmake/export_team_interfaces__rosidl_typesupport_fastrtps_cExport-noconfig.cmake
[2.098s] -- Up-to-date: /home/samet/hallo/install/team_interfaces/share/team_interfaces/cmake/team_interfaces__rosidl_typesupport_introspection_cExport.cmake
[2.098s] -- Up-to-date: /home/samet/hallo/install/team_interfaces/share/team_interfaces/cmake/team_interfaces__rosidl_typesupport_introspection_cExport-noconfig.cmake
[2.099s] -- Up-to-date: /home/samet/hallo/install/team_interfaces/share/team_interfaces/cmake/team_interfaces__rosidl_typesupport_cExport.cmake
[2.099s] -- Up-to-date: /home/samet/hallo/install/team_interfaces/share/team_interfaces/cmake/team_interfaces__rosidl_typesupport_cExport-noconfig.cmake
[2.099s] -- Up-to-date: /home/samet/hallo/install/team_interfaces/share/team_interfaces/cmake/export_team_interfaces__rosidl_generator_cppExport.cmake
[2.099s] -- Up-to-date: /home/samet/hallo/install/team_interfaces/share/team_interfaces/cmake/export_team_interfaces__rosidl_typesupport_fastrtps_cppExport.cmake
[2.099s] -- Up-to-date: /home/samet/hallo/install/team_interfaces/share/team_interfaces/cmake/export_team_interfaces__rosidl_typesupport_fastrtps_cppExport-noconfig.cmake
[2.100s] -- Up-to-date: /home/samet/hallo/install/team_interfaces/share/team_interfaces/cmake/team_interfaces__rosidl_typesupport_introspection_cppExport.cmake
[2.100s] -- Up-to-date: /home/samet/hallo/install/team_interfaces/share/team_interfaces/cmake/team_interfaces__rosidl_typesupport_introspection_cppExport-noconfig.cmake
[2.100s] -- Up-to-date: /home/samet/hallo/install/team_interfaces/share/team_interfaces/cmake/team_interfaces__rosidl_typesupport_cppExport.cmake
[2.100s] -- Up-to-date: /home/samet/hallo/install/team_interfaces/share/team_interfaces/cmake/team_interfaces__rosidl_typesupport_cppExport-noconfig.cmake
[2.100s] -- Up-to-date: /home/samet/hallo/install/team_interfaces/share/team_interfaces/cmake/export_team_interfaces__rosidl_generator_pyExport.cmake
[2.100s] -- Up-to-date: /home/samet/hallo/install/team_interfaces/share/team_interfaces/cmake/export_team_interfaces__rosidl_generator_pyExport-noconfig.cmake
[2.101s] -- Up-to-date: /home/samet/hallo/install/team_interfaces/share/team_interfaces/cmake/rosidl_cmake-extras.cmake
[2.101s] -- Up-to-date: /home/samet/hallo/install/team_interfaces/share/team_interfaces/cmake/ament_cmake_export_dependencies-extras.cmake
[2.101s] -- Up-to-date: /home/samet/hallo/install/team_interfaces/share/team_interfaces/cmake/ament_cmake_export_include_directories-extras.cmake
[2.101s] -- Up-to-date: /home/samet/hallo/install/team_interfaces/share/team_interfaces/cmake/ament_cmake_export_libraries-extras.cmake
[2.114s] -- Up-to-date: /home/samet/hallo/install/team_interfaces/share/team_interfaces/cmake/ament_cmake_export_targets-extras.cmake
[2.114s] -- Up-to-date: /home/samet/hallo/install/team_interfaces/share/team_interfaces/cmake/rosidl_cmake_export_typesupport_targets-extras.cmake
[2.115s] -- Up-to-date: /home/samet/hallo/install/team_interfaces/share/team_interfaces/cmake/rosidl_cmake_export_typesupport_libraries-extras.cmake
[2.115s] -- Up-to-date: /home/samet/hallo/install/team_interfaces/share/team_interfaces/cmake/team_interfacesConfig.cmake
[2.115s] -- Up-to-date: /home/samet/hallo/install/team_interfaces/share/team_interfaces/cmake/team_interfacesConfig-version.cmake
[2.115s] -- Up-to-date: /home/samet/hallo/install/team_interfaces/share/team_interfaces/package.xml
[2.116s] Invoked command in '/home/samet/hallo/build/team_interfaces' returned '0': CMAKE_PREFIX_PATH=${CMAKE_PREFIX_PATH}:/home/samet/hallo/install/camera_run:/opt/ros/humble /usr/bin/cmake --install /home/samet/hallo/build/team_interfaces
