[0.260s] Invoking command in '/home/samet/hallo/build/serial_driver': AMENT_PREFIX_PATH=/home/samet/hallo/install/io_context:/home/samet/hallo/install/asio_cmake_module:${AMENT_PREFIX_PATH} CMAKE_PREFIX_PATH=/home/samet/hallo/install/io_context:/home/samet/hallo/install/asio_cmake_module:/opt/ros/humble LD_LIBRARY_PATH=/home/samet/hallo/install/io_context/lib:${LD_LIBRARY_PATH} /usr/bin/cmake --build /home/samet/hallo/build/serial_driver -- -j8 -l8
[0.408s] [ 13%] Built target serial_bridge
[0.416s] [ 26%] Built target gtest
[0.417s] [ 40%] Built target gtest_main
[0.432s] [ 60%] Built target serial_driver
[0.530s] [ 73%] Built target test_serial_driver
[0.530s] [ 86%] Built target serial_driver_nodes
[0.587s] [100%] Built target test_serial_port
[0.891s] Invoked command in '/home/samet/hallo/build/serial_driver' returned '0': AMENT_PREFIX_PATH=/home/samet/hallo/install/io_context:/home/samet/hallo/install/asio_cmake_module:${AMENT_PREFIX_PATH} CMAKE_PREFIX_PATH=/home/samet/hallo/install/io_context:/home/samet/hallo/install/asio_cmake_module:/opt/ros/humble LD_LIBRARY_PATH=/home/samet/hallo/install/io_context/lib:${LD_LIBRARY_PATH} /usr/bin/cmake --build /home/samet/hallo/build/serial_driver -- -j8 -l8
[1.098s] Invoking command in '/home/samet/hallo/build/serial_driver': AMENT_PREFIX_PATH=/home/samet/hallo/install/io_context:/home/samet/hallo/install/asio_cmake_module:${AMENT_PREFIX_PATH} CMAKE_PREFIX_PATH=/home/samet/hallo/install/io_context:/home/samet/hallo/install/asio_cmake_module:/opt/ros/humble LD_LIBRARY_PATH=/home/samet/hallo/install/io_context/lib:${LD_LIBRARY_PATH} /usr/bin/cmake --install /home/samet/hallo/build/serial_driver
[1.113s] -- Install configuration: ""
[1.115s] -- Up-to-date: /home/samet/hallo/install/serial_driver/lib/serial_driver/serial_bridge
[1.118s] -- Up-to-date: /home/samet/hallo/install/serial_driver/include
[1.118s] -- Up-to-date: /home/samet/hallo/install/serial_driver/include/serial_driver
[1.118s] -- Up-to-date: /home/samet/hallo/install/serial_driver/include/serial_driver/visibility_control.hpp
[1.118s] -- Up-to-date: /home/samet/hallo/install/serial_driver/include/serial_driver/serial_port.hpp
[1.119s] -- Up-to-date: /home/samet/hallo/install/serial_driver/include/serial_driver/serial_driver.hpp
[1.119s] -- Up-to-date: /home/samet/hallo/install/serial_driver/include/serial_driver/serial_bridge_node.hpp
[1.119s] -- Up-to-date: /home/samet/hallo/install/serial_driver/share/serial_driver/environment/library_path.sh
[1.119s] -- Up-to-date: /home/samet/hallo/install/serial_driver/share/serial_driver/environment/library_path.dsv
[1.121s] -- Up-to-date: /home/samet/hallo/install/serial_driver/lib/libserial_driver.so
[1.123s] -- Up-to-date: /home/samet/hallo/install/serial_driver/lib/libserial_driver_nodes.so
[1.123s] -- Up-to-date: /home/samet/hallo/install/serial_driver/share/serial_driver/launch
[1.124s] -- Up-to-date: /home/samet/hallo/install/serial_driver/share/serial_driver/launch/serial_driver_bridge_node.launch.py
[1.124s] -- Up-to-date: /home/samet/hallo/install/serial_driver/share/serial_driver/params
[1.124s] -- Up-to-date: /home/samet/hallo/install/serial_driver/share/serial_driver/params/example.params.yaml
[1.125s] -- Up-to-date: /home/samet/hallo/install/serial_driver/share/ament_index/resource_index/package_run_dependencies/serial_driver
[1.125s] -- Up-to-date: /home/samet/hallo/install/serial_driver/share/ament_index/resource_index/parent_prefix_path/serial_driver
[1.125s] -- Up-to-date: /home/samet/hallo/install/serial_driver/share/serial_driver/environment/ament_prefix_path.sh
[1.126s] -- Up-to-date: /home/samet/hallo/install/serial_driver/share/serial_driver/environment/ament_prefix_path.dsv
[1.126s] -- Up-to-date: /home/samet/hallo/install/serial_driver/share/serial_driver/environment/path.sh
[1.127s] -- Up-to-date: /home/samet/hallo/install/serial_driver/share/serial_driver/environment/path.dsv
[1.127s] -- Up-to-date: /home/samet/hallo/install/serial_driver/share/serial_driver/local_setup.bash
[1.127s] -- Up-to-date: /home/samet/hallo/install/serial_driver/share/serial_driver/local_setup.sh
[1.129s] -- Up-to-date: /home/samet/hallo/install/serial_driver/share/serial_driver/local_setup.zsh
[1.129s] -- Up-to-date: /home/samet/hallo/install/serial_driver/share/serial_driver/local_setup.dsv
[1.129s] -- Installing: /home/samet/hallo/install/serial_driver/share/serial_driver/package.dsv
[1.132s] -- Up-to-date: /home/samet/hallo/install/serial_driver/share/ament_index/resource_index/packages/serial_driver
[1.132s] -- Up-to-date: /home/samet/hallo/install/serial_driver/share/ament_index/resource_index/rclcpp_components/serial_driver
[1.132s] -- Up-to-date: /home/samet/hallo/install/serial_driver/share/serial_driver/cmake/ament_cmake_export_dependencies-extras.cmake
[1.137s] -- Up-to-date: /home/samet/hallo/install/serial_driver/share/serial_driver/cmake/ament_cmake_export_include_directories-extras.cmake
[1.138s] -- Up-to-date: /home/samet/hallo/install/serial_driver/share/serial_driver/cmake/ament_cmake_export_libraries-extras.cmake
[1.138s] -- Up-to-date: /home/samet/hallo/install/serial_driver/share/serial_driver/cmake/serial_driverConfig.cmake
[1.138s] -- Up-to-date: /home/samet/hallo/install/serial_driver/share/serial_driver/cmake/serial_driverConfig-version.cmake
[1.138s] -- Up-to-date: /home/samet/hallo/install/serial_driver/share/serial_driver/package.xml
[1.139s] Invoked command in '/home/samet/hallo/build/serial_driver' returned '0': AMENT_PREFIX_PATH=/home/samet/hallo/install/io_context:/home/samet/hallo/install/asio_cmake_module:${AMENT_PREFIX_PATH} CMAKE_PREFIX_PATH=/home/samet/hallo/install/io_context:/home/samet/hallo/install/asio_cmake_module:/opt/ros/humble LD_LIBRARY_PATH=/home/samet/hallo/install/io_context/lib:${LD_LIBRARY_PATH} /usr/bin/cmake --install /home/samet/hallo/build/serial_driver
