[1.251s] Invoking command in '/home/samet/hallo/src/camera_run': PYTHONPATH=/home/samet/hallo/build/camera_run/prefix_override:/home/samet/hallo/install/camera_run/lib/python3.10/site-packages:${PYTHONPATH} /usr/bin/python3 setup.py egg_info --egg-base ../../build/camera_run build --build-base /home/samet/hallo/build/camera_run/build install --record /home/samet/hallo/build/camera_run/install.log --single-version-externally-managed
[1.534s] running egg_info
[1.553s] writing ../../build/camera_run/camera_run.egg-info/PKG-INFO
[1.554s] writing dependency_links to ../../build/camera_run/camera_run.egg-info/dependency_links.txt
[1.554s] writing entry points to ../../build/camera_run/camera_run.egg-info/entry_points.txt
[1.554s] writing requirements to ../../build/camera_run/camera_run.egg-info/requires.txt
[1.555s] writing top-level names to ../../build/camera_run/camera_run.egg-info/top_level.txt
[1.593s] reading manifest file '../../build/camera_run/camera_run.egg-info/SOURCES.txt'
[1.594s] writing manifest file '../../build/camera_run/camera_run.egg-info/SOURCES.txt'
[1.594s] running build
[1.594s] running build_py
[1.594s] copying camera_run/intel_lane.py -> /home/samet/hallo/build/camera_run/build/lib/camera_run
[1.594s] copying camera_run/intel_pub.py -> /home/samet/hallo/build/camera_run/build/lib/camera_run
[1.595s] copying camera_run/lane_recognition.py -> /home/samet/hallo/build/camera_run/build/lib/camera_run
[1.595s] copying camera_run/steering.py -> /home/samet/hallo/build/camera_run/build/lib/camera_run
[1.596s] copying camera_run/ackermann_to_vesc.py -> /home/samet/hallo/build/camera_run/build/lib/camera_run
[1.597s] copying camera_run/bot.py -> /home/samet/hallo/build/camera_run/build/lib/camera_run
[1.598s] copying camera_run/LaneDetection_realsense_2.py -> /home/samet/hallo/build/camera_run/build/lib/camera_run
[1.598s] copying camera_run/lane_follower.py -> /home/samet/hallo/build/camera_run/build/lib/camera_run
[1.599s] copying camera_run/LaneDetection_realsense.py -> /home/samet/hallo/build/camera_run/build/lib/camera_run
[1.600s] copying camera_run/slope_sub.py -> /home/samet/hallo/build/camera_run/build/lib/camera_run
[1.600s] copying camera_run/slope_node.py -> /home/samet/hallo/build/camera_run/build/lib/camera_run
[1.601s] copying camera_run/intel_lane_sub.py -> /home/samet/hallo/build/camera_run/build/lib/camera_run
[1.602s] copying camera_run/intel_sub.py -> /home/samet/hallo/build/camera_run/build/lib/camera_run
[1.602s] copying camera_run/LaneDetection.py -> /home/samet/hallo/build/camera_run/build/lib/camera_run
[1.603s] copying camera_run/__init__.py -> /home/samet/hallo/build/camera_run/build/lib/camera_run
[1.604s] running install
[1.604s] /home/samet/.local/lib/python3.10/site-packages/setuptools/_distutils/cmd.py:66: SetuptoolsDeprecationWarning: setup.py install is deprecated.
[1.605s] !!
[1.605s] 
[1.605s]         ********************************************************************************
[1.605s]         Please avoid running ``setup.py`` directly.
[1.606s]         Instead, use pypa/build, pypa/installer or other
[1.606s]         standards-based tools.
[1.606s] 
[1.606s]         See https://blog.ganssle.io/articles/2021/10/setup-py-deprecated.html for details.
[1.607s]         ********************************************************************************
[1.607s] 
[1.607s] !!
[1.607s]   self.initialize_options()
[1.616s] running install_lib
[1.638s] copying /home/samet/hallo/build/camera_run/build/lib/camera_run/LaneDetection_realsense.py -> /home/samet/hallo/install/camera_run/lib/python3.10/site-packages/camera_run
[1.638s] byte-compiling /home/samet/hallo/install/camera_run/lib/python3.10/site-packages/camera_run/LaneDetection_realsense.py to LaneDetection_realsense.cpython-310.pyc
[1.643s] running install_data
[1.661s] copying resource/camera_run -> /home/samet/hallo/install/camera_run/share/ament_index/resource_index/packages
[1.662s] copying package.xml -> /home/samet/hallo/install/camera_run/share/camera_run
[1.662s] running install_egg_info
[1.683s] removing '/home/samet/hallo/install/camera_run/lib/python3.10/site-packages/camera_run-0.0.0-py3.10.egg-info' (and everything under it)
[1.683s] Copying ../../build/camera_run/camera_run.egg-info to /home/samet/hallo/install/camera_run/lib/python3.10/site-packages/camera_run-0.0.0-py3.10.egg-info
[1.685s] running install_scripts
[1.915s] Installing ackermann_to_vesc script to /home/samet/hallo/install/camera_run/lib/camera_run
[1.915s] Installing bot script to /home/samet/hallo/install/camera_run/lib/camera_run
[1.915s] Installing detection script to /home/samet/hallo/install/camera_run/lib/camera_run
[1.915s] Installing detection_node script to /home/samet/hallo/install/camera_run/lib/camera_run
[1.915s] Installing follower script to /home/samet/hallo/install/camera_run/lib/camera_run
[1.916s] Installing intel_lane script to /home/samet/hallo/install/camera_run/lib/camera_run
[1.916s] Installing intel_lane_sub script to /home/samet/hallo/install/camera_run/lib/camera_run
[1.916s] Installing intel_pub script to /home/samet/hallo/install/camera_run/lib/camera_run
[1.916s] Installing intel_sub script to /home/samet/hallo/install/camera_run/lib/camera_run
[1.917s] Installing slope_node script to /home/samet/hallo/install/camera_run/lib/camera_run
[1.917s] Installing slope_sub script to /home/samet/hallo/install/camera_run/lib/camera_run
[1.917s] Installing steering script to /home/samet/hallo/install/camera_run/lib/camera_run
[1.918s] writing list of installed files to '/home/samet/hallo/build/camera_run/install.log'
[1.966s] Invoked command in '/home/samet/hallo/src/camera_run' returned '0': PYTHONPATH=/home/samet/hallo/build/camera_run/prefix_override:/home/samet/hallo/install/camera_run/lib/python3.10/site-packages:${PYTHONPATH} /usr/bin/python3 setup.py egg_info --egg-base ../../build/camera_run build --build-base /home/samet/hallo/build/camera_run/build install --record /home/samet/hallo/build/camera_run/install.log --single-version-externally-managed
