[2.148s] Invoking command in '/home/samet/hallo/src/camera_run': PYTHONPATH=/home/samet/hallo/build/camera_run/prefix_override:/home/samet/hallo/install/camera_run/lib/python3.10/site-packages:${PYTHONPATH} /usr/bin/python3 setup.py egg_info --egg-base ../../build/camera_run build --build-base /home/samet/hallo/build/camera_run/build install --record /home/samet/hallo/build/camera_run/install.log --single-version-externally-managed
[2.514s] running egg_info
[2.540s] writing ../../build/camera_run/camera_run.egg-info/PKG-INFO
[2.541s] writing dependency_links to ../../build/camera_run/camera_run.egg-info/dependency_links.txt
[2.542s] writing entry points to ../../build/camera_run/camera_run.egg-info/entry_points.txt
[2.542s] writing requirements to ../../build/camera_run/camera_run.egg-info/requires.txt
[2.543s] writing top-level names to ../../build/camera_run/camera_run.egg-info/top_level.txt
[2.619s] reading manifest file '../../build/camera_run/camera_run.egg-info/SOURCES.txt'
[2.621s] writing manifest file '../../build/camera_run/camera_run.egg-info/SOURCES.txt'
[2.621s] running build
[2.621s] running build_py
[2.632s] /home/samet/.local/lib/python3.10/site-packages/setuptools/_distutils/cmd.py:66: SetuptoolsDeprecationWarning: setup.py install is deprecated.
[2.632s] !!
[2.632s] 
[2.632s]         ********************************************************************************
[2.632s]         Please avoid running ``setup.py`` directly.
[2.632s]         Instead, use pypa/build, pypa/installer or other
[2.632s]         standards-based tools.
[2.633s] 
[2.633s]         See https://blog.ganssle.io/articles/2021/10/setup-py-deprecated.html for details.
[2.633s]         ********************************************************************************
[2.633s] 
[2.633s] !!
[2.633s]   self.initialize_options()
[2.633s] copying camera_run/intel_lane.py -> /home/samet/hallo/build/camera_run/build/lib/camera_run
[2.634s] copying camera_run/intel_pub.py -> /home/samet/hallo/build/camera_run/build/lib/camera_run
[2.634s] copying camera_run/lane_recognition.py -> /home/samet/hallo/build/camera_run/build/lib/camera_run
[2.634s] copying camera_run/steering.py -> /home/samet/hallo/build/camera_run/build/lib/camera_run
[2.634s] copying camera_run/ackermann_to_vesc.py -> /home/samet/hallo/build/camera_run/build/lib/camera_run
[2.634s] copying camera_run/bot.py -> /home/samet/hallo/build/camera_run/build/lib/camera_run
[2.634s] copying camera_run/lane_follower.py -> /home/samet/hallo/build/camera_run/build/lib/camera_run
[2.634s] copying camera_run/LaneDetection_realsense.py -> /home/samet/hallo/build/camera_run/build/lib/camera_run
[2.634s] copying camera_run/slope_sub.py -> /home/samet/hallo/build/camera_run/build/lib/camera_run
[2.635s] copying camera_run/slope_node.py -> /home/samet/hallo/build/camera_run/build/lib/camera_run
[2.635s] copying camera_run/intel_lane_sub.py -> /home/samet/hallo/build/camera_run/build/lib/camera_run
[2.635s] copying camera_run/intel_sub.py -> /home/samet/hallo/build/camera_run/build/lib/camera_run
[2.635s] copying camera_run/__init__.py -> /home/samet/hallo/build/camera_run/build/lib/camera_run
[2.635s] running install
[2.635s] running install_lib
[2.662s] copying /home/samet/hallo/build/camera_run/build/lib/camera_run/intel_pub.py -> /home/samet/hallo/install/camera_run/lib/python3.10/site-packages/camera_run
[2.663s] byte-compiling /home/samet/hallo/install/camera_run/lib/python3.10/site-packages/camera_run/intel_pub.py to intel_pub.cpython-310.pyc
[2.664s] running install_data
[2.694s] copying resource/camera_run -> /home/samet/hallo/install/camera_run/share/ament_index/resource_index/packages
[2.694s] copying package.xml -> /home/samet/hallo/install/camera_run/share/camera_run
[2.695s] running install_egg_info
[2.726s] removing '/home/samet/hallo/install/camera_run/lib/python3.10/site-packages/camera_run-0.0.0-py3.10.egg-info' (and everything under it)
[2.739s] Copying ../../build/camera_run/camera_run.egg-info to /home/samet/hallo/install/camera_run/lib/python3.10/site-packages/camera_run-0.0.0-py3.10.egg-info
[2.743s] running install_scripts
[3.179s] Installing ackermann_to_vesc script to /home/samet/hallo/install/camera_run/lib/camera_run
[3.179s] Installing bot script to /home/samet/hallo/install/camera_run/lib/camera_run
[3.179s] Installing detection script to /home/samet/hallo/install/camera_run/lib/camera_run
[3.179s] Installing detection_node script to /home/samet/hallo/install/camera_run/lib/camera_run
[3.180s] Installing follower script to /home/samet/hallo/install/camera_run/lib/camera_run
[3.180s] Installing intel_lane script to /home/samet/hallo/install/camera_run/lib/camera_run
[3.180s] Installing intel_lane_sub script to /home/samet/hallo/install/camera_run/lib/camera_run
[3.180s] Installing intel_pub script to /home/samet/hallo/install/camera_run/lib/camera_run
[3.180s] Installing intel_sub script to /home/samet/hallo/install/camera_run/lib/camera_run
[3.180s] Installing slope_node script to /home/samet/hallo/install/camera_run/lib/camera_run
[3.180s] Installing slope_sub script to /home/samet/hallo/install/camera_run/lib/camera_run
[3.181s] Installing steering script to /home/samet/hallo/install/camera_run/lib/camera_run
[3.181s] writing list of installed files to '/home/samet/hallo/build/camera_run/install.log'
[3.241s] Invoked command in '/home/samet/hallo/src/camera_run' returned '0': PYTHONPATH=/home/samet/hallo/build/camera_run/prefix_override:/home/samet/hallo/install/camera_run/lib/python3.10/site-packages:${PYTHONPATH} /usr/bin/python3 setup.py egg_info --egg-base ../../build/camera_run build --build-base /home/samet/hallo/build/camera_run/build install --record /home/samet/hallo/build/camera_run/install.log --single-version-externally-managed
